#
# There is insufficient memory for the Java Runtime Environment to continue.
# Native memory allocation (malloc) failed to allocate 420464 bytes for Chunk::new
# Possible reasons:
#   The system is out of physical RAM or swap space
#   In 32 bit mode, the process size limit was hit
# Possible solutions:
#   Reduce memory load on the system
#   Increase physical memory or swap space
#   Check if swap backing store is full
#   Use 64 bit Java on a 64 bit OS
#   Decrease Java heap size (-Xmx/-Xms)
#   Decrease number of Java threads
#   Decrease Java thread stack sizes (-Xss)
#   Set larger code cache with -XX:ReservedCodeCacheSize=
# This output file may be truncated or incomplete.
#
#  Out of Memory Error (allocation.cpp:390), pid=5892, tid=4936
#
# JRE version: Java(TM) SE Runtime Environment (8.0_91-b15) (build 1.8.0_91-b15)
# Java VM: Java HotSpot(TM) 64-Bit Server VM (25.91-b15 mixed mode windows-amd64 compressed oops)
# Failed to write core dump. Minidumps are not enabled by default on client versions of Windows
#

---------------  T H R E A D  ---------------

Current thread (0x00000000560df800):  JavaThread "C2 CompilerThread0" daemon [_thread_in_native, id=4936, stack(0x00000000568e0000,0x00000000569e0000)]

Stack: [0x00000000568e0000,0x00000000569e0000]
[error occurred during error reporting (printing stack bounds), id 0xc0000005]

Native frames: (J=compiled Java code, j=interpreted, Vv=VM code, C=native code)


Current CompileTask:
C2: 201914 5549   !   4       java.net.URL::<init> (543 bytes)


---------------  P R O C E S S  ---------------

Java Threads: ( => current thread )
  0x000000005b11e800 JavaThread "Keep-Alive-Timer" daemon [_thread_blocked, id=8136, stack(0x0000000063020000,0x0000000063120000)]
  0x000000005b11d800 JavaThread "hystrix-microservice-provider-user-2" daemon [_thread_blocked, id=4908, stack(0x00000000628d0000,0x00000000629d0000)]
  0x000000005b11d000 JavaThread "HystrixTimer-2" daemon [_thread_blocked, id=9408, stack(0x00000000626b0000,0x00000000627b0000)]
  0x000000005b11c000 JavaThread "PollingServerListUpdater-1" daemon [_thread_blocked, id=8408, stack(0x0000000062bf0000,0x0000000062cf0000)]
  0x000000005b11b800 JavaThread "DataPublisher" daemon [_thread_blocked, id=3344, stack(0x0000000062a20000,0x0000000062b20000)]
  0x000000005b11a800 JavaThread "PollingServerListUpdater-0" daemon [_thread_blocked, id=7384, stack(0x00000000627d0000,0x00000000628d0000)]
  0x000000005b11a000 JavaThread "NFLoadBalancer-PingTimer-microservice-provider-user" daemon [_thread_blocked, id=8456, stack(0x00000000624b0000,0x00000000625b0000)]
  0x000000005b119000 JavaThread "hystrix-microservice-provider-user-1" daemon [_thread_blocked, id=4148, stack(0x00000000625b0000,0x00000000626b0000)]
  0x000000005b118800 JavaThread "HystrixTimer-1" daemon [_thread_blocked, id=7028, stack(0x0000000062000000,0x0000000062100000)]
  0x000000005b117800 JavaThread "RxComputationScheduler-1" daemon [_thread_blocked, id=3784, stack(0x0000000062100000,0x0000000062200000)]
  0x000000005b117000 JavaThread "RxIoScheduler-1 (Evictor)" daemon [_thread_blocked, id=5008, stack(0x0000000061ef0000,0x0000000061ff0000)]
  0x000000005b116000 JavaThread "RxScheduledExecutorPool-2" daemon [_thread_blocked, id=2972, stack(0x000000005d500000,0x000000005d600000)]
  0x000000005b115800 JavaThread "RxScheduledExecutorPool-1" daemon [_thread_blocked, id=9460, stack(0x0000000061d70000,0x0000000061e70000)]
  0x000000005b114800 JavaThread "DiscoveryClient-2" daemon [_thread_blocked, id=7620, stack(0x000000005ea70000,0x000000005eb70000)]
  0x000000005b114000 JavaThread "DiscoveryClient-HeartbeatExecutor-0" daemon [_thread_blocked, id=8160, stack(0x0000000061a10000,0x0000000061b10000)]
  0x000000005b113000 JavaThread "DiscoveryClient-CacheRefreshExecutor-0" daemon [_thread_blocked, id=9744, stack(0x0000000061860000,0x0000000061960000)]
  0x000000005b112000 JavaThread "DestroyJavaVM" [_thread_blocked, id=3724, stack(0x0000000002400000,0x0000000002500000)]
  0x0000000059c7f800 JavaThread "http-nio-7901-AsyncTimeout" daemon [_thread_blocked, id=9072, stack(0x0000000061580000,0x0000000061680000)]
  0x0000000059c7e800 JavaThread "http-nio-7901-Acceptor-0" daemon [_thread_in_native, id=3672, stack(0x00000000616c0000,0x00000000617c0000)]
  0x0000000059c7e000 JavaThread "http-nio-7901-ClientPoller-1" daemon [_thread_in_native, id=9420, stack(0x0000000061480000,0x0000000061580000)]
  0x0000000059c7d000 JavaThread "http-nio-7901-ClientPoller-0" daemon [_thread_in_native, id=10164, stack(0x0000000061330000,0x0000000061430000)]
  0x0000000059c7c800 JavaThread "http-nio-7901-exec-10" daemon [_thread_blocked, id=4632, stack(0x00000000602d0000,0x00000000603d0000)]
  0x0000000059c7b800 JavaThread "http-nio-7901-exec-9" daemon [_thread_blocked, id=4596, stack(0x0000000061180000,0x0000000061280000)]
  0x0000000059c7b000 JavaThread "http-nio-7901-exec-8" daemon [_thread_blocked, id=8428, stack(0x0000000061060000,0x0000000061160000)]
  0x0000000059c7a000 JavaThread "http-nio-7901-exec-7" daemon [_thread_blocked, id=4588, stack(0x0000000060ee0000,0x0000000060fe0000)]
  0x0000000059c79800 JavaThread "http-nio-7901-exec-6" daemon [_thread_blocked, id=8316, stack(0x0000000060d60000,0x0000000060e60000)]
  0x0000000059c78800 JavaThread "http-nio-7901-exec-5" daemon [_thread_blocked, id=9520, stack(0x000000005d020000,0x000000005d120000)]
  0x0000000059c78000 JavaThread "http-nio-7901-exec-4" daemon [_thread_blocked, id=2784, stack(0x00000000601a0000,0x00000000602a0000)]
  0x0000000059c77000 JavaThread "http-nio-7901-exec-3" daemon [_thread_blocked, id=4612, stack(0x0000000060050000,0x0000000060150000)]
  0x0000000059c76800 JavaThread "http-nio-7901-exec-2" daemon [_thread_blocked, id=4608, stack(0x000000005fe80000,0x000000005ff80000)]
  0x0000000059c75800 JavaThread "http-nio-7901-exec-1" daemon [_thread_blocked, id=2916, stack(0x000000005e5e0000,0x000000005e6e0000)]
  0x0000000059c75000 JavaThread "NioBlockingSelector.BlockPoller-1" daemon [_thread_in_native, id=2856, stack(0x000000005fd50000,0x000000005fe50000)]
  0x0000000059c74000 JavaThread "DiscoveryClient-InstanceInfoReplicator-0" daemon [_thread_blocked, id=9372, stack(0x000000005fbc0000,0x000000005fcc0000)]
  0x0000000059c73800 JavaThread "DiscoveryClient-1" daemon [_thread_blocked, id=3500, stack(0x000000005fa90000,0x000000005fb90000)]
  0x0000000059c72800 JavaThread "DiscoveryClient-0" daemon [_thread_blocked, id=1656, stack(0x000000005f8c0000,0x000000005f9c0000)]
  0x0000000059c72000 JavaThread "AsyncResolver-bootstrap-0" daemon [_thread_blocked, id=4240, stack(0x0000000056dd0000,0x0000000056ed0000)]
  0x0000000059c71000 JavaThread "Eureka-JerseyClient-Conn-Cleaner2" daemon [_thread_blocked, id=9636, stack(0x000000005e810000,0x000000005e910000)]
  0x0000000059c70800 JavaThread "Eureka-JerseyClient-Conn-Cleaner2" daemon [_thread_blocked, id=8724, stack(0x00000000570b0000,0x00000000571b0000)]
  0x000000005b506000 JavaThread "spring.cloud.inetutils" daemon [_thread_blocked, id=584, stack(0x0000000055bf0000,0x0000000055cf0000)]
  0x000000005ad49000 JavaThread "container-0" [_thread_blocked, id=4196, stack(0x000000005eba0000,0x000000005eca0000)]
  0x000000005a4a8800 JavaThread "ContainerBackgroundProcessor[StandardEngine[Tomcat]]" daemon [_thread_blocked, id=4448, stack(0x000000005e970000,0x000000005ea70000)]
  0x0000000057866000 JavaThread "RMI TCP Accept-0" daemon [_thread_in_native, id=7592, stack(0x00000000572b0000,0x00000000573b0000)]
  0x000000005784f000 JavaThread "RMI TCP Accept-13049" daemon [_thread_in_native, id=7712, stack(0x0000000056690000,0x0000000056790000)]
  0x00000000578e9000 JavaThread "RMI TCP Accept-0" daemon [_thread_in_native, id=9224, stack(0x0000000057c80000,0x0000000057d80000)]
  0x0000000056158800 JavaThread "Service Thread" daemon [_thread_blocked, id=3664, stack(0x0000000056c70000,0x0000000056d70000)]
  0x00000000560f5800 JavaThread "C1 CompilerThread2" daemon [_thread_blocked, id=6028, stack(0x0000000056ae0000,0x0000000056be0000)]
  0x00000000560f2800 JavaThread "C2 CompilerThread1" daemon [_thread_blocked, id=9312, stack(0x00000000569e0000,0x0000000056ae0000)]
=>0x00000000560df800 JavaThread "C2 CompilerThread0" daemon [_thread_in_native, id=4936, stack(0x00000000568e0000,0x00000000569e0000)]
  0x0000000054e0c800 JavaThread "Attach Listener" daemon [_thread_blocked, id=10048, stack(0x00000000567a0000,0x00000000568a0000)]
  0x0000000054e0b800 JavaThread "Signal Dispatcher" daemon [_thread_blocked, id=9768, stack(0x0000000056590000,0x0000000056690000)]
  0x0000000054df4000 JavaThread "Finalizer" daemon [_thread_blocked, id=1192, stack(0x0000000055fc0000,0x00000000560c0000)]
  0x0000000054dad000 JavaThread "Reference Handler" daemon [_thread_blocked, id=6012, stack(0x0000000055eb0000,0x0000000055fb0000)]

Other Threads:
  0x0000000054da5800 VMThread [stack: 0x0000000055d60000,0x0000000055e60000] [id=8364]
  0x00000000578f4000 WatcherThread [stack: 0x0000000057da0000,0x0000000057ea0000] [id=7956]

VM state:not at safepoint (normal execution)

VM Mutex/Monitor currently owned by a thread: None

Heap:
 PSYoungGen      total 236032K, used 111218K [0x00000000eb180000, 0x0000000100000000, 0x0000000100000000)
  eden space 223232K, 44% used [0x00000000eb180000,0x00000000f1232508,0x00000000f8b80000)
  from space 12800K, 95% used [0x00000000f8b80000,0x00000000f976a340,0x00000000f9800000)
  to   space 14336K, 0% used [0x00000000ff200000,0x00000000ff200000,0x0000000100000000)
 ParOldGen       total 52224K, used 22422K [0x00000000c1400000, 0x00000000c4700000, 0x00000000eb180000)
  object space 52224K, 42% used [0x00000000c1400000,0x00000000c29e5ae0,0x00000000c4700000)
 Metaspace       used 48903K, capacity 49740K, committed 50176K, reserved 1093632K
  class space    used 6370K, capacity 6560K, committed 6656K, reserved 1048576K

Card table byte_map: [0x00000000118c0000,0x0000000011ac0000] byte_map_base: 0x00000000112b6000

Marking Bits: (ParMarkBitMap*) 0x0000000060c12f70
 Begin Bits: [0x00000000122b0000, 0x0000000013260000)
 End Bits:   [0x0000000013260000, 0x0000000014210000)

Polling page: 0x0000000000090000

CodeCache: size=245760Kb used=16742Kb max_used=16769Kb free=229017Kb
 bounds [0x0000000002500000, 0x0000000003580000, 0x0000000011500000]
 total_blobs=5032 nmethods=4542 adapters=402
 compilation: enabled

Compilation events (10 events):
Event: 200.559 Thread 0x00000000560f5800 nmethod 5545 0x00000000028b9090 code [0x00000000028b9200, 0x00000000028b9468]
Event: 200.986 Thread 0x00000000560f2800 5546       4       java.lang.String$CaseInsensitiveComparator::compare (111 bytes)
Event: 200.994 Thread 0x00000000560f2800 nmethod 5546 0x000000000313cf90 code [0x000000000313d100, 0x000000000313d898]
Event: 200.994 Thread 0x00000000560df800 5549   !   4       java.net.URL::<init> (543 bytes)
Event: 200.994 Thread 0x00000000560f5800 5547       3       rx.plugins.RxJavaHooks$3::call (9 bytes)
Event: 200.994 Thread 0x00000000560f5800 nmethod 5547 0x0000000003140bd0 code [0x0000000003140d60, 0x0000000003141208]
Event: 200.994 Thread 0x00000000560f5800 5548       3       rx.plugins.RxJavaHooks$3::call (11 bytes)
Event: 200.994 Thread 0x00000000560f5800 nmethod 5548 0x00000000028b8b10 code [0x00000000028b8c80, 0x00000000028b8f68]
Event: 201.066 Thread 0x00000000560f5800 5550       3       com.fasterxml.jackson.core.sym.ByteQuadsCanonicalizer::_calcOffset (13 bytes)
Event: 201.066 Thread 0x00000000560f5800 nmethod 5550 0x0000000002b1af10 code [0x0000000002b1b060, 0x0000000002b1b1b0]

GC Heap History (10 events):
Event: 35.355 GC heap before
{Heap before GC invocations=11 (full 1):
 PSYoungGen      total 121856K, used 121850K [0x00000000eb180000, 0x00000000f6380000, 0x0000000100000000)
  eden space 114176K, 100% used [0x00000000eb180000,0x00000000f2100000,0x00000000f2100000)
  from space 7680K, 99% used [0x00000000f2100000,0x00000000f287e978,0x00000000f2880000)
  to   space 9216K, 0% used [0x00000000f5a80000,0x00000000f5a80000,0x00000000f6380000)
 ParOldGen       total 36352K, used 12244K [0x00000000c1400000, 0x00000000c3780000, 0x00000000eb180000)
  object space 36352K, 33% used [0x00000000c1400000,0x00000000c1ff52c0,0x00000000c3780000)
 Metaspace       used 31436K, capacity 31872K, committed 32000K, reserved 1077248K
  class space    used 3939K, capacity 4053K, committed 4096K, reserved 1048576K
Event: 35.378 GC heap after
Heap after GC invocations=11 (full 1):
 PSYoungGen      total 169984K, used 9211K [0x00000000eb180000, 0x00000000f6680000, 0x0000000100000000)
  eden space 160768K, 0% used [0x00000000eb180000,0x00000000eb180000,0x00000000f4e80000)
  from space 9216K, 99% used [0x00000000f5a80000,0x00000000f637ec68,0x00000000f6380000)
  to   space 12288K, 0% used [0x00000000f4e80000,0x00000000f4e80000,0x00000000f5a80000)
 ParOldGen       total 36352K, used 17085K [0x00000000c1400000, 0x00000000c3780000, 0x00000000eb180000)
  object space 36352K, 47% used [0x00000000c1400000,0x00000000c24af6d8,0x00000000c3780000)
 Metaspace       used 31436K, capacity 31872K, committed 32000K, reserved 1077248K
  class space    used 3939K, capacity 4053K, committed 4096K, reserved 1048576K
}
Event: 45.243 GC heap before
{Heap before GC invocations=12 (full 1):
 PSYoungGen      total 169984K, used 169979K [0x00000000eb180000, 0x00000000f6680000, 0x0000000100000000)
  eden space 160768K, 100% used [0x00000000eb180000,0x00000000f4e80000,0x00000000f4e80000)
  from space 9216K, 99% used [0x00000000f5a80000,0x00000000f637ec68,0x00000000f6380000)
  to   space 12288K, 0% used [0x00000000f4e80000,0x00000000f4e80000,0x00000000f5a80000)
 ParOldGen       total 36352K, used 17085K [0x00000000c1400000, 0x00000000c3780000, 0x00000000eb180000)
  object space 36352K, 47% used [0x00000000c1400000,0x00000000c24af6d8,0x00000000c3780000)
 Metaspace       used 34687K, capacity 35194K, committed 35496K, reserved 1081344K
  class space    used 4376K, capacity 4484K, committed 4608K, reserved 1048576K
Event: 45.287 GC heap after
Heap after GC invocations=12 (full 1):
 PSYoungGen      total 173056K, used 8350K [0x00000000eb180000, 0x00000000fa400000, 0x0000000100000000)
  eden space 160768K, 0% used [0x00000000eb180000,0x00000000eb180000,0x00000000f4e80000)
  from space 12288K, 67% used [0x00000000f4e80000,0x00000000f56a79d0,0x00000000f5a80000)
  to   space 12288K, 0% used [0x00000000f9800000,0x00000000f9800000,0x00000000fa400000)
 ParOldGen       total 36352K, used 22866K [0x00000000c1400000, 0x00000000c3780000, 0x00000000eb180000)
  object space 36352K, 62% used [0x00000000c1400000,0x00000000c2a54840,0x00000000c3780000)
 Metaspace       used 34687K, capacity 35194K, committed 35496K, reserved 1081344K
  class space    used 4376K, capacity 4484K, committed 4608K, reserved 1048576K
}
Event: 45.471 GC heap before
{Heap before GC invocations=13 (full 1):
 PSYoungGen      total 173056K, used 35583K [0x00000000eb180000, 0x00000000fa400000, 0x0000000100000000)
  eden space 160768K, 16% used [0x00000000eb180000,0x00000000ecc18430,0x00000000f4e80000)
  from space 12288K, 67% used [0x00000000f4e80000,0x00000000f56a79d0,0x00000000f5a80000)
  to   space 12288K, 0% used [0x00000000f9800000,0x00000000f9800000,0x00000000fa400000)
 ParOldGen       total 36352K, used 22866K [0x00000000c1400000, 0x00000000c3780000, 0x00000000eb180000)
  object space 36352K, 62% used [0x00000000c1400000,0x00000000c2a54840,0x00000000c3780000)
 Metaspace       used 34823K, capacity 35282K, committed 35496K, reserved 1081344K
  class space    used 4391K, capacity 4488K, committed 4608K, reserved 1048576K
Event: 45.516 GC heap after
Heap after GC invocations=13 (full 1):
 PSYoungGen      total 235520K, used 1280K [0x00000000eb180000, 0x00000000fc000000, 0x0000000100000000)
  eden space 223232K, 0% used [0x00000000eb180000,0x00000000eb180000,0x00000000f8b80000)
  from space 12288K, 10% used [0x00000000f9800000,0x00000000f9940000,0x00000000fa400000)
  to   space 12800K, 0% used [0x00000000f8b80000,0x00000000f8b80000,0x00000000f9800000)
 ParOldGen       total 36352K, used 28545K [0x00000000c1400000, 0x00000000c3780000, 0x00000000eb180000)
  object space 36352K, 78% used [0x00000000c1400000,0x00000000c2fe06f0,0x00000000c3780000)
 Metaspace       used 34823K, capacity 35282K, committed 35496K, reserved 1081344K
  class space    used 4391K, capacity 4488K, committed 4608K, reserved 1048576K
}
Event: 45.516 GC heap before
{Heap before GC invocations=14 (full 2):
 PSYoungGen      total 235520K, used 1280K [0x00000000eb180000, 0x00000000fc000000, 0x0000000100000000)
  eden space 223232K, 0% used [0x00000000eb180000,0x00000000eb180000,0x00000000f8b80000)
  from space 12288K, 10% used [0x00000000f9800000,0x00000000f9940000,0x00000000fa400000)
  to   space 12800K, 0% used [0x00000000f8b80000,0x00000000f8b80000,0x00000000f9800000)
 ParOldGen       total 36352K, used 28545K [0x00000000c1400000, 0x00000000c3780000, 0x00000000eb180000)
  object space 36352K, 78% used [0x00000000c1400000,0x00000000c2fe06f0,0x00000000c3780000)
 Metaspace       used 34823K, capacity 35282K, committed 35496K, reserved 1081344K
  class space    used 4391K, capacity 4488K, committed 4608K, reserved 1048576K
Event: 45.652 GC heap after
Heap after GC invocations=14 (full 2):
 PSYoungGen      total 235520K, used 0K [0x00000000eb180000, 0x00000000fc000000, 0x0000000100000000)
  eden space 223232K, 0% used [0x00000000eb180000,0x00000000eb180000,0x00000000f8b80000)
  from space 12288K, 0% used [0x00000000f9800000,0x00000000f9800000,0x00000000fa400000)
  to   space 12800K, 0% used [0x00000000f8b80000,0x00000000f8b80000,0x00000000f9800000)
 ParOldGen       total 52224K, used 22414K [0x00000000c1400000, 0x00000000c4700000, 0x00000000eb180000)
  object space 52224K, 42% used [0x00000000c1400000,0x00000000c29e3ae0,0x00000000c4700000)
 Metaspace       used 34823K, capacity 35282K, committed 35496K, reserved 1081344K
  class space    used 4391K, capacity 4488K, committed 4608K, reserved 1048576K
}
Event: 170.303 GC heap before
{Heap before GC invocations=15 (full 2):
 PSYoungGen      total 235520K, used 223232K [0x00000000eb180000, 0x00000000fc000000, 0x0000000100000000)
  eden space 223232K, 100% used [0x00000000eb180000,0x00000000f8b80000,0x00000000f8b80000)
  from space 12288K, 0% used [0x00000000f9800000,0x00000000f9800000,0x00000000fa400000)
  to   space 12800K, 0% used [0x00000000f8b80000,0x00000000f8b80000,0x00000000f9800000)
 ParOldGen       total 52224K, used 22414K [0x00000000c1400000, 0x00000000c4700000, 0x00000000eb180000)
  object space 52224K, 42% used [0x00000000c1400000,0x00000000c29e3ae0,0x00000000c4700000)
 Metaspace       used 44563K, capacity 45264K, committed 45568K, reserved 1089536K
  class space    used 5693K, capacity 5846K, committed 5888K, reserved 1048576K
Event: 170.346 GC heap after
Heap after GC invocations=15 (full 2):
 PSYoungGen      total 236032K, used 12200K [0x00000000eb180000, 0x0000000100000000, 0x0000000100000000)
  eden space 223232K, 0% used [0x00000000eb180000,0x00000000eb180000,0x00000000f8b80000)
  from space 12800K, 95% used [0x00000000f8b80000,0x00000000f976a340,0x00000000f9800000)
  to   space 14336K, 0% used [0x00000000ff200000,0x00000000ff200000,0x0000000100000000)
 ParOldGen       total 52224K, used 22422K [0x00000000c1400000, 0x00000000c4700000, 0x00000000eb180000)
  object space 52224K, 42% used [0x00000000c1400000,0x00000000c29e5ae0,0x00000000c4700000)
 Metaspace       used 44563K, capacity 45264K, committed 45568K, reserved 1089536K
  class space    used 5693K, capacity 5846K, committed 5888K, reserved 1048576K
}

Deoptimization events (10 events):
Event: 180.458 Thread 0x0000000059c75800 Uncommon trap: reason=class_check action=maybe_recompile pc=0x0000000003170570 method=java.util.Collections$UnmodifiableMap.containsKey(Ljava/lang/Object;)Z @ 5
Event: 180.490 Thread 0x0000000059c75800 Uncommon trap: reason=class_check action=maybe_recompile pc=0x00000000028c9dfc method=java.util.regex.Matcher.search(I)Z @ 86
Event: 181.364 Thread 0x0000000059c75800 Uncommon trap: reason=class_check action=maybe_recompile pc=0x00000000028c9dfc method=java.util.regex.Matcher.search(I)Z @ 86
Event: 190.006 Thread 0x0000000059c7d000 Uncommon trap: reason=bimorphic action=maybe_recompile pc=0x0000000002d3a2ec method=java.util.HashMap.removeNode(ILjava/lang/Object;Ljava/lang/Object;ZZ)Ljava/util/HashMap$Node; @ 68
Event: 190.484 Thread 0x000000005b119000 Uncommon trap: reason=unstable_if action=reinterpret pc=0x0000000002fdc81c method=java.lang.Class.cast(Ljava/lang/Object;)Ljava/lang/Object; @ 9
Event: 190.901 Thread 0x000000005b119000 Uncommon trap: reason=unstable_if action=reinterpret pc=0x000000000352f5fc method=java.io.BufferedReader.readLine(Z)Ljava/lang/String; @ 192
Event: 190.912 Thread 0x000000005b119000 Uncommon trap: reason=unstable_if action=reinterpret pc=0x0000000002620b4c method=java.util.concurrent.ConcurrentHashMap.putVal(Ljava/lang/Object;Ljava/lang/Object;Z)Ljava/lang/Object; @ 331
Event: 191.110 Thread 0x000000005b119000 Uncommon trap: reason=unstable_if action=reinterpret pc=0x00000000026d5a2c method=java.util.concurrent.ConcurrentHashMap.transfer([Ljava/util/concurrent/ConcurrentHashMap$Node;[Ljava/util/concurrent/ConcurrentHashMap$Node;)V @ 356
Event: 191.730 Thread 0x000000005b119000 Uncommon trap: reason=bimorphic action=maybe_recompile pc=0x0000000002ec2d30 method=java.net.URL.<init>(Ljava/net/URL;Ljava/lang/String;Ljava/net/URLStreamHandler;)V @ 504
Event: 199.554 Thread 0x000000005b11d800 Uncommon trap: reason=class_check action=maybe_recompile pc=0x00000000028b2bcc method=java.util.regex.Matcher.search(I)Z @ 86

Internal exceptions (10 events):
Event: 191.330 Thread 0x000000005b119000 Exception <a 'java/lang/ClassNotFoundException': org/springframework/cloud/netflix/ribbon/support/AbstractLoadBalancingClientCustomizer> (0x00000000f0866f98) thrown at [C:\re\workspace\8-2-build-windows-amd64-cygwin\jdk8u91\7017\hotspot\src\share\vm\classf È5rôÍg@
Event: 191.331 Thread 0x000000005b119000 Exception <a 'java/lang/ClassNotFoundException': org/springframework/cloud/netflix/ribbon/apache/RibbonLoadBalancingHttpClientCustomizer> (0x00000000f0898a20) thrown at [C:\re\workspace\8-2-build-windows-amd64-cygwin\jdk8u91\7017\hotspot\src\share\vm\class1élK¢Íg@
Event: 191.332 Thread 0x000000005b119000 Exception <a 'java/lang/ClassNotFoundException': com/netflix/client/IClientCustomizer> (0x00000000f08bfe50) thrown at [C:\re\workspace\8-2-build-windows-amd64-cygwin\jdk8u91\7017\hotspot\src\share\vm\classfile\systemDictionary.cpp, line 210]
Event: 191.333 Thread 0x000000005b119000 Exception <a 'java/lang/ClassNotFoundException': com/netflix/client/IClientConfigAwareCustomizer> (0x00000000f08dbed0) thrown at [C:\re\workspace\8-2-build-windows-amd64-cygwin\jdk8u91\7017\hotspot\src\share\vm\classfile\systemDictionary.cpp, line 210]
Event: 191.333 Thread 0x000000005b119000 Exception <a 'java/lang/ClassNotFoundException': com/netflix/client/IClientConfigAwareCustomizer> (0x00000000f08f7340) thrown at [C:\re\workspace\8-2-build-windows-amd64-cygwin\jdk8u91\7017\hotspot\src\share\vm\classfile\systemDictionary.cpp, line 210]
Event: 191.335 Thread 0x000000005b119000 Exception <a 'java/lang/ClassNotFoundException': java/lang/ObjectCustomizer> (0x00000000f0918f60) thrown at [C:\re\workspace\8-2-build-windows-amd64-cygwin\jdk8u91\7017\hotspot\src\share\vm\classfile\systemDictionary.cpp, line 210]
Event: 191.335 Thread 0x000000005b119000 Exception <a 'java/lang/ClassNotFoundException': com/netflix/loadbalancer/LoadBalancerContextCustomizer> (0x00000000f0939c40) thrown at [C:\re\workspace\8-2-build-windows-amd64-cygwin\jdk8u91\7017\hotspot\src\share\vm\classfile\systemDictionary.cpp, line 2Qã«˝¬Íg@
Event: 191.336 Thread 0x000000005b119000 Exception <a 'java/lang/ClassNotFoundException': org/springframework/cloud/netflix/ribbon/RibbonLoadBalancerContextCustomizer> (0x00000000f0970648) thrown at [C:\re\workspace\8-2-build-windows-amd64-cygwin\jdk8u91\7017\hotspot\src\share\vm\classfile\system†
≥ê«Íg@
Event: 191.337 Thread 0x000000005b119000 Exception <a 'java/lang/ClassNotFoundException': com/netflix/client/IClientConfigAwareCustomizer> (0x00000000f0996a08) thrown at [C:\re\workspace\8-2-build-windows-amd64-cygwin\jdk8u91\7017\hotspot\src\share\vm\classfile\systemDictionary.cpp, line 210]
Event: 196.986 Thread 0x000000005b119000 Exception <a 'java/net/SocketTimeoutException': Read timed out> (0x00000000f0e15238) thrown at [C:\re\workspace\8-2-build-windows-amd64-cygwin\jdk8u91\7017\hotspot\src\share\vm\prims\jni.cpp, line 735]

Events (10 events):
Event: 201.028 loading class com/fasterxml/jackson/databind/deser/std/NumberDeserializers$NumberDeserializer
Event: 201.028 loading class com/fasterxml/jackson/databind/deser/std/NumberDeserializers$NumberDeserializer done
Event: 201.031 loading class com/fasterxml/jackson/databind/deser/std/NumberDeserializers$BigDecimalDeserializer
Event: 201.031 loading class com/fasterxml/jackson/databind/deser/std/NumberDeserializers$BigDecimalDeserializer done
Event: 201.031 loading class com/fasterxml/jackson/databind/deser/std/NumberDeserializers$BigIntegerDeserializer
Event: 201.031 loading class com/fasterxml/jackson/databind/deser/std/NumberDeserializers$BigIntegerDeserializer done
Event: 201.033 loading class org/springframework/http/converter/json/MappingJacksonInputMessage
Event: 201.033 loading class org/springframework/http/converter/json/MappingJacksonInputMessage done
Event: 201.034 loading class java/math/MathContext
Event: 201.067 Thread 0x00000000560f5800 flushing nmethod 0x0000000002d33b50


Dynamic libraries:
0x000000013fd70000 - 0x000000013fda7000 	D:\setup\jdk1.8\bin\javaw.exe
0x00000000779f0000 - 0x0000000077b9a000 	C:\Windows\SYSTEM32\ntdll.dll
0x00000000778d0000 - 0x00000000779ef000 	C:\Windows\system32\kernel32.dll
0x000007fefdb80000 - 0x000007fefdbeb000 	C:\Windows\system32\KERNELBASE.dll
0x000007fefe8c0000 - 0x000007fefe99b000 	C:\Windows\system32\ADVAPI32.dll
0x000007fefeed0000 - 0x000007fefef6f000 	C:\Windows\system32\msvcrt.dll
0x000007fefe8a0000 - 0x000007fefe8bf000 	C:\Windows\SYSTEM32\sechost.dll
0x000007fefe650000 - 0x000007fefe77d000 	C:\Windows\system32\RPCRT4.dll
0x00000000777d0000 - 0x00000000778ca000 	C:\Windows\system32\USER32.dll
0x000007fefdf60000 - 0x000007fefdfc7000 	C:\Windows\system32\GDI32.dll
0x000007fefe9a0000 - 0x000007fefe9ae000 	C:\Windows\system32\LPK.dll
0x000007fefe230000 - 0x000007fefe2fa000 	C:\Windows\system32\USP10.dll
0x000007fefc290000 - 0x000007fefc484000 	C:\Windows\WinSxS\amd64_microsoft.windows.common-controls_6595b64144ccf1df_6.0.7601.18837_none_fa3b1e3d17594757\COMCTL32.dll
0x000007fefe7a0000 - 0x000007fefe811000 	C:\Windows\system32\SHLWAPI.dll
0x000007fefdf30000 - 0x000007fefdf5e000 	C:\Windows\system32\IMM32.DLL
0x000007fefdbf0000 - 0x000007fefdcf9000 	C:\Windows\system32\MSCTF.dll
0x0000000074330000 - 0x0000000074402000 	D:\setup\jdk1.8\bin\msvcr100.dll
0x0000000060400000 - 0x0000000060c93000 	D:\setup\jdk1.8\bin\server\jvm.dll
0x000007feef8c0000 - 0x000007feef8c9000 	C:\Windows\system32\WSOCK32.dll
0x000007fefdfd0000 - 0x000007fefe01d000 	C:\Windows\system32\WS2_32.dll
0x000007fefdf20000 - 0x000007fefdf28000 	C:\Windows\system32\NSI.dll
0x000007fef9bf0000 - 0x000007fef9c2b000 	C:\Windows\system32\WINMM.dll
0x000007fefc920000 - 0x000007fefc92c000 	C:\Windows\system32\VERSION.dll
0x0000000077bb0000 - 0x0000000077bb7000 	C:\Windows\system32\PSAPI.DLL
0x0000000071e20000 - 0x0000000071e2f000 	D:\setup\jdk1.8\bin\verify.dll
0x000000006eed0000 - 0x000000006eef9000 	D:\setup\jdk1.8\bin\java.dll
0x000000006f4f0000 - 0x000000006f506000 	D:\setup\jdk1.8\bin\zip.dll
0x000007fefef70000 - 0x000007feffcf9000 	C:\Windows\system32\SHELL32.dll
0x000007fefe020000 - 0x000007fefe223000 	C:\Windows\system32\ole32.dll
0x000007fefd840000 - 0x000007fefd84f000 	C:\Windows\system32\profapi.dll
0x0000000074d60000 - 0x0000000074d6d000 	D:\setup\jdk1.8\bin\management.dll
0x000000006ee80000 - 0x000000006ee9a000 	D:\setup\jdk1.8\bin\net.dll
0x000007fefd010000 - 0x000007fefd065000 	C:\Windows\system32\mswsock.dll
0x000007fefd000000 - 0x000007fefd007000 	C:\Windows\System32\wship6.dll
0x000000006ee60000 - 0x000000006ee71000 	D:\setup\jdk1.8\bin\nio.dll
0x000007fefb580000 - 0x000007fefb595000 	C:\Windows\system32\NLAapi.dll
0x000007fef9b10000 - 0x000007fef9b25000 	C:\Windows\system32\napinsp.dll
0x000007fef9af0000 - 0x000007fef9b09000 	C:\Windows\system32\pnrpnsp.dll
0x000007fefce90000 - 0x000007fefceeb000 	C:\Windows\system32\DNSAPI.dll
0x000007fef9ae0000 - 0x000007fef9aeb000 	C:\Windows\System32\winrnr.dll
0x000007fef9ad0000 - 0x000007fef9ae0000 	C:\Windows\system32\wshbth.dll
0x000007fefc9f0000 - 0x000007fefc9f7000 	C:\Windows\System32\wshtcpip.dll
0x000007fefb0a0000 - 0x000007fefb0c7000 	C:\Windows\system32\IPHLPAPI.DLL
0x000007fefb090000 - 0x000007fefb09b000 	C:\Windows\system32\WINNSI.DLL
0x000007fef9520000 - 0x000007fef9528000 	C:\Windows\system32\rasadhlp.dll
0x000007fefaff0000 - 0x000007fefb043000 	C:\Windows\System32\fwpuclnt.dll
0x000007fefd070000 - 0x000007fefd088000 	C:\Windows\system32\CRYPTSP.dll
0x000007fefcd70000 - 0x000007fefcdb7000 	C:\Windows\system32\rsaenh.dll
0x000007fefdaa0000 - 0x000007fefdabe000 	C:\Windows\system32\USERENV.dll
0x000007fefd6d0000 - 0x000007fefd6df000 	C:\Windows\system32\CRYPTBASE.dll
0x000007fefaea0000 - 0x000007fefaeb8000 	C:\Windows\system32\dhcpcsvc.DLL
0x000007fefae80000 - 0x000007fefae91000 	C:\Windows\system32\dhcpcsvc6.DLL
0x000000006e000000 - 0x000000006e024000 	D:\setup\jdk1.8\bin\sunec.dll

VM Arguments:
jvm_args: -Dcom.sun.management.jmxremote -Dcom.sun.management.jmxremote.port=13049 -Dcom.sun.management.jmxremote.authenticate=false -Dcom.sun.management.jmxremote.ssl=false -Djava.rmi.server.hostname=localhost -Dspring.liveBeansView.mbeanDomain -Dspring.application.admin.enabled=true -Dfile.encoding=UTF-8 
java_command: com.shiran.cloud.ComsumerMovieFeignApplication --spring.output.ansi.enabled=always
java_class_path (initial): F:\setup\spring-tool-suite-3.8.4.RELEASE-e4.6.3-win32-x86_64\workspace\code\microservice-comsumer-movie-feign-with-hystrix\target\classes;F:\setup\apache-maven-3.3.9-bin\localrepositoryposition\org\springframework\boot\spring-boot-starter-web\1.4.6.RELEASE\spring-boot-starter-web-1.4.6.RELEASE.jar;F:\setup\apache-maven-3.3.9-bin\localrepositoryposition\org\springframework\boot\spring-boot-starter\1.4.6.RELEASE\spring-boot-starter-1.4.6.RELEASE.jar;F:\setup\apache-maven-3.3.9-bin\localrepositoryposition\org\springframework\boot\spring-boot\1.4.6.RELEASE\spring-boot-1.4.6.RELEASE.jar;F:\setup\apache-maven-3.3.9-bin\localrepositoryposition\org\springframework\boot\spring-boot-autoconfigure\1.4.6.RELEASE\spring-boot-autoconfigure-1.4.6.RELEASE.jar;F:\setup\apache-maven-3.3.9-bin\localrepositoryposition\org\springframework\boot\spring-boot-starter-logging\1.4.6.RELEASE\spring-boot-starter-logging-1.4.6.RELEASE.jar;F:\setup\apache-maven-3.3.9-bin\localrepositoryposition\ch\qos\logback\logback-classic\1.1.11\logback-classic-1.1.11.jar;F:\setup\apache-maven-3.3.9-bin\localrepositoryposition\ch\qos\logback\logback-core\1.1.11\logback-core-1.1.11.jar;F:\setup\apache-maven-3.3.9-bin\localrepositoryposition\org\slf4j\jcl-over-slf4j\1.7.25\jcl-over-slf4j-1.7.25.jar;F:\setup\apache-maven-3.3.9-bin\localrepositoryposition\org\slf4j\jul-to-slf4j\1.7.25\jul-to-slf4j-1.7.25.jar;F:\setup\apache-maven-3.3.9-bin\localrepositoryposition\org\slf4j\log4j-over-slf4j\1.7.25\log4j-over-slf4j-1.7.25.jar;F:\setup\apache-maven-3.3.9-bin\localrepositoryposition\org\springframework\spring-core\4.3.8.RELEASE\spring-core-4.3.8.RELEASE.jar;F:\setup\apache-maven-3.3.9-bin\localrepositoryposition\org\yaml\snakeyaml\1.17\snakeyaml-1.17.jar;F:\setup\apache-maven-3.3.9-bin\localrepositoryposition\org\springframework\boot\spring-boot-starter-tomcat\1.4.6.RELEASE\spring-boot-starter-tomcat-1.4.6.RELEASE.jar;F:\setup\apache-maven-3.3.9-bin\localrepositoryposition\org\apache\tomca
Launcher Type: SUN_STANDARD

Environment Variables:
JAVA_HOME=D:\setup\jdk1.7
PATH=D:/setup/jdk1.8/bin/server;D:/setup/jdk1.8/bin;D:/setup/jdk1.8/lib/amd64;C:\ProgramData\Oracle\Java\javapath;D:\setup\django\python3.5\Scripts\;D:\setup\django\python3.5\;D:\setup\armv1.2\bin;D:\setup\python2.7;D:\app\Administrator\product\11.1.0\db_2\bin;F:\setup\scala\bin;D:\java\apache-maven-2.2.1\bin;%M2_HOME%\bin;D:\setup\jdk1.7;D:\setup\python34\Scripts;D:\setup\python34;C:\Program Files (x86)\Common Files\NetSarang;D:\setup\jdk1.7\bin;C:\Windows\system32;C:\Windows;C:\Windows\System32\Wbem;C:\Windows\System32\WindowsPowerShell\v1.0\;F:\setup\scala\bin;C:\Program Files (x86)\Microsoft SQL Server\100\Tools\Binn\;C:\Program Files\Microsoft SQL Server\100\Tools\Binn\;C:\Program Files\Microsoft SQL Server\100\DTS\Binn\;C:\Program Files (x86)\Microsoft SQL Server\100\Tools\Binn\VSShell\Common7\IDE\;C:\Program Files (x86)\Microsoft Visual Studio 9.0\Common7\IDE\PrivateAssemblies\;C:\Program Files (x86)\Microsoft SQL Server\100\DTS\Binn\;D:\setup\git\Git\cmd;F:\setup\spring-tool-suite-3.8.4.RELEASE-e4.6.3-win32-x86_64\sts-bundle\sts-3.8.4.RELEASE;
USERNAME=Administrator
OS=Windows_NT
PROCESSOR_IDENTIFIER=Intel64 Family 6 Model 60 Stepping 3, GenuineIntel



---------------  S Y S T E M  ---------------

OS: Windows 7 , 64 bit Build 7601 (6.1.7601.19135)

CPU:total 4 (2 cores per cpu, 2 threads per core) family 6 model 60 stepping 3, cmov, cx8, fxsr, mmx, sse, sse2, sse3, ssse3, sse4.1, sse4.2, popcnt, avx, avx2, aes, clmul, erms, lzcnt, ht, tsc, tscinvbit, bmi1, bmi2

Memory: 4k page, physical 4108656k(62524k free), swap 6549132k(4264k free)

vm_info: Java HotSpot(TM) 64-Bit Server VM (25.91-b15) for windows-amd64 JRE (1.8.0_91-b15), built on May 20 2016 17:43:15 by "java_re" with MS VC++ 10.0 (VS2010)

time: Fri May 19 11:51:24 2017
elapsed time: 202 seconds (0d 0h 3m 22s)

