#
# There is insufficient memory for the Java Runtime Environment to continue.
# Native memory allocation (malloc) failed to allocate 112128 bytes for Chunk::new
# Possible reasons:
#   The system is out of physical RAM or swap space
#   In 32 bit mode, the process size limit was hit
# Possible solutions:
#   Reduce memory load on the system
#   Increase physical memory or swap space
#   Check if swap backing store is full
#   Use 64 bit Java on a 64 bit OS
#   Decrease Java heap size (-Xmx/-Xms)
#   Decrease number of Java threads
#   Decrease Java thread stack sizes (-Xss)
#   Set larger code cache with -XX:ReservedCodeCacheSize=
# This output file may be truncated or incomplete.
#
#  Out of Memory Error (allocation.cpp:390), pid=4964, tid=8276
#
# JRE version: Java(TM) SE Runtime Environment (8.0_91-b15) (build 1.8.0_91-b15)
# Java VM: Java HotSpot(TM) 64-Bit Server VM (25.91-b15 mixed mode windows-amd64 compressed oops)
# Failed to write core dump. Minidumps are not enabled by default on client versions of Windows
#

---------------  T H R E A D  ---------------

Current thread (0x000000005624f800):  JavaThread "C2 CompilerThread0" daemon [_thread_in_native, id=8276, stack(0x0000000056030000,0x0000000056130000)]

Stack: [0x0000000056030000,0x0000000056130000]
[error occurred during error reporting (printing stack bounds), id 0xc0000005]

Native frames: (J=compiled Java code, j=interpreted, Vv=VM code, C=native code)


Current CompileTask:
C2:4086902 8621   !   4       org.springframework.web.filter.OncePerRequestFilter::doFilter (139 bytes)


---------------  P R O C E S S  ---------------

Java Threads: ( => current thread )
  0x000000005b6f5000 JavaThread "DestroyJavaVM" [_thread_blocked, id=4208, stack(0x00000000023e0000,0x00000000024e0000)]
  0x000000005b6f4000 JavaThread "http-nio-8761-AsyncTimeout" daemon [_thread_blocked, id=9804, stack(0x0000000063dd0000,0x0000000063ed0000)]
  0x000000005cf88000 JavaThread "http-nio-8761-Acceptor-0" daemon [_thread_in_native, id=10188, stack(0x0000000063c80000,0x0000000063d80000)]
  0x000000005cf87800 JavaThread "http-nio-8761-ClientPoller-1" daemon [_thread_in_native, id=4676, stack(0x0000000063b30000,0x0000000063c30000)]
  0x000000005cf86800 JavaThread "http-nio-8761-ClientPoller-0" daemon [_thread_in_native, id=4640, stack(0x00000000639b0000,0x0000000063ab0000)]
  0x000000005cf86000 JavaThread "http-nio-8761-exec-10" daemon [_thread_blocked, id=3976, stack(0x00000000632b0000,0x00000000633b0000)]
  0x000000005cf85000 JavaThread "http-nio-8761-exec-9" daemon [_thread_blocked, id=8168, stack(0x0000000063880000,0x0000000063980000)]
  0x000000005cf84800 JavaThread "http-nio-8761-exec-8" daemon [_thread_blocked, id=3200, stack(0x0000000062730000,0x0000000062830000)]
  0x000000005cf83800 JavaThread "http-nio-8761-exec-7" daemon [_thread_blocked, id=9820, stack(0x0000000063740000,0x0000000063840000)]
  0x000000005cf83000 JavaThread "http-nio-8761-exec-6" daemon [_thread_blocked, id=3568, stack(0x0000000063590000,0x0000000063690000)]
  0x000000005cf82000 JavaThread "http-nio-8761-exec-5" daemon [_thread_blocked, id=8560, stack(0x00000000633e0000,0x00000000634e0000)]
  0x000000005cf81800 JavaThread "http-nio-8761-exec-4" daemon [_thread_blocked, id=3120, stack(0x0000000062530000,0x0000000062630000)]
  0x00000000563d6800 JavaThread "http-nio-8761-exec-3" daemon [_thread_blocked, id=6412, stack(0x00000000631a0000,0x00000000632a0000)]
  0x00000000563d6000 JavaThread "http-nio-8761-exec-2" daemon [_thread_blocked, id=9888, stack(0x0000000062f80000,0x0000000063080000)]
  0x00000000563d5000 JavaThread "http-nio-8761-exec-1" daemon [_thread_blocked, id=1240, stack(0x0000000061f50000,0x0000000062050000)]
  0x00000000563d4800 JavaThread "NioBlockingSelector.BlockPoller-1" daemon [_thread_in_native, id=8604, stack(0x000000005bfb0000,0x000000005c0b0000)]
  0x00000000563d2000 JavaThread "Eureka-CacheFillTimer" daemon [_thread_blocked, id=1720, stack(0x0000000062870000,0x0000000062970000)]
  0x00000000563d1800 JavaThread "Eureka-PeerNodesUpdater" daemon [_thread_blocked, id=7380, stack(0x0000000062630000,0x0000000062730000)]
  0x00000000563d0800 JavaThread "TaskNonBatchingWorker-localhost-0" daemon [_thread_blocked, id=2656, stack(0x0000000061d50000,0x0000000061e50000)]
  0x00000000563d0000 JavaThread "TaskAcceptor-localhost" daemon [_thread_blocked, id=4892, stack(0x00000000623f0000,0x00000000624f0000)]
  0x00000000563cf000 JavaThread "TaskBatchingWorker-target_localhost-19" daemon [_thread_blocked, id=7636, stack(0x00000000621f0000,0x00000000622f0000)]
  0x00000000563ce800 JavaThread "TaskBatchingWorker-target_localhost-18" daemon [_thread_blocked, id=908, stack(0x0000000062080000,0x0000000062180000)]
  0x00000000563cd800 JavaThread "TaskBatchingWorker-target_localhost-17" daemon [_thread_blocked, id=7192, stack(0x0000000061e50000,0x0000000061f50000)]
  0x00000000563cd000 JavaThread "TaskBatchingWorker-target_localhost-16" daemon [_thread_blocked, id=9468, stack(0x0000000061bd0000,0x0000000061cd0000)]
  0x00000000563cc000 JavaThread "TaskBatchingWorker-target_localhost-15" daemon [_thread_blocked, id=9552, stack(0x0000000061950000,0x0000000061a50000)]
  0x00000000563cb800 JavaThread "TaskBatchingWorker-target_localhost-14" daemon [_thread_blocked, id=3608, stack(0x000000005fda0000,0x000000005fea0000)]
  0x00000000563ca800 JavaThread "TaskBatchingWorker-target_localhost-13" daemon [_thread_blocked, id=4888, stack(0x0000000061a90000,0x0000000061b90000)]
  0x00000000563ca000 JavaThread "TaskBatchingWorker-target_localhost-12" daemon [_thread_blocked, id=4524, stack(0x0000000061810000,0x0000000061910000)]
  0x00000000563c9000 JavaThread "TaskBatchingWorker-target_localhost-11" daemon [_thread_blocked, id=9640, stack(0x0000000060f40000,0x0000000061040000)]
  0x00000000563c8800 JavaThread "TaskBatchingWorker-target_localhost-10" daemon [_thread_blocked, id=2164, stack(0x0000000061710000,0x0000000061810000)]
  0x00000000563c7800 JavaThread "TaskBatchingWorker-target_localhost-9" daemon [_thread_blocked, id=8868, stack(0x0000000061550000,0x0000000061650000)]
  0x000000005a4a1000 JavaThread "TaskBatchingWorker-target_localhost-8" daemon [_thread_blocked, id=3216, stack(0x0000000011f50000,0x0000000012050000)]
  0x000000005a4a0800 JavaThread "TaskBatchingWorker-target_localhost-7" daemon [_thread_blocked, id=6932, stack(0x0000000061450000,0x0000000061550000)]
  0x000000005a49f800 JavaThread "TaskBatchingWorker-target_localhost-6" daemon [_thread_blocked, id=8352, stack(0x0000000061260000,0x0000000061360000)]
  0x000000005a49f000 JavaThread "TaskBatchingWorker-target_localhost-5" daemon [_thread_blocked, id=2888, stack(0x0000000061070000,0x0000000061170000)]
  0x000000005a49e000 JavaThread "TaskBatchingWorker-target_localhost-4" daemon [_thread_blocked, id=7064, stack(0x0000000060cc0000,0x0000000060dc0000)]
  0x000000005a49d800 JavaThread "TaskBatchingWorker-target_localhost-3" daemon [_thread_blocked, id=4636, stack(0x0000000060e00000,0x0000000060f00000)]
  0x000000005a49c800 JavaThread "TaskBatchingWorker-target_localhost-2" daemon [_thread_blocked, id=3672, stack(0x000000005fff0000,0x00000000600f0000)]
  0x000000005a49c000 JavaThread "TaskBatchingWorker-target_localhost-1" daemon [_thread_blocked, id=2408, stack(0x0000000060220000,0x0000000060320000)]
  0x000000005a49b000 JavaThread "TaskBatchingWorker-target_localhost-0" daemon [_thread_blocked, id=3220, stack(0x00000000600f0000,0x00000000601f0000)]
  0x000000005a49a800 JavaThread "StatsMonitor-0" daemon [_thread_blocked, id=8804, stack(0x000000005fed0000,0x000000005ffd0000)]
  0x000000005a499800 JavaThread "TaskAcceptor-target_localhost" daemon [_thread_blocked, id=5708, stack(0x000000005ed60000,0x000000005ee60000)]
  0x000000005a499000 JavaThread "Eureka-JerseyClient-Conn-Cleaner2" daemon [_thread_blocked, id=8616, stack(0x000000005fca0000,0x000000005fda0000)]
  0x000000005a497800 JavaThread "Eureka-MeasureRateTimer" daemon [_thread_blocked, id=5256, stack(0x000000005f980000,0x000000005fa80000)]
  0x000000005a496800 JavaThread "ReplicaAwareInstanceRegistry - RenewalThresholdUpdater" daemon [_thread_blocked, id=2984, stack(0x000000005f850000,0x000000005f950000)]
  0x000000005a496000 JavaThread "Eureka-MeasureRateTimer" daemon [_thread_blocked, id=4856, stack(0x000000005f5d0000,0x000000005f6d0000)]
  0x000000005a495000 JavaThread "Eureka-EvictionTimer" daemon [_thread_blocked, id=8592, stack(0x000000005f450000,0x000000005f550000)]
  0x000000005a494800 JavaThread "Eureka-DeltaRetentionTimer" daemon [_thread_blocked, id=9452, stack(0x000000005f2e0000,0x000000005f3e0000)]
  0x000000005a493800 JavaThread "spring.cloud.inetutils" daemon [_thread_blocked, id=4924, stack(0x000000005eef0000,0x000000005eff0000)]
  0x000000005a493000 JavaThread "container-0" [_thread_blocked, id=8176, stack(0x0000000057090000,0x0000000057190000)]
  0x000000005a492000 JavaThread "ContainerBackgroundProcessor[StandardEngine[Tomcat]]" daemon [_thread_blocked, id=6476, stack(0x000000005ec50000,0x000000005ed50000)]
  0x00000000576d1000 JavaThread "RMI TCP Accept-0" daemon [_thread_in_native, id=2972, stack(0x0000000057d70000,0x0000000057e70000)]
  0x00000000575fb000 JavaThread "RMI TCP Accept-15330" daemon [_thread_in_native, id=1696, stack(0x0000000057c60000,0x0000000057d60000)]
  0x00000000575fa800 JavaThread "RMI TCP Accept-0" daemon [_thread_in_native, id=3416, stack(0x0000000057ae0000,0x0000000057be0000)]
  0x00000000562de000 JavaThread "Service Thread" daemon [_thread_blocked, id=3928, stack(0x0000000056d20000,0x0000000056e20000)]
  0x0000000056267800 JavaThread "C1 CompilerThread2" daemon [_thread_blocked, id=7996, stack(0x0000000056b70000,0x0000000056c70000)]
  0x0000000056266000 JavaThread "C2 CompilerThread1" daemon [_thread_blocked, id=6628, stack(0x00000000569c0000,0x0000000056ac0000)]
=>0x000000005624f800 JavaThread "C2 CompilerThread0" daemon [_thread_in_native, id=8276, stack(0x0000000056030000,0x0000000056130000)]
  0x0000000056248800 JavaThread "Attach Listener" daemon [_thread_blocked, id=5876, stack(0x0000000056790000,0x0000000056890000)]
  0x0000000056247000 JavaThread "Signal Dispatcher" daemon [_thread_blocked, id=4668, stack(0x0000000056680000,0x0000000056780000)]
  0x0000000054e61000 JavaThread "Finalizer" daemon [_thread_blocked, id=4384, stack(0x0000000056130000,0x0000000056230000)]
  0x0000000054e1a000 JavaThread "Reference Handler" daemon [_thread_blocked, id=2184, stack(0x0000000055db0000,0x0000000055eb0000)]

Other Threads:
  0x0000000054e12800 VMThread [stack: 0x0000000055f00000,0x0000000056000000] [id=9492]
  0x00000000576d3000 WatcherThread [stack: 0x0000000057e70000,0x0000000057f70000] [id=10096]

VM state:not at safepoint (normal execution)

VM Mutex/Monitor currently owned by a thread: None

Heap:
 PSYoungGen      total 314880K, used 291865K [0x00000000eb180000, 0x00000000ff580000, 0x0000000100000000)
  eden space 304128K, 92% used [0x00000000eb180000,0x00000000fc53be30,0x00000000fda80000)
  from space 10752K, 88% used [0x00000000feb00000,0x00000000ff44a748,0x00000000ff580000)
  to   space 13824K, 0% used [0x00000000fda80000,0x00000000fda80000,0x00000000fe800000)
 ParOldGen       total 56832K, used 36191K [0x00000000c1400000, 0x00000000c4b80000, 0x00000000eb180000)
  object space 56832K, 63% used [0x00000000c1400000,0x00000000c3757d98,0x00000000c4b80000)
 Metaspace       used 55456K, capacity 56361K, committed 56576K, reserved 1097728K
  class space    used 7093K, capacity 7310K, committed 7424K, reserved 1048576K

Card table byte_map: [0x00000000118a0000,0x0000000011aa0000] byte_map_base: 0x0000000011296000

Marking Bits: (ParMarkBitMap*) 0x0000000060c12f70
 Begin Bits: [0x0000000012320000, 0x00000000132d0000)
 End Bits:   [0x00000000132d0000, 0x0000000014280000)

Polling page: 0x0000000001b30000

CodeCache: size=245760Kb used=24639Kb max_used=24649Kb free=221120Kb
 bounds [0x00000000024e0000, 0x0000000003d20000, 0x00000000114e0000]
 total_blobs=7605 nmethods=7113 adapters=403
 compilation: enabled

Compilation events (10 events):
Event: 4076.145 Thread 0x0000000056267800 nmethod 8616 0x000000000268b0d0 code [0x000000000268b220, 0x000000000268b370]
Event: 4083.135 Thread 0x0000000056267800 8617   !   3       org.apache.tomcat.util.net.NioEndpoint$Poller::cancelledKey (233 bytes)
Event: 4083.140 Thread 0x0000000056267800 nmethod 8617 0x0000000003d10090 code [0x0000000003d104a0, 0x0000000003d12c98]
Event: 4084.418 Thread 0x0000000056267800 8618       3       sun.util.calendar.CalendarDate::setZone (7 bytes)
Event: 4084.419 Thread 0x0000000056267800 nmethod 8618 0x000000000268ad90 code [0x000000000268aee0, 0x000000000268b050]
Event: 4085.142 Thread 0x0000000056266000 8619       4       org.springframework.web.filter.OncePerRequestFilter::skipDispatch (39 bytes)
Event: 4085.147 Thread 0x000000005624f800 8620       4       org.springframework.web.filter.OncePerRequestFilter::getAlreadyFilteredAttributeName (37 bytes)
Event: 4085.153 Thread 0x000000005624f800 nmethod 8620 0x00000000026892d0 code [0x0000000002689440, 0x00000000026896c8]
Event: 4085.247 Thread 0x0000000056266000 nmethod 8619 0x0000000003d14bd0 code [0x0000000003d14da0, 0x0000000003d15330]
Event: 4085.248 Thread 0x000000005624f800 8621   !   4       org.springframework.web.filter.OncePerRequestFilter::doFilter (139 bytes)

GC Heap History (10 events):
Event: 21.831 GC heap before
{Heap before GC invocations=14 (full 1):
 PSYoungGen      total 162304K, used 156359K [0x00000000eb180000, 0x00000000f5a80000, 0x0000000100000000)
  eden space 153600K, 100% used [0x00000000eb180000,0x00000000f4780000,0x00000000f4780000)
  from space 8704K, 31% used [0x00000000f5000000,0x00000000f52b1c90,0x00000000f5880000)
  to   space 8704K, 0% used [0x00000000f4780000,0x00000000f4780000,0x00000000f5000000)
 ParOldGen       total 31744K, used 12833K [0x00000000c1400000, 0x00000000c3300000, 0x00000000eb180000)
  object space 31744K, 40% used [0x00000000c1400000,0x00000000c2088530,0x00000000c3300000)
 Metaspace       used 31892K, capacity 32204K, committed 32512K, reserved 1077248K
  class space    used 3978K, capacity 4071K, committed 4096K, reserved 1048576K
Event: 21.903 GC heap after
Heap after GC invocations=14 (full 1):
 PSYoungGen      total 162304K, used 8673K [0x00000000eb180000, 0x00000000fae00000, 0x0000000100000000)
  eden space 153600K, 0% used [0x00000000eb180000,0x00000000eb180000,0x00000000f4780000)
  from space 8704K, 99% used [0x00000000f4780000,0x00000000f4ff85f0,0x00000000f5000000)
  to   space 10752K, 0% used [0x00000000fa380000,0x00000000fa380000,0x00000000fae00000)
 ParOldGen       total 31744K, used 15316K [0x00000000c1400000, 0x00000000c3300000, 0x00000000eb180000)
  object space 31744K, 48% used [0x00000000c1400000,0x00000000c22f5108,0x00000000c3300000)
 Metaspace       used 31892K, capacity 32204K, committed 32512K, reserved 1077248K
  class space    used 3978K, capacity 4071K, committed 4096K, reserved 1048576K
}
Event: 25.183 GC heap before
{Heap before GC invocations=15 (full 1):
 PSYoungGen      total 162304K, used 123528K [0x00000000eb180000, 0x00000000fae00000, 0x0000000100000000)
  eden space 153600K, 74% used [0x00000000eb180000,0x00000000f21a9bc8,0x00000000f4780000)
  from space 8704K, 99% used [0x00000000f4780000,0x00000000f4ff85f0,0x00000000f5000000)
  to   space 10752K, 0% used [0x00000000fa380000,0x00000000fa380000,0x00000000fae00000)
 ParOldGen       total 31744K, used 15316K [0x00000000c1400000, 0x00000000c3300000, 0x00000000eb180000)
  object space 31744K, 48% used [0x00000000c1400000,0x00000000c22f5108,0x00000000c3300000)
 Metaspace       used 34757K, capacity 35088K, committed 35496K, reserved 1081344K
  class space    used 4391K, capacity 4493K, committed 4608K, reserved 1048576K
Event: 25.320 GC heap after
Heap after GC invocations=15 (full 1):
 PSYoungGen      total 247808K, used 7639K [0x00000000eb180000, 0x00000000faf00000, 0x0000000100000000)
  eden space 237056K, 0% used [0x00000000eb180000,0x00000000eb180000,0x00000000f9900000)
  from space 10752K, 71% used [0x00000000fa380000,0x00000000faaf5c48,0x00000000fae00000)
  to   space 10752K, 0% used [0x00000000f9900000,0x00000000f9900000,0x00000000fa380000)
 ParOldGen       total 31744K, used 20143K [0x00000000c1400000, 0x00000000c3300000, 0x00000000eb180000)
  object space 31744K, 63% used [0x00000000c1400000,0x00000000c27abec0,0x00000000c3300000)
 Metaspace       used 34757K, capacity 35088K, committed 35496K, reserved 1081344K
  class space    used 4391K, capacity 4493K, committed 4608K, reserved 1048576K
}
Event: 25.320 GC heap before
{Heap before GC invocations=16 (full 2):
 PSYoungGen      total 247808K, used 7639K [0x00000000eb180000, 0x00000000faf00000, 0x0000000100000000)
  eden space 237056K, 0% used [0x00000000eb180000,0x00000000eb180000,0x00000000f9900000)
  from space 10752K, 71% used [0x00000000fa380000,0x00000000faaf5c48,0x00000000fae00000)
  to   space 10752K, 0% used [0x00000000f9900000,0x00000000f9900000,0x00000000fa380000)
 ParOldGen       total 31744K, used 20143K [0x00000000c1400000, 0x00000000c3300000, 0x00000000eb180000)
  object space 31744K, 63% used [0x00000000c1400000,0x00000000c27abec0,0x00000000c3300000)
 Metaspace       used 34757K, capacity 35088K, committed 35496K, reserved 1081344K
  class space    used 4391K, capacity 4493K, committed 4608K, reserved 1048576K
Event: 25.857 GC heap after
Heap after GC invocations=16 (full 2):
 PSYoungGen      total 247808K, used 0K [0x00000000eb180000, 0x00000000faf00000, 0x0000000100000000)
  eden space 237056K, 0% used [0x00000000eb180000,0x00000000eb180000,0x00000000f9900000)
  from space 10752K, 0% used [0x00000000fa380000,0x00000000fa380000,0x00000000fae00000)
  to   space 10752K, 0% used [0x00000000f9900000,0x00000000f9900000,0x00000000fa380000)
 ParOldGen       total 56832K, used 24523K [0x00000000c1400000, 0x00000000c4b80000, 0x00000000eb180000)
  object space 56832K, 43% used [0x00000000c1400000,0x00000000c2bf2f38,0x00000000c4b80000)
 Metaspace       used 34757K, capacity 35088K, committed 35496K, reserved 1081344K
  class space    used 4391K, capacity 4493K, committed 4608K, reserved 1048576K
}
Event: 36.568 GC heap before
{Heap before GC invocations=17 (full 2):
 PSYoungGen      total 247808K, used 237056K [0x00000000eb180000, 0x00000000faf00000, 0x0000000100000000)
  eden space 237056K, 100% used [0x00000000eb180000,0x00000000f9900000,0x00000000f9900000)
  from space 10752K, 0% used [0x00000000fa380000,0x00000000fa380000,0x00000000fae00000)
  to   space 10752K, 0% used [0x00000000f9900000,0x00000000f9900000,0x00000000fa380000)
 ParOldGen       total 56832K, used 24523K [0x00000000c1400000, 0x00000000c4b80000, 0x00000000eb180000)
  object space 56832K, 43% used [0x00000000c1400000,0x00000000c2bf2f38,0x00000000c4b80000)
 Metaspace       used 43150K, capacity 43632K, committed 44032K, reserved 1087488K
  class space    used 5634K, capacity 5786K, committed 5888K, reserved 1048576K
Event: 36.627 GC heap after
Heap after GC invocations=17 (full 2):
 PSYoungGen      total 247808K, used 10728K [0x00000000eb180000, 0x00000000ff800000, 0x0000000100000000)
  eden space 237056K, 0% used [0x00000000eb180000,0x00000000eb180000,0x00000000f9900000)
  from space 10752K, 99% used [0x00000000f9900000,0x00000000fa37a340,0x00000000fa380000)
  to   space 13312K, 0% used [0x00000000feb00000,0x00000000feb00000,0x00000000ff800000)
 ParOldGen       total 56832K, used 27504K [0x00000000c1400000, 0x00000000c4b80000, 0x00000000eb180000)
  object space 56832K, 48% used [0x00000000c1400000,0x00000000c2edc2c8,0x00000000c4b80000)
 Metaspace       used 43150K, capacity 43632K, committed 44032K, reserved 1087488K
  class space    used 5634K, capacity 5786K, committed 5888K, reserved 1048576K
}
Event: 43.578 GC heap before
{Heap before GC invocations=18 (full 2):
 PSYoungGen      total 247808K, used 247784K [0x00000000eb180000, 0x00000000ff800000, 0x0000000100000000)
  eden space 237056K, 100% used [0x00000000eb180000,0x00000000f9900000,0x00000000f9900000)
  from space 10752K, 99% used [0x00000000f9900000,0x00000000fa37a340,0x00000000fa380000)
  to   space 13312K, 0% used [0x00000000feb00000,0x00000000feb00000,0x00000000ff800000)
 ParOldGen       total 56832K, used 27504K [0x00000000c1400000, 0x00000000c4b80000, 0x00000000eb180000)
  object space 56832K, 48% used [0x00000000c1400000,0x00000000c2edc2c8,0x00000000c4b80000)
 Metaspace       used 46909K, capacity 47612K, committed 47872K, reserved 1091584K
  class space    used 6154K, capacity 6316K, committed 6400K, reserved 1048576K
Event: 43.685 GC heap after
Heap after GC invocations=18 (full 2):
 PSYoungGen      total 314880K, used 9513K [0x00000000eb180000, 0x00000000ff580000, 0x0000000100000000)
  eden space 304128K, 0% used [0x00000000eb180000,0x00000000eb180000,0x00000000fda80000)
  from space 10752K, 88% used [0x00000000feb00000,0x00000000ff44a748,0x00000000ff580000)
  to   space 13824K, 0% used [0x00000000fda80000,0x00000000fda80000,0x00000000fe800000)
 ParOldGen       total 56832K, used 36191K [0x00000000c1400000, 0x00000000c4b80000, 0x00000000eb180000)
  object space 56832K, 63% used [0x00000000c1400000,0x00000000c3757d98,0x00000000c4b80000)
 Metaspace       used 46909K, capacity 47612K, committed 47872K, reserved 1091584K
  class space    used 6154K, capacity 6316K, committed 6400K, reserved 1048576K
}

Deoptimization events (10 events):
Event: 3747.329 Thread 0x000000005cf84800 Uncommon trap: reason=bimorphic action=maybe_recompile pc=0x0000000003c2ddb8 method=org.springframework.web.util.UrlPathHelper.getContextPath(Ljavax/servlet/http/HttpServletRequest;)Ljava/lang/String; @ 3
Event: 3747.340 Thread 0x000000005cf84800 Uncommon trap: reason=bimorphic action=maybe_recompile pc=0x0000000003b71c6c method=org.springframework.web.util.UrlPathHelper.determineEncoding(Ljavax/servlet/http/HttpServletRequest;)Ljava/lang/String; @ 1
Event: 3747.340 Thread 0x000000005cf84800 Uncommon trap: reason=bimorphic action=maybe_recompile pc=0x0000000003b71c6c method=org.springframework.web.util.UrlPathHelper.determineEncoding(Ljavax/servlet/http/HttpServletRequest;)Ljava/lang/String; @ 1
Event: 3747.340 Thread 0x000000005cf84800 Uncommon trap: reason=bimorphic action=maybe_recompile pc=0x0000000003c2ddb8 method=org.springframework.web.util.UrlPathHelper.getContextPath(Ljavax/servlet/http/HttpServletRequest;)Ljava/lang/String; @ 3
Event: 3747.340 Thread 0x000000005cf84800 Uncommon trap: reason=bimorphic action=maybe_recompile pc=0x0000000003b71c6c method=org.springframework.web.util.UrlPathHelper.determineEncoding(Ljavax/servlet/http/HttpServletRequest;)Ljava/lang/String; @ 1
Event: 3747.340 Thread 0x000000005cf84800 Uncommon trap: reason=bimorphic action=maybe_recompile pc=0x0000000003b71c6c method=org.springframework.web.util.UrlPathHelper.determineEncoding(Ljavax/servlet/http/HttpServletRequest;)Ljava/lang/String; @ 1
Event: 3747.340 Thread 0x000000005cf84800 Uncommon trap: reason=bimorphic action=maybe_recompile pc=0x0000000003c2ddb8 method=org.springframework.web.util.UrlPathHelper.getContextPath(Ljavax/servlet/http/HttpServletRequest;)Ljava/lang/String; @ 3
Event: 3747.340 Thread 0x000000005cf84800 Uncommon trap: reason=bimorphic action=maybe_recompile pc=0x0000000003c2ddb8 method=org.springframework.web.util.UrlPathHelper.getContextPath(Ljavax/servlet/http/HttpServletRequest;)Ljava/lang/String; @ 3
Event: 4055.171 Thread 0x000000005a499800 Uncommon trap: reason=unstable_if action=reinterpret pc=0x000000000375f558 method=com.netflix.eureka.util.batcher.AcceptorExecutor$AcceptorRunner.drainAcceptorQueue()V @ 12
Event: 4085.257 Thread 0x000000005a499800 Uncommon trap: reason=unstable_if action=reinterpret pc=0x00000000026ab8e4 method=com.netflix.eureka.util.batcher.AcceptorExecutor$AcceptorRunner.drainAcceptorQueue()V @ 12

Internal exceptions (10 events):
Event: 3878.765 Thread 0x00000000563cd000 Exception <a 'java/net/SocketTimeoutException': Read timed out> (0x00000000f3430358) thrown at [C:\re\workspace\8-2-build-windows-amd64-cygwin\jdk8u91\7017\hotspot\src\share\vm\prims\jni.cpp, line 735]
Event: 3905.372 Thread 0x00000000563c9000 Exception <a 'java/net/SocketTimeoutException': Read timed out> (0x00000000ec02fbb0) thrown at [C:\re\workspace\8-2-build-windows-amd64-cygwin\jdk8u91\7017\hotspot\src\share\vm\prims\jni.cpp, line 735]
Event: 3908.773 Thread 0x00000000563cd000 Exception <a 'java/net/SocketTimeoutException': Read timed out> (0x00000000f343b2a8) thrown at [C:\re\workspace\8-2-build-windows-amd64-cygwin\jdk8u91\7017\hotspot\src\share\vm\prims\jni.cpp, line 735]
Event: 3920.927 Thread 0x000000005a49e000 Exception <a 'java/net/SocketTimeoutException': Read timed out> (0x00000000f87dd2f8) thrown at [C:\re\workspace\8-2-build-windows-amd64-cygwin\jdk8u91\7017\hotspot\src\share\vm\prims\jni.cpp, line 735]
Event: 3935.381 Thread 0x00000000563c9000 Exception <a 'java/net/SocketTimeoutException': Read timed out> (0x00000000ec03ab00) thrown at [C:\re\workspace\8-2-build-windows-amd64-cygwin\jdk8u91\7017\hotspot\src\share\vm\prims\jni.cpp, line 735]
Event: 3965.392 Thread 0x000000005a4a0800 Exception <a 'java/net/SocketTimeoutException': Read timed out> (0x00000000ec0bc3a8) thrown at [C:\re\workspace\8-2-build-windows-amd64-cygwin\jdk8u91\7017\hotspot\src\share\vm\prims\jni.cpp, line 735]
Event: 3995.572 Thread 0x000000005a4a1000 Exception <a 'java/net/SocketTimeoutException': Read timed out> (0x00000000ec5aa3a8) thrown at [C:\re\workspace\8-2-build-windows-amd64-cygwin\jdk8u91\7017\hotspot\src\share\vm\prims\jni.cpp, line 735]
Event: 4025.416 Thread 0x000000005a4a0800 Exception <a 'java/net/SocketTimeoutException': Read timed out> (0x00000000ec0c77c8) thrown at [C:\re\workspace\8-2-build-windows-amd64-cygwin\jdk8u91\7017\hotspot\src\share\vm\prims\jni.cpp, line 735]
Event: 4028.998 Thread 0x00000000563cd000 Exception <a 'java/net/SocketTimeoutException': Read timed out> (0x00000000f3446d58) thrown at [C:\re\workspace\8-2-build-windows-amd64-cygwin\jdk8u91\7017\hotspot\src\share\vm\prims\jni.cpp, line 735]
Event: 4055.422 Thread 0x000000005a4a0800 Exception <a 'java/net/SocketTimeoutException': Read timed out> (0x00000000ec0d2768) thrown at [C:\re\workspace\8-2-build-windows-amd64-cygwin\jdk8u91\7017\hotspot\src\share\vm\prims\jni.cpp, line 735]

Events (10 events):
Event: 4055.171 Thread 0x000000005a499800 DEOPT UNPACKING pc=0x000000000252582a sp=0x000000005ee5efa8 mode 2
Event: 4075.891 Executing VM operation: RevokeBias
Event: 4075.891 Executing VM operation: RevokeBias done
Event: 4084.926 Executing VM operation: RevokeBias
Event: 4084.926 Executing VM operation: RevokeBias done
Event: 4085.174 Executing VM operation: RevokeBias
Event: 4085.247 Executing VM operation: RevokeBias done
Event: 4085.257 Thread 0x000000005a499800 Uncommon trap: trap_request=0xffffff65 fr.pc=0x00000000026ab8e4
Event: 4085.257 Thread 0x000000005a499800 DEOPT PACKING pc=0x00000000026ab8e4 sp=0x000000005ee5f000
Event: 4085.257 Thread 0x000000005a499800 DEOPT UNPACKING pc=0x000000000252582a sp=0x000000005ee5efa0 mode 2


Dynamic libraries:
0x000000013ff90000 - 0x000000013ffc7000 	D:\setup\jdk1.8\bin\javaw.exe
0x00000000779f0000 - 0x0000000077b9a000 	C:\Windows\SYSTEM32\ntdll.dll
0x00000000778d0000 - 0x00000000779ef000 	C:\Windows\system32\kernel32.dll
0x000007fefdb80000 - 0x000007fefdbeb000 	C:\Windows\system32\KERNELBASE.dll
0x000007fefe8c0000 - 0x000007fefe99b000 	C:\Windows\system32\ADVAPI32.dll
0x000007fefeed0000 - 0x000007fefef6f000 	C:\Windows\system32\msvcrt.dll
0x000007fefe8a0000 - 0x000007fefe8bf000 	C:\Windows\SYSTEM32\sechost.dll
0x000007fefe650000 - 0x000007fefe77d000 	C:\Windows\system32\RPCRT4.dll
0x00000000777d0000 - 0x00000000778ca000 	C:\Windows\system32\USER32.dll
0x000007fefdf60000 - 0x000007fefdfc7000 	C:\Windows\system32\GDI32.dll
0x000007fefe9a0000 - 0x000007fefe9ae000 	C:\Windows\system32\LPK.dll
0x000007fefe230000 - 0x000007fefe2fa000 	C:\Windows\system32\USP10.dll
0x000007fefc290000 - 0x000007fefc484000 	C:\Windows\WinSxS\amd64_microsoft.windows.common-controls_6595b64144ccf1df_6.0.7601.18837_none_fa3b1e3d17594757\COMCTL32.dll
0x000007fefe7a0000 - 0x000007fefe811000 	C:\Windows\system32\SHLWAPI.dll
0x000007fefdf30000 - 0x000007fefdf5e000 	C:\Windows\system32\IMM32.DLL
0x000007fefdbf0000 - 0x000007fefdcf9000 	C:\Windows\system32\MSCTF.dll
0x0000000070c50000 - 0x0000000070d22000 	D:\setup\jdk1.8\bin\msvcr100.dll
0x0000000060400000 - 0x0000000060c93000 	D:\setup\jdk1.8\bin\server\jvm.dll
0x000007feef8c0000 - 0x000007feef8c9000 	C:\Windows\system32\WSOCK32.dll
0x000007fefdfd0000 - 0x000007fefe01d000 	C:\Windows\system32\WS2_32.dll
0x000007fefdf20000 - 0x000007fefdf28000 	C:\Windows\system32\NSI.dll
0x000007fef9bf0000 - 0x000007fef9c2b000 	C:\Windows\system32\WINMM.dll
0x000007fefc920000 - 0x000007fefc92c000 	C:\Windows\system32\VERSION.dll
0x0000000077bb0000 - 0x0000000077bb7000 	C:\Windows\system32\PSAPI.DLL
0x0000000071e20000 - 0x0000000071e2f000 	D:\setup\jdk1.8\bin\verify.dll
0x000000006eed0000 - 0x000000006eef9000 	D:\setup\jdk1.8\bin\java.dll
0x000000006f4f0000 - 0x000000006f506000 	D:\setup\jdk1.8\bin\zip.dll
0x000007fefef70000 - 0x000007feffcf9000 	C:\Windows\system32\SHELL32.dll
0x000007fefe020000 - 0x000007fefe223000 	C:\Windows\system32\ole32.dll
0x000007fefd840000 - 0x000007fefd84f000 	C:\Windows\system32\profapi.dll
0x0000000074400000 - 0x000000007440d000 	D:\setup\jdk1.8\bin\management.dll
0x000000006ee80000 - 0x000000006ee9a000 	D:\setup\jdk1.8\bin\net.dll
0x000007fefd010000 - 0x000007fefd065000 	C:\Windows\system32\mswsock.dll
0x000007fefd000000 - 0x000007fefd007000 	C:\Windows\System32\wship6.dll
0x000000006ee60000 - 0x000000006ee71000 	D:\setup\jdk1.8\bin\nio.dll
0x000007fefb580000 - 0x000007fefb595000 	C:\Windows\system32\NLAapi.dll
0x000007fef9b10000 - 0x000007fef9b25000 	C:\Windows\system32\napinsp.dll
0x000007fef9af0000 - 0x000007fef9b09000 	C:\Windows\system32\pnrpnsp.dll
0x000007fefce90000 - 0x000007fefceeb000 	C:\Windows\system32\DNSAPI.dll
0x000007fef9ae0000 - 0x000007fef9aeb000 	C:\Windows\System32\winrnr.dll
0x000007fef9ad0000 - 0x000007fef9ae0000 	C:\Windows\system32\wshbth.dll
0x000007fefc9f0000 - 0x000007fefc9f7000 	C:\Windows\System32\wshtcpip.dll
0x000007fefb0a0000 - 0x000007fefb0c7000 	C:\Windows\system32\IPHLPAPI.DLL
0x000007fefb090000 - 0x000007fefb09b000 	C:\Windows\system32\WINNSI.DLL
0x000007fef9520000 - 0x000007fef9528000 	C:\Windows\system32\rasadhlp.dll
0x000007fefaff0000 - 0x000007fefb043000 	C:\Windows\System32\fwpuclnt.dll
0x000007fefd070000 - 0x000007fefd088000 	C:\Windows\system32\CRYPTSP.dll
0x000007fefcd70000 - 0x000007fefcdb7000 	C:\Windows\system32\rsaenh.dll
0x000007fefdaa0000 - 0x000007fefdabe000 	C:\Windows\system32\USERENV.dll
0x000007fefd6d0000 - 0x000007fefd6df000 	C:\Windows\system32\CRYPTBASE.dll
0x000007fefaea0000 - 0x000007fefaeb8000 	C:\Windows\system32\dhcpcsvc.DLL
0x000007fefae80000 - 0x000007fefae91000 	C:\Windows\system32\dhcpcsvc6.DLL
0x000000006e000000 - 0x000000006e024000 	D:\setup\jdk1.8\bin\sunec.dll

VM Arguments:
jvm_args: -Dcom.sun.management.jmxremote -Dcom.sun.management.jmxremote.port=15330 -Dcom.sun.management.jmxremote.authenticate=false -Dcom.sun.management.jmxremote.ssl=false -Djava.rmi.server.hostname=localhost -Dspring.liveBeansView.mbeanDomain -Dspring.application.admin.enabled=true -Dfile.encoding=UTF-8 
java_command: com.shiran.cloud.EurekaApplication --spring.output.ansi.enabled=always
java_class_path (initial): F:\setup\spring-tool-suite-3.8.4.RELEASE-e4.6.3-win32-x86_64\workspace\code\microservice-discovery-eureka\target\classes;F:\setup\apache-maven-3.3.9-bin\localrepositoryposition\org\springframework\cloud\spring-cloud-starter-eureka-server\1.2.1.RELEASE\spring-cloud-starter-eureka-server-1.2.1.RELEASE.jar;F:\setup\apache-maven-3.3.9-bin\localrepositoryposition\org\springframework\cloud\spring-cloud-starter\1.1.4.RELEASE\spring-cloud-starter-1.1.4.RELEASE.jar;F:\setup\apache-maven-3.3.9-bin\localrepositoryposition\org\springframework\cloud\spring-cloud-context\1.1.4.RELEASE\spring-cloud-context-1.1.4.RELEASE.jar;F:\setup\apache-maven-3.3.9-bin\localrepositoryposition\org\springframework\security\spring-security-crypto\4.1.4.RELEASE\spring-security-crypto-4.1.4.RELEASE.jar;F:\setup\apache-maven-3.3.9-bin\localrepositoryposition\org\springframework\cloud\spring-cloud-commons\1.1.4.RELEASE\spring-cloud-commons-1.1.4.RELEASE.jar;F:\setup\apache-maven-3.3.9-bin\localrepositoryposition\org\springframework\security\spring-security-rsa\1.0.3.RELEASE\spring-security-rsa-1.0.3.RELEASE.jar;F:\setup\apache-maven-3.3.9-bin\localrepositoryposition\org\bouncycastle\bcpkix-jdk15on\1.55\bcpkix-jdk15on-1.55.jar;F:\setup\apache-maven-3.3.9-bin\localrepositoryposition\org\bouncycastle\bcprov-jdk15on\1.55\bcprov-jdk15on-1.55.jar;F:\setup\apache-maven-3.3.9-bin\localrepositoryposition\org\springframework\cloud\spring-cloud-netflix-eureka-server\1.2.1.RELEASE\spring-cloud-netflix-eureka-server-1.2.1.RELEASE.jar;F:\setup\apache-maven-3.3.9-bin\localrepositoryposition\org\springframework\boot\spring-boot-starter-web\1.4.6.RELEASE\spring-boot-starter-web-1.4.6.RELEASE.jar;F:\setup\apache-maven-3.3.9-bin\localrepositoryposition\org\springframework\boot\spring-boot-starter-tomcat\1.4.6.RELEASE\spring-boot-starter-tomcat-1.4.6.RELEASE.jar;F:\setup\apache-maven-3.3.9-bin\localrepositoryposition\org\apache\tomcat\embed\tomcat-embed-core\8.5.13\tomcat-embed-core-8.5.13.ja
Launcher Type: SUN_STANDARD

Environment Variables:
JAVA_HOME=D:\setup\jdk1.7
PATH=D:/setup/jdk1.8/bin/server;D:/setup/jdk1.8/bin;D:/setup/jdk1.8/lib/amd64;C:\ProgramData\Oracle\Java\javapath;D:\setup\django\python3.5\Scripts\;D:\setup\django\python3.5\;D:\setup\armv1.2\bin;D:\setup\python2.7;D:\app\Administrator\product\11.1.0\db_2\bin;F:\setup\scala\bin;D:\java\apache-maven-2.2.1\bin;%M2_HOME%\bin;D:\setup\jdk1.7;D:\setup\python34\Scripts;D:\setup\python34;C:\Program Files (x86)\Common Files\NetSarang;D:\setup\jdk1.7\bin;C:\Windows\system32;C:\Windows;C:\Windows\System32\Wbem;C:\Windows\System32\WindowsPowerShell\v1.0\;F:\setup\scala\bin;C:\Program Files (x86)\Microsoft SQL Server\100\Tools\Binn\;C:\Program Files\Microsoft SQL Server\100\Tools\Binn\;C:\Program Files\Microsoft SQL Server\100\DTS\Binn\;C:\Program Files (x86)\Microsoft SQL Server\100\Tools\Binn\VSShell\Common7\IDE\;C:\Program Files (x86)\Microsoft Visual Studio 9.0\Common7\IDE\PrivateAssemblies\;C:\Program Files (x86)\Microsoft SQL Server\100\DTS\Binn\;D:\setup\git\Git\cmd;F:\setup\spring-tool-suite-3.8.4.RELEASE-e4.6.3-win32-x86_64\sts-bundle\sts-3.8.4.RELEASE;
USERNAME=Administrator
OS=Windows_NT
PROCESSOR_IDENTIFIER=Intel64 Family 6 Model 60 Stepping 3, GenuineIntel



---------------  S Y S T E M  ---------------

OS: Windows 7 , 64 bit Build 7601 (6.1.7601.19135)

CPU:total 4 (2 cores per cpu, 2 threads per core) family 6 model 60 stepping 3, cmov, cx8, fxsr, mmx, sse, sse2, sse3, ssse3, sse4.1, sse4.2, popcnt, avx, avx2, aes, clmul, erms, lzcnt, ht, tsc, tscinvbit, bmi1, bmi2

Memory: 4k page, physical 4108656k(223400k free), swap 6549132k(4500k free)

vm_info: Java HotSpot(TM) 64-Bit Server VM (25.91-b15) for windows-amd64 JRE (1.8.0_91-b15), built on May 20 2016 17:43:15 by "java_re" with MS VC++ 10.0 (VS2010)

time: Fri May 19 13:35:58 2017
elapsed time: 4085 seconds (0d 1h 8m 5s)

