#
# There is insufficient memory for the Java Runtime Environment to continue.
# Native memory allocation (malloc) failed to allocate 78864 bytes for Chunk::new
# Possible reasons:
#   The system is out of physical RAM or swap space
#   In 32 bit mode, the process size limit was hit
# Possible solutions:
#   Reduce memory load on the system
#   Increase physical memory or swap space
#   Check if swap backing store is full
#   Use 64 bit Java on a 64 bit OS
#   Decrease Java heap size (-Xmx/-Xms)
#   Decrease number of Java threads
#   Decrease Java thread stack sizes (-Xss)
#   Set larger code cache with -XX:ReservedCodeCacheSize=
# This output file may be truncated or incomplete.
#
#  Out of Memory Error (allocation.cpp:390), pid=3080, tid=3656
#
# JRE version: Java(TM) SE Runtime Environment (8.0_91-b15) (build 1.8.0_91-b15)
# Java VM: Java HotSpot(TM) 64-Bit Server VM (25.91-b15 mixed mode windows-amd64 compressed oops)
# Failed to write core dump. Minidumps are not enabled by default on client versions of Windows
#

---------------  T H R E A D  ---------------

Current thread (0x000000005627f000):  JavaThread "C2 CompilerThread0" daemon [_thread_in_native, id=3656, stack(0x0000000055f80000,0x0000000056080000)]

Stack: [0x0000000055f80000,0x0000000056080000]
[error occurred during error reporting (printing stack bounds), id 0xc0000005]

Native frames: (J=compiled Java code, j=interpreted, Vv=VM code, C=native code)


Current CompileTask:
C2:3831518 7942       4       com.sun.jersey.core.util.KeyComparatorHashMap::put (115 bytes)


---------------  P R O C E S S  ---------------

Java Threads: ( => current thread )
  0x000000005e15e800 JavaThread "DestroyJavaVM" [_thread_blocked, id=9260, stack(0x0000000002330000,0x0000000002430000)]
  0x000000005e15e000 JavaThread "http-nio-8761-AsyncTimeout" daemon [_thread_blocked, id=8140, stack(0x0000000064080000,0x0000000064180000)]
  0x000000005e15d000 JavaThread "http-nio-8761-Acceptor-0" daemon [_thread_in_native, id=4676, stack(0x0000000063ed0000,0x0000000063fd0000)]
  0x000000005e15c800 JavaThread "http-nio-8761-ClientPoller-1" daemon [_thread_in_native, id=3304, stack(0x0000000063da0000,0x0000000063ea0000)]
  0x000000005e15b800 JavaThread "http-nio-8761-ClientPoller-0" daemon [_thread_in_native, id=8340, stack(0x0000000063c40000,0x0000000063d40000)]
  0x000000005e15b000 JavaThread "http-nio-8761-exec-10" daemon [_thread_blocked, id=4988, stack(0x0000000063750000,0x0000000063850000)]
  0x000000005e15a000 JavaThread "http-nio-8761-exec-9" daemon [_thread_blocked, id=4716, stack(0x0000000063b30000,0x0000000063c30000)]
  0x000000005e159000 JavaThread "http-nio-8761-exec-8" daemon [_thread_blocked, id=5752, stack(0x0000000063a00000,0x0000000063b00000)]
  0x000000005e158800 JavaThread "http-nio-8761-exec-7" daemon [_thread_blocked, id=7972, stack(0x0000000063890000,0x0000000063990000)]
  0x000000005e157800 JavaThread "http-nio-8761-exec-6" daemon [_thread_blocked, id=6264, stack(0x00000000635e0000,0x00000000636e0000)]
  0x000000005e157000 JavaThread "http-nio-8761-exec-5" daemon [_thread_blocked, id=5784, stack(0x0000000061f10000,0x0000000062010000)]
  0x000000005e156000 JavaThread "http-nio-8761-exec-4" daemon [_thread_blocked, id=6104, stack(0x0000000063400000,0x0000000063500000)]
  0x000000005e184000 JavaThread "http-nio-8761-exec-3" daemon [_thread_blocked, id=10204, stack(0x0000000063240000,0x0000000063340000)]
  0x000000005e183000 JavaThread "http-nio-8761-exec-2" daemon [_thread_blocked, id=7432, stack(0x0000000062640000,0x0000000062740000)]
  0x000000005e182800 JavaThread "http-nio-8761-exec-1" daemon [_thread_blocked, id=5684, stack(0x0000000062e30000,0x0000000062f30000)]
  0x000000005e181800 JavaThread "NioBlockingSelector.BlockPoller-1" daemon [_thread_in_native, id=3312, stack(0x0000000062950000,0x0000000062a50000)]
  0x000000005e181000 JavaThread "Eureka-CacheFillTimer" daemon [_thread_blocked, id=9180, stack(0x0000000062180000,0x0000000062280000)]
  0x000000005e180000 JavaThread "Eureka-PeerNodesUpdater" daemon [_thread_blocked, id=8500, stack(0x0000000062540000,0x0000000062640000)]
  0x000000005e17f800 JavaThread "TaskNonBatchingWorker-localhost-0" daemon [_thread_blocked, id=3584, stack(0x0000000062380000,0x0000000062480000)]
  0x000000005e17e800 JavaThread "TaskAcceptor-localhost" daemon [_thread_blocked, id=6176, stack(0x0000000062280000,0x0000000062380000)]
  0x000000005e17e000 JavaThread "TaskBatchingWorker-target_localhost-19" daemon [_thread_blocked, id=9816, stack(0x0000000061b80000,0x0000000061c80000)]
  0x000000005e17d000 JavaThread "TaskBatchingWorker-target_localhost-18" daemon [_thread_blocked, id=4368, stack(0x0000000056d00000,0x0000000056e00000)]
  0x000000005e17c800 JavaThread "TaskBatchingWorker-target_localhost-17" daemon [_thread_blocked, id=8276, stack(0x0000000062060000,0x0000000062160000)]
  0x000000005e17b800 JavaThread "TaskBatchingWorker-target_localhost-16" daemon [_thread_blocked, id=7420, stack(0x0000000061e10000,0x0000000061f10000)]
  0x000000005e17b000 JavaThread "TaskBatchingWorker-target_localhost-15" daemon [_thread_blocked, id=6148, stack(0x0000000061ce0000,0x0000000061de0000)]
  0x000000005e17a000 JavaThread "TaskBatchingWorker-target_localhost-14" daemon [_thread_blocked, id=4012, stack(0x0000000061970000,0x0000000061a70000)]
  0x000000005e179800 JavaThread "TaskBatchingWorker-target_localhost-13" daemon [_thread_blocked, id=4624, stack(0x0000000061a70000,0x0000000061b70000)]
  0x000000005e178800 JavaThread "TaskBatchingWorker-target_localhost-12" daemon [_thread_blocked, id=4684, stack(0x0000000061860000,0x0000000061960000)]
  0x000000005e178000 JavaThread "TaskBatchingWorker-target_localhost-11" daemon [_thread_blocked, id=5080, stack(0x0000000061710000,0x0000000061810000)]
  0x000000005e177000 JavaThread "TaskBatchingWorker-target_localhost-10" daemon [_thread_blocked, id=6796, stack(0x0000000061520000,0x0000000061620000)]
  0x000000005e176800 JavaThread "TaskBatchingWorker-target_localhost-9" daemon [_thread_blocked, id=6492, stack(0x0000000061370000,0x0000000061470000)]
  0x000000005e175800 JavaThread "TaskBatchingWorker-target_localhost-8" daemon [_thread_blocked, id=9152, stack(0x00000000611a0000,0x00000000612a0000)]
  0x000000005e175000 JavaThread "TaskBatchingWorker-target_localhost-7" daemon [_thread_blocked, id=2924, stack(0x0000000061090000,0x0000000061190000)]
  0x000000005c360800 JavaThread "TaskBatchingWorker-target_localhost-6" daemon [_thread_blocked, id=4912, stack(0x000000005fc30000,0x000000005fd30000)]
  0x000000005c35f800 JavaThread "TaskBatchingWorker-target_localhost-5" daemon [_thread_blocked, id=9492, stack(0x0000000060dc0000,0x0000000060ec0000)]
  0x000000005c35f000 JavaThread "TaskBatchingWorker-target_localhost-4" daemon [_thread_blocked, id=3992, stack(0x0000000060ec0000,0x0000000060fc0000)]
  0x000000005c35e000 JavaThread "TaskBatchingWorker-target_localhost-3" daemon [_thread_blocked, id=8064, stack(0x0000000060cb0000,0x0000000060db0000)]
  0x000000005c35d800 JavaThread "TaskBatchingWorker-target_localhost-2" daemon [_thread_blocked, id=8460, stack(0x00000000602a0000,0x00000000603a0000)]
  0x000000005c35c800 JavaThread "TaskBatchingWorker-target_localhost-1" daemon [_thread_blocked, id=8268, stack(0x000000005f8b0000,0x000000005f9b0000)]
  0x000000005c35b800 JavaThread "TaskBatchingWorker-target_localhost-0" daemon [_thread_blocked, id=5388, stack(0x000000005fb20000,0x000000005fc20000)]
  0x000000005c35b000 JavaThread "StatsMonitor-0" daemon [_thread_blocked, id=6288, stack(0x000000005f9b0000,0x000000005fab0000)]
  0x000000005c35a000 JavaThread "TaskAcceptor-target_localhost" daemon [_thread_blocked, id=2184, stack(0x0000000060040000,0x0000000060140000)]
  0x000000005c359800 JavaThread "Eureka-JerseyClient-Conn-Cleaner2" daemon [_thread_blocked, id=5112, stack(0x0000000060150000,0x0000000060250000)]
  0x000000005c358800 JavaThread "Eureka-MeasureRateTimer" daemon [_thread_blocked, id=7412, stack(0x000000005f590000,0x000000005f690000)]
  0x000000005c358000 JavaThread "ReplicaAwareInstanceRegistry - RenewalThresholdUpdater" daemon [_thread_blocked, id=9004, stack(0x000000005f310000,0x000000005f410000)]
  0x000000005c357000 JavaThread "Eureka-MeasureRateTimer" daemon [_thread_blocked, id=2796, stack(0x000000005f210000,0x000000005f310000)]
  0x000000005c356800 JavaThread "Eureka-EvictionTimer" daemon [_thread_blocked, id=1332, stack(0x000000005f0a0000,0x000000005f1a0000)]
  0x000000005c355800 JavaThread "Eureka-DeltaRetentionTimer" daemon [_thread_blocked, id=9856, stack(0x000000005ef40000,0x000000005f040000)]
  0x000000005c354000 JavaThread "spring.cloud.inetutils" daemon [_thread_blocked, id=3180, stack(0x000000005ebd0000,0x000000005ecd0000)]
  0x000000005c353800 JavaThread "container-0" [_thread_blocked, id=6664, stack(0x000000005ea80000,0x000000005eb80000)]
  0x000000005c352800 JavaThread "ContainerBackgroundProcessor[StandardEngine[Tomcat]]" daemon [_thread_blocked, id=8972, stack(0x0000000057150000,0x0000000057250000)]
  0x000000005776e000 JavaThread "RMI TCP Accept-0" daemon [_thread_in_native, id=3848, stack(0x0000000057d50000,0x0000000057e50000)]
  0x000000005774f000 JavaThread "RMI TCP Accept-12639" daemon [_thread_in_native, id=3604, stack(0x0000000056f10000,0x0000000057010000)]
  0x000000005774e000 JavaThread "RMI TCP Accept-0" daemon [_thread_in_native, id=5252, stack(0x0000000057bb0000,0x0000000057cb0000)]
  0x00000000562d4800 JavaThread "Service Thread" daemon [_thread_blocked, id=2708, stack(0x0000000056bf0000,0x0000000056cf0000)]
  0x00000000562a0800 JavaThread "C1 CompilerThread2" daemon [_thread_blocked, id=9600, stack(0x0000000056ae0000,0x0000000056be0000)]
  0x0000000056292000 JavaThread "C2 CompilerThread1" daemon [_thread_blocked, id=2744, stack(0x00000000569e0000,0x0000000056ae0000)]
=>0x000000005627f000 JavaThread "C2 CompilerThread0" daemon [_thread_in_native, id=3656, stack(0x0000000055f80000,0x0000000056080000)]
  0x000000005627c000 JavaThread "Attach Listener" daemon [_thread_blocked, id=7568, stack(0x00000000568e0000,0x00000000569e0000)]
  0x0000000054d79000 JavaThread "Signal Dispatcher" daemon [_thread_blocked, id=3928, stack(0x0000000056710000,0x0000000056810000)]
  0x0000000054d61000 JavaThread "Finalizer" daemon [_thread_blocked, id=1884, stack(0x0000000056160000,0x0000000056260000)]
  0x0000000054d1a000 JavaThread "Reference Handler" daemon [_thread_blocked, id=2076, stack(0x0000000055d70000,0x0000000055e70000)]

Other Threads:
  0x0000000054d12800 VMThread [stack: 0x0000000055e80000,0x0000000055f80000] [id=8116]
  0x00000000576ab000 WatcherThread [stack: 0x0000000057e80000,0x0000000057f80000] [id=2812]

VM state:not at safepoint (normal execution)

VM Mutex/Monitor currently owned by a thread: None

Heap:
 PSYoungGen      total 328704K, used 243806K [0x00000000eb180000, 0x0000000100000000, 0x0000000100000000)
  eden space 315904K, 74% used [0x00000000eb180000,0x00000000f9641cc0,0x00000000fe600000)
  from space 12800K, 74% used [0x00000000ff380000,0x00000000ffcd5d40,0x0000000100000000)
  to   space 13312K, 0% used [0x00000000fe600000,0x00000000fe600000,0x00000000ff300000)
 ParOldGen       total 58368K, used 36246K [0x00000000c1400000, 0x00000000c4d00000, 0x00000000eb180000)
  object space 58368K, 62% used [0x00000000c1400000,0x00000000c3765be0,0x00000000c4d00000)
 Metaspace       used 54821K, capacity 55689K, committed 55936K, reserved 1097728K
  class space    used 7066K, capacity 7278K, committed 7296K, reserved 1048576K

Card table byte_map: [0x00000000118b0000,0x0000000011ab0000] byte_map_base: 0x00000000112a6000

Marking Bits: (ParMarkBitMap*) 0x0000000060c12f70
 Begin Bits: [0x0000000012220000, 0x00000000131d0000)
 End Bits:   [0x00000000131d0000, 0x0000000014180000)

Polling page: 0x0000000000090000

CodeCache: size=245760Kb used=22808Kb max_used=22820Kb free=222951Kb
 bounds [0x00000000024f0000, 0x0000000003b60000, 0x00000000114f0000]
 total_blobs=7204 nmethods=6712 adapters=403
 compilation: enabled

Compilation events (10 events):
Event: 3830.046 Thread 0x00000000562a0800 nmethod 7939 0x0000000003b58a90 code [0x0000000003b58ca0, 0x0000000003b59908]
Event: 3830.048 Thread 0x00000000562a0800 7940       3       sun.nio.ch.SelectionKeyImpl::<init> (15 bytes)
Event: 3830.048 Thread 0x00000000562a0800 nmethod 7940 0x00000000027c9650 code [0x00000000027c97c0, 0x00000000027c9a90]
Event: 3830.050 Thread 0x00000000562a0800 7941       3       sun.nio.ch.WindowsSelectorImpl$FdMap::access$3000 (6 bytes)
Event: 3830.051 Thread 0x00000000562a0800 nmethod 7941 0x0000000003b4f110 code [0x0000000003b4f2e0, 0x0000000003b4fbb8]
Event: 3830.091 Thread 0x000000005627f000 7942       4       com.sun.jersey.core.util.KeyComparatorHashMap::put (115 bytes)
Event: 3830.116 Thread 0x0000000056292000 7943       4       java.util.LinkedList::peek (18 bytes)
Event: 3830.117 Thread 0x0000000056292000 nmethod 7943 0x0000000003414290 code [0x00000000034143c0, 0x0000000003414438]
Event: 3830.119 Thread 0x0000000056292000 7944       4       com.netflix.eureka.util.batcher.AcceptorExecutor$AcceptorRunner::assignSingleItemWork (132 bytes)
Event: 3830.124 Thread 0x0000000056292000 nmethod 7944 0x0000000002a23110 code [0x0000000002a23260, 0x0000000002a23378]

GC Heap History (10 events):
Event: 10.935 GC heap before
{Heap before GC invocations=12 (full 1):
 PSYoungGen      total 169984K, used 168738K [0x00000000eb180000, 0x00000000f7680000, 0x0000000100000000)
  eden space 162304K, 100% used [0x00000000eb180000,0x00000000f5000000,0x00000000f5000000)
  from space 7680K, 83% used [0x00000000f5780000,0x00000000f5dc8a38,0x00000000f5f00000)
  to   space 7680K, 0% used [0x00000000f5000000,0x00000000f5000000,0x00000000f5780000)
 ParOldGen       total 34816K, used 11545K [0x00000000c1400000, 0x00000000c3600000, 0x00000000eb180000)
  object space 34816K, 33% used [0x00000000c1400000,0x00000000c1f46420,0x00000000c3600000)
 Metaspace       used 32227K, capacity 32626K, committed 33152K, reserved 1079296K
  class space    used 4008K, capacity 4104K, committed 4224K, reserved 1048576K
Event: 10.963 GC heap after
Heap after GC invocations=12 (full 1):
 PSYoungGen      total 169984K, used 7667K [0x00000000eb180000, 0x00000000fae80000, 0x0000000100000000)
  eden space 162304K, 0% used [0x00000000eb180000,0x00000000eb180000,0x00000000f5000000)
  from space 7680K, 99% used [0x00000000f5000000,0x00000000f577cde0,0x00000000f5780000)
  to   space 10752K, 0% used [0x00000000fa400000,0x00000000fa400000,0x00000000fae80000)
 ParOldGen       total 34816K, used 17730K [0x00000000c1400000, 0x00000000c3600000, 0x00000000eb180000)
  object space 34816K, 50% used [0x00000000c1400000,0x00000000c25508b0,0x00000000c3600000)
 Metaspace       used 32227K, capacity 32626K, committed 33152K, reserved 1079296K
  class space    used 4008K, capacity 4104K, committed 4224K, reserved 1048576K
}
Event: 12.389 GC heap before
{Heap before GC invocations=13 (full 1):
 PSYoungGen      total 169984K, used 92231K [0x00000000eb180000, 0x00000000fae80000, 0x0000000100000000)
  eden space 162304K, 52% used [0x00000000eb180000,0x00000000f0414ff8,0x00000000f5000000)
  from space 7680K, 99% used [0x00000000f5000000,0x00000000f577cde0,0x00000000f5780000)
  to   space 10752K, 0% used [0x00000000fa400000,0x00000000fa400000,0x00000000fae80000)
 ParOldGen       total 34816K, used 17730K [0x00000000c1400000, 0x00000000c3600000, 0x00000000eb180000)
  object space 34816K, 50% used [0x00000000c1400000,0x00000000c25508b0,0x00000000c3600000)
 Metaspace       used 34798K, capacity 35088K, committed 35496K, reserved 1081344K
  class space    used 4402K, capacity 4493K, committed 4608K, reserved 1048576K
Event: 12.449 GC heap after
Heap after GC invocations=13 (full 1):
 PSYoungGen      total 248832K, used 5941K [0x00000000eb180000, 0x00000000fae80000, 0x0000000100000000)
  eden space 238080K, 0% used [0x00000000eb180000,0x00000000eb180000,0x00000000f9a00000)
  from space 10752K, 55% used [0x00000000fa400000,0x00000000fa9cd448,0x00000000fae80000)
  to   space 10240K, 0% used [0x00000000f9a00000,0x00000000f9a00000,0x00000000fa400000)
 ParOldGen       total 34816K, used 23269K [0x00000000c1400000, 0x00000000c3600000, 0x00000000eb180000)
  object space 34816K, 66% used [0x00000000c1400000,0x00000000c2ab9648,0x00000000c3600000)
 Metaspace       used 34798K, capacity 35088K, committed 35496K, reserved 1081344K
  class space    used 4402K, capacity 4493K, committed 4608K, reserved 1048576K
}
Event: 12.449 GC heap before
{Heap before GC invocations=14 (full 2):
 PSYoungGen      total 248832K, used 5941K [0x00000000eb180000, 0x00000000fae80000, 0x0000000100000000)
  eden space 238080K, 0% used [0x00000000eb180000,0x00000000eb180000,0x00000000f9a00000)
  from space 10752K, 55% used [0x00000000fa400000,0x00000000fa9cd448,0x00000000fae80000)
  to   space 10240K, 0% used [0x00000000f9a00000,0x00000000f9a00000,0x00000000fa400000)
 ParOldGen       total 34816K, used 23269K [0x00000000c1400000, 0x00000000c3600000, 0x00000000eb180000)
  object space 34816K, 66% used [0x00000000c1400000,0x00000000c2ab9648,0x00000000c3600000)
 Metaspace       used 34798K, capacity 35088K, committed 35496K, reserved 1081344K
  class space    used 4402K, capacity 4493K, committed 4608K, reserved 1048576K
Event: 12.620 GC heap after
Heap after GC invocations=14 (full 2):
 PSYoungGen      total 248832K, used 0K [0x00000000eb180000, 0x00000000fae80000, 0x0000000100000000)
  eden space 238080K, 0% used [0x00000000eb180000,0x00000000eb180000,0x00000000f9a00000)
  from space 10752K, 0% used [0x00000000fa400000,0x00000000fa400000,0x00000000fae80000)
  to   space 10240K, 0% used [0x00000000f9a00000,0x00000000f9a00000,0x00000000fa400000)
 ParOldGen       total 58368K, used 23949K [0x00000000c1400000, 0x00000000c4d00000, 0x00000000eb180000)
  object space 58368K, 41% used [0x00000000c1400000,0x00000000c2b63758,0x00000000c4d00000)
 Metaspace       used 34798K, capacity 35088K, committed 35496K, reserved 1081344K
  class space    used 4402K, capacity 4493K, committed 4608K, reserved 1048576K
}
Event: 17.436 GC heap before
{Heap before GC invocations=15 (full 2):
 PSYoungGen      total 248832K, used 238080K [0x00000000eb180000, 0x00000000fae80000, 0x0000000100000000)
  eden space 238080K, 100% used [0x00000000eb180000,0x00000000f9a00000,0x00000000f9a00000)
  from space 10752K, 0% used [0x00000000fa400000,0x00000000fa400000,0x00000000fae80000)
  to   space 10240K, 0% used [0x00000000f9a00000,0x00000000f9a00000,0x00000000fa400000)
 ParOldGen       total 58368K, used 23949K [0x00000000c1400000, 0x00000000c4d00000, 0x00000000eb180000)
  object space 58368K, 41% used [0x00000000c1400000,0x00000000c2b63758,0x00000000c4d00000)
 Metaspace       used 43142K, capacity 43632K, committed 44032K, reserved 1087488K
  class space    used 5636K, capacity 5786K, committed 5888K, reserved 1048576K
Event: 17.581 GC heap after
Heap after GC invocations=15 (full 2):
 PSYoungGen      total 248320K, used 10230K [0x00000000eb180000, 0x0000000100000000, 0x0000000100000000)
  eden space 238080K, 0% used [0x00000000eb180000,0x00000000eb180000,0x00000000f9a00000)
  from space 10240K, 99% used [0x00000000f9a00000,0x00000000fa3fd8d8,0x00000000fa400000)
  to   space 12800K, 0% used [0x00000000ff380000,0x00000000ff380000,0x0000000100000000)
 ParOldGen       total 58368K, used 27472K [0x00000000c1400000, 0x00000000c4d00000, 0x00000000eb180000)
  object space 58368K, 47% used [0x00000000c1400000,0x00000000c2ed4110,0x00000000c4d00000)
 Metaspace       used 43142K, capacity 43632K, committed 44032K, reserved 1087488K
  class space    used 5636K, capacity 5786K, committed 5888K, reserved 1048576K
}
Event: 20.047 GC heap before
{Heap before GC invocations=16 (full 2):
 PSYoungGen      total 248320K, used 248310K [0x00000000eb180000, 0x0000000100000000, 0x0000000100000000)
  eden space 238080K, 100% used [0x00000000eb180000,0x00000000f9a00000,0x00000000f9a00000)
  from space 10240K, 99% used [0x00000000f9a00000,0x00000000fa3fd8d8,0x00000000fa400000)
  to   space 12800K, 0% used [0x00000000ff380000,0x00000000ff380000,0x0000000100000000)
 ParOldGen       total 58368K, used 27472K [0x00000000c1400000, 0x00000000c4d00000, 0x00000000eb180000)
  object space 58368K, 47% used [0x00000000c1400000,0x00000000c2ed4110,0x00000000c4d00000)
 Metaspace       used 47009K, capacity 47772K, committed 47872K, reserved 1091584K
  class space    used 6164K, capacity 6332K, committed 6400K, reserved 1048576K
Event: 20.143 GC heap after
Heap after GC invocations=16 (full 2):
 PSYoungGen      total 328704K, used 9559K [0x00000000eb180000, 0x0000000100000000, 0x0000000100000000)
  eden space 315904K, 0% used [0x00000000eb180000,0x00000000eb180000,0x00000000fe600000)
  from space 12800K, 74% used [0x00000000ff380000,0x00000000ffcd5d40,0x0000000100000000)
  to   space 13312K, 0% used [0x00000000fe600000,0x00000000fe600000,0x00000000ff300000)
 ParOldGen       total 58368K, used 36246K [0x00000000c1400000, 0x00000000c4d00000, 0x00000000eb180000)
  object space 58368K, 62% used [0x00000000c1400000,0x00000000c3765be0,0x00000000c4d00000)
 Metaspace       used 47009K, capacity 47772K, committed 47872K, reserved 1091584K
  class space    used 6164K, capacity 6332K, committed 6400K, reserved 1048576K
}

Deoptimization events (10 events):
Event: 96.792 Thread 0x000000005e15c800 Uncommon trap: reason=bimorphic action=maybe_recompile pc=0x00000000026b3c9c method=java.util.HashMap.removeNode(ILjava/lang/Object;Ljava/lang/Object;ZZ)Ljava/util/HashMap$Node; @ 68
Event: 96.792 Thread 0x000000005e15b800 Uncommon trap: reason=bimorphic action=maybe_recompile pc=0x00000000026b3c9c method=java.util.HashMap.removeNode(ILjava/lang/Object;Ljava/lang/Object;ZZ)Ljava/util/HashMap$Node; @ 68
Event: 97.614 Thread 0x000000005e184000 Uncommon trap: reason=bimorphic action=maybe_recompile pc=0x00000000026b3c9c method=java.util.HashMap.removeNode(ILjava/lang/Object;Ljava/lang/Object;ZZ)Ljava/util/HashMap$Node; @ 68
Event: 109.541 Thread 0x000000005e156000 Uncommon trap: reason=class_check action=maybe_recompile pc=0x0000000002c841f8 method=java.net.URLStreamHandler.equals(Ljava/net/URL;Ljava/net/URL;)Z @ 33
Event: 127.248 Thread 0x000000005e182800 Uncommon trap: reason=class_check action=maybe_recompile pc=0x0000000002c841f8 method=java.net.URLStreamHandler.equals(Ljava/net/URL;Ljava/net/URL;)Z @ 33
Event: 2141.197 Thread 0x000000005e183000 Uncommon trap: reason=class_check action=maybe_recompile pc=0x0000000002c841f8 method=java.net.URLStreamHandler.equals(Ljava/net/URL;Ljava/net/URL;)Z @ 33
Event: 2149.900 Thread 0x000000005e182800 Uncommon trap: reason=class_check action=maybe_recompile pc=0x0000000002c841f8 method=java.net.URLStreamHandler.equals(Ljava/net/URL;Ljava/net/URL;)Z @ 33
Event: 2161.190 Thread 0x000000005e182800 Uncommon trap: reason=unstable_if action=reinterpret pc=0x0000000002afff10 method=java.util.concurrent.ConcurrentHashMap.addCount(JI)V @ 34
Event: 2180.996 Thread 0x000000005e183000 Uncommon trap: reason=unstable_if action=reinterpret pc=0x0000000002ce8388 method=java.util.concurrent.ConcurrentHashMap.addCount(JI)V @ 7
Event: 3587.992 Thread 0x000000005e157000 Uncommon trap: reason=unstable_if action=reinterpret pc=0x00000000037797e4 method=java.util.concurrent.ConcurrentHashMap.addCount(JI)V @ 97

Internal exceptions (10 events):
Event: 3680.489 Thread 0x000000005e178000 Exception <a 'java/net/SocketTimeoutException': Read timed out> (0x00000000eee3d6f0) thrown at [C:\re\workspace\8-2-build-windows-amd64-cygwin\jdk8u91\7017\hotspot\src\share\vm\prims\jni.cpp, line 735]
Event: 3691.805 Thread 0x000000005e176800 Exception <a 'java/net/SocketTimeoutException': Read timed out> (0x00000000ef582268) thrown at [C:\re\workspace\8-2-build-windows-amd64-cygwin\jdk8u91\7017\hotspot\src\share\vm\prims\jni.cpp, line 735]
Event: 3710.505 Thread 0x000000005e178000 Exception <a 'java/net/SocketTimeoutException': Read timed out> (0x00000000eee4e7c0) thrown at [C:\re\workspace\8-2-build-windows-amd64-cygwin\jdk8u91\7017\hotspot\src\share\vm\prims\jni.cpp, line 735]
Event: 3721.840 Thread 0x000000005e176800 Exception <a 'java/net/SocketTimeoutException': Read timed out> (0x00000000ef58d1d8) thrown at [C:\re\workspace\8-2-build-windows-amd64-cygwin\jdk8u91\7017\hotspot\src\share\vm\prims\jni.cpp, line 735]
Event: 3740.517 Thread 0x000000005e178000 Exception <a 'java/net/SocketTimeoutException': Read timed out> (0x00000000eee59710) thrown at [C:\re\workspace\8-2-build-windows-amd64-cygwin\jdk8u91\7017\hotspot\src\share\vm\prims\jni.cpp, line 735]
Event: 3751.847 Thread 0x000000005e176800 Exception <a 'java/net/SocketTimeoutException': Read timed out> (0x00000000ef598128) thrown at [C:\re\workspace\8-2-build-windows-amd64-cygwin\jdk8u91\7017\hotspot\src\share\vm\prims\jni.cpp, line 735]
Event: 3770.526 Thread 0x000000005e178000 Exception <a 'java/net/SocketTimeoutException': Read timed out> (0x00000000eee64660) thrown at [C:\re\workspace\8-2-build-windows-amd64-cygwin\jdk8u91\7017\hotspot\src\share\vm\prims\jni.cpp, line 735]
Event: 3781.857 Thread 0x000000005e176800 Exception <a 'java/net/SocketTimeoutException': Read timed out> (0x00000000ef5a3078) thrown at [C:\re\workspace\8-2-build-windows-amd64-cygwin\jdk8u91\7017\hotspot\src\share\vm\prims\jni.cpp, line 735]
Event: 3800.538 Thread 0x000000005e178000 Exception <a 'java/net/SocketTimeoutException': Read timed out> (0x00000000eee6f5b0) thrown at [C:\re\workspace\8-2-build-windows-amd64-cygwin\jdk8u91\7017\hotspot\src\share\vm\prims\jni.cpp, line 735]
Event: 3811.876 Thread 0x000000005e17a000 Exception <a 'java/net/SocketTimeoutException': Read timed out> (0x00000000f01eec18) thrown at [C:\re\workspace\8-2-build-windows-amd64-cygwin\jdk8u91\7017\hotspot\src\share\vm\prims\jni.cpp, line 735]

Events (10 events):
Event: 3800.088 Thread 0x000000005627f000 flushing nmethod 0x00000000027c9650
Event: 3800.089 Thread 0x000000005627f000 flushing nmethod 0x00000000027cabd0
Event: 3800.544 Thread 0x00000000562a0800 flushing nmethod 0x00000000027ed450
Event: 3811.379 Executing VM operation: RevokeBias
Event: 3811.380 Executing VM operation: RevokeBias done
Event: 3811.382 Thread 0x00000000562a0800 flushing nmethod 0x00000000028d0650
Event: 3830.046 Thread 0x00000000562a0800 flushing nmethod 0x0000000002a23110
Event: 3830.047 Thread 0x00000000562a0800 flushing nmethod 0x0000000002a56250
Event: 3830.088 Executing VM operation: RevokeBias
Event: 3830.088 Executing VM operation: RevokeBias done


Dynamic libraries:
0x000000013fd70000 - 0x000000013fda7000 	D:\setup\jdk1.8\bin\javaw.exe
0x00000000779f0000 - 0x0000000077b9a000 	C:\Windows\SYSTEM32\ntdll.dll
0x00000000778d0000 - 0x00000000779ef000 	C:\Windows\system32\kernel32.dll
0x000007fefdb80000 - 0x000007fefdbeb000 	C:\Windows\system32\KERNELBASE.dll
0x000007fefe8c0000 - 0x000007fefe99b000 	C:\Windows\system32\ADVAPI32.dll
0x000007fefeed0000 - 0x000007fefef6f000 	C:\Windows\system32\msvcrt.dll
0x000007fefe8a0000 - 0x000007fefe8bf000 	C:\Windows\SYSTEM32\sechost.dll
0x000007fefe650000 - 0x000007fefe77d000 	C:\Windows\system32\RPCRT4.dll
0x00000000777d0000 - 0x00000000778ca000 	C:\Windows\system32\USER32.dll
0x000007fefdf60000 - 0x000007fefdfc7000 	C:\Windows\system32\GDI32.dll
0x000007fefe9a0000 - 0x000007fefe9ae000 	C:\Windows\system32\LPK.dll
0x000007fefe230000 - 0x000007fefe2fa000 	C:\Windows\system32\USP10.dll
0x000007fefc290000 - 0x000007fefc484000 	C:\Windows\WinSxS\amd64_microsoft.windows.common-controls_6595b64144ccf1df_6.0.7601.18837_none_fa3b1e3d17594757\COMCTL32.dll
0x000007fefe7a0000 - 0x000007fefe811000 	C:\Windows\system32\SHLWAPI.dll
0x000007fefdf30000 - 0x000007fefdf5e000 	C:\Windows\system32\IMM32.DLL
0x000007fefdbf0000 - 0x000007fefdcf9000 	C:\Windows\system32\MSCTF.dll
0x0000000074330000 - 0x0000000074402000 	D:\setup\jdk1.8\bin\msvcr100.dll
0x0000000060400000 - 0x0000000060c93000 	D:\setup\jdk1.8\bin\server\jvm.dll
0x000007feef8c0000 - 0x000007feef8c9000 	C:\Windows\system32\WSOCK32.dll
0x000007fefdfd0000 - 0x000007fefe01d000 	C:\Windows\system32\WS2_32.dll
0x000007fefdf20000 - 0x000007fefdf28000 	C:\Windows\system32\NSI.dll
0x000007fef9bf0000 - 0x000007fef9c2b000 	C:\Windows\system32\WINMM.dll
0x000007fefc920000 - 0x000007fefc92c000 	C:\Windows\system32\VERSION.dll
0x0000000077bb0000 - 0x0000000077bb7000 	C:\Windows\system32\PSAPI.DLL
0x0000000071e20000 - 0x0000000071e2f000 	D:\setup\jdk1.8\bin\verify.dll
0x000000006eed0000 - 0x000000006eef9000 	D:\setup\jdk1.8\bin\java.dll
0x000000006f4f0000 - 0x000000006f506000 	D:\setup\jdk1.8\bin\zip.dll
0x000007fefef70000 - 0x000007feffcf9000 	C:\Windows\system32\SHELL32.dll
0x000007fefe020000 - 0x000007fefe223000 	C:\Windows\system32\ole32.dll
0x000007fefd840000 - 0x000007fefd84f000 	C:\Windows\system32\profapi.dll
0x0000000074d60000 - 0x0000000074d6d000 	D:\setup\jdk1.8\bin\management.dll
0x000000006ee80000 - 0x000000006ee9a000 	D:\setup\jdk1.8\bin\net.dll
0x000007fefd010000 - 0x000007fefd065000 	C:\Windows\system32\mswsock.dll
0x000007fefd000000 - 0x000007fefd007000 	C:\Windows\System32\wship6.dll
0x000000006ee60000 - 0x000000006ee71000 	D:\setup\jdk1.8\bin\nio.dll
0x000007fefb580000 - 0x000007fefb595000 	C:\Windows\system32\NLAapi.dll
0x000007fef9b10000 - 0x000007fef9b25000 	C:\Windows\system32\napinsp.dll
0x000007fef9af0000 - 0x000007fef9b09000 	C:\Windows\system32\pnrpnsp.dll
0x000007fefce90000 - 0x000007fefceeb000 	C:\Windows\system32\DNSAPI.dll
0x000007fef9ae0000 - 0x000007fef9aeb000 	C:\Windows\System32\winrnr.dll
0x000007fef9ad0000 - 0x000007fef9ae0000 	C:\Windows\system32\wshbth.dll
0x000007fefc9f0000 - 0x000007fefc9f7000 	C:\Windows\System32\wshtcpip.dll
0x000007fefb0a0000 - 0x000007fefb0c7000 	C:\Windows\system32\IPHLPAPI.DLL
0x000007fefb090000 - 0x000007fefb09b000 	C:\Windows\system32\WINNSI.DLL
0x000007fef9520000 - 0x000007fef9528000 	C:\Windows\system32\rasadhlp.dll
0x000007fefaff0000 - 0x000007fefb043000 	C:\Windows\System32\fwpuclnt.dll
0x000007fefd070000 - 0x000007fefd088000 	C:\Windows\system32\CRYPTSP.dll
0x000007fefcd70000 - 0x000007fefcdb7000 	C:\Windows\system32\rsaenh.dll
0x000007fefdaa0000 - 0x000007fefdabe000 	C:\Windows\system32\USERENV.dll
0x000007fefd6d0000 - 0x000007fefd6df000 	C:\Windows\system32\CRYPTBASE.dll
0x000007fefaea0000 - 0x000007fefaeb8000 	C:\Windows\system32\dhcpcsvc.DLL
0x000007fefae80000 - 0x000007fefae91000 	C:\Windows\system32\dhcpcsvc6.DLL
0x000000006e000000 - 0x000000006e024000 	D:\setup\jdk1.8\bin\sunec.dll

VM Arguments:
jvm_args: -Dcom.sun.management.jmxremote -Dcom.sun.management.jmxremote.port=12639 -Dcom.sun.management.jmxremote.authenticate=false -Dcom.sun.management.jmxremote.ssl=false -Djava.rmi.server.hostname=localhost -Dspring.liveBeansView.mbeanDomain -Dspring.application.admin.enabled=true -Dfile.encoding=UTF-8 
java_command: com.shiran.cloud.EurekaApplication --spring.output.ansi.enabled=always
java_class_path (initial): F:\setup\spring-tool-suite-3.8.4.RELEASE-e4.6.3-win32-x86_64\workspace\code\microservice-discovery-eureka\target\classes;F:\setup\apache-maven-3.3.9-bin\localrepositoryposition\org\springframework\cloud\spring-cloud-starter-eureka-server\1.2.1.RELEASE\spring-cloud-starter-eureka-server-1.2.1.RELEASE.jar;F:\setup\apache-maven-3.3.9-bin\localrepositoryposition\org\springframework\cloud\spring-cloud-starter\1.1.4.RELEASE\spring-cloud-starter-1.1.4.RELEASE.jar;F:\setup\apache-maven-3.3.9-bin\localrepositoryposition\org\springframework\cloud\spring-cloud-context\1.1.4.RELEASE\spring-cloud-context-1.1.4.RELEASE.jar;F:\setup\apache-maven-3.3.9-bin\localrepositoryposition\org\springframework\security\spring-security-crypto\4.1.4.RELEASE\spring-security-crypto-4.1.4.RELEASE.jar;F:\setup\apache-maven-3.3.9-bin\localrepositoryposition\org\springframework\cloud\spring-cloud-commons\1.1.4.RELEASE\spring-cloud-commons-1.1.4.RELEASE.jar;F:\setup\apache-maven-3.3.9-bin\localrepositoryposition\org\springframework\security\spring-security-rsa\1.0.3.RELEASE\spring-security-rsa-1.0.3.RELEASE.jar;F:\setup\apache-maven-3.3.9-bin\localrepositoryposition\org\bouncycastle\bcpkix-jdk15on\1.55\bcpkix-jdk15on-1.55.jar;F:\setup\apache-maven-3.3.9-bin\localrepositoryposition\org\bouncycastle\bcprov-jdk15on\1.55\bcprov-jdk15on-1.55.jar;F:\setup\apache-maven-3.3.9-bin\localrepositoryposition\org\springframework\cloud\spring-cloud-netflix-eureka-server\1.2.1.RELEASE\spring-cloud-netflix-eureka-server-1.2.1.RELEASE.jar;F:\setup\apache-maven-3.3.9-bin\localrepositoryposition\org\springframework\boot\spring-boot-starter-web\1.4.6.RELEASE\spring-boot-starter-web-1.4.6.RELEASE.jar;F:\setup\apache-maven-3.3.9-bin\localrepositoryposition\org\springframework\boot\spring-boot-starter-tomcat\1.4.6.RELEASE\spring-boot-starter-tomcat-1.4.6.RELEASE.jar;F:\setup\apache-maven-3.3.9-bin\localrepositoryposition\org\apache\tomcat\embed\tomcat-embed-core\8.5.13\tomcat-embed-core-8.5.13.ja
Launcher Type: SUN_STANDARD

Environment Variables:
JAVA_HOME=D:\setup\jdk1.7
PATH=D:/setup/jdk1.8/bin/server;D:/setup/jdk1.8/bin;D:/setup/jdk1.8/lib/amd64;C:\ProgramData\Oracle\Java\javapath;D:\setup\django\python3.5\Scripts\;D:\setup\django\python3.5\;D:\setup\armv1.2\bin;D:\setup\python2.7;D:\app\Administrator\product\11.1.0\db_2\bin;F:\setup\scala\bin;D:\java\apache-maven-2.2.1\bin;%M2_HOME%\bin;D:\setup\jdk1.7;D:\setup\python34\Scripts;D:\setup\python34;C:\Program Files (x86)\Common Files\NetSarang;D:\setup\jdk1.7\bin;C:\Windows\system32;C:\Windows;C:\Windows\System32\Wbem;C:\Windows\System32\WindowsPowerShell\v1.0\;F:\setup\scala\bin;C:\Program Files (x86)\Microsoft SQL Server\100\Tools\Binn\;C:\Program Files\Microsoft SQL Server\100\Tools\Binn\;C:\Program Files\Microsoft SQL Server\100\DTS\Binn\;C:\Program Files (x86)\Microsoft SQL Server\100\Tools\Binn\VSShell\Common7\IDE\;C:\Program Files (x86)\Microsoft Visual Studio 9.0\Common7\IDE\PrivateAssemblies\;C:\Program Files (x86)\Microsoft SQL Server\100\DTS\Binn\;D:\setup\git\Git\cmd;F:\setup\spring-tool-suite-3.8.4.RELEASE-e4.6.3-win32-x86_64\sts-bundle\sts-3.8.4.RELEASE;
USERNAME=Administrator
OS=Windows_NT
PROCESSOR_IDENTIFIER=Intel64 Family 6 Model 60 Stepping 3, GenuineIntel



---------------  S Y S T E M  ---------------

OS: Windows 7 , 64 bit Build 7601 (6.1.7601.19135)

CPU:total 4 (2 cores per cpu, 2 threads per core) family 6 model 60 stepping 3, cmov, cx8, fxsr, mmx, sse, sse2, sse3, ssse3, sse4.1, sse4.2, popcnt, avx, avx2, aes, clmul, erms, lzcnt, ht, tsc, tscinvbit, bmi1, bmi2

Memory: 4k page, physical 4108656k(140876k free), swap 6549132k(4132k free)

vm_info: Java HotSpot(TM) 64-Bit Server VM (25.91-b15) for windows-amd64 JRE (1.8.0_91-b15), built on May 20 2016 17:43:15 by "java_re" with MS VC++ 10.0 (VS2010)

time: Fri May 19 12:15:16 2017
elapsed time: 3830 seconds (0d 1h 3m 50s)

