#
# There is insufficient memory for the Java Runtime Environment to continue.
# Native memory allocation (malloc) failed to allocate 1548640 bytes for Chunk::new
# Possible reasons:
#   The system is out of physical RAM or swap space
#   In 32 bit mode, the process size limit was hit
# Possible solutions:
#   Reduce memory load on the system
#   Increase physical memory or swap space
#   Check if swap backing store is full
#   Use 64 bit Java on a 64 bit OS
#   Decrease Java heap size (-Xmx/-Xms)
#   Decrease number of Java threads
#   Decrease Java thread stack sizes (-Xss)
#   Set larger code cache with -XX:ReservedCodeCacheSize=
# This output file may be truncated or incomplete.
#
#  Out of Memory Error (allocation.cpp:390), pid=9820, tid=1616
#
# JRE version: Java(TM) SE Runtime Environment (8.0_91-b15) (build 1.8.0_91-b15)
# Java VM: Java HotSpot(TM) 64-Bit Server VM (25.91-b15 mixed mode windows-amd64 compressed oops)
# Failed to write core dump. Minidumps are not enabled by default on client versions of Windows
#

---------------  T H R E A D  ---------------

Current thread (0x000000005613b800):  JavaThread "C2 CompilerThread0" daemon [_thread_in_native, id=1616, stack(0x00000000567f0000,0x00000000568f0000)]

Stack: [0x00000000567f0000,0x00000000568f0000]
[error occurred during error reporting (printing stack bounds), id 0xc0000005]

Native frames: (J=compiled Java code, j=interpreted, Vv=VM code, C=native code)


Current CompileTask:
C2:  38996 5400       4       org.springframework.core.ResolvableType::as (81 bytes)


---------------  P R O C E S S  ---------------

Java Threads: ( => current thread )
  0x000000005df7b000 JavaThread "DestroyJavaVM" [_thread_blocked, id=1000, stack(0x0000000002230000,0x0000000002330000)]
  0x000000005df7a800 JavaThread "http-nio-8761-AsyncTimeout" daemon [_thread_blocked, id=8128, stack(0x0000000064c10000,0x0000000064d10000)]
  0x000000005df79800 JavaThread "http-nio-8761-Acceptor-0" daemon [_thread_in_native, id=7892, stack(0x00000000649e0000,0x0000000064ae0000)]
  0x000000005df79000 JavaThread "http-nio-8761-ClientPoller-1" daemon [_thread_in_native, id=5140, stack(0x00000000647b0000,0x00000000648b0000)]
  0x000000005df78000 JavaThread "http-nio-8761-ClientPoller-0" daemon [_thread_in_native, id=1248, stack(0x0000000064580000,0x0000000064680000)]
  0x000000005df77800 JavaThread "http-nio-8761-exec-10" daemon [_thread_blocked, id=2064, stack(0x00000000641b0000,0x00000000642b0000)]
  0x000000005df76800 JavaThread "http-nio-8761-exec-9" daemon [_thread_blocked, id=7844, stack(0x0000000064460000,0x0000000064560000)]
  0x000000005df76000 JavaThread "http-nio-8761-exec-8" daemon [_thread_blocked, id=4448, stack(0x00000000642b0000,0x00000000643b0000)]
  0x000000005df75000 JavaThread "http-nio-8761-exec-7" daemon [_thread_blocked, id=3420, stack(0x0000000063bf0000,0x0000000063cf0000)]
  0x000000005df74800 JavaThread "http-nio-8761-exec-6" daemon [_thread_blocked, id=7980, stack(0x0000000064010000,0x0000000064110000)]
  0x000000005b054000 JavaThread "http-nio-8761-exec-5" daemon [_thread_in_native, id=9780, stack(0x0000000063ea0000,0x0000000063fa0000)]
  0x000000005b053000 JavaThread "http-nio-8761-exec-4" daemon [_thread_blocked, id=9868, stack(0x00000000637d0000,0x00000000638d0000)]
  0x000000005b052800 JavaThread "http-nio-8761-exec-3" daemon [_thread_blocked, id=8264, stack(0x0000000063d30000,0x0000000063e30000)]
  0x000000005b051800 JavaThread "http-nio-8761-exec-2" daemon [_thread_blocked, id=9412, stack(0x0000000063ad0000,0x0000000063bd0000)]
  0x000000005b051000 JavaThread "http-nio-8761-exec-1" daemon [_thread_blocked, id=8272, stack(0x0000000062560000,0x0000000062660000)]
  0x000000005b050000 JavaThread "NioBlockingSelector.BlockPoller-1" daemon [_thread_in_native, id=7612, stack(0x00000000638d0000,0x00000000639d0000)]
  0x000000005b04f800 JavaThread "Eureka-CacheFillTimer" daemon [_thread_blocked, id=9568, stack(0x00000000627d0000,0x00000000628d0000)]
  0x000000005b04e800 JavaThread "Eureka-PeerNodesUpdater" daemon [_thread_blocked, id=9960, stack(0x0000000062a00000,0x0000000062b00000)]
  0x000000005b04e000 JavaThread "TaskNonBatchingWorker-localhost-0" daemon [_thread_blocked, id=4828, stack(0x00000000628d0000,0x00000000629d0000)]
  0x000000005b04d000 JavaThread "TaskAcceptor-localhost" daemon [_thread_blocked, id=1384, stack(0x0000000062660000,0x0000000062760000)]
  0x000000005b04c800 JavaThread "TaskBatchingWorker-target_localhost-19" daemon [_thread_blocked, id=9516, stack(0x0000000062420000,0x0000000062520000)]
  0x000000005b04b800 JavaThread "TaskBatchingWorker-target_localhost-18" daemon [_thread_blocked, id=1924, stack(0x00000000622e0000,0x00000000623e0000)]
  0x000000005b04b000 JavaThread "TaskBatchingWorker-target_localhost-17" daemon [_thread_blocked, id=8784, stack(0x0000000061b30000,0x0000000061c30000)]
  0x000000005b04a000 JavaThread "TaskBatchingWorker-target_localhost-16" daemon [_thread_blocked, id=9308, stack(0x00000000621d0000,0x00000000622d0000)]
  0x000000005b049800 JavaThread "TaskBatchingWorker-target_localhost-15" daemon [_thread_blocked, id=8584, stack(0x0000000061fe0000,0x00000000620e0000)]
  0x000000005b048800 JavaThread "TaskBatchingWorker-target_localhost-14" daemon [_thread_blocked, id=7616, stack(0x0000000061e30000,0x0000000061f30000)]
  0x000000005b048000 JavaThread "TaskBatchingWorker-target_localhost-13" daemon [_thread_blocked, id=9544, stack(0x0000000061cf0000,0x0000000061df0000)]
  0x000000005b047000 JavaThread "TaskBatchingWorker-target_localhost-12" daemon [_thread_blocked, id=9464, stack(0x00000000618f0000,0x00000000619f0000)]
  0x000000005b046800 JavaThread "TaskBatchingWorker-target_localhost-11" daemon [_thread_blocked, id=4464, stack(0x0000000061a30000,0x0000000061b30000)]
  0x000000005b045800 JavaThread "TaskBatchingWorker-target_localhost-10" daemon [_thread_blocked, id=9932, stack(0x00000000611a0000,0x00000000612a0000)]
  0x000000005b045000 JavaThread "TaskBatchingWorker-target_localhost-9" daemon [_thread_blocked, id=6444, stack(0x0000000061770000,0x0000000061870000)]
  0x000000005bb20800 JavaThread "TaskBatchingWorker-target_localhost-8" daemon [_thread_blocked, id=9840, stack(0x0000000061670000,0x0000000061770000)]
  0x000000005bb20000 JavaThread "TaskBatchingWorker-target_localhost-7" daemon [_thread_blocked, id=9864, stack(0x000000005fed0000,0x000000005ffd0000)]
  0x000000005bb1f000 JavaThread "TaskBatchingWorker-target_localhost-6" daemon [_thread_blocked, id=9700, stack(0x00000000614f0000,0x00000000615f0000)]
  0x000000005bb1e800 JavaThread "TaskBatchingWorker-target_localhost-5" daemon [_thread_blocked, id=9168, stack(0x00000000612d0000,0x00000000613d0000)]
  0x000000005bb1d800 JavaThread "TaskBatchingWorker-target_localhost-4" daemon [_thread_blocked, id=9012, stack(0x00000000610a0000,0x00000000611a0000)]
  0x000000005bb1d000 JavaThread "TaskBatchingWorker-target_localhost-3" daemon [_thread_blocked, id=9400, stack(0x000000005f0f0000,0x000000005f1f0000)]
  0x000000005bb1c000 JavaThread "TaskBatchingWorker-target_localhost-2" daemon [_thread_blocked, id=3952, stack(0x0000000060f80000,0x0000000061080000)]
  0x000000005bb1b800 JavaThread "TaskBatchingWorker-target_localhost-1" daemon [_thread_blocked, id=7000, stack(0x0000000060e80000,0x0000000060f80000)]
  0x000000005bb1a800 JavaThread "TaskBatchingWorker-target_localhost-0" daemon [_thread_blocked, id=9884, stack(0x0000000060290000,0x0000000060390000)]
  0x000000005bb1a000 JavaThread "StatsMonitor-0" daemon [_thread_blocked, id=9468, stack(0x0000000060cc0000,0x0000000060dc0000)]
  0x000000005bb19000 JavaThread "TaskAcceptor-target_localhost" daemon [_thread_blocked, id=2688, stack(0x0000000060150000,0x0000000060250000)]
  0x000000005bb18800 JavaThread "Eureka-JerseyClient-Conn-Cleaner2" daemon [_thread_blocked, id=7544, stack(0x000000005ffe0000,0x00000000600e0000)]
  0x000000005bb17000 JavaThread "Eureka-MeasureRateTimer" daemon [_thread_blocked, id=10020, stack(0x0000000060950000,0x0000000060a50000)]
  0x000000005bb16000 JavaThread "ReplicaAwareInstanceRegistry - RenewalThresholdUpdater" daemon [_thread_blocked, id=9812, stack(0x0000000060780000,0x0000000060880000)]
  0x000000005bb15800 JavaThread "Eureka-MeasureRateTimer" daemon [_thread_blocked, id=3916, stack(0x0000000060670000,0x0000000060770000)]
  0x000000005bb14800 JavaThread "Eureka-EvictionTimer" daemon [_thread_blocked, id=2084, stack(0x0000000060520000,0x0000000060620000)]
  0x000000005bb14000 JavaThread "Eureka-DeltaRetentionTimer" daemon [_thread_blocked, id=1640, stack(0x0000000060390000,0x0000000060490000)]
  0x000000005bb13000 JavaThread "spring.cloud.inetutils" daemon [_thread_blocked, id=9284, stack(0x000000005f3e0000,0x000000005f4e0000)]
  0x000000005bb12800 JavaThread "container-0" [_thread_blocked, id=2892, stack(0x0000000057c70000,0x0000000057d70000)]
  0x000000005bb11800 JavaThread "ContainerBackgroundProcessor[StandardEngine[Tomcat]]" daemon [_thread_blocked, id=10096, stack(0x000000005f210000,0x000000005f310000)]
  0x000000005d7e5800 JavaThread "localhost-startStop-1" daemon [_thread_blocked, id=2272, stack(0x00000000593c0000,0x00000000594c0000)]
  0x000000005a789800 JavaThread "Tomcat-startStop-1" daemon [_thread_blocked, id=792, stack(0x0000000057250000,0x0000000057350000)]
  0x00000000578d3800 JavaThread "RMI TCP Accept-0" daemon [_thread_in_native, id=8424, stack(0x0000000057da0000,0x0000000057ea0000)]
  0x00000000578a2800 JavaThread "RMI TCP Accept-4116" daemon [_thread_in_native, id=4820, stack(0x0000000057020000,0x0000000057120000)]
  0x0000000057891000 JavaThread "RMI TCP Accept-0" daemon [_thread_in_native, id=8320, stack(0x0000000056e70000,0x0000000056f70000)]
  0x00000000561be000 JavaThread "Service Thread" daemon [_thread_blocked, id=3456, stack(0x0000000056be0000,0x0000000056ce0000)]
  0x000000005614a800 JavaThread "C1 CompilerThread2" daemon [_thread_blocked, id=9796, stack(0x0000000056ad0000,0x0000000056bd0000)]
  0x0000000056141800 JavaThread "C2 CompilerThread1" daemon [_thread_in_native, id=9064, stack(0x0000000056900000,0x0000000056a00000)]
=>0x000000005613b800 JavaThread "C2 CompilerThread0" daemon [_thread_in_native, id=1616, stack(0x00000000567f0000,0x00000000568f0000)]
  0x0000000056138800 JavaThread "Attach Listener" daemon [_thread_blocked, id=3468, stack(0x00000000566e0000,0x00000000567e0000)]
  0x0000000056137000 JavaThread "Signal Dispatcher" daemon [_thread_blocked, id=5244, stack(0x0000000056550000,0x0000000056650000)]
  0x0000000054d41000 JavaThread "Finalizer" daemon [_thread_blocked, id=8820, stack(0x0000000055ee0000,0x0000000055fe0000)]
  0x0000000054cfa000 JavaThread "Reference Handler" daemon [_thread_blocked, id=5132, stack(0x0000000056020000,0x0000000056120000)]

Other Threads:
  0x0000000054cf2800 VMThread [stack: 0x0000000055d80000,0x0000000055e80000] [id=9712]
  0x00000000578d5000 WatcherThread [stack: 0x0000000057ee0000,0x0000000057fe0000] [id=6400]

VM state:not at safepoint (normal execution)

VM Mutex/Monitor currently owned by a thread: None

Heap:
 PSYoungGen      total 328192K, used 114010K [0x00000000eb180000, 0x0000000100000000, 0x0000000100000000)
  eden space 314880K, 33% used [0x00000000eb180000,0x00000000f176ffa8,0x00000000fe500000)
  from space 13312K, 72% used [0x00000000ff300000,0x00000000ffc66b10,0x0000000100000000)
  to   space 13824K, 0% used [0x00000000fe500000,0x00000000fe500000,0x00000000ff280000)
 ParOldGen       total 56832K, used 33823K [0x00000000c1400000, 0x00000000c4b80000, 0x00000000eb180000)
  object space 56832K, 59% used [0x00000000c1400000,0x00000000c3507f10,0x00000000c4b80000)
 Metaspace       used 49203K, capacity 50032K, committed 50176K, reserved 1093632K
  class space    used 6429K, capacity 6630K, committed 6656K, reserved 1048576K

Card table byte_map: [0x0000000011810000,0x0000000011a10000] byte_map_base: 0x0000000011206000

Marking Bits: (ParMarkBitMap*) 0x000000005fdd2f70
 Begin Bits: [0x0000000012200000, 0x00000000131b0000)
 End Bits:   [0x00000000131b0000, 0x0000000014160000)

Polling page: 0x0000000000110000

CodeCache: size=245760Kb used=16061Kb max_used=16061Kb free=229698Kb
 bounds [0x0000000002450000, 0x0000000003410000, 0x0000000011450000]
 total_blobs=5093 nmethods=4616 adapters=389
 compilation: enabled

Compilation events (10 events):
Event: 38.858 Thread 0x000000005614a800 5447       1       org.apache.tomcat.util.http.MimeHeaderField::getValue (5 bytes)
Event: 38.858 Thread 0x000000005614a800 nmethod 5447 0x000000000340cf90 code [0x000000000340d0e0, 0x000000000340d1f0]
Event: 38.858 Thread 0x000000005614a800 5448       2       org.apache.tomcat.util.buf.MessageBytes::toString (88 bytes)
Event: 38.859 Thread 0x000000005614a800 nmethod 5448 0x000000000340d250 code [0x000000000340d3e0, 0x000000000340d6b8]
Event: 38.859 Thread 0x000000005614a800 5449       1       org.apache.catalina.connector.Response::getCoyoteResponse (5 bytes)
Event: 38.859 Thread 0x000000005614a800 nmethod 5449 0x000000000340d7d0 code [0x000000000340d920, 0x000000000340da30]
Event: 38.859 Thread 0x000000005614a800 5451       2       org.apache.tomcat.util.buf.ByteChunk::getLength (10 bytes)
Event: 38.859 Thread 0x000000005614a800 nmethod 5451 0x000000000340da90 code [0x000000000340dbe0, 0x000000000340dd30]
Event: 38.859 Thread 0x000000005614a800 5450       2       java.nio.StringCharBuffer::get (19 bytes)
Event: 38.860 Thread 0x000000005614a800 nmethod 5450 0x000000000340ddd0 code [0x000000000340df40, 0x000000000340e198]

GC Heap History (10 events):
Event: 23.961 GC heap before
{Heap before GC invocations=12 (full 1):
 PSYoungGen      total 177152K, used 176528K [0x00000000eb180000, 0x00000000f7200000, 0x0000000100000000)
  eden space 169984K, 100% used [0x00000000eb180000,0x00000000f5780000,0x00000000f5780000)
  from space 7168K, 91% used [0x00000000f5f00000,0x00000000f6564010,0x00000000f6600000)
  to   space 7680K, 0% used [0x00000000f5780000,0x00000000f5780000,0x00000000f5f00000)
 ParOldGen       total 33792K, used 11335K [0x00000000c1400000, 0x00000000c3500000, 0x00000000eb180000)
  object space 33792K, 33% used [0x00000000c1400000,0x00000000c1f11d08,0x00000000c3500000)
 Metaspace       used 32257K, capacity 32632K, committed 32896K, reserved 1077248K
  class space    used 4027K, capacity 4105K, committed 4224K, reserved 1048576K
Event: 23.981 GC heap after
Heap after GC invocations=12 (full 1):
 PSYoungGen      total 177664K, used 7659K [0x00000000eb180000, 0x00000000fb080000, 0x0000000100000000)
  eden space 169984K, 0% used [0x00000000eb180000,0x00000000eb180000,0x00000000f5780000)
  from space 7680K, 99% used [0x00000000f5780000,0x00000000f5efadb0,0x00000000f5f00000)
  to   space 11264K, 0% used [0x00000000fa580000,0x00000000fa580000,0x00000000fb080000)
 ParOldGen       total 33792K, used 19194K [0x00000000c1400000, 0x00000000c3500000, 0x00000000eb180000)
  object space 33792K, 56% used [0x00000000c1400000,0x00000000c26be928,0x00000000c3500000)
 Metaspace       used 32257K, capacity 32632K, committed 32896K, reserved 1077248K
  class space    used 4027K, capacity 4105K, committed 4224K, reserved 1048576K
}
Event: 29.350 GC heap before
{Heap before GC invocations=13 (full 1):
 PSYoungGen      total 177664K, used 81382K [0x00000000eb180000, 0x00000000fb080000, 0x0000000100000000)
  eden space 169984K, 43% used [0x00000000eb180000,0x00000000ef97ec50,0x00000000f5780000)
  from space 7680K, 99% used [0x00000000f5780000,0x00000000f5efadb0,0x00000000f5f00000)
  to   space 11264K, 0% used [0x00000000fa580000,0x00000000fa580000,0x00000000fb080000)
 ParOldGen       total 33792K, used 19194K [0x00000000c1400000, 0x00000000c3500000, 0x00000000eb180000)
  object space 33792K, 56% used [0x00000000c1400000,0x00000000c26be928,0x00000000c3500000)
 Metaspace       used 34845K, capacity 35152K, committed 35496K, reserved 1081344K
  class space    used 4417K, capacity 4493K, committed 4608K, reserved 1048576K
Event: 29.364 GC heap after
Heap after GC invocations=13 (full 1):
 PSYoungGen      total 238592K, used 4730K [0x00000000eb180000, 0x00000000fab00000, 0x0000000100000000)
  eden space 232960K, 0% used [0x00000000eb180000,0x00000000eb180000,0x00000000f9500000)
  from space 5632K, 83% used [0x00000000fa580000,0x00000000faa1e970,0x00000000fab00000)
  to   space 11264K, 0% used [0x00000000f9500000,0x00000000f9500000,0x00000000fa000000)
 ParOldGen       total 33792K, used 24749K [0x00000000c1400000, 0x00000000c3500000, 0x00000000eb180000)
  object space 33792K, 73% used [0x00000000c1400000,0x00000000c2c2b6c0,0x00000000c3500000)
 Metaspace       used 34845K, capacity 35152K, committed 35496K, reserved 1081344K
  class space    used 4417K, capacity 4493K, committed 4608K, reserved 1048576K
}
Event: 29.365 GC heap before
{Heap before GC invocations=14 (full 2):
 PSYoungGen      total 238592K, used 4730K [0x00000000eb180000, 0x00000000fab00000, 0x0000000100000000)
  eden space 232960K, 0% used [0x00000000eb180000,0x00000000eb180000,0x00000000f9500000)
  from space 5632K, 83% used [0x00000000fa580000,0x00000000faa1e970,0x00000000fab00000)
  to   space 11264K, 0% used [0x00000000f9500000,0x00000000f9500000,0x00000000fa000000)
 ParOldGen       total 33792K, used 24749K [0x00000000c1400000, 0x00000000c3500000, 0x00000000eb180000)
  object space 33792K, 73% used [0x00000000c1400000,0x00000000c2c2b6c0,0x00000000c3500000)
 Metaspace       used 34845K, capacity 35152K, committed 35496K, reserved 1081344K
  class space    used 4417K, capacity 4493K, committed 4608K, reserved 1048576K
Event: 29.502 GC heap after
Heap after GC invocations=14 (full 2):
 PSYoungGen      total 238592K, used 0K [0x00000000eb180000, 0x00000000fab00000, 0x0000000100000000)
  eden space 232960K, 0% used [0x00000000eb180000,0x00000000eb180000,0x00000000f9500000)
  from space 5632K, 0% used [0x00000000fa580000,0x00000000fa580000,0x00000000fab00000)
  to   space 11264K, 0% used [0x00000000f9500000,0x00000000f9500000,0x00000000fa000000)
 ParOldGen       total 56832K, used 22882K [0x00000000c1400000, 0x00000000c4b80000, 0x00000000eb180000)
  object space 56832K, 40% used [0x00000000c1400000,0x00000000c2a58848,0x00000000c4b80000)
 Metaspace       used 34845K, capacity 35152K, committed 35496K, reserved 1081344K
  class space    used 4417K, capacity 4493K, committed 4608K, reserved 1048576K
}
Event: 35.302 GC heap before
{Heap before GC invocations=15 (full 2):
 PSYoungGen      total 238592K, used 232960K [0x00000000eb180000, 0x00000000fab00000, 0x0000000100000000)
  eden space 232960K, 100% used [0x00000000eb180000,0x00000000f9500000,0x00000000f9500000)
  from space 5632K, 0% used [0x00000000fa580000,0x00000000fa580000,0x00000000fab00000)
  to   space 11264K, 0% used [0x00000000f9500000,0x00000000f9500000,0x00000000fa000000)
 ParOldGen       total 56832K, used 22882K [0x00000000c1400000, 0x00000000c4b80000, 0x00000000eb180000)
  object space 56832K, 40% used [0x00000000c1400000,0x00000000c2a58848,0x00000000c4b80000)
 Metaspace       used 43100K, capacity 43632K, committed 44032K, reserved 1087488K
  class space    used 5637K, capacity 5786K, committed 5888K, reserved 1048576K
Event: 35.360 GC heap after
Heap after GC invocations=15 (full 2):
 PSYoungGen      total 244224K, used 11238K [0x00000000eb180000, 0x0000000100000000, 0x0000000100000000)
  eden space 232960K, 0% used [0x00000000eb180000,0x00000000eb180000,0x00000000f9500000)
  from space 11264K, 99% used [0x00000000f9500000,0x00000000f9ff9a58,0x00000000fa000000)
  to   space 13312K, 0% used [0x00000000ff300000,0x00000000ff300000,0x0000000100000000)
 ParOldGen       total 56832K, used 25185K [0x00000000c1400000, 0x00000000c4b80000, 0x00000000eb180000)
  object space 56832K, 44% used [0x00000000c1400000,0x00000000c2c98440,0x00000000c4b80000)
 Metaspace       used 43100K, capacity 43632K, committed 44032K, reserved 1087488K
  class space    used 5637K, capacity 5786K, committed 5888K, reserved 1048576K
}
Event: 37.437 GC heap before
{Heap before GC invocations=16 (full 2):
 PSYoungGen      total 244224K, used 244198K [0x00000000eb180000, 0x0000000100000000, 0x0000000100000000)
  eden space 232960K, 100% used [0x00000000eb180000,0x00000000f9500000,0x00000000f9500000)
  from space 11264K, 99% used [0x00000000f9500000,0x00000000f9ff9a58,0x00000000fa000000)
  to   space 13312K, 0% used [0x00000000ff300000,0x00000000ff300000,0x0000000100000000)
 ParOldGen       total 56832K, used 25185K [0x00000000c1400000, 0x00000000c4b80000, 0x00000000eb180000)
  object space 56832K, 44% used [0x00000000c1400000,0x00000000c2c98440,0x00000000c4b80000)
 Metaspace       used 47002K, capacity 47772K, committed 47872K, reserved 1091584K
  class space    used 6166K, capacity 6332K, committed 6400K, reserved 1048576K
Event: 37.505 GC heap after
Heap after GC invocations=16 (full 2):
 PSYoungGen      total 328192K, used 9626K [0x00000000eb180000, 0x0000000100000000, 0x0000000100000000)
  eden space 314880K, 0% used [0x00000000eb180000,0x00000000eb180000,0x00000000fe500000)
  from space 13312K, 72% used [0x00000000ff300000,0x00000000ffc66b10,0x0000000100000000)
  to   space 13824K, 0% used [0x00000000fe500000,0x00000000fe500000,0x00000000ff280000)
 ParOldGen       total 56832K, used 33823K [0x00000000c1400000, 0x00000000c4b80000, 0x00000000eb180000)
  object space 56832K, 59% used [0x00000000c1400000,0x00000000c3507f10,0x00000000c4b80000)
 Metaspace       used 47002K, capacity 47772K, committed 47872K, reserved 1091584K
  class space    used 6166K, capacity 6332K, committed 6400K, reserved 1048576K
}

Deoptimization events (10 events):
Event: 38.482 Thread 0x000000005b052800 Uncommon trap: reason=class_check action=maybe_recompile pc=0x0000000002e39494 method=java.util.regex.Pattern$BmpCharProperty.match(Ljava/util/regex/Matcher;ILjava/lang/CharSequence;)Z @ 11
Event: 38.482 Thread 0x000000005b052800 Uncommon trap: reason=class_check action=maybe_recompile pc=0x00000000027b7354 method=java.util.regex.Matcher.getTextLength()I @ 4
Event: 38.482 Thread 0x000000005b052800 Uncommon trap: reason=class_check action=maybe_recompile pc=0x0000000002e39494 method=java.util.regex.Pattern$BmpCharProperty.match(Ljava/util/regex/Matcher;ILjava/lang/CharSequence;)Z @ 11
Event: 38.482 Thread 0x000000005b052800 Uncommon trap: reason=class_check action=maybe_recompile pc=0x0000000002b14ab4 method=java.util.regex.Matcher.getTextLength()I @ 4
Event: 38.511 Thread 0x000000005b051000 Uncommon trap: reason=class_check action=maybe_recompile pc=0x00000000027fad1c method=java.util.regex.Matcher.search(I)Z @ 86
Event: 38.511 Thread 0x000000005b051000 Uncommon trap: reason=class_check action=maybe_recompile pc=0x00000000027fad1c method=java.util.regex.Matcher.search(I)Z @ 86
Event: 38.612 Thread 0x000000005b054000 Uncommon trap: reason=unstable_if action=reinterpret pc=0x0000000002f600b0 method=java.nio.Buffer.limit(I)Ljava/nio/Buffer; @ 33
Event: 38.846 Thread 0x000000005b054000 Uncommon trap: reason=unstable_if action=reinterpret pc=0x00000000026f57c4 method=java.nio.Buffer.<init>(IIII)V @ 66
Event: 38.846 Thread 0x000000005b054000 Uncommon trap: reason=unstable_if action=reinterpret pc=0x0000000002786e58 method=java.nio.Buffer.<init>(IIII)V @ 66
Event: 38.858 Thread 0x000000005b052800 Uncommon trap: reason=class_check action=maybe_recompile pc=0x00000000027fad1c method=java.util.regex.Matcher.search(I)Z @ 86

Internal exceptions (10 events):
Event: 38.322 Thread 0x000000005b051000 Exception <a 'java/lang/ClassNotFoundException': org/springframework/web/servlet/theme/AbstractThemeResolverCustomizer> (0x00000000f095c5e8) thrown at [C:\re\workspace\8-2-build-windows-amd64-cygwin\jdk8u91\7017\hotspot\src\share\vm\classfile\systemDictionö)ôX)C@
Event: 38.323 Thread 0x000000005b051000 Exception <a 'java/lang/ClassNotFoundException': org/springframework/web/servlet/theme/FixedThemeResolverCustomizer> (0x00000000f09826c8) thrown at [C:\re\workspace\8-2-build-windows-amd64-cygwin\jdk8u91\7017\hotspot\src\share\vm\classfile\systemDictionary	.ô®ˆ)C@
Event: 38.324 Thread 0x000000005b051000 Exception <a 'java/lang/ClassNotFoundException': org/springframework/web/servlet/ThemeResolverCustomizer> (0x00000000f09a4c28) thrown at [C:\re\workspace\8-2-build-windows-amd64-cygwin\jdk8u91\7017\hotspot\src\share\vm\classfile\systemDictionary.cpp, line 
Event: 38.329 Thread 0x000000005b051000 Exception <a 'java/lang/ClassNotFoundException': java/lang/ObjectCustomizer> (0x00000000f09c6968) thrown at [C:\re\workspace\8-2-build-windows-amd64-cygwin\jdk8u91\7017\hotspot\src\share\vm\classfile\systemDictionary.cpp, line 210]
Event: 38.330 Thread 0x000000005b051000 Exception <a 'java/lang/ClassNotFoundException': org/springframework/web/servlet/view/DefaultRequestToViewNameTranslatorCustomizer> (0x00000000f09f2690) thrown at [C:\re\workspace\8-2-build-windows-amd64-cygwin\jdk8u91\7017\hotspot\src\share\vm\classfile\s`\»r*C@
Event: 38.332 Thread 0x000000005b051000 Exception <a 'java/lang/ClassNotFoundException': org/springframework/web/servlet/RequestToViewNameTranslatorCustomizer> (0x00000000f0a28528) thrown at [C:\re\workspace\8-2-build-windows-amd64-cygwin\jdk8u91\7017\hotspot\src\share\vm\classfile\systemDiction*³(V+C@
Event: 38.336 Thread 0x000000005b051000 Exception <a 'java/lang/ClassNotFoundException': java/lang/ObjectCustomizer> (0x00000000f0a58d78) thrown at [C:\re\workspace\8-2-build-windows-amd64-cygwin\jdk8u91\7017\hotspot\src\share\vm\classfile\systemDictionary.cpp, line 210]
Event: 38.338 Thread 0x000000005b051000 Exception <a 'java/lang/ClassNotFoundException': org/springframework/web/servlet/support/AbstractFlashMapManagerCustomizer> (0x00000000f0a81c10) thrown at [C:\re\workspace\8-2-build-windows-amd64-cygwin\jdk8u91\7017\hotspot\src\share\vm\classfile\systemDicÍsN%n+C@
Event: 38.339 Thread 0x000000005b051000 Exception <a 'java/lang/ClassNotFoundException': org/springframework/web/servlet/support/SessionFlashMapManagerCustomizer> (0x00000000f0aaed20) thrown at [C:\re\workspace\8-2-build-windows-amd64-cygwin\jdk8u91\7017\hotspot\src\share\vm\classfile\systemDictÀìŸ¡+C@
Event: 38.341 Thread 0x000000005b051000 Exception <a 'java/lang/ClassNotFoundException': org/springframework/web/servlet/FlashMapManagerCustomizer> (0x00000000f0ad1350) thrown at [C:\re\workspace\8-2-build-windows-amd64-cygwin\jdk8u91\7017\hotspot\src\share\vm\classfile\systemDictionary.cpp, linâ`+)C@

Events (10 events):
Event: 38.858 Thread 0x000000005b052800 Uncommon trap: trap_request=0xffffffde fr.pc=0x00000000027fad1c
Event: 38.859 Thread 0x000000005b052800 DEOPT PACKING pc=0x00000000027fad1c sp=0x0000000063e2e280
Event: 38.859 Thread 0x000000005b052800 DEOPT UNPACKING pc=0x000000000249582a sp=0x0000000063e2e1d8 mode 2
Event: 38.862 Executing VM operation: RevokeBias
Event: 38.862 Executing VM operation: RevokeBias done
Event: 38.918 loading class java/math/BigDecimal$1 done
Event: 38.919 Executing VM operation: RevokeBias
Event: 38.920 Executing VM operation: RevokeBias done
Event: 38.920 loading class com/fasterxml/jackson/databind/deser/std/JsonNodeDeserializer
Event: 38.920 loading class com/fasterxml/jackson/databind/deser/std/JsonNodeDeserializer done


Dynamic libraries:
0x000000013f770000 - 0x000000013f7a7000 	D:\setup\jdk1.8\bin\javaw.exe
0x0000000077990000 - 0x0000000077b3a000 	C:\Windows\SYSTEM32\ntdll.dll
0x0000000077770000 - 0x000000007788f000 	C:\Windows\system32\kernel32.dll
0x000007fefd950000 - 0x000007fefd9bb000 	C:\Windows\system32\KERNELBASE.dll
0x000007fefeba0000 - 0x000007fefec7b000 	C:\Windows\system32\ADVAPI32.dll
0x000007fefe550000 - 0x000007fefe5ef000 	C:\Windows\system32\msvcrt.dll
0x000007feffa70000 - 0x000007feffa8f000 	C:\Windows\SYSTEM32\sechost.dll
0x000007fefe420000 - 0x000007fefe54d000 	C:\Windows\system32\RPCRT4.dll
0x0000000077890000 - 0x000000007798a000 	C:\Windows\system32\USER32.dll
0x000007fefea20000 - 0x000007fefea87000 	C:\Windows\system32\GDI32.dll
0x000007fefe2a0000 - 0x000007fefe2ae000 	C:\Windows\system32\LPK.dll
0x000007fefe950000 - 0x000007fefea1a000 	C:\Windows\system32\USP10.dll
0x000007fefc3d0000 - 0x000007fefc5c4000 	C:\Windows\WinSxS\amd64_microsoft.windows.common-controls_6595b64144ccf1df_6.0.7601.18837_none_fa3b1e3d17594757\COMCTL32.dll
0x000007fefdf90000 - 0x000007fefe001000 	C:\Windows\system32\SHLWAPI.dll
0x000007fefeb70000 - 0x000007fefeb9e000 	C:\Windows\system32\IMM32.DLL
0x000007fefdb90000 - 0x000007fefdc99000 	C:\Windows\system32\MSCTF.dll
0x000000005d000000 - 0x000000005d0d2000 	D:\setup\jdk1.8\bin\msvcr100.dll
0x000000005f5c0000 - 0x000000005fe53000 	D:\setup\jdk1.8\bin\server\jvm.dll
0x000007fef9900000 - 0x000007fef9909000 	C:\Windows\system32\WSOCK32.dll
0x000007fefe880000 - 0x000007fefe8cd000 	C:\Windows\system32\WS2_32.dll
0x000007fefe0b0000 - 0x000007fefe0b8000 	C:\Windows\system32\NSI.dll
0x000007fef9b00000 - 0x000007fef9b3b000 	C:\Windows\system32\WINMM.dll
0x000007fefc8c0000 - 0x000007fefc8cc000 	C:\Windows\system32\VERSION.dll
0x0000000077b60000 - 0x0000000077b67000 	C:\Windows\system32\PSAPI.DLL
0x000000006aa50000 - 0x000000006aa5f000 	D:\setup\jdk1.8\bin\verify.dll
0x000000006aa20000 - 0x000000006aa49000 	D:\setup\jdk1.8\bin\java.dll
0x000000006a3f0000 - 0x000000006a406000 	D:\setup\jdk1.8\bin\zip.dll
0x000007fefece0000 - 0x000007feffa69000 	C:\Windows\system32\SHELL32.dll
0x000007feffa90000 - 0x000007feffc93000 	C:\Windows\system32\ole32.dll
0x000007fefd7d0000 - 0x000007fefd7df000 	C:\Windows\system32\profapi.dll
0x000000006e7a0000 - 0x000000006e7ad000 	D:\setup\jdk1.8\bin\management.dll
0x000000006a3d0000 - 0x000000006a3ea000 	D:\setup\jdk1.8\bin\net.dll
0x000007fefcfb0000 - 0x000007fefd005000 	C:\Windows\system32\mswsock.dll
0x000007fefcfa0000 - 0x000007fefcfa7000 	C:\Windows\System32\wship6.dll
0x000000006a3b0000 - 0x000000006a3c1000 	D:\setup\jdk1.8\bin\nio.dll
0x000007fefb6b0000 - 0x000007fefb6c5000 	C:\Windows\system32\NLAapi.dll
0x000007fef7d30000 - 0x000007fef7d45000 	C:\Windows\system32\napinsp.dll
0x000007fef7d10000 - 0x000007fef7d29000 	C:\Windows\system32\pnrpnsp.dll
0x000007fefce30000 - 0x000007fefce8b000 	C:\Windows\system32\DNSAPI.dll
0x000007fef9bb0000 - 0x000007fef9bbb000 	C:\Windows\System32\winrnr.dll
0x000007fef7d00000 - 0x000007fef7d10000 	C:\Windows\system32\wshbth.dll
0x000007fefc990000 - 0x000007fefc997000 	C:\Windows\System32\wshtcpip.dll
0x000007fefb120000 - 0x000007fefb147000 	C:\Windows\system32\IPHLPAPI.DLL
0x000007fefb110000 - 0x000007fefb11b000 	C:\Windows\system32\WINNSI.DLL
0x000007fefa450000 - 0x000007fefa458000 	C:\Windows\system32\rasadhlp.dll
0x000007fefaec0000 - 0x000007fefaf13000 	C:\Windows\System32\fwpuclnt.dll
0x000007fefd010000 - 0x000007fefd028000 	C:\Windows\system32\CRYPTSP.dll
0x000007fefcd10000 - 0x000007fefcd57000 	C:\Windows\system32\rsaenh.dll
0x000007fefd890000 - 0x000007fefd8ae000 	C:\Windows\system32\USERENV.dll
0x000007fefd670000 - 0x000007fefd67f000 	C:\Windows\system32\CRYPTBASE.dll
0x000007fefae20000 - 0x000007fefae38000 	C:\Windows\system32\dhcpcsvc.DLL
0x000007fefae00000 - 0x000007fefae11000 	C:\Windows\system32\dhcpcsvc6.DLL
0x000000006e760000 - 0x000000006e784000 	D:\setup\jdk1.8\bin\sunec.dll

VM Arguments:
jvm_args: -Dcom.sun.management.jmxremote -Dcom.sun.management.jmxremote.port=4116 -Dcom.sun.management.jmxremote.authenticate=false -Dcom.sun.management.jmxremote.ssl=false -Djava.rmi.server.hostname=localhost -Dspring.liveBeansView.mbeanDomain -Dspring.application.admin.enabled=true -Dfile.encoding=UTF-8 
java_command: com.shiran.cloud.EurekaApplication --spring.output.ansi.enabled=always
java_class_path (initial): F:\setup\spring-tool-suite-3.8.4.RELEASE-e4.6.3-win32-x86_64\workspace\code\microservice-discovery-eureka\target\classes;F:\setup\apache-maven-3.3.9-bin\localrepositoryposition\org\springframework\cloud\spring-cloud-starter-eureka-server\1.2.1.RELEASE\spring-cloud-starter-eureka-server-1.2.1.RELEASE.jar;F:\setup\apache-maven-3.3.9-bin\localrepositoryposition\org\springframework\cloud\spring-cloud-starter\1.1.4.RELEASE\spring-cloud-starter-1.1.4.RELEASE.jar;F:\setup\apache-maven-3.3.9-bin\localrepositoryposition\org\springframework\cloud\spring-cloud-context\1.1.4.RELEASE\spring-cloud-context-1.1.4.RELEASE.jar;F:\setup\apache-maven-3.3.9-bin\localrepositoryposition\org\springframework\security\spring-security-crypto\4.1.4.RELEASE\spring-security-crypto-4.1.4.RELEASE.jar;F:\setup\apache-maven-3.3.9-bin\localrepositoryposition\org\springframework\cloud\spring-cloud-commons\1.1.4.RELEASE\spring-cloud-commons-1.1.4.RELEASE.jar;F:\setup\apache-maven-3.3.9-bin\localrepositoryposition\org\springframework\security\spring-security-rsa\1.0.3.RELEASE\spring-security-rsa-1.0.3.RELEASE.jar;F:\setup\apache-maven-3.3.9-bin\localrepositoryposition\org\bouncycastle\bcpkix-jdk15on\1.55\bcpkix-jdk15on-1.55.jar;F:\setup\apache-maven-3.3.9-bin\localrepositoryposition\org\bouncycastle\bcprov-jdk15on\1.55\bcprov-jdk15on-1.55.jar;F:\setup\apache-maven-3.3.9-bin\localrepositoryposition\org\springframework\cloud\spring-cloud-netflix-eureka-server\1.2.1.RELEASE\spring-cloud-netflix-eureka-server-1.2.1.RELEASE.jar;F:\setup\apache-maven-3.3.9-bin\localrepositoryposition\org\springframework\boot\spring-boot-starter-web\1.4.6.RELEASE\spring-boot-starter-web-1.4.6.RELEASE.jar;F:\setup\apache-maven-3.3.9-bin\localrepositoryposition\org\springframework\boot\spring-boot-starter-tomcat\1.4.6.RELEASE\spring-boot-starter-tomcat-1.4.6.RELEASE.jar;F:\setup\apache-maven-3.3.9-bin\localrepositoryposition\org\apache\tomcat\embed\tomcat-embed-core\8.5.13\tomcat-embed-core-8.5.13.ja
Launcher Type: SUN_STANDARD

Environment Variables:
JAVA_HOME=D:\setup\jdk1.7
PATH=D:/setup/jdk1.8/bin/server;D:/setup/jdk1.8/bin;D:/setup/jdk1.8/lib/amd64;C:\ProgramData\Oracle\Java\javapath;D:\setup\django\python3.5\Scripts\;D:\setup\django\python3.5\;D:\setup\armv1.2\bin;D:\setup\python2.7;D:\app\Administrator\product\11.1.0\db_2\bin;F:\setup\scala\bin;D:\java\apache-maven-2.2.1\bin;%M2_HOME%\bin;D:\setup\jdk1.7;D:\setup\python34\Scripts;D:\setup\python34;C:\Program Files (x86)\Common Files\NetSarang;D:\setup\jdk1.7\bin;C:\Windows\system32;C:\Windows;C:\Windows\System32\Wbem;C:\Windows\System32\WindowsPowerShell\v1.0\;F:\setup\scala\bin;C:\Program Files (x86)\Microsoft SQL Server\100\Tools\Binn\;C:\Program Files\Microsoft SQL Server\100\Tools\Binn\;C:\Program Files\Microsoft SQL Server\100\DTS\Binn\;C:\Program Files (x86)\Microsoft SQL Server\100\Tools\Binn\VSShell\Common7\IDE\;C:\Program Files (x86)\Microsoft Visual Studio 9.0\Common7\IDE\PrivateAssemblies\;C:\Program Files (x86)\Microsoft SQL Server\100\DTS\Binn\;D:\setup\git\Git\cmd;F:\setup\spring-tool-suite-3.8.4.RELEASE-e4.6.3-win32-x86_64\sts-bundle\sts-3.8.4.RELEASE;
USERNAME=Administrator
OS=Windows_NT
PROCESSOR_IDENTIFIER=Intel64 Family 6 Model 60 Stepping 3, GenuineIntel



---------------  S Y S T E M  ---------------

OS: Windows 7 , 64 bit Build 7601 (6.1.7601.19135)

CPU:total 4 (2 cores per cpu, 2 threads per core) family 6 model 60 stepping 3, cmov, cx8, fxsr, mmx, sse, sse2, sse3, ssse3, sse4.1, sse4.2, popcnt, avx, avx2, aes, clmul, erms, lzcnt, ht, tsc, tscinvbit, bmi1, bmi2

Memory: 4k page, physical 4108656k(151084k free), swap 6279072k(5416k free)

vm_info: Java HotSpot(TM) 64-Bit Server VM (25.91-b15) for windows-amd64 JRE (1.8.0_91-b15), built on May 20 2016 17:43:15 by "java_re" with MS VC++ 10.0 (VS2010)

time: Mon May 22 12:05:56 2017
elapsed time: 38 seconds (0d 0h 0m 38s)

