#
# There is insufficient memory for the Java Runtime Environment to continue.
# Native memory allocation (malloc) failed to allocate 833856 bytes for Chunk::new
# Possible reasons:
#   The system is out of physical RAM or swap space
#   In 32 bit mode, the process size limit was hit
# Possible solutions:
#   Reduce memory load on the system
#   Increase physical memory or swap space
#   Check if swap backing store is full
#   Use 64 bit Java on a 64 bit OS
#   Decrease Java heap size (-Xmx/-Xms)
#   Decrease number of Java threads
#   Decrease Java thread stack sizes (-Xss)
#   Set larger code cache with -XX:ReservedCodeCacheSize=
# This output file may be truncated or incomplete.
#
#  Out of Memory Error (allocation.cpp:390), pid=11444, tid=11732
#
# JRE version: Java(TM) SE Runtime Environment (8.0_91-b15) (build 1.8.0_91-b15)
# Java VM: Java HotSpot(TM) 64-Bit Server VM (25.91-b15 mixed mode windows-amd64 compressed oops)
# Failed to write core dump. Minidumps are not enabled by default on client versions of Windows
#

---------------  T H R E A D  ---------------

Current thread (0x0000000055f4f000):  JavaThread "C2 CompilerThread0" daemon [_thread_in_native, id=11732, stack(0x0000000056700000,0x0000000056800000)]

Stack: [0x0000000056700000,0x0000000056800000]
[error occurred during error reporting (printing stack bounds), id 0xc0000005]

Native frames: (J=compiled Java code, j=interpreted, Vv=VM code, C=native code)


Current CompileTask:
C2: 138896 6063       4       org.springframework.core.annotation.AnnotationUtils::findAnnotation (87 bytes)


---------------  P R O C E S S  ---------------

Java Threads: ( => current thread )
  0x000000005ca71800 JavaThread "DestroyJavaVM" [_thread_blocked, id=11168, stack(0x00000000024b0000,0x00000000025b0000)]
  0x000000005ca70800 JavaThread "http-nio-8761-AsyncTimeout" daemon [_thread_blocked, id=11644, stack(0x00000000640e0000,0x00000000641e0000)]
  0x000000005ca70000 JavaThread "http-nio-8761-Acceptor-0" daemon [_thread_in_native, id=11704, stack(0x0000000063ee0000,0x0000000063fe0000)]
  0x000000005ca6f000 JavaThread "http-nio-8761-ClientPoller-1" daemon [_thread_in_native, id=11228, stack(0x0000000063da0000,0x0000000063ea0000)]
  0x000000005ca6e800 JavaThread "http-nio-8761-ClientPoller-0" daemon [_thread_in_native, id=9836, stack(0x0000000062f90000,0x0000000063090000)]
  0x000000005d106800 JavaThread "http-nio-8761-exec-10" daemon [_thread_blocked, id=10680, stack(0x0000000063330000,0x0000000063430000)]
  0x000000005d105800 JavaThread "http-nio-8761-exec-9" daemon [_thread_blocked, id=9396, stack(0x0000000063220000,0x0000000063320000)]
  0x000000005d105000 JavaThread "http-nio-8761-exec-8" daemon [_thread_blocked, id=11480, stack(0x0000000063090000,0x0000000063190000)]
  0x000000005d104000 JavaThread "http-nio-8761-exec-7" daemon [_thread_blocked, id=7944, stack(0x0000000062e70000,0x0000000062f70000)]
  0x000000005d103800 JavaThread "http-nio-8761-exec-6" daemon [_thread_blocked, id=11712, stack(0x0000000062020000,0x0000000062120000)]
  0x000000005c96f000 JavaThread "http-nio-8761-exec-5" daemon [_thread_blocked, id=11052, stack(0x0000000061bf0000,0x0000000061cf0000)]
  0x000000005c96e800 JavaThread "http-nio-8761-exec-4" daemon [_thread_blocked, id=5488, stack(0x0000000062d70000,0x0000000062e70000)]
  0x000000005c96d800 JavaThread "http-nio-8761-exec-3" daemon [_thread_blocked, id=10828, stack(0x0000000062be0000,0x0000000062ce0000)]
  0x000000005c96d000 JavaThread "http-nio-8761-exec-2" daemon [_thread_blocked, id=6652, stack(0x0000000062a70000,0x0000000062b70000)]
  0x000000005c96c000 JavaThread "http-nio-8761-exec-1" daemon [_thread_blocked, id=6736, stack(0x00000000628a0000,0x00000000629a0000)]
  0x000000005c96b000 JavaThread "NioBlockingSelector.BlockPoller-1" daemon [_thread_in_native, id=8700, stack(0x0000000062500000,0x0000000062600000)]
  0x000000005c96a800 JavaThread "Eureka-CacheFillTimer" daemon [_thread_blocked, id=10152, stack(0x0000000062140000,0x0000000062240000)]
  0x000000005c969800 JavaThread "Eureka-PeerNodesUpdater" daemon [_thread_blocked, id=10396, stack(0x0000000061d20000,0x0000000061e20000)]
  0x000000005c969000 JavaThread "TaskNonBatchingWorker-localhost-0" daemon [_thread_blocked, id=11580, stack(0x0000000061ab0000,0x0000000061bb0000)]
  0x000000005c968000 JavaThread "TaskAcceptor-localhost" daemon [_thread_blocked, id=10256, stack(0x000000005f870000,0x000000005f970000)]
  0x000000005a66c800 JavaThread "TaskBatchingWorker-target_localhost-19" daemon [_thread_blocked, id=10948, stack(0x00000000618e0000,0x00000000619e0000)]
  0x000000005a66b800 JavaThread "TaskBatchingWorker-target_localhost-18" daemon [_thread_blocked, id=8936, stack(0x0000000061670000,0x0000000061770000)]
  0x000000005a66b000 JavaThread "TaskBatchingWorker-target_localhost-17" daemon [_thread_blocked, id=8852, stack(0x00000000617b0000,0x00000000618b0000)]
  0x000000005a66a000 JavaThread "TaskBatchingWorker-target_localhost-16" daemon [_thread_blocked, id=11760, stack(0x0000000061540000,0x0000000061640000)]
  0x000000005a669800 JavaThread "TaskBatchingWorker-target_localhost-15" daemon [_thread_blocked, id=10532, stack(0x00000000613d0000,0x00000000614d0000)]
  0x000000005a668800 JavaThread "TaskBatchingWorker-target_localhost-14" daemon [_thread_blocked, id=4584, stack(0x0000000061260000,0x0000000061360000)]
  0x000000005a668000 JavaThread "TaskBatchingWorker-target_localhost-13" daemon [_thread_blocked, id=10224, stack(0x0000000061130000,0x0000000061230000)]
  0x000000005a667000 JavaThread "TaskBatchingWorker-target_localhost-12" daemon [_thread_blocked, id=5228, stack(0x00000000607c0000,0x00000000608c0000)]
  0x000000005a666800 JavaThread "TaskBatchingWorker-target_localhost-11" daemon [_thread_blocked, id=10412, stack(0x0000000060fa0000,0x00000000610a0000)]
  0x000000005a665800 JavaThread "TaskBatchingWorker-target_localhost-10" daemon [_thread_blocked, id=11836, stack(0x0000000060df0000,0x0000000060ef0000)]
  0x000000005a993000 JavaThread "TaskBatchingWorker-target_localhost-9" daemon [_thread_blocked, id=11144, stack(0x0000000060c40000,0x0000000060d40000)]
  0x000000005a992000 JavaThread "TaskBatchingWorker-target_localhost-8" daemon [_thread_blocked, id=10332, stack(0x0000000060ab0000,0x0000000060bb0000)]
  0x000000005a991800 JavaThread "TaskBatchingWorker-target_localhost-7" daemon [_thread_blocked, id=9456, stack(0x00000000608c0000,0x00000000609c0000)]
  0x000000005a990800 JavaThread "TaskBatchingWorker-target_localhost-6" daemon [_thread_blocked, id=9116, stack(0x0000000060300000,0x0000000060400000)]
  0x000000005a990000 JavaThread "TaskBatchingWorker-target_localhost-5" daemon [_thread_blocked, id=9696, stack(0x0000000060630000,0x0000000060730000)]
  0x000000005a98f000 JavaThread "TaskBatchingWorker-target_localhost-4" daemon [_thread_blocked, id=11720, stack(0x0000000060440000,0x0000000060540000)]
  0x000000005a98e800 JavaThread "TaskBatchingWorker-target_localhost-3" daemon [_thread_blocked, id=10416, stack(0x00000000600f0000,0x00000000601f0000)]
  0x000000005a98d800 JavaThread "TaskBatchingWorker-target_localhost-2" daemon [_thread_blocked, id=9104, stack(0x00000000601f0000,0x00000000602f0000)]
  0x000000005a98d000 JavaThread "TaskBatchingWorker-target_localhost-1" daemon [_thread_blocked, id=11600, stack(0x000000005ff60000,0x0000000060060000)]
  0x000000005a98c000 JavaThread "TaskBatchingWorker-target_localhost-0" daemon [_thread_blocked, id=2196, stack(0x000000005fdd0000,0x000000005fed0000)]
  0x000000005a98b800 JavaThread "StatsMonitor-0" daemon [_thread_blocked, id=10300, stack(0x000000005fc40000,0x000000005fd40000)]
  0x000000005a98a800 JavaThread "TaskAcceptor-target_localhost" daemon [_thread_blocked, id=3700, stack(0x000000005fb30000,0x000000005fc30000)]
  0x000000005a98a000 JavaThread "Eureka-JerseyClient-Conn-Cleaner2" daemon [_thread_blocked, id=6772, stack(0x000000005f970000,0x000000005fa70000)]
  0x000000005a989000 JavaThread "Eureka-MeasureRateTimer" daemon [_thread_blocked, id=8208, stack(0x000000005d9e0000,0x000000005dae0000)]
  0x000000005a988800 JavaThread "ReplicaAwareInstanceRegistry - RenewalThresholdUpdater" daemon [_thread_blocked, id=10004, stack(0x0000000056c00000,0x0000000056d00000)]
  0x000000005a987800 JavaThread "Eureka-MeasureRateTimer" daemon [_thread_blocked, id=12152, stack(0x000000005f560000,0x000000005f660000)]
  0x000000005a987000 JavaThread "Eureka-EvictionTimer" daemon [_thread_blocked, id=9664, stack(0x000000005f3a0000,0x000000005f4a0000)]
  0x000000005a986000 JavaThread "Eureka-DeltaRetentionTimer" daemon [_thread_blocked, id=1516, stack(0x000000005f1b0000,0x000000005f2b0000)]
  0x000000005a985800 JavaThread "spring.cloud.inetutils" daemon [_thread_blocked, id=12016, stack(0x0000000059870000,0x0000000059970000)]
  0x000000005a984800 JavaThread "container-0" [_thread_blocked, id=7436, stack(0x000000005ef90000,0x000000005f090000)]
  0x000000005a984000 JavaThread "ContainerBackgroundProcessor[StandardEngine[Tomcat]]" daemon [_thread_blocked, id=11312, stack(0x000000005d290000,0x000000005d390000)]
  0x000000005750c800 JavaThread "RMI TCP Accept-0" daemon [_thread_in_native, id=10628, stack(0x0000000057b70000,0x0000000057c70000)]
  0x00000000574a3800 JavaThread "RMI TCP Accept-13756" daemon [_thread_in_native, id=11332, stack(0x00000000579f0000,0x0000000057af0000)]
  0x00000000574a2000 JavaThread "RMI TCP Accept-0" daemon [_thread_in_native, id=10052, stack(0x0000000057810000,0x0000000057910000)]
  0x0000000055fc9000 JavaThread "Service Thread" daemon [_thread_blocked, id=12032, stack(0x0000000056ae0000,0x0000000056be0000)]
  0x0000000055f7a800 JavaThread "C1 CompilerThread2" daemon [_thread_blocked, id=4980, stack(0x0000000055ba0000,0x0000000055ca0000)]
  0x0000000055f5d000 JavaThread "C2 CompilerThread1" daemon [_thread_blocked, id=10220, stack(0x00000000568c0000,0x00000000569c0000)]
=>0x0000000055f4f000 JavaThread "C2 CompilerThread0" daemon [_thread_in_native, id=11732, stack(0x0000000056700000,0x0000000056800000)]
  0x0000000055f48000 JavaThread "Attach Listener" daemon [_thread_blocked, id=4948, stack(0x0000000056530000,0x0000000056630000)]
  0x0000000055f46800 JavaThread "Signal Dispatcher" daemon [_thread_blocked, id=1552, stack(0x00000000563a0000,0x00000000564a0000)]
  0x0000000054c81000 JavaThread "Finalizer" daemon [_thread_blocked, id=7140, stack(0x0000000055e30000,0x0000000055f30000)]
  0x0000000054c3a000 JavaThread "Reference Handler" daemon [_thread_blocked, id=12112, stack(0x0000000002200000,0x0000000002300000)]

Other Threads:
  0x0000000054c32800 VMThread [stack: 0x0000000055cc0000,0x0000000055dc0000] [id=10000]
  0x000000005751a000 WatcherThread [stack: 0x0000000057d20000,0x0000000057e20000] [id=8660]

VM state:not at safepoint (normal execution)

VM Mutex/Monitor currently owned by a thread: None

Heap:
 PSYoungGen      total 177152K, used 118577K [0x00000000eb180000, 0x00000000f6900000, 0x0000000100000000)
  eden space 167936K, 67% used [0x00000000eb180000,0x00000000f1f6ab30,0x00000000f5580000)
  from space 9216K, 65% used [0x00000000f5f00000,0x00000000f64e1c68,0x00000000f6800000)
  to   space 9728K, 0% used [0x00000000f5580000,0x00000000f5580000,0x00000000f5f00000)
 ParOldGen       total 45056K, used 34028K [0x00000000c1400000, 0x00000000c4000000, 0x00000000eb180000)
  object space 45056K, 75% used [0x00000000c1400000,0x00000000c353b1a8,0x00000000c4000000)
 Metaspace       used 51068K, capacity 51845K, committed 52008K, reserved 1093632K
  class space    used 6708K, capacity 6888K, committed 6952K, reserved 1048576K

Card table byte_map: [0x0000000011970000,0x0000000011b70000] byte_map_base: 0x0000000011366000

Marking Bits: (ParMarkBitMap*) 0x0000000063cb2f70
 Begin Bits: [0x0000000012140000, 0x00000000130f0000)
 End Bits:   [0x00000000130f0000, 0x00000000140a0000)

Polling page: 0x0000000000100000

CodeCache: size=245760Kb used=17897Kb max_used=17897Kb free=227862Kb
 bounds [0x00000000025b0000, 0x0000000003740000, 0x00000000115b0000]
 total_blobs=5533 nmethods=5049 adapters=396
 compilation: enabled

Compilation events (10 events):
Event: 138.110 Thread 0x0000000055f7a800 6075       3       java.nio.charset.CharsetEncoder::flush (49 bytes)
Event: 138.110 Thread 0x0000000055f7a800 nmethod 6075 0x000000000373b6d0 code [0x000000000373b860, 0x000000000373bc88]
Event: 138.111 Thread 0x0000000055f7a800 6079       3       org.apache.coyote.http11.Http11OutputBuffer::sendHeader (41 bytes)
Event: 138.111 Thread 0x0000000055f7a800 nmethod 6079 0x000000000373bdd0 code [0x000000000373bf80, 0x000000000373c458]
Event: 138.111 Thread 0x0000000055f7a800 6080       3       sun.nio.cs.ISO_8859_1$Encoder::encodeLoop (28 bytes)
Event: 138.112 Thread 0x0000000055f7a800 nmethod 6080 0x000000000373c650 code [0x000000000373c7e0, 0x000000000373cd18]
Event: 138.114 Thread 0x0000000055f7a800 6081       3       org.apache.catalina.connector.RequestFacade::removeAttribute (32 bytes)
Event: 138.114 Thread 0x0000000055f7a800 nmethod 6081 0x000000000373ce90 code [0x000000000373d020, 0x000000000373d308]
Event: 138.114 Thread 0x0000000055f7a800 6082   !   3       org.apache.catalina.connector.Request::notifyAttributeRemoved (142 bytes)
Event: 138.117 Thread 0x0000000055f7a800 nmethod 6082 0x000000000373d450 code [0x000000000373d700, 0x000000000373e808]

GC Heap History (10 events):
Event: 51.338 GC heap before
{Heap before GC invocations=28 (full 2):
 PSYoungGen      total 116224K, used 3411K [0x00000000eb180000, 0x00000000f2a80000, 0x0000000100000000)
  eden space 108544K, 0% used [0x00000000eb180000,0x00000000eb180000,0x00000000f1b80000)
  from space 7680K, 44% used [0x00000000f2300000,0x00000000f2654d20,0x00000000f2a80000)
  to   space 7680K, 0% used [0x00000000f1b80000,0x00000000f1b80000,0x00000000f2300000)
 ParOldGen       total 28672K, used 20625K [0x00000000c1400000, 0x00000000c3000000, 0x00000000eb180000)
  object space 28672K, 71% used [0x00000000c1400000,0x00000000c28245b8,0x00000000c3000000)
 Metaspace       used 34914K, capacity 35216K, committed 35496K, reserved 1081344K
  class space    used 4419K, capacity 4493K, committed 4520K, reserved 1048576K
Event: 51.482 GC heap after
Heap after GC invocations=28 (full 2):
 PSYoungGen      total 116224K, used 0K [0x00000000eb180000, 0x00000000f2a80000, 0x0000000100000000)
  eden space 108544K, 0% used [0x00000000eb180000,0x00000000eb180000,0x00000000f1b80000)
  from space 7680K, 0% used [0x00000000f2300000,0x00000000f2300000,0x00000000f2a80000)
  to   space 7680K, 0% used [0x00000000f1b80000,0x00000000f1b80000,0x00000000f2300000)
 ParOldGen       total 45056K, used 22426K [0x00000000c1400000, 0x00000000c4000000, 0x00000000eb180000)
  object space 45056K, 49% used [0x00000000c1400000,0x00000000c29e6858,0x00000000c4000000)
 Metaspace       used 34914K, capacity 35216K, committed 35496K, reserved 1081344K
  class space    used 4419K, capacity 4493K, committed 4520K, reserved 1048576K
}
Event: 55.834 GC heap before
{Heap before GC invocations=29 (full 2):
 PSYoungGen      total 116224K, used 108544K [0x00000000eb180000, 0x00000000f2a80000, 0x0000000100000000)
  eden space 108544K, 100% used [0x00000000eb180000,0x00000000f1b80000,0x00000000f1b80000)
  from space 7680K, 0% used [0x00000000f2300000,0x00000000f2300000,0x00000000f2a80000)
  to   space 7680K, 0% used [0x00000000f1b80000,0x00000000f1b80000,0x00000000f2300000)
 ParOldGen       total 45056K, used 22426K [0x00000000c1400000, 0x00000000c4000000, 0x00000000eb180000)
  object space 45056K, 49% used [0x00000000c1400000,0x00000000c29e6858,0x00000000c4000000)
 Metaspace       used 41239K, capacity 41784K, committed 42280K, reserved 1085440K
  class space    used 5388K, capacity 5558K, committed 5672K, reserved 1048576K
Event: 55.895 GC heap after
Heap after GC invocations=29 (full 2):
 PSYoungGen      total 116224K, used 7587K [0x00000000eb180000, 0x00000000f4680000, 0x0000000100000000)
  eden space 108544K, 0% used [0x00000000eb180000,0x00000000eb180000,0x00000000f1b80000)
  from space 7680K, 98% used [0x00000000f1b80000,0x00000000f22e8f40,0x00000000f2300000)
  to   space 8704K, 0% used [0x00000000f3e00000,0x00000000f3e00000,0x00000000f4680000)
 ParOldGen       total 45056K, used 22434K [0x00000000c1400000, 0x00000000c4000000, 0x00000000eb180000)
  object space 45056K, 49% used [0x00000000c1400000,0x00000000c29e8858,0x00000000c4000000)
 Metaspace       used 41239K, capacity 41784K, committed 42280K, reserved 1085440K
  class space    used 5388K, capacity 5558K, committed 5672K, reserved 1048576K
}
Event: 57.060 GC heap before
{Heap before GC invocations=30 (full 2):
 PSYoungGen      total 116224K, used 116131K [0x00000000eb180000, 0x00000000f4680000, 0x0000000100000000)
  eden space 108544K, 100% used [0x00000000eb180000,0x00000000f1b80000,0x00000000f1b80000)
  from space 7680K, 98% used [0x00000000f1b80000,0x00000000f22e8f40,0x00000000f2300000)
  to   space 8704K, 0% used [0x00000000f3e00000,0x00000000f3e00000,0x00000000f4680000)
 ParOldGen       total 45056K, used 22434K [0x00000000c1400000, 0x00000000c4000000, 0x00000000eb180000)
  object space 45056K, 49% used [0x00000000c1400000,0x00000000c29e8858,0x00000000c4000000)
 Metaspace       used 43020K, capacity 43536K, committed 43944K, reserved 1087488K
  class space    used 5628K, capacity 5754K, committed 5800K, reserved 1048576K
Event: 57.096 GC heap after
Heap after GC invocations=30 (full 2):
 PSYoungGen      total 143360K, used 5524K [0x00000000eb180000, 0x00000000f4800000, 0x0000000100000000)
  eden space 134656K, 0% used [0x00000000eb180000,0x00000000eb180000,0x00000000f3500000)
  from space 8704K, 63% used [0x00000000f3e00000,0x00000000f43652e0,0x00000000f4680000)
  to   space 9216K, 0% used [0x00000000f3500000,0x00000000f3500000,0x00000000f3e00000)
 ParOldGen       total 45056K, used 26688K [0x00000000c1400000, 0x00000000c4000000, 0x00000000eb180000)
  object space 45056K, 59% used [0x00000000c1400000,0x00000000c2e102f8,0x00000000c4000000)
 Metaspace       used 43020K, capacity 43536K, committed 43944K, reserved 1087488K
  class space    used 5628K, capacity 5754K, committed 5800K, reserved 1048576K
}
Event: 58.593 GC heap before
{Heap before GC invocations=31 (full 2):
 PSYoungGen      total 143360K, used 140180K [0x00000000eb180000, 0x00000000f4800000, 0x0000000100000000)
  eden space 134656K, 100% used [0x00000000eb180000,0x00000000f3500000,0x00000000f3500000)
  from space 8704K, 63% used [0x00000000f3e00000,0x00000000f43652e0,0x00000000f4680000)
  to   space 9216K, 0% used [0x00000000f3500000,0x00000000f3500000,0x00000000f3e00000)
 ParOldGen       total 45056K, used 26688K [0x00000000c1400000, 0x00000000c4000000, 0x00000000eb180000)
  object space 45056K, 59% used [0x00000000c1400000,0x00000000c2e102f8,0x00000000c4000000)
 Metaspace       used 45003K, capacity 45538K, committed 46120K, reserved 1089536K
  class space    used 5916K, capacity 6077K, committed 6184K, reserved 1048576K
Event: 58.637 GC heap after
Heap after GC invocations=31 (full 2):
 PSYoungGen      total 143872K, used 5252K [0x00000000eb180000, 0x00000000f6800000, 0x0000000100000000)
  eden space 134656K, 0% used [0x00000000eb180000,0x00000000eb180000,0x00000000f3500000)
  from space 9216K, 56% used [0x00000000f3500000,0x00000000f3a21088,0x00000000f3e00000)
  to   space 9216K, 0% used [0x00000000f5f00000,0x00000000f5f00000,0x00000000f6800000)
 ParOldGen       total 45056K, used 30700K [0x00000000c1400000, 0x00000000c4000000, 0x00000000eb180000)
  object space 45056K, 68% used [0x00000000c1400000,0x00000000c31fb318,0x00000000c4000000)
 Metaspace       used 45003K, capacity 45538K, committed 46120K, reserved 1089536K
  class space    used 5916K, capacity 6077K, committed 6184K, reserved 1048576K
}
Event: 60.609 GC heap before
{Heap before GC invocations=32 (full 2):
 PSYoungGen      total 143872K, used 139908K [0x00000000eb180000, 0x00000000f6800000, 0x0000000100000000)
  eden space 134656K, 100% used [0x00000000eb180000,0x00000000f3500000,0x00000000f3500000)
  from space 9216K, 56% used [0x00000000f3500000,0x00000000f3a21088,0x00000000f3e00000)
  to   space 9216K, 0% used [0x00000000f5f00000,0x00000000f5f00000,0x00000000f6800000)
 ParOldGen       total 45056K, used 30700K [0x00000000c1400000, 0x00000000c4000000, 0x00000000eb180000)
  object space 45056K, 68% used [0x00000000c1400000,0x00000000c31fb318,0x00000000c4000000)
 Metaspace       used 47033K, capacity 47772K, committed 47912K, reserved 1091584K
  class space    used 6167K, capacity 6332K, committed 6440K, reserved 1048576K
Event: 60.666 GC heap after
Heap after GC invocations=32 (full 2):
 PSYoungGen      total 177152K, used 6023K [0x00000000eb180000, 0x00000000f6900000, 0x0000000100000000)
  eden space 167936K, 0% used [0x00000000eb180000,0x00000000eb180000,0x00000000f5580000)
  from space 9216K, 65% used [0x00000000f5f00000,0x00000000f64e1c68,0x00000000f6800000)
  to   space 9728K, 0% used [0x00000000f5580000,0x00000000f5580000,0x00000000f5f00000)
 ParOldGen       total 45056K, used 34028K [0x00000000c1400000, 0x00000000c4000000, 0x00000000eb180000)
  object space 45056K, 75% used [0x00000000c1400000,0x00000000c353b1a8,0x00000000c4000000)
 Metaspace       used 47033K, capacity 47772K, committed 47912K, reserved 1091584K
  class space    used 6167K, capacity 6332K, committed 6440K, reserved 1048576K
}

Deoptimization events (10 events):
Event: 76.758 Thread 0x000000005c96d000 Uncommon trap: reason=unstable_if action=reinterpret pc=0x0000000003569480 method=java.lang.Class.annotationData()Ljava/lang/Class$AnnotationData; @ 36
Event: 77.334 Thread 0x000000005c96d000 Uncommon trap: reason=unstable_if action=reinterpret pc=0x0000000003350c4c method=java.lang.StringCoding.safeTrim([CILjava/nio/charset/Charset;Z)[C @ 3
Event: 77.334 Thread 0x000000005c96c000 Uncommon trap: reason=unstable_if action=reinterpret pc=0x0000000003350c4c method=java.lang.StringCoding.safeTrim([CILjava/nio/charset/Charset;Z)[C @ 3
Event: 77.605 Thread 0x000000005ca6e800 Uncommon trap: reason=bimorphic action=maybe_recompile pc=0x0000000003279f44 method=java.util.HashMap.removeNode(ILjava/lang/Object;Ljava/lang/Object;ZZ)Ljava/util/HashMap$Node; @ 68
Event: 78.320 Thread 0x000000005ca6f000 Uncommon trap: reason=bimorphic action=maybe_recompile pc=0x0000000003279f44 method=java.util.HashMap.removeNode(ILjava/lang/Object;Ljava/lang/Object;ZZ)Ljava/util/HashMap$Node; @ 68
Event: 93.116 Thread 0x000000005c96d800 Uncommon trap: reason=unstable_if action=reinterpret pc=0x0000000002f9110c method=freemarker.template.Template$LineTableBuilder.handleChar(I)V @ 131
Event: 93.125 Thread 0x000000005c96d800 Uncommon trap: reason=unstable_if action=reinterpret pc=0x0000000002c09c90 method=java.lang.Integer.getChars(II[C)V @ 7
Event: 93.794 Thread 0x000000005c96b000 Uncommon trap: reason=bimorphic action=maybe_recompile pc=0x0000000003279f44 method=java.util.HashMap.removeNode(ILjava/lang/Object;Ljava/lang/Object;ZZ)Ljava/util/HashMap$Node; @ 68
Event: 132.904 Thread 0x000000005d106800 Uncommon trap: reason=unstable_if action=reinterpret pc=0x00000000031b07b0 method=java.nio.Buffer.limit(I)Ljava/nio/Buffer; @ 33
Event: 133.008 Thread 0x000000005c96b000 Uncommon trap: reason=bimorphic action=maybe_recompile pc=0x0000000003279f44 method=java.util.HashMap.removeNode(ILjava/lang/Object;Ljava/lang/Object;ZZ)Ljava/util/HashMap$Node; @ 68

Internal exceptions (10 events):
Event: 93.383 Thread 0x000000005c96d800 Exception <a 'java/lang/ClassNotFoundException': com/netflix/eureka/registry/PeerAwareInstanceRegistryImplCustomizer> (0x00000000f118c1d8) thrown at [C:\re\workspace\8-2-build-windows-amd64-cygwin\jdk8u91\7017\hotspot\src\share\vm\classfile\systemDictionarîz˘£XW@
Event: 93.385 Thread 0x000000005c96d800 Exception <a 'java/lang/ClassNotFoundException': org/springframework/cloud/netflix/eureka/server/InstanceRegistryCustomizer> (0x00000000f11cb300) thrown at [C:\re\workspace\8-2-build-windows-amd64-cygwin\jdk8u91\7017\hotspot\src\share\vm\classfile\systemDiùh·_dYW@
Event: 93.397 Thread 0x000000005c96d800 Exception <a 'java/lang/ClassNotFoundException': java/util/LinkedHashMap$EntryBeanInfo> (0x00000000f124c810) thrown at [C:\re\workspace\8-2-build-windows-amd64-cygwin\jdk8u91\7017\hotspot\src\share\vm\classfile\systemDictionary.cpp, line 210]
Event: 93.398 Thread 0x000000005c96d800 Exception <a 'java/lang/ClassNotFoundException': java/util/HashMap$NodeBeanInfo> (0x00000000f1259d68) thrown at [C:\re\workspace\8-2-build-windows-amd64-cygwin\jdk8u91\7017\hotspot\src\share\vm\classfile\systemDictionary.cpp, line 210]
Event: 93.398 Thread 0x000000005c96d800 Exception <a 'java/lang/ClassNotFoundException': java/util/HashMap$NodeCustomizer> (0x00000000f12679b8) thrown at [C:\re\workspace\8-2-build-windows-amd64-cygwin\jdk8u91\7017\hotspot\src\share\vm\classfile\systemDictionary.cpp, line 210]
Event: 93.434 Thread 0x000000005c96d800 Exception <a 'java/lang/ClassNotFoundException': java/util/LinkedHashMap$EntryCustomizer> (0x00000000f1280640) thrown at [C:\re\workspace\8-2-build-windows-amd64-cygwin\jdk8u91\7017\hotspot\src\share\vm\classfile\systemDictionary.cpp, line 210]
Event: 93.436 Thread 0x000000005c96d800 Exception <a 'java/lang/ClassNotFoundException': com/netflix/eureka/util/StatusInfoBeanInfo> (0x00000000f12a3c10) thrown at [C:\re\workspace\8-2-build-windows-amd64-cygwin\jdk8u91\7017\hotspot\src\share\vm\classfile\systemDictionary.cpp, line 210]
Event: 93.438 Thread 0x000000005c96d800 Exception <a 'java/lang/ClassNotFoundException': com/netflix/eureka/util/StatusInfoCustomizer> (0x00000000f12c0c88) thrown at [C:\re\workspace\8-2-build-windows-amd64-cygwin\jdk8u91\7017\hotspot\src\share\vm\classfile\systemDictionary.cpp, line 210]
Event: 93.927 Thread 0x000000005d105000 Exception <a 'java/io/FileNotFoundException'> (0x00000000f14a2660) thrown at [C:\re\workspace\8-2-build-windows-amd64-cygwin\jdk8u91\7017\hotspot\src\share\vm\prims\jni.cpp, line 709]
Event: 93.927 Thread 0x000000005d105000 Exception <a 'java/io/FileNotFoundException'> (0x00000000f14a33a8) thrown at [C:\re\workspace\8-2-build-windows-amd64-cygwin\jdk8u91\7017\hotspot\src\share\vm\prims\jni.cpp, line 709]

Events (10 events):
Event: 132.932 Executing VM operation: RevokeBias done
Event: 132.932 Executing VM operation: RevokeBias
Event: 132.932 Executing VM operation: RevokeBias done
Event: 132.932 Executing VM operation: RevokeBias
Event: 132.932 Executing VM operation: RevokeBias done
Event: 132.932 Executing VM operation: RevokeBias
Event: 132.932 Executing VM operation: RevokeBias done
Event: 133.008 Thread 0x000000005c96b000 Uncommon trap: trap_request=0xffffffc6 fr.pc=0x0000000003279f44
Event: 133.008 Thread 0x000000005c96b000 DEOPT PACKING pc=0x0000000003279f44 sp=0x00000000625fef40
Event: 133.008 Thread 0x000000005c96b000 DEOPT UNPACKING pc=0x00000000025f582a sp=0x00000000625feea0 mode 2


Dynamic libraries:
0x000000013ff30000 - 0x000000013ff67000 	D:\setup\jdk1.8\bin\javaw.exe
0x0000000076e70000 - 0x000000007701a000 	C:\Windows\SYSTEM32\ntdll.dll
0x0000000076d50000 - 0x0000000076e6f000 	C:\Windows\system32\kernel32.dll
0x000007fefcd20000 - 0x000007fefcd8b000 	C:\Windows\system32\KERNELBASE.dll
0x000007fefea90000 - 0x000007fefeb6b000 	C:\Windows\system32\ADVAPI32.dll
0x000007fefd1f0000 - 0x000007fefd28f000 	C:\Windows\system32\msvcrt.dll
0x000007fefd360000 - 0x000007fefd37f000 	C:\Windows\SYSTEM32\sechost.dll
0x000007fefd0c0000 - 0x000007fefd1ed000 	C:\Windows\system32\RPCRT4.dll
0x0000000076c50000 - 0x0000000076d4a000 	C:\Windows\system32\USER32.dll
0x000007feff060000 - 0x000007feff0c7000 	C:\Windows\system32\GDI32.dll
0x000007fefea80000 - 0x000007fefea8e000 	C:\Windows\system32\LPK.dll
0x000007fefe500000 - 0x000007fefe5ca000 	C:\Windows\system32\USP10.dll
0x000007fefb710000 - 0x000007fefb904000 	C:\Windows\WinSxS\amd64_microsoft.windows.common-controls_6595b64144ccf1df_6.0.7601.18837_none_fa3b1e3d17594757\COMCTL32.dll
0x000007fefe3a0000 - 0x000007fefe411000 	C:\Windows\system32\SHLWAPI.dll
0x000007fefd330000 - 0x000007fefd35e000 	C:\Windows\system32\IMM32.DLL
0x000007fefe5d0000 - 0x000007fefe6d9000 	C:\Windows\system32\MSCTF.dll
0x000000006e7f0000 - 0x000000006e8c2000 	D:\setup\jdk1.8\bin\msvcr100.dll
0x00000000634a0000 - 0x0000000063d33000 	D:\setup\jdk1.8\bin\server\jvm.dll
0x000007feee920000 - 0x000007feee929000 	C:\Windows\system32\WSOCK32.dll
0x000007fefd070000 - 0x000007fefd0bd000 	C:\Windows\system32\WS2_32.dll
0x000007feff0d0000 - 0x000007feff0d8000 	C:\Windows\system32\NSI.dll
0x000007fefa540000 - 0x000007fefa57b000 	C:\Windows\system32\WINMM.dll
0x000007fefbda0000 - 0x000007fefbdac000 	C:\Windows\system32\VERSION.dll
0x0000000077030000 - 0x0000000077037000 	C:\Windows\system32\PSAPI.DLL
0x0000000072700000 - 0x000000007270f000 	D:\setup\jdk1.8\bin\verify.dll
0x000000006f4d0000 - 0x000000006f4f9000 	D:\setup\jdk1.8\bin\java.dll
0x000000006f490000 - 0x000000006f4a6000 	D:\setup\jdk1.8\bin\zip.dll
0x000007fefd3e0000 - 0x000007fefe169000 	C:\Windows\system32\SHELL32.dll
0x000007fefe190000 - 0x000007fefe393000 	C:\Windows\system32\ole32.dll
0x000007fefccc0000 - 0x000007fefcccf000 	C:\Windows\system32\profapi.dll
0x0000000072b10000 - 0x0000000072b1d000 	D:\setup\jdk1.8\bin\management.dll
0x000000006f420000 - 0x000000006f43a000 	D:\setup\jdk1.8\bin\net.dll
0x000007fefc490000 - 0x000007fefc4e5000 	C:\Windows\system32\mswsock.dll
0x000007fefc480000 - 0x000007fefc487000 	C:\Windows\System32\wship6.dll
0x000000006f400000 - 0x000000006f411000 	D:\setup\jdk1.8\bin\nio.dll
0x000007fefb040000 - 0x000007fefb055000 	C:\Windows\system32\NLAapi.dll
0x000007fefa8c0000 - 0x000007fefa8d5000 	C:\Windows\system32\napinsp.dll
0x000007fefa8a0000 - 0x000007fefa8b9000 	C:\Windows\system32\pnrpnsp.dll
0x000007fefc2d0000 - 0x000007fefc32b000 	C:\Windows\system32\DNSAPI.dll
0x000007fefac80000 - 0x000007fefac8b000 	C:\Windows\System32\winrnr.dll
0x000007fefa890000 - 0x000007fefa8a0000 	C:\Windows\system32\wshbth.dll
0x000007fefbe70000 - 0x000007fefbe77000 	C:\Windows\System32\wshtcpip.dll
0x000007fefa600000 - 0x000007fefa627000 	C:\Windows\system32\IPHLPAPI.DLL
0x000007fefa5f0000 - 0x000007fefa5fb000 	C:\Windows\system32\WINNSI.DLL
0x000007fefa880000 - 0x000007fefa888000 	C:\Windows\system32\rasadhlp.dll
0x000007fef9b10000 - 0x000007fef9b63000 	C:\Windows\System32\fwpuclnt.dll
0x000007fefc4f0000 - 0x000007fefc508000 	C:\Windows\system32\CRYPTSP.dll
0x000007fefc1b0000 - 0x000007fefc1f7000 	C:\Windows\system32\rsaenh.dll
0x000007fefccd0000 - 0x000007fefccee000 	C:\Windows\system32\USERENV.dll
0x000007fefcb50000 - 0x000007fefcb5f000 	C:\Windows\system32\CRYPTBASE.dll
0x000007fef9a70000 - 0x000007fef9a88000 	C:\Windows\system32\dhcpcsvc.DLL
0x000007fef9a50000 - 0x000007fef9a61000 	C:\Windows\system32\dhcpcsvc6.DLL
0x000000006f370000 - 0x000000006f394000 	D:\setup\jdk1.8\bin\sunec.dll

VM Arguments:
jvm_args: -Dcom.sun.management.jmxremote -Dcom.sun.management.jmxremote.port=13756 -Dcom.sun.management.jmxremote.authenticate=false -Dcom.sun.management.jmxremote.ssl=false -Djava.rmi.server.hostname=localhost -Dspring.liveBeansView.mbeanDomain -Dspring.application.admin.enabled=true -Dfile.encoding=UTF-8 
java_command: com.shiran.cloud.EurekaApplication --spring.output.ansi.enabled=always
java_class_path (initial): F:\setup\spring-tool-suite-3.8.4.RELEASE-e4.6.3-win32-x86_64\workspace\code\microservice-discovery-eureka\target\classes;F:\setup\apache-maven-3.3.9-bin\localrepositoryposition\org\springframework\cloud\spring-cloud-starter-eureka-server\1.2.1.RELEASE\spring-cloud-starter-eureka-server-1.2.1.RELEASE.jar;F:\setup\apache-maven-3.3.9-bin\localrepositoryposition\org\springframework\cloud\spring-cloud-starter\1.1.4.RELEASE\spring-cloud-starter-1.1.4.RELEASE.jar;F:\setup\apache-maven-3.3.9-bin\localrepositoryposition\org\springframework\cloud\spring-cloud-context\1.1.4.RELEASE\spring-cloud-context-1.1.4.RELEASE.jar;F:\setup\apache-maven-3.3.9-bin\localrepositoryposition\org\springframework\security\spring-security-crypto\4.1.4.RELEASE\spring-security-crypto-4.1.4.RELEASE.jar;F:\setup\apache-maven-3.3.9-bin\localrepositoryposition\org\springframework\cloud\spring-cloud-commons\1.1.4.RELEASE\spring-cloud-commons-1.1.4.RELEASE.jar;F:\setup\apache-maven-3.3.9-bin\localrepositoryposition\org\springframework\security\spring-security-rsa\1.0.3.RELEASE\spring-security-rsa-1.0.3.RELEASE.jar;F:\setup\apache-maven-3.3.9-bin\localrepositoryposition\org\bouncycastle\bcpkix-jdk15on\1.55\bcpkix-jdk15on-1.55.jar;F:\setup\apache-maven-3.3.9-bin\localrepositoryposition\org\bouncycastle\bcprov-jdk15on\1.55\bcprov-jdk15on-1.55.jar;F:\setup\apache-maven-3.3.9-bin\localrepositoryposition\org\springframework\cloud\spring-cloud-netflix-eureka-server\1.2.1.RELEASE\spring-cloud-netflix-eureka-server-1.2.1.RELEASE.jar;F:\setup\apache-maven-3.3.9-bin\localrepositoryposition\org\springframework\boot\spring-boot-starter-web\1.4.6.RELEASE\spring-boot-starter-web-1.4.6.RELEASE.jar;F:\setup\apache-maven-3.3.9-bin\localrepositoryposition\org\springframework\boot\spring-boot-starter-tomcat\1.4.6.RELEASE\spring-boot-starter-tomcat-1.4.6.RELEASE.jar;F:\setup\apache-maven-3.3.9-bin\localrepositoryposition\org\apache\tomcat\embed\tomcat-embed-core\8.5.13\tomcat-embed-core-8.5.13.ja
Launcher Type: SUN_STANDARD

Environment Variables:
JAVA_HOME=D:\setup\jdk1.7
PATH=D:/setup/jdk1.8/bin/server;D:/setup/jdk1.8/bin;D:/setup/jdk1.8/lib/amd64;C:\ProgramData\Oracle\Java\javapath;D:\setup\django\python3.5\Scripts\;D:\setup\django\python3.5\;D:\setup\armv1.2\bin;D:\setup\python2.7;D:\app\Administrator\product\11.1.0\db_2\bin;F:\setup\scala\bin;D:\java\apache-maven-2.2.1\bin;%M2_HOME%\bin;D:\setup\jdk1.7;D:\setup\python34\Scripts;D:\setup\python34;C:\Program Files (x86)\Common Files\NetSarang;D:\setup\jdk1.7\bin;C:\Windows\system32;C:\Windows;C:\Windows\System32\Wbem;C:\Windows\System32\WindowsPowerShell\v1.0\;F:\setup\scala\bin;C:\Program Files (x86)\Microsoft SQL Server\100\Tools\Binn\;C:\Program Files\Microsoft SQL Server\100\Tools\Binn\;C:\Program Files\Microsoft SQL Server\100\DTS\Binn\;C:\Program Files (x86)\Microsoft SQL Server\100\Tools\Binn\VSShell\Common7\IDE\;C:\Program Files (x86)\Microsoft Visual Studio 9.0\Common7\IDE\PrivateAssemblies\;C:\Program Files (x86)\Microsoft SQL Server\100\DTS\Binn\;D:\setup\git\Git\cmd;D:\setup\tortorsegit1.8\bin;F:\setup\spring-tool-suite-3.8.4.RELEASE-e4.6.3-win32-x86_64\sts-bundle\sts-3.8.4.RELEASE;
USERNAME=Administrator
OS=Windows_NT
PROCESSOR_IDENTIFIER=Intel64 Family 6 Model 60 Stepping 3, GenuineIntel



---------------  S Y S T E M  ---------------

OS: Windows 7 , 64 bit Build 7601 (6.1.7601.19135)

CPU:total 4 (2 cores per cpu, 2 threads per core) family 6 model 60 stepping 3, cmov, cx8, fxsr, mmx, sse, sse2, sse3, ssse3, sse4.1, sse4.2, popcnt, avx, avx2, aes, clmul, erms, lzcnt, ht, tsc, tscinvbit, bmi1, bmi2

Memory: 4k page, physical 4108656k(136480k free), swap 6643160k(6252k free)

vm_info: Java HotSpot(TM) 64-Bit Server VM (25.91-b15) for windows-amd64 JRE (1.8.0_91-b15), built on May 20 2016 17:43:15 by "java_re" with MS VC++ 10.0 (VS2010)

time: Tue May 23 12:23:59 2017
elapsed time: 140 seconds (0d 0h 2m 20s)

