#
# There is insufficient memory for the Java Runtime Environment to continue.
# Native memory allocation (malloc) failed to allocate 32744 bytes for ChunkPool::allocate
# Possible reasons:
#   The system is out of physical RAM or swap space
#   In 32 bit mode, the process size limit was hit
# Possible solutions:
#   Reduce memory load on the system
#   Increase physical memory or swap space
#   Check if swap backing store is full
#   Use 64 bit Java on a 64 bit OS
#   Decrease Java heap size (-Xmx/-Xms)
#   Decrease number of Java threads
#   Decrease Java thread stack sizes (-Xss)
#   Set larger code cache with -XX:ReservedCodeCacheSize=
# This output file may be truncated or incomplete.
#
#  Out of Memory Error (allocation.cpp:273), pid=9736, tid=10176
#
# JRE version: Java(TM) SE Runtime Environment (8.0_91-b15) (build 1.8.0_91-b15)
# Java VM: Java HotSpot(TM) 64-Bit Server VM (25.91-b15 mixed mode windows-amd64 compressed oops)
# Failed to write core dump. Minidumps are not enabled by default on client versions of Windows
#

---------------  T H R E A D  ---------------

Current thread (0x0000000054ebf800):  JavaThread "C2 CompilerThread0" daemon [_thread_in_native, id=10176, stack(0x0000000056a40000,0x0000000056b40000)]

Stack: [0x0000000056a40000,0x0000000056b40000]
[error occurred during error reporting (printing stack bounds), id 0xc0000005]

Native frames: (J=compiled Java code, j=interpreted, Vv=VM code, C=native code)


Current CompileTask:
C2:  88670 4453       4       com.sun.jersey.core.reflection.ReflectionHelper$9::run (5 bytes)


---------------  P R O C E S S  ---------------

Java Threads: ( => current thread )
  0x000000005cc0c000 JavaThread "Eureka-CacheFillTimer" daemon [_thread_blocked, id=5932, stack(0x0000000062270000,0x0000000062370000)]
  0x000000005cc0b800 JavaThread "Eureka-PeerNodesUpdater" daemon [_thread_blocked, id=9868, stack(0x0000000061230000,0x0000000061330000)]
  0x000000005cc0a800 JavaThread "TaskNonBatchingWorker-localhost-0" daemon [_thread_blocked, id=8584, stack(0x0000000062070000,0x0000000062170000)]
  0x000000005cc0a000 JavaThread "TaskAcceptor-localhost" daemon [_thread_blocked, id=9760, stack(0x0000000061e80000,0x0000000061f80000)]
  0x000000005cc09000 JavaThread "TaskBatchingWorker-target_localhost-19" daemon [_thread_blocked, id=8644, stack(0x0000000061d40000,0x0000000061e40000)]
  0x000000005cc08800 JavaThread "TaskBatchingWorker-target_localhost-18" daemon [_thread_blocked, id=6268, stack(0x0000000061110000,0x0000000061210000)]
  0x000000005cc07800 JavaThread "TaskBatchingWorker-target_localhost-17" daemon [_thread_blocked, id=8172, stack(0x0000000060f70000,0x0000000061070000)]
  0x000000005cc07000 JavaThread "TaskBatchingWorker-target_localhost-16" daemon [_thread_blocked, id=7460, stack(0x0000000060e60000,0x0000000060f60000)]
  0x000000005cc06000 JavaThread "TaskBatchingWorker-target_localhost-15" daemon [_thread_blocked, id=5068, stack(0x0000000060d10000,0x0000000060e10000)]
  0x000000005cc05800 JavaThread "TaskBatchingWorker-target_localhost-14" daemon [_thread_blocked, id=6272, stack(0x0000000060c00000,0x0000000060d00000)]
  0x000000005cc04800 JavaThread "TaskBatchingWorker-target_localhost-13" daemon [_thread_blocked, id=9876, stack(0x0000000060970000,0x0000000060a70000)]
  0x000000005cc04000 JavaThread "TaskBatchingWorker-target_localhost-12" daemon [_thread_blocked, id=6328, stack(0x0000000060a70000,0x0000000060b70000)]
  0x000000005cc03000 JavaThread "TaskBatchingWorker-target_localhost-11" daemon [_thread_blocked, id=1544, stack(0x0000000060700000,0x0000000060800000)]
  0x000000005cc02800 JavaThread "TaskBatchingWorker-target_localhost-10" daemon [_thread_blocked, id=9096, stack(0x0000000060840000,0x0000000060940000)]
  0x000000005cc01800 JavaThread "TaskBatchingWorker-target_localhost-9" daemon [_thread_blocked, id=7296, stack(0x000000005fb00000,0x000000005fc00000)]
  0x000000005c4a0000 JavaThread "TaskBatchingWorker-target_localhost-8" daemon [_thread_blocked, id=8324, stack(0x0000000060560000,0x0000000060660000)]
  0x000000005c49f000 JavaThread "TaskBatchingWorker-target_localhost-7" daemon [_thread_blocked, id=9120, stack(0x0000000060460000,0x0000000060560000)]
  0x000000005c49e800 JavaThread "TaskBatchingWorker-target_localhost-6" daemon [_thread_blocked, id=5520, stack(0x0000000060330000,0x0000000060430000)]
  0x000000005c49d800 JavaThread "TaskBatchingWorker-target_localhost-5" daemon [_thread_blocked, id=8964, stack(0x000000005c040000,0x000000005c140000)]
  0x000000005c49d000 JavaThread "TaskBatchingWorker-target_localhost-4" daemon [_thread_blocked, id=5960, stack(0x0000000055c90000,0x0000000055d90000)]
  0x000000005c49c000 JavaThread "TaskBatchingWorker-target_localhost-3" daemon [_thread_blocked, id=7452, stack(0x0000000060030000,0x0000000060130000)]
  0x000000005c49b800 JavaThread "TaskBatchingWorker-target_localhost-2" daemon [_thread_blocked, id=10092, stack(0x0000000060130000,0x0000000060230000)]
  0x000000005c49a800 JavaThread "TaskBatchingWorker-target_localhost-1" daemon [_thread_blocked, id=9228, stack(0x000000005fef0000,0x000000005fff0000)]
  0x000000005c49a000 JavaThread "TaskBatchingWorker-target_localhost-0" daemon [_thread_blocked, id=2288, stack(0x00000000022d0000,0x00000000023d0000)]
  0x000000005c499000 JavaThread "StatsMonitor-0" daemon [_thread_blocked, id=3112, stack(0x000000005fdb0000,0x000000005feb0000)]
  0x000000005c498800 JavaThread "TaskAcceptor-target_localhost" daemon [_thread_blocked, id=5972, stack(0x000000005fc20000,0x000000005fd20000)]
  0x000000005c497800 JavaThread "Eureka-JerseyClient-Conn-Cleaner2" daemon [_thread_blocked, id=3472, stack(0x000000005f3a0000,0x000000005f4a0000)]
  0x000000005c496000 JavaThread "Eureka-MeasureRateTimer" daemon [_thread_blocked, id=4652, stack(0x000000005f7f0000,0x000000005f8f0000)]
  0x000000005c495800 JavaThread "ReplicaAwareInstanceRegistry - RenewalThresholdUpdater" daemon [_thread_blocked, id=9700, stack(0x0000000057df0000,0x0000000057ef0000)]
  0x000000005c494800 JavaThread "Eureka-MeasureRateTimer" daemon [_thread_blocked, id=8184, stack(0x000000005f610000,0x000000005f710000)]
  0x000000005c494000 JavaThread "Eureka-EvictionTimer" daemon [_thread_blocked, id=9972, stack(0x000000005f4c0000,0x000000005f5c0000)]
  0x000000005c493000 JavaThread "Eureka-DeltaRetentionTimer" daemon [_thread_blocked, id=7804, stack(0x000000005f2a0000,0x000000005f3a0000)]
  0x000000005c492800 JavaThread "spring.cloud.inetutils" daemon [_thread_blocked, id=9212, stack(0x000000005def0000,0x000000005dff0000)]
  0x000000005c491800 JavaThread "container-0" [_thread_blocked, id=8296, stack(0x000000005f180000,0x000000005f280000)]
  0x000000005c491000 JavaThread "ContainerBackgroundProcessor[StandardEngine[Tomcat]]" daemon [_thread_blocked, id=10028, stack(0x000000005f010000,0x000000005f110000)]
  0x000000005769b000 JavaThread "RMI TCP Accept-0" daemon [_thread_in_native, id=6636, stack(0x0000000057cf0000,0x0000000057df0000)]
  0x000000005774b800 JavaThread "RMI TCP Accept-3525" daemon [_thread_in_native, id=156, stack(0x0000000057b90000,0x0000000057c90000)]
  0x0000000057742800 JavaThread "RMI TCP Accept-0" daemon [_thread_in_native, id=4836, stack(0x0000000056910000,0x0000000056a10000)]
  0x00000000563fe000 JavaThread "Service Thread" daemon [_thread_blocked, id=9292, stack(0x0000000056e70000,0x0000000056f70000)]
  0x000000005637e800 JavaThread "C1 CompilerThread2" daemon [_thread_blocked, id=6912, stack(0x0000000056cd0000,0x0000000056dd0000)]
  0x000000005636f000 JavaThread "C2 CompilerThread1" daemon [_thread_in_native, id=3100, stack(0x0000000056bb0000,0x0000000056cb0000)]
=>0x0000000054ebf800 JavaThread "C2 CompilerThread0" daemon [_thread_in_native, id=10176, stack(0x0000000056a40000,0x0000000056b40000)]
  0x0000000054ebc000 JavaThread "Attach Listener" daemon [_thread_blocked, id=10060, stack(0x00000000567f0000,0x00000000568f0000)]
  0x0000000054eba000 JavaThread "Signal Dispatcher" daemon [_thread_blocked, id=9864, stack(0x0000000055ed0000,0x0000000055fd0000)]
  0x0000000054ea1000 JavaThread "Finalizer" daemon [_thread_blocked, id=8260, stack(0x0000000056240000,0x0000000056340000)]
  0x0000000054e5a000 JavaThread "Reference Handler" daemon [_thread_blocked, id=9620, stack(0x0000000056000000,0x0000000056100000)]
  0x00000000020bf800 JavaThread "main" [_thread_in_native, id=8208, stack(0x00000000023d0000,0x00000000024d0000)]

Other Threads:
  0x0000000054e52800 VMThread [stack: 0x0000000055d90000,0x0000000055e90000] [id=4092]
  0x00000000576ad000 WatcherThread [stack: 0x0000000057ef0000,0x0000000057ff0000] [id=5456]

VM state:not at safepoint (normal execution)

VM Mutex/Monitor currently owned by a thread: None

Heap:
 PSYoungGen      total 215040K, used 81993K [0x00000000eb180000, 0x00000000fec80000, 0x0000000100000000)
  eden space 204800K, 35% used [0x00000000eb180000,0x00000000ef799b78,0x00000000f7980000)
  from space 10240K, 99% used [0x00000000f7980000,0x00000000f8378a70,0x00000000f8380000)
  to   space 12288K, 0% used [0x00000000fe080000,0x00000000fe080000,0x00000000fec80000)
 ParOldGen       total 52736K, used 26075K [0x00000000c1400000, 0x00000000c4780000, 0x00000000eb180000)
  object space 52736K, 49% used [0x00000000c1400000,0x00000000c2d76ee8,0x00000000c4780000)
 Metaspace       used 43239K, capacity 43696K, committed 43944K, reserved 1087488K
  class space    used 5651K, capacity 5786K, committed 5800K, reserved 1048576K

Card table byte_map: [0x0000000011890000,0x0000000011a90000] byte_map_base: 0x0000000011286000

Marking Bits: (ParMarkBitMap*) 0x0000000061bb2f70
 Begin Bits: [0x0000000012360000, 0x0000000013310000)
 End Bits:   [0x0000000013310000, 0x00000000142c0000)

Polling page: 0x0000000000300000

CodeCache: size=245760Kb used=15403Kb max_used=15403Kb free=230356Kb
 bounds [0x00000000024d0000, 0x00000000033f0000, 0x00000000114d0000]
 total_blobs=4503 nmethods=4062 adapters=353
 compilation: enabled

Compilation events (10 events):
Event: 88.574 Thread 0x000000005637e800 4834       2       org.springframework.beans.factory.BeanFactoryUtils::beanNamesForTypeIncludingAncestors (159 bytes)
Event: 88.575 Thread 0x000000005637e800 nmethod 4834 0x00000000033e5890 code [0x00000000033e5ac0, 0x00000000033e6408]
Event: 88.585 Thread 0x000000005637e800 4835       2       org.springframework.beans.factory.support.AbstractAutowireCapableBeanFactory::filterPropertyDescriptorsForDependencyCheck (64 bytes)
Event: 88.585 Thread 0x000000005637e800 nmethod 4835 0x00000000033e6cd0 code [0x00000000033e6e60, 0x00000000033e71a8]
Event: 88.585 Thread 0x000000005637e800 4836   !   2       org.springframework.beans.factory.support.AbstractBeanFactory::registerCustomEditors (293 bytes)
Event: 88.588 Thread 0x000000005637e800 nmethod 4836 0x00000000033e73d0 code [0x00000000033e7740, 0x00000000033e8488]
Event: 88.589 Thread 0x000000005637e800 4837   !   2       org.springframework.core.$Proxy6::getActualTypeArguments (29 bytes)
Event: 88.589 Thread 0x000000005637e800 nmethod 4837 0x00000000033e9150 code [0x00000000033e92e0, 0x00000000033e95b8]
Event: 88.598 Thread 0x000000005637e800 4838   !   2       org.springframework.beans.factory.support.AbstractAutowireCapableBeanFactory::applyPropertyValues (464 bytes)
Event: 88.602 Thread 0x000000005637e800 nmethod 4838 0x00000000033e9750 code [0x00000000033e9ae0, 0x00000000033eb448]

GC Heap History (10 events):
Event: 52.268 GC heap before
{Heap before GC invocations=13 (full 1):
 PSYoungGen      total 99328K, used 93613K [0x00000000eb180000, 0x00000000f4a00000, 0x0000000100000000)
  eden space 91136K, 100% used [0x00000000eb180000,0x00000000f0a80000,0x00000000f0a80000)
  from space 8192K, 30% used [0x00000000f0a80000,0x00000000f0ceb5a8,0x00000000f1280000)
  to   space 8192K, 0% used [0x00000000f4200000,0x00000000f4200000,0x00000000f4a00000)
 ParOldGen       total 31232K, used 12904K [0x00000000c1400000, 0x00000000c3280000, 0x00000000eb180000)
  object space 31232K, 41% used [0x00000000c1400000,0x00000000c209a210,0x00000000c3280000)
 Metaspace       used 27267K, capacity 27612K, committed 27904K, reserved 1073152K
  class space    used 3472K, capacity 3551K, committed 3584K, reserved 1048576K
Event: 52.277 GC heap after
Heap after GC invocations=13 (full 1):
 PSYoungGen      total 143872K, used 4200K [0x00000000eb180000, 0x00000000f4780000, 0x0000000100000000)
  eden space 138240K, 0% used [0x00000000eb180000,0x00000000eb180000,0x00000000f3880000)
  from space 5632K, 74% used [0x00000000f4200000,0x00000000f461a320,0x00000000f4780000)
  to   space 7680K, 0% used [0x00000000f3880000,0x00000000f3880000,0x00000000f4000000)
 ParOldGen       total 31232K, used 14115K [0x00000000c1400000, 0x00000000c3280000, 0x00000000eb180000)
  object space 31232K, 45% used [0x00000000c1400000,0x00000000c21c8f30,0x00000000c3280000)
 Metaspace       used 27267K, capacity 27612K, committed 27904K, reserved 1073152K
  class space    used 3472K, capacity 3551K, committed 3584K, reserved 1048576K
}
Event: 68.634 GC heap before
{Heap before GC invocations=14 (full 1):
 PSYoungGen      total 143872K, used 142440K [0x00000000eb180000, 0x00000000f4780000, 0x0000000100000000)
  eden space 138240K, 100% used [0x00000000eb180000,0x00000000f3880000,0x00000000f3880000)
  from space 5632K, 74% used [0x00000000f4200000,0x00000000f461a320,0x00000000f4780000)
  to   space 7680K, 0% used [0x00000000f3880000,0x00000000f3880000,0x00000000f4000000)
 ParOldGen       total 31232K, used 14115K [0x00000000c1400000, 0x00000000c3280000, 0x00000000eb180000)
  object space 31232K, 45% used [0x00000000c1400000,0x00000000c21c8f30,0x00000000c3280000)
 Metaspace       used 32095K, capacity 32460K, committed 32768K, reserved 1077248K
  class space    used 3992K, capacity 4071K, committed 4096K, reserved 1048576K
Event: 68.683 GC heap after
Heap after GC invocations=14 (full 1):
 PSYoungGen      total 145920K, used 7654K [0x00000000eb180000, 0x00000000f8f80000, 0x0000000100000000)
  eden space 138240K, 0% used [0x00000000eb180000,0x00000000eb180000,0x00000000f3880000)
  from space 7680K, 99% used [0x00000000f3880000,0x00000000f3ff98b0,0x00000000f4000000)
  to   space 10240K, 0% used [0x00000000f8580000,0x00000000f8580000,0x00000000f8f80000)
 ParOldGen       total 31232K, used 18188K [0x00000000c1400000, 0x00000000c3280000, 0x00000000eb180000)
  object space 31232K, 58% used [0x00000000c1400000,0x00000000c25c31a8,0x00000000c3280000)
 Metaspace       used 32095K, capacity 32460K, committed 32768K, reserved 1077248K
  class space    used 3992K, capacity 4071K, committed 4096K, reserved 1048576K
}
Event: 73.214 GC heap before
{Heap before GC invocations=15 (full 1):
 PSYoungGen      total 145920K, used 101540K [0x00000000eb180000, 0x00000000f8f80000, 0x0000000100000000)
  eden space 138240K, 67% used [0x00000000eb180000,0x00000000f0d2f8b0,0x00000000f3880000)
  from space 7680K, 99% used [0x00000000f3880000,0x00000000f3ff98b0,0x00000000f4000000)
  to   space 10240K, 0% used [0x00000000f8580000,0x00000000f8580000,0x00000000f8f80000)
 ParOldGen       total 31232K, used 18188K [0x00000000c1400000, 0x00000000c3280000, 0x00000000eb180000)
  object space 31232K, 58% used [0x00000000c1400000,0x00000000c25c31a8,0x00000000c3280000)
 Metaspace       used 34899K, capacity 35216K, committed 35496K, reserved 1081344K
  class space    used 4419K, capacity 4493K, committed 4520K, reserved 1048576K
Event: 73.239 GC heap after
Heap after GC invocations=15 (full 1):
 PSYoungGen      total 212992K, used 6569K [0x00000000eb180000, 0x00000000f8d80000, 0x0000000100000000)
  eden space 204800K, 0% used [0x00000000eb180000,0x00000000eb180000,0x00000000f7980000)
  from space 8192K, 80% used [0x00000000f8580000,0x00000000f8bea548,0x00000000f8d80000)
  to   space 10240K, 0% used [0x00000000f7980000,0x00000000f7980000,0x00000000f8380000)
 ParOldGen       total 31232K, used 23359K [0x00000000c1400000, 0x00000000c3280000, 0x00000000eb180000)
  object space 31232K, 74% used [0x00000000c1400000,0x00000000c2acff40,0x00000000c3280000)
 Metaspace       used 34899K, capacity 35216K, committed 35496K, reserved 1081344K
  class space    used 4419K, capacity 4493K, committed 4520K, reserved 1048576K
}
Event: 73.239 GC heap before
{Heap before GC invocations=16 (full 2):
 PSYoungGen      total 212992K, used 6569K [0x00000000eb180000, 0x00000000f8d80000, 0x0000000100000000)
  eden space 204800K, 0% used [0x00000000eb180000,0x00000000eb180000,0x00000000f7980000)
  from space 8192K, 80% used [0x00000000f8580000,0x00000000f8bea548,0x00000000f8d80000)
  to   space 10240K, 0% used [0x00000000f7980000,0x00000000f7980000,0x00000000f8380000)
 ParOldGen       total 31232K, used 23359K [0x00000000c1400000, 0x00000000c3280000, 0x00000000eb180000)
  object space 31232K, 74% used [0x00000000c1400000,0x00000000c2acff40,0x00000000c3280000)
 Metaspace       used 34899K, capacity 35216K, committed 35496K, reserved 1081344K
  class space    used 4419K, capacity 4493K, committed 4520K, reserved 1048576K
Event: 73.416 GC heap after
Heap after GC invocations=16 (full 2):
 PSYoungGen      total 212992K, used 0K [0x00000000eb180000, 0x00000000f8d80000, 0x0000000100000000)
  eden space 204800K, 0% used [0x00000000eb180000,0x00000000eb180000,0x00000000f7980000)
  from space 8192K, 0% used [0x00000000f8580000,0x00000000f8580000,0x00000000f8d80000)
  to   space 10240K, 0% used [0x00000000f7980000,0x00000000f7980000,0x00000000f8380000)
 ParOldGen       total 52736K, used 24533K [0x00000000c1400000, 0x00000000c4780000, 0x00000000eb180000)
  object space 52736K, 46% used [0x00000000c1400000,0x00000000c2bf5768,0x00000000c4780000)
 Metaspace       used 34899K, capacity 35216K, committed 35496K, reserved 1081344K
  class space    used 4419K, capacity 4493K, committed 4520K, reserved 1048576K
}
Event: 87.711 GC heap before
{Heap before GC invocations=17 (full 2):
 PSYoungGen      total 212992K, used 204800K [0x00000000eb180000, 0x00000000f8d80000, 0x0000000100000000)
  eden space 204800K, 100% used [0x00000000eb180000,0x00000000f7980000,0x00000000f7980000)
  from space 8192K, 0% used [0x00000000f8580000,0x00000000f8580000,0x00000000f8d80000)
  to   space 10240K, 0% used [0x00000000f7980000,0x00000000f7980000,0x00000000f8380000)
 ParOldGen       total 52736K, used 24533K [0x00000000c1400000, 0x00000000c4780000, 0x00000000eb180000)
  object space 52736K, 46% used [0x00000000c1400000,0x00000000c2bf5768,0x00000000c4780000)
 Metaspace       used 42689K, capacity 43178K, committed 43688K, reserved 1087488K
  class space    used 5585K, capacity 5721K, committed 5800K, reserved 1048576K
Event: 87.815 GC heap after
Heap after GC invocations=17 (full 2):
 PSYoungGen      total 215040K, used 10210K [0x00000000eb180000, 0x00000000fec80000, 0x0000000100000000)
  eden space 204800K, 0% used [0x00000000eb180000,0x00000000eb180000,0x00000000f7980000)
  from space 10240K, 99% used [0x00000000f7980000,0x00000000f8378a70,0x00000000f8380000)
  to   space 12288K, 0% used [0x00000000fe080000,0x00000000fe080000,0x00000000fec80000)
 ParOldGen       total 52736K, used 26075K [0x00000000c1400000, 0x00000000c4780000, 0x00000000eb180000)
  object space 52736K, 49% used [0x00000000c1400000,0x00000000c2d76ee8,0x00000000c4780000)
 Metaspace       used 42689K, capacity 43178K, committed 43688K, reserved 1087488K
  class space    used 5585K, capacity 5721K, committed 5800K, reserved 1048576K
}

Deoptimization events (10 events):
Event: 86.499 Thread 0x00000000020bf800 Uncommon trap: reason=bimorphic action=maybe_recompile pc=0x0000000003159f88 method=sun.reflect.generics.reflectiveObjects.WildcardTypeImpl.getUpperBounds()[Ljava/lang/reflect/Type; @ 37
Event: 86.499 Thread 0x00000000020bf800 Uncommon trap: reason=bimorphic action=maybe_recompile pc=0x0000000003159f88 method=sun.reflect.generics.reflectiveObjects.WildcardTypeImpl.getUpperBounds()[Ljava/lang/reflect/Type; @ 37
Event: 86.499 Thread 0x00000000020bf800 Uncommon trap: reason=bimorphic action=maybe_recompile pc=0x0000000003159f88 method=sun.reflect.generics.reflectiveObjects.WildcardTypeImpl.getUpperBounds()[Ljava/lang/reflect/Type; @ 37
Event: 86.628 Thread 0x00000000020bf800 Uncommon trap: reason=unstable_if action=reinterpret pc=0x0000000002ff7774 method=java.util.HashMap.putMapEntries(Ljava/util/Map;Z)V @ 53
Event: 86.869 Thread 0x00000000020bf800 Uncommon trap: reason=bimorphic action=maybe_recompile pc=0x000000000320edc8 method=sun.reflect.generics.reflectiveObjects.WildcardTypeImpl.getUpperBounds()[Ljava/lang/reflect/Type; @ 37
Event: 86.911 Thread 0x00000000020bf800 Uncommon trap: reason=unstable_if action=reinterpret pc=0x0000000002f29970 method=java.util.WeakHashMap.put(Ljava/lang/Object;Ljava/lang/Object;)Ljava/lang/Object; @ 47
Event: 87.001 Thread 0x00000000020bf800 Uncommon trap: reason=unstable_if action=reinterpret pc=0x000000000327f62c method=java.lang.reflect.Executable.printModifiersIfNonzero(Ljava/lang/StringBuilder;IZ)V @ 14
Event: 87.167 Thread 0x00000000020bf800 Uncommon trap: reason=bimorphic action=maybe_recompile pc=0x0000000002a0a27c method=java.util.concurrent.ConcurrentHashMap.putVal(Ljava/lang/Object;Ljava/lang/Object;Z)Ljava/lang/Object; @ 192
Event: 87.983 Thread 0x00000000020bf800 Uncommon trap: reason=unstable_if action=reinterpret pc=0x0000000002e45924 method=org.springframework.util.CollectionUtils.isEmpty(Ljava/util/Collection;)Z @ 10
Event: 88.365 Thread 0x00000000020bf800 Uncommon trap: reason=unstable_if action=reinterpret pc=0x00000000026a7cec method=org.springframework.util.ConcurrentReferenceHashMap$Segment.findInChain(Lorg/springframework/util/ConcurrentReferenceHashMap$Reference;Ljava/lang/Object;I)Lorg/springframewor%”GuËüU@

Internal exceptions (10 events):
Event: 88.571 Thread 0x00000000020bf800 Exception <a 'java/lang/ClassNotFoundException': org/springframework/context/annotation/ConfigurationClassEnhancer$EnhancedConfigurationCustomizer> (0x00000000ef485750) thrown at [C:\re\workspace\8-2-build-windows-amd64-cygwin\jdk8u91\7017\hotspot\src\sharZ‰£ô$V@
Event: 88.572 Thread 0x00000000020bf800 Exception <a 'java/lang/ClassNotFoundException': org/springframework/security/config/annotation/web/WebSecurityConfigurerCustomizer> (0x00000000ef4abd30) thrown at [C:\re\workspace\8-2-build-windows-amd64-cygwin\jdk8u91\7017\hotspot\src\share\vm\classfile\t∂N%V@
Event: 88.579 Thread 0x00000000020bf800 Exception <a 'java/lang/ClassNotFoundException': java/lang/ObjectCustomizer> (0x00000000ef4cab48) thrown at [C:\re\workspace\8-2-build-windows-amd64-cygwin\jdk8u91\7017\hotspot\src\share\vm\classfile\systemDictionary.cpp, line 210]
Event: 88.580 Thread 0x00000000020bf800 Exception <a 'java/lang/ClassNotFoundException': org/springframework/security/config/annotation/authentication/configuration/AuthenticationConfigurationCustomizer> (0x00000000ef500208) thrown at [C:\re\workspace\8-2-build-windows-amd64-cygwin\jdk8u91\7017\ïO˛ÎV%V@
Event: 88.583 Thread 0x00000000020bf800 Exception <a 'java/lang/ClassNotFoundException': org/springframework/security/config/annotation/authentication/configuration/AuthenticationConfiguration$$EnhancerBySpringCGLIB$$97c03586Customizer> (0x00000000ef54e518) thrown at [C:\re\workspace\8-2-build-wÅËﬂÎe%V@
Event: 88.584 Thread 0x00000000020bf800 Exception <a 'java/lang/ClassNotFoundException': org/springframework/context/annotation/ConfigurationClassEnhancer$EnhancedConfigurationCustomizer> (0x00000000ef5893b0) thrown at [C:\re\workspace\8-2-build-windows-amd64-cygwin\jdk8u91\7017\hotspot\src\sharÿ3‰· %V@
Event: 88.591 Thread 0x00000000020bf800 Exception <a 'java/lang/ClassNotFoundException': java/lang/ObjectCustomizer> (0x00000000ef5a4848) thrown at [C:\re\workspace\8-2-build-windows-amd64-cygwin\jdk8u91\7017\hotspot\src\share\vm\classfile\systemDictionary.cpp, line 210]
Event: 88.595 Thread 0x00000000020bf800 Exception <a 'java/lang/ClassNotFoundException': org/springframework/security/config/annotation/configuration/ObjectPostProcessorConfigurationCustomizer> (0x00000000ef5d71b8) thrown at [C:\re\workspace\8-2-build-windows-amd64-cygwin\jdk8u91\7017\hotspot\srG∞{Ü%&V@
Event: 88.596 Thread 0x00000000020bf800 Exception <a 'java/lang/ClassNotFoundException': org/springframework/security/config/annotation/configuration/ObjectPostProcessorConfiguration$$EnhancerBySpringCGLIB$$4bf72b11Customizer> (0x00000000ef6158a8) thrown at [C:\re\workspace\8-2-build-windows-amdÎüG:&V@
Event: 88.597 Thread 0x00000000020bf800 Exception <a 'java/lang/ClassNotFoundException': org/springframework/context/annotation/ConfigurationClassEnhancer$EnhancedConfigurationCustomizer> (0x00000000ef649b90) thrown at [C:\re\workspace\8-2-build-windows-amd64-cygwin\jdk8u91\7017\hotspot\src\sharó˛⁄éê$V@

Events (10 events):
Event: 88.596 loading class org/springframework/security/config/annotation/configuration/ObjectPostProcessorConfiguration$$EnhancerBySpringCGLIB$$4bf72b11Customizer
Event: 88.596 loading class org/springframework/security/config/annotation/configuration/ObjectPostProcessorConfiguration$$EnhancerBySpringCGLIB$$4bf72b11Customizer done
Event: 88.596 loading class org/springframework/context/annotation/ConfigurationClassEnhancer$EnhancedConfigurationCustomizer
Event: 88.596 loading class org/springframework/context/annotation/ConfigurationClassEnhancer$EnhancedConfigurationCustomizer done
Event: 88.597 loading class org/springframework/context/annotation/ConfigurationClassEnhancer$EnhancedConfigurationCustomizer
Event: 88.597 loading class org/springframework/context/annotation/ConfigurationClassEnhancer$EnhancedConfigurationCustomizer done
Event: 88.597 loading class org/springframework/context/annotation/ConfigurationClassEnhancer$EnhancedConfigurationCustomizer
Event: 88.597 loading class org/springframework/context/annotation/ConfigurationClassEnhancer$EnhancedConfigurationCustomizer done
Event: 88.608 loading class org/springframework/security/config/annotation/configuration/AutowireBeanFactoryObjectPostProcessor
Event: 88.608 loading class org/springframework/security/config/annotation/configuration/AutowireBeanFactoryObjectPostProcessor done


Dynamic libraries:
0x000000013fb70000 - 0x000000013fba7000 	D:\setup\jdk1.8\bin\javaw.exe
0x00000000770d0000 - 0x000000007727a000 	C:\Windows\SYSTEM32\ntdll.dll
0x0000000076eb0000 - 0x0000000076fcf000 	C:\Windows\system32\kernel32.dll
0x000007fefcff0000 - 0x000007fefd05b000 	C:\Windows\system32\KERNELBASE.dll
0x000007fefe660000 - 0x000007fefe73b000 	C:\Windows\system32\ADVAPI32.dll
0x000007fefea30000 - 0x000007fefeacf000 	C:\Windows\system32\msvcrt.dll
0x000007feff1e0000 - 0x000007feff1ff000 	C:\Windows\SYSTEM32\sechost.dll
0x000007fefed10000 - 0x000007fefee3d000 	C:\Windows\system32\RPCRT4.dll
0x0000000076fd0000 - 0x00000000770ca000 	C:\Windows\system32\USER32.dll
0x000007fefd7c0000 - 0x000007fefd827000 	C:\Windows\system32\GDI32.dll
0x000007fefd840000 - 0x000007fefd84e000 	C:\Windows\system32\LPK.dll
0x000007fefe740000 - 0x000007fefe80a000 	C:\Windows\system32\USP10.dll
0x000007fefbb10000 - 0x000007fefbd04000 	C:\Windows\WinSxS\amd64_microsoft.windows.common-controls_6595b64144ccf1df_6.0.7601.18837_none_fa3b1e3d17594757\COMCTL32.dll
0x000007fefe5e0000 - 0x000007fefe651000 	C:\Windows\system32\SHLWAPI.dll
0x000007fefead0000 - 0x000007fefeafe000 	C:\Windows\system32\IMM32.DLL
0x000007fefe830000 - 0x000007fefe939000 	C:\Windows\system32\MSCTF.dll
0x0000000067e00000 - 0x0000000067ed2000 	D:\setup\jdk1.8\bin\msvcr100.dll
0x00000000613a0000 - 0x0000000061c33000 	D:\setup\jdk1.8\bin\server\jvm.dll
0x000007fef6890000 - 0x000007fef6899000 	C:\Windows\system32\WSOCK32.dll
0x000007fefe940000 - 0x000007fefe98d000 	C:\Windows\system32\WS2_32.dll
0x000007fefd830000 - 0x000007fefd838000 	C:\Windows\system32\NSI.dll
0x000007fef9ad0000 - 0x000007fef9b0b000 	C:\Windows\system32\WINMM.dll
0x000007fefc000000 - 0x000007fefc00c000 	C:\Windows\system32\VERSION.dll
0x0000000077290000 - 0x0000000077297000 	C:\Windows\system32\PSAPI.DLL
0x000000006b1f0000 - 0x000000006b1ff000 	D:\setup\jdk1.8\bin\verify.dll
0x000000006afc0000 - 0x000000006afe9000 	D:\setup\jdk1.8\bin\java.dll
0x000000006afa0000 - 0x000000006afb6000 	D:\setup\jdk1.8\bin\zip.dll
0x000007fefd850000 - 0x000007fefe5d9000 	C:\Windows\system32\SHELL32.dll
0x000007fefeb00000 - 0x000007fefed03000 	C:\Windows\system32\ole32.dll
0x000007fefcf20000 - 0x000007fefcf2f000 	C:\Windows\system32\profapi.dll
0x000000006e900000 - 0x000000006e90d000 	D:\setup\jdk1.8\bin\management.dll
0x000000006af80000 - 0x000000006af9a000 	D:\setup\jdk1.8\bin\net.dll
0x000007fefc6b0000 - 0x000007fefc705000 	C:\Windows\system32\mswsock.dll
0x000007fefc6a0000 - 0x000007fefc6a7000 	C:\Windows\System32\wship6.dll
0x000000006af60000 - 0x000000006af71000 	D:\setup\jdk1.8\bin\nio.dll
0x000007fefaaf0000 - 0x000007fefab05000 	C:\Windows\system32\NLAapi.dll
0x000007fef7cf0000 - 0x000007fef7d05000 	C:\Windows\system32\napinsp.dll
0x000007fef7cd0000 - 0x000007fef7ce9000 	C:\Windows\system32\pnrpnsp.dll
0x000007fefc530000 - 0x000007fefc58b000 	C:\Windows\system32\DNSAPI.dll
0x000007fef9770000 - 0x000007fef977b000 	C:\Windows\System32\winrnr.dll
0x000007fef7cc0000 - 0x000007fef7cd0000 	C:\Windows\system32\wshbth.dll
0x000007fefc0d0000 - 0x000007fefc0d7000 	C:\Windows\System32\wshtcpip.dll
0x000007fefa860000 - 0x000007fefa887000 	C:\Windows\system32\IPHLPAPI.DLL
0x000007fefa850000 - 0x000007fefa85b000 	C:\Windows\system32\WINNSI.DLL
0x000007fef9780000 - 0x000007fef9788000 	C:\Windows\system32\rasadhlp.dll
0x000007fefa670000 - 0x000007fefa6c3000 	C:\Windows\System32\fwpuclnt.dll
0x000007fefc710000 - 0x000007fefc728000 	C:\Windows\system32\CRYPTSP.dll
0x000007fefc410000 - 0x000007fefc457000 	C:\Windows\system32\rsaenh.dll
0x000007fefd0a0000 - 0x000007fefd0be000 	C:\Windows\system32\USERENV.dll
0x000007fefcdb0000 - 0x000007fefcdbf000 	C:\Windows\system32\CRYPTBASE.dll
0x000007fefa640000 - 0x000007fefa658000 	C:\Windows\system32\dhcpcsvc.DLL
0x000007fefa620000 - 0x000007fefa631000 	C:\Windows\system32\dhcpcsvc6.DLL
0x000000006c610000 - 0x000000006c634000 	D:\setup\jdk1.8\bin\sunec.dll

VM Arguments:
jvm_args: -Dcom.sun.management.jmxremote -Dcom.sun.management.jmxremote.port=3525 -Dcom.sun.management.jmxremote.authenticate=false -Dcom.sun.management.jmxremote.ssl=false -Djava.rmi.server.hostname=localhost -Dspring.liveBeansView.mbeanDomain -Dspring.application.admin.enabled=true -Dfile.encoding=UTF-8 
java_command: com.shiran.cloud.EurekaApplication --spring.output.ansi.enabled=always
java_class_path (initial): F:\setup\spring-tool-suite-3.8.4.RELEASE-e4.6.3-win32-x86_64\workspace\code\microservice-discovery-eureka\target\classes;F:\setup\apache-maven-3.3.9-bin\localrepositoryposition\org\springframework\cloud\spring-cloud-starter-eureka-server\1.2.1.RELEASE\spring-cloud-starter-eureka-server-1.2.1.RELEASE.jar;F:\setup\apache-maven-3.3.9-bin\localrepositoryposition\org\springframework\cloud\spring-cloud-starter\1.1.4.RELEASE\spring-cloud-starter-1.1.4.RELEASE.jar;F:\setup\apache-maven-3.3.9-bin\localrepositoryposition\org\springframework\cloud\spring-cloud-context\1.1.4.RELEASE\spring-cloud-context-1.1.4.RELEASE.jar;F:\setup\apache-maven-3.3.9-bin\localrepositoryposition\org\springframework\security\spring-security-crypto\4.1.4.RELEASE\spring-security-crypto-4.1.4.RELEASE.jar;F:\setup\apache-maven-3.3.9-bin\localrepositoryposition\org\springframework\cloud\spring-cloud-commons\1.1.4.RELEASE\spring-cloud-commons-1.1.4.RELEASE.jar;F:\setup\apache-maven-3.3.9-bin\localrepositoryposition\org\springframework\security\spring-security-rsa\1.0.3.RELEASE\spring-security-rsa-1.0.3.RELEASE.jar;F:\setup\apache-maven-3.3.9-bin\localrepositoryposition\org\bouncycastle\bcpkix-jdk15on\1.55\bcpkix-jdk15on-1.55.jar;F:\setup\apache-maven-3.3.9-bin\localrepositoryposition\org\bouncycastle\bcprov-jdk15on\1.55\bcprov-jdk15on-1.55.jar;F:\setup\apache-maven-3.3.9-bin\localrepositoryposition\org\springframework\cloud\spring-cloud-netflix-eureka-server\1.2.1.RELEASE\spring-cloud-netflix-eureka-server-1.2.1.RELEASE.jar;F:\setup\apache-maven-3.3.9-bin\localrepositoryposition\org\springframework\boot\spring-boot-starter-web\1.4.6.RELEASE\spring-boot-starter-web-1.4.6.RELEASE.jar;F:\setup\apache-maven-3.3.9-bin\localrepositoryposition\org\springframework\boot\spring-boot-starter-tomcat\1.4.6.RELEASE\spring-boot-starter-tomcat-1.4.6.RELEASE.jar;F:\setup\apache-maven-3.3.9-bin\localrepositoryposition\org\apache\tomcat\embed\tomcat-embed-core\8.5.13\tomcat-embed-core-8.5.13.ja
Launcher Type: SUN_STANDARD

Environment Variables:
JAVA_HOME=D:\setup\jdk1.7
PATH=D:/setup/jdk1.8/bin/server;D:/setup/jdk1.8/bin;D:/setup/jdk1.8/lib/amd64;C:\ProgramData\Oracle\Java\javapath;D:\setup\django\python3.5\Scripts\;D:\setup\django\python3.5\;D:\setup\armv1.2\bin;D:\setup\python2.7;D:\app\Administrator\product\11.1.0\db_2\bin;F:\setup\scala\bin;D:\java\apache-maven-2.2.1\bin;%M2_HOME%\bin;D:\setup\jdk1.7;D:\setup\python34\Scripts;D:\setup\python34;C:\Program Files (x86)\Common Files\NetSarang;D:\setup\jdk1.7\bin;C:\Windows\system32;C:\Windows;C:\Windows\System32\Wbem;C:\Windows\System32\WindowsPowerShell\v1.0\;F:\setup\scala\bin;C:\Program Files (x86)\Microsoft SQL Server\100\Tools\Binn\;C:\Program Files\Microsoft SQL Server\100\Tools\Binn\;C:\Program Files\Microsoft SQL Server\100\DTS\Binn\;C:\Program Files (x86)\Microsoft SQL Server\100\Tools\Binn\VSShell\Common7\IDE\;C:\Program Files (x86)\Microsoft Visual Studio 9.0\Common7\IDE\PrivateAssemblies\;C:\Program Files (x86)\Microsoft SQL Server\100\DTS\Binn\;D:\setup\git\Git\cmd;F:\setup\spring-tool-suite-3.8.4.RELEASE-e4.6.3-win32-x86_64\sts-bundle\sts-3.8.4.RELEASE;
USERNAME=Administrator
OS=Windows_NT
PROCESSOR_IDENTIFIER=Intel64 Family 6 Model 60 Stepping 3, GenuineIntel



---------------  S Y S T E M  ---------------

OS: Windows 7 , 64 bit Build 7601 (6.1.7601.19135)

CPU:total 4 (2 cores per cpu, 2 threads per core) family 6 model 60 stepping 3, cmov, cx8, fxsr, mmx, sse, sse2, sse3, ssse3, sse4.1, sse4.2, popcnt, avx, avx2, aes, clmul, erms, lzcnt, ht, tsc, tscinvbit, bmi1, bmi2

Memory: 4k page, physical 4108656k(170544k free), swap 8587760k(5260k free)

vm_info: Java HotSpot(TM) 64-Bit Server VM (25.91-b15) for windows-amd64 JRE (1.8.0_91-b15), built on May 20 2016 17:43:15 by "java_re" with MS VC++ 10.0 (VS2010)

time: Sat May 20 16:24:09 2017
elapsed time: 88 seconds (0d 0h 1m 28s)

