#
# There is insufficient memory for the Java Runtime Environment to continue.
# Native memory allocation (malloc) failed to allocate 32744 bytes for ChunkPool::allocate
# Possible reasons:
#   The system is out of physical RAM or swap space
#   In 32 bit mode, the process size limit was hit
# Possible solutions:
#   Reduce memory load on the system
#   Increase physical memory or swap space
#   Check if swap backing store is full
#   Use 64 bit Java on a 64 bit OS
#   Decrease Java heap size (-Xmx/-Xms)
#   Decrease number of Java threads
#   Decrease Java thread stack sizes (-Xss)
#   Set larger code cache with -XX:ReservedCodeCacheSize=
# This output file may be truncated or incomplete.
#
#  Out of Memory Error (allocation.cpp:273), pid=11132, tid=2192
#
# JRE version: Java(TM) SE Runtime Environment (8.0_91-b15) (build 1.8.0_91-b15)
# Java VM: Java HotSpot(TM) 64-Bit Server VM (25.91-b15 mixed mode windows-amd64 compressed oops)
# Failed to write core dump. Minidumps are not enabled by default on client versions of Windows
#

---------------  T H R E A D  ---------------

Current thread (0x00000000560f8800):  JavaThread "C2 CompilerThread1" daemon [_thread_in_native, id=2192, stack(0x0000000056910000,0x0000000056a10000)]

Stack: [0x0000000056910000,0x0000000056a10000]
[error occurred during error reporting (printing stack bounds), id 0xc0000005]

Native frames: (J=compiled Java code, j=interpreted, Vv=VM code, C=native code)


Current CompileTask:
C2:  22815  489  s!   4       sun.misc.URLClassPath::getLoader (197 bytes)


---------------  P R O C E S S  ---------------

Java Threads: ( => current thread )
  0x000000005619c000 JavaThread "RMI TCP Accept-0" daemon [_thread_in_native, id=1324, stack(0x0000000057c50000,0x0000000057d50000)]
  0x00000000577ac000 JavaThread "RMI TCP Accept-13833" daemon [_thread_in_native, id=7624, stack(0x00000000579f0000,0x0000000057af0000)]
  0x00000000575d8000 JavaThread "RMI TCP Accept-0" daemon [_thread_in_native, id=11856, stack(0x0000000056500000,0x0000000056600000)]
  0x000000005616f800 JavaThread "Service Thread" daemon [_thread_blocked, id=10544, stack(0x0000000056dc0000,0x0000000056ec0000)]
  0x00000000560fa000 JavaThread "C1 CompilerThread2" daemon [_thread_in_native, id=7708, stack(0x0000000056c80000,0x0000000056d80000)]
=>0x00000000560f8800 JavaThread "C2 CompilerThread1" daemon [_thread_in_native, id=2192, stack(0x0000000056910000,0x0000000056a10000)]
  0x00000000560f3800 JavaThread "C2 CompilerThread0" daemon [_thread_in_native, id=9108, stack(0x0000000056a80000,0x0000000056b80000)]
  0x0000000054e0f800 JavaThread "Attach Listener" daemon [_thread_blocked, id=9576, stack(0x0000000056810000,0x0000000056910000)]
  0x0000000054e0e800 JavaThread "Signal Dispatcher" daemon [_thread_blocked, id=10132, stack(0x0000000056620000,0x0000000056720000)]
  0x0000000054df3800 JavaThread "Finalizer" daemon [_thread_blocked, id=5428, stack(0x0000000055fd0000,0x00000000560d0000)]
  0x0000000054dac800 JavaThread "Reference Handler" daemon [_thread_blocked, id=9348, stack(0x0000000055d40000,0x0000000055e40000)]
  0x000000000204f800 JavaThread "main" [_thread_in_vm, id=10084, stack(0x0000000002310000,0x0000000002410000)]

Other Threads:
  0x0000000054da5000 VMThread [stack: 0x0000000055e50000,0x0000000055f50000] [id=9592]
  0x0000000057743800 WatcherThread [stack: 0x0000000057af0000,0x0000000057bf0000] [id=12008]

VM state:not at safepoint (normal execution)

VM Mutex/Monitor currently owned by a thread: None

Heap:
 PSYoungGen      total 18944K, used 12372K [0x00000000eb180000, 0x00000000ec680000, 0x0000000100000000)
  eden space 16384K, 75% used [0x00000000eb180000,0x00000000ebd95048,0x00000000ec180000)
  from space 2560K, 0% used [0x00000000ec400000,0x00000000ec400000,0x00000000ec680000)
  to   space 2560K, 0% used [0x00000000ec180000,0x00000000ec180000,0x00000000ec400000)
 ParOldGen       total 44032K, used 0K [0x00000000c1400000, 0x00000000c3f00000, 0x00000000eb180000)
  object space 44032K, 0% used [0x00000000c1400000,0x00000000c1400000,0x00000000c3f00000)
 Metaspace       used 8300K, capacity 8468K, committed 8576K, reserved 1056768K
  class space    used 1002K, capacity 1052K, committed 1152K, reserved 1048576K

Card table byte_map: [0x00000000117d0000,0x00000000119d0000] byte_map_base: 0x00000000111c6000

Marking Bits: (ParMarkBitMap*) 0x0000000063cb2f70
 Begin Bits: [0x00000000122b0000, 0x0000000013260000)
 End Bits:   [0x0000000013260000, 0x0000000014210000)

Polling page: 0x0000000000200000

CodeCache: size=245760Kb used=2194Kb max_used=2196Kb free=243565Kb
 bounds [0x0000000002410000, 0x0000000002680000, 0x0000000011410000]
 total_blobs=826 nmethods=483 adapters=256
 compilation: enabled

Compilation events (10 events):
Event: 21.046 Thread 0x00000000560fa000 nmethod 479 0x0000000002635050 code [0x00000000026351c0, 0x00000000026353e8]
Event: 21.051 Thread 0x00000000560f3800 nmethod 478 0x00000000026333d0 code [0x0000000002633520, 0x0000000002633998]
Event: 22.789 Thread 0x00000000560fa000  481       3       sun.net.www.protocol.file.Handler::parseURL (18 bytes)
Event: 22.790 Thread 0x00000000560fa000 nmethod 481 0x0000000002632ed0 code [0x0000000002633040, 0x00000000026332b8]
Event: 22.790 Thread 0x00000000560fa000  483   !   3       java.util.zip.ZipFile::getInputStream (304 bytes)
Event: 22.791 Thread 0x00000000560fa000 nmethod 483 0x0000000002637090 code [0x0000000002637320, 0x00000000026384b8]
Event: 22.791 Thread 0x00000000560fa000  485   !   3       java.util.zip.Inflater::ended (32 bytes)
Event: 22.792 Thread 0x00000000560fa000 nmethod 485 0x0000000002632850 code [0x00000000026329c0, 0x0000000002632d90]
Event: 22.792 Thread 0x00000000560fa000  482       3       java.net.URLStreamHandler::parseURL (1158 bytes)
Event: 22.798 Thread 0x00000000560f8800  489  s!   4       sun.misc.URLClassPath::getLoader (197 bytes)

GC Heap History (0 events):
No events

Deoptimization events (1 events):
Event: 2.510 Thread 0x000000000204f800 Uncommon trap: reason=unstable_if action=reinterpret pc=0x0000000002512b10 method=java.lang.String.hashCode()I @ 14

Internal exceptions (10 events):
Event: 7.713 Thread 0x000000000204f800 Exception <a 'java/lang/ArrayIndexOutOfBoundsException'> (0x00000000eb37d6c0) thrown at [C:\re\workspace\8-2-build-windows-amd64-cygwin\jdk8u91\7017\hotspot\src\share\vm\runtime\sharedRuntime.cpp, line 605]
Event: 7.732 Thread 0x000000000204f800 Exception <a 'java/lang/ArrayIndexOutOfBoundsException'> (0x00000000eb37f038) thrown at [C:\re\workspace\8-2-build-windows-amd64-cygwin\jdk8u91\7017\hotspot\src\share\vm\runtime\sharedRuntime.cpp, line 605]
Event: 7.773 Thread 0x000000000204f800 Exception <a 'java/lang/ArrayIndexOutOfBoundsException'> (0x00000000eb3a4cf8) thrown at [C:\re\workspace\8-2-build-windows-amd64-cygwin\jdk8u91\7017\hotspot\src\share\vm\runtime\sharedRuntime.cpp, line 605]
Event: 8.023 Thread 0x000000000204f800 Exception <a 'java/lang/ArrayIndexOutOfBoundsException'> (0x00000000eb3b4360) thrown at [C:\re\workspace\8-2-build-windows-amd64-cygwin\jdk8u91\7017\hotspot\src\share\vm\runtime\sharedRuntime.cpp, line 605]
Event: 9.088 Thread 0x000000000204f800 Exception <a 'java/security/PrivilegedActionException'> (0x00000000eb3fe978) thrown at [C:\re\workspace\8-2-build-windows-amd64-cygwin\jdk8u91\7017\hotspot\src\share\vm\prims\jvm.cpp, line 1386]
Event: 9.088 Thread 0x000000000204f800 Exception <a 'java/security/PrivilegedActionException'> (0x00000000eb3feb88) thrown at [C:\re\workspace\8-2-build-windows-amd64-cygwin\jdk8u91\7017\hotspot\src\share\vm\prims\jvm.cpp, line 1386]
Event: 9.088 Thread 0x000000000204f800 Exception <a 'java/security/PrivilegedActionException'> (0x00000000eb400de8) thrown at [C:\re\workspace\8-2-build-windows-amd64-cygwin\jdk8u91\7017\hotspot\src\share\vm\prims\jvm.cpp, line 1386]
Event: 9.088 Thread 0x000000000204f800 Exception <a 'java/security/PrivilegedActionException'> (0x00000000eb400ff8) thrown at [C:\re\workspace\8-2-build-windows-amd64-cygwin\jdk8u91\7017\hotspot\src\share\vm\prims\jvm.cpp, line 1386]
Event: 11.025 Thread 0x000000000204f800 Exception <a 'java/lang/ClassNotFoundException': javax/management/remote/rmi/RMIJRMPServerImpl$ExportedWrapper_Stub> (0x00000000eb7623d8) thrown at [C:\re\workspace\8-2-build-windows-amd64-cygwin\jdk8u91\7017\hotspot\src\share\vm\classfile\systemDictionaryœdKN¿∞1@
Event: 17.690 Thread 0x000000000204f800 Exception <a 'java/io/FileNotFoundException'> (0x00000000ebbab010) thrown at [C:\re\workspace\8-2-build-windows-amd64-cygwin\jdk8u91\7017\hotspot\src\share\vm\prims\jni.cpp, line 709]

Events (10 events):
Event: 22.794 loading class org/springframework/core/io/Resource
Event: 22.794 loading class org/springframework/core/io/Resource done
Event: 22.795 loading class org/springframework/core/io/InputStreamSource
Event: 22.795 loading class org/springframework/core/io/InputStreamSource done
Event: 22.796 loading class org/springframework/core/io/UrlResource
Event: 22.796 loading class org/springframework/core/io/UrlResource done
Event: 22.797 loading class org/springframework/core/io/AbstractFileResolvingResource
Event: 22.797 loading class org/springframework/core/io/AbstractFileResolvingResource done
Event: 22.797 loading class org/springframework/core/io/AbstractResource
Event: 22.797 loading class org/springframework/core/io/AbstractResource done


Dynamic libraries:
0x000000013ff30000 - 0x000000013ff67000 	D:\setup\jdk1.8\bin\javaw.exe
0x0000000076e70000 - 0x000000007701a000 	C:\Windows\SYSTEM32\ntdll.dll
0x0000000076d50000 - 0x0000000076e6f000 	C:\Windows\system32\kernel32.dll
0x000007fefcd20000 - 0x000007fefcd8b000 	C:\Windows\system32\KERNELBASE.dll
0x000007fefea90000 - 0x000007fefeb6b000 	C:\Windows\system32\ADVAPI32.dll
0x000007fefd1f0000 - 0x000007fefd28f000 	C:\Windows\system32\msvcrt.dll
0x000007fefd360000 - 0x000007fefd37f000 	C:\Windows\SYSTEM32\sechost.dll
0x000007fefd0c0000 - 0x000007fefd1ed000 	C:\Windows\system32\RPCRT4.dll
0x0000000076c50000 - 0x0000000076d4a000 	C:\Windows\system32\USER32.dll
0x000007feff060000 - 0x000007feff0c7000 	C:\Windows\system32\GDI32.dll
0x000007fefea80000 - 0x000007fefea8e000 	C:\Windows\system32\LPK.dll
0x000007fefe500000 - 0x000007fefe5ca000 	C:\Windows\system32\USP10.dll
0x000007fefb710000 - 0x000007fefb904000 	C:\Windows\WinSxS\amd64_microsoft.windows.common-controls_6595b64144ccf1df_6.0.7601.18837_none_fa3b1e3d17594757\COMCTL32.dll
0x000007fefe3a0000 - 0x000007fefe411000 	C:\Windows\system32\SHLWAPI.dll
0x000007fefd330000 - 0x000007fefd35e000 	C:\Windows\system32\IMM32.DLL
0x000007fefe5d0000 - 0x000007fefe6d9000 	C:\Windows\system32\MSCTF.dll
0x000000006e7f0000 - 0x000000006e8c2000 	D:\setup\jdk1.8\bin\msvcr100.dll
0x00000000634a0000 - 0x0000000063d33000 	D:\setup\jdk1.8\bin\server\jvm.dll
0x000007feee920000 - 0x000007feee929000 	C:\Windows\system32\WSOCK32.dll
0x000007fefd070000 - 0x000007fefd0bd000 	C:\Windows\system32\WS2_32.dll
0x000007feff0d0000 - 0x000007feff0d8000 	C:\Windows\system32\NSI.dll
0x000007fefa540000 - 0x000007fefa57b000 	C:\Windows\system32\WINMM.dll
0x000007fefbda0000 - 0x000007fefbdac000 	C:\Windows\system32\VERSION.dll
0x0000000077030000 - 0x0000000077037000 	C:\Windows\system32\PSAPI.DLL
0x0000000072700000 - 0x000000007270f000 	D:\setup\jdk1.8\bin\verify.dll
0x000000006f4d0000 - 0x000000006f4f9000 	D:\setup\jdk1.8\bin\java.dll
0x000000006f490000 - 0x000000006f4a6000 	D:\setup\jdk1.8\bin\zip.dll
0x000007fefd3e0000 - 0x000007fefe169000 	C:\Windows\system32\SHELL32.dll
0x000007fefe190000 - 0x000007fefe393000 	C:\Windows\system32\ole32.dll
0x000007fefccc0000 - 0x000007fefcccf000 	C:\Windows\system32\profapi.dll
0x0000000072b10000 - 0x0000000072b1d000 	D:\setup\jdk1.8\bin\management.dll
0x000000006f420000 - 0x000000006f43a000 	D:\setup\jdk1.8\bin\net.dll
0x000007fefc490000 - 0x000007fefc4e5000 	C:\Windows\system32\mswsock.dll
0x000007fefc480000 - 0x000007fefc487000 	C:\Windows\System32\wship6.dll
0x000000006f400000 - 0x000000006f411000 	D:\setup\jdk1.8\bin\nio.dll
0x000007fefb040000 - 0x000007fefb055000 	C:\Windows\system32\NLAapi.dll
0x000007fefa8c0000 - 0x000007fefa8d5000 	C:\Windows\system32\napinsp.dll
0x000007fefa8a0000 - 0x000007fefa8b9000 	C:\Windows\system32\pnrpnsp.dll
0x000007fefc2d0000 - 0x000007fefc32b000 	C:\Windows\system32\DNSAPI.dll
0x000007fefac80000 - 0x000007fefac8b000 	C:\Windows\System32\winrnr.dll
0x000007fefa890000 - 0x000007fefa8a0000 	C:\Windows\system32\wshbth.dll
0x000007fefbe70000 - 0x000007fefbe77000 	C:\Windows\System32\wshtcpip.dll
0x000007fefa600000 - 0x000007fefa627000 	C:\Windows\system32\IPHLPAPI.DLL
0x000007fefa5f0000 - 0x000007fefa5fb000 	C:\Windows\system32\WINNSI.DLL
0x000007fefa880000 - 0x000007fefa888000 	C:\Windows\system32\rasadhlp.dll
0x000007fef9b10000 - 0x000007fef9b63000 	C:\Windows\System32\fwpuclnt.dll
0x000007fefc4f0000 - 0x000007fefc508000 	C:\Windows\system32\CRYPTSP.dll
0x000007fefc1b0000 - 0x000007fefc1f7000 	C:\Windows\system32\rsaenh.dll
0x000007fefccd0000 - 0x000007fefccee000 	C:\Windows\system32\USERENV.dll
0x000007fefcb50000 - 0x000007fefcb5f000 	C:\Windows\system32\CRYPTBASE.dll
0x000007fef9a70000 - 0x000007fef9a88000 	C:\Windows\system32\dhcpcsvc.DLL
0x000007fef9a50000 - 0x000007fef9a61000 	C:\Windows\system32\dhcpcsvc6.DLL

VM Arguments:
jvm_args: -Dcom.sun.management.jmxremote -Dcom.sun.management.jmxremote.port=13833 -Dcom.sun.management.jmxremote.authenticate=false -Dcom.sun.management.jmxremote.ssl=false -Djava.rmi.server.hostname=localhost -Dspring.liveBeansView.mbeanDomain -Dspring.application.admin.enabled=true -Dfile.encoding=UTF-8 
java_command: com.shiran.cloud.MicroserviceSimpleProviderUserApplication --spring.output.ansi.enabled=always
java_class_path (initial): F:\setup\spring-tool-suite-3.8.4.RELEASE-e4.6.3-win32-x86_64\workspace\code\microservice-provider-user\target\classes;F:\setup\apache-maven-3.3.9-bin\localrepositoryposition\org\springframework\boot\spring-boot-starter-data-jpa\1.4.6.RELEASE\spring-boot-starter-data-jpa-1.4.6.RELEASE.jar;F:\setup\apache-maven-3.3.9-bin\localrepositoryposition\org\springframework\boot\spring-boot-starter\1.4.6.RELEASE\spring-boot-starter-1.4.6.RELEASE.jar;F:\setup\apache-maven-3.3.9-bin\localrepositoryposition\org\springframework\boot\spring-boot\1.4.6.RELEASE\spring-boot-1.4.6.RELEASE.jar;F:\setup\apache-maven-3.3.9-bin\localrepositoryposition\org\springframework\boot\spring-boot-autoconfigure\1.4.6.RELEASE\spring-boot-autoconfigure-1.4.6.RELEASE.jar;F:\setup\apache-maven-3.3.9-bin\localrepositoryposition\org\springframework\boot\spring-boot-starter-logging\1.4.6.RELEASE\spring-boot-starter-logging-1.4.6.RELEASE.jar;F:\setup\apache-maven-3.3.9-bin\localrepositoryposition\ch\qos\logback\logback-classic\1.1.11\logback-classic-1.1.11.jar;F:\setup\apache-maven-3.3.9-bin\localrepositoryposition\ch\qos\logback\logback-core\1.1.11\logback-core-1.1.11.jar;F:\setup\apache-maven-3.3.9-bin\localrepositoryposition\org\slf4j\jul-to-slf4j\1.7.25\jul-to-slf4j-1.7.25.jar;F:\setup\apache-maven-3.3.9-bin\localrepositoryposition\org\slf4j\log4j-over-slf4j\1.7.25\log4j-over-slf4j-1.7.25.jar;F:\setup\apache-maven-3.3.9-bin\localrepositoryposition\org\springframework\spring-core\4.3.8.RELEASE\spring-core-4.3.8.RELEASE.jar;F:\setup\apache-maven-3.3.9-bin\localrepositoryposition\org\yaml\snakeyaml\1.17\snakeyaml-1.17.jar;F:\setup\apache-maven-3.3.9-bin\localrepositoryposition\org\springframework\boot\spring-boot-starter-aop\1.4.6.RELEASE\spring-boot-starter-aop-1.4.6.RELEASE.jar;F:\setup\apache-maven-3.3.9-bin\localrepositoryposition\org\springframework\spring-aop\4.3.8.RELEASE\spring-aop-4.3.8.RELEASE.jar;F:\setup\apache-maven-3.3.9-bin\localrepositoryposition\org\aspectj\aspe
Launcher Type: SUN_STANDARD

Environment Variables:
JAVA_HOME=D:\setup\jdk1.7
PATH=D:/setup/jdk1.8/bin/server;D:/setup/jdk1.8/bin;D:/setup/jdk1.8/lib/amd64;C:\ProgramData\Oracle\Java\javapath;D:\setup\django\python3.5\Scripts\;D:\setup\django\python3.5\;D:\setup\armv1.2\bin;D:\setup\python2.7;D:\app\Administrator\product\11.1.0\db_2\bin;F:\setup\scala\bin;D:\java\apache-maven-2.2.1\bin;%M2_HOME%\bin;D:\setup\jdk1.7;D:\setup\python34\Scripts;D:\setup\python34;C:\Program Files (x86)\Common Files\NetSarang;D:\setup\jdk1.7\bin;C:\Windows\system32;C:\Windows;C:\Windows\System32\Wbem;C:\Windows\System32\WindowsPowerShell\v1.0\;F:\setup\scala\bin;C:\Program Files (x86)\Microsoft SQL Server\100\Tools\Binn\;C:\Program Files\Microsoft SQL Server\100\Tools\Binn\;C:\Program Files\Microsoft SQL Server\100\DTS\Binn\;C:\Program Files (x86)\Microsoft SQL Server\100\Tools\Binn\VSShell\Common7\IDE\;C:\Program Files (x86)\Microsoft Visual Studio 9.0\Common7\IDE\PrivateAssemblies\;C:\Program Files (x86)\Microsoft SQL Server\100\DTS\Binn\;D:\setup\git\Git\cmd;D:\setup\tortorsegit1.8\bin;F:\setup\spring-tool-suite-3.8.4.RELEASE-e4.6.3-win32-x86_64\sts-bundle\sts-3.8.4.RELEASE;
USERNAME=Administrator
OS=Windows_NT
PROCESSOR_IDENTIFIER=Intel64 Family 6 Model 60 Stepping 3, GenuineIntel



---------------  S Y S T E M  ---------------

OS: Windows 7 , 64 bit Build 7601 (6.1.7601.19135)

CPU:total 4 (2 cores per cpu, 2 threads per core) family 6 model 60 stepping 3, cmov, cx8, fxsr, mmx, sse, sse2, sse3, ssse3, sse4.1, sse4.2, popcnt, avx, avx2, aes, clmul, erms, lzcnt, ht, tsc, tscinvbit, bmi1, bmi2

Memory: 4k page, physical 4108656k(140532k free), swap 6643160k(4836k free)

vm_info: Java HotSpot(TM) 64-Bit Server VM (25.91-b15) for windows-amd64 JRE (1.8.0_91-b15), built on May 20 2016 17:43:15 by "java_re" with MS VC++ 10.0 (VS2010)

time: Tue May 23 12:24:00 2017
elapsed time: 22 seconds (0d 0h 0m 22s)

