#
# There is insufficient memory for the Java Runtime Environment to continue.
# Native memory allocation (malloc) failed to allocate 53760 bytes for Chunk::new
# Possible reasons:
#   The system is out of physical RAM or swap space
#   In 32 bit mode, the process size limit was hit
# Possible solutions:
#   Reduce memory load on the system
#   Increase physical memory or swap space
#   Check if swap backing store is full
#   Use 64 bit Java on a 64 bit OS
#   Decrease Java heap size (-Xmx/-Xms)
#   Decrease number of Java threads
#   Decrease Java thread stack sizes (-Xss)
#   Set larger code cache with -XX:ReservedCodeCacheSize=
# This output file may be truncated or incomplete.
#
#  Out of Memory Error (allocation.cpp:390), pid=11288, tid=10560
#
# JRE version: Java(TM) SE Runtime Environment (8.0_91-b15) (build 1.8.0_91-b15)
# Java VM: Java HotSpot(TM) 64-Bit Server VM (25.91-b15 mixed mode windows-amd64 compressed oops)
# Failed to write core dump. Minidumps are not enabled by default on client versions of Windows
#

---------------  T H R E A D  ---------------

Current thread (0x00000000561f3800):  JavaThread "C2 CompilerThread1" daemon [_thread_in_native, id=10560, stack(0x00000000565d0000,0x00000000566d0000)]

Stack: [0x00000000565d0000,0x00000000566d0000]
[error occurred during error reporting (printing stack bounds), id 0xc0000005]

Native frames: (J=compiled Java code, j=interpreted, Vv=VM code, C=native code)


Current CompileTask:
C2: 120407 1924       4       java.net.URLStreamHandler::parseURL (1158 bytes)


---------------  P R O C E S S  ---------------

Java Threads: ( => current thread )
  0x0000000057a33000 JavaThread "background-preinit" [_thread_in_native, id=12148, stack(0x0000000059810000,0x0000000059910000)]
  0x00000000577f8000 JavaThread "RMI TCP Accept-0" daemon [_thread_in_native, id=11948, stack(0x00000000581b0000,0x00000000582b0000)]
  0x00000000577b0000 JavaThread "RMI TCP Accept-3713" daemon [_thread_in_native, id=11132, stack(0x0000000057520000,0x0000000057620000)]
  0x00000000577ae000 JavaThread "RMI TCP Accept-0" daemon [_thread_in_native, id=11652, stack(0x0000000057f70000,0x0000000058070000)]
  0x0000000056270000 JavaThread "Service Thread" daemon [_thread_blocked, id=11248, stack(0x0000000056d00000,0x0000000056e00000)]
  0x00000000561f5000 JavaThread "C1 CompilerThread2" daemon [_thread_blocked, id=11952, stack(0x0000000056b30000,0x0000000056c30000)]
=>0x00000000561f3800 JavaThread "C2 CompilerThread1" daemon [_thread_in_native, id=10560, stack(0x00000000565d0000,0x00000000566d0000)]
  0x00000000561ee800 JavaThread "C2 CompilerThread0" daemon [_thread_in_native, id=8792, stack(0x0000000056a30000,0x0000000056b30000)]
  0x00000000561e7000 JavaThread "Attach Listener" daemon [_thread_blocked, id=11252, stack(0x00000000568f0000,0x00000000569f0000)]
  0x0000000054e44800 JavaThread "Signal Dispatcher" daemon [_thread_blocked, id=11996, stack(0x0000000056780000,0x0000000056880000)]
  0x0000000054e2f000 JavaThread "Finalizer" daemon [_thread_blocked, id=10524, stack(0x00000000560d0000,0x00000000561d0000)]
  0x0000000054de6000 JavaThread "Reference Handler" daemon [_thread_blocked, id=12128, stack(0x0000000055ee0000,0x0000000055fe0000)]
  0x00000000021db000 JavaThread "main" [_thread_in_native, id=12036, stack(0x00000000022c0000,0x00000000023c0000)]

Other Threads:
  0x0000000054dde000 VMThread [stack: 0x0000000055d80000,0x0000000055e80000] [id=9832]
  0x00000000577ff000 WatcherThread [stack: 0x00000000580a0000,0x00000000581a0000] [id=11816]

VM state:not at safepoint (normal execution)

VM Mutex/Monitor currently owned by a thread: None

Heap:
 PSYoungGen      total 22016K, used 8232K [0x00000000eb180000, 0x00000000ecf00000, 0x0000000100000000)
  eden space 15360K, 13% used [0x00000000eb180000,0x00000000eb386728,0x00000000ec080000)
  from space 6656K, 92% used [0x00000000ec780000,0x00000000ecd83c38,0x00000000ece00000)
  to   space 7168K, 0% used [0x00000000ec080000,0x00000000ec080000,0x00000000ec780000)
 ParOldGen       total 23040K, used 6898K [0x00000000c1400000, 0x00000000c2a80000, 0x00000000eb180000)
  object space 23040K, 29% used [0x00000000c1400000,0x00000000c1abc918,0x00000000c2a80000)
 Metaspace       used 21223K, capacity 21406K, committed 21760K, reserved 1069056K
  class space    used 2678K, capacity 2714K, committed 2816K, reserved 1048576K

Card table byte_map: [0x0000000011820000,0x0000000011a20000] byte_map_base: 0x0000000011216000

Marking Bits: (ParMarkBitMap*) 0x00000000696f2f70
 Begin Bits: [0x00000000122f0000, 0x00000000132a0000)
 End Bits:   [0x00000000132a0000, 0x0000000014250000)

Polling page: 0x0000000000100000

CodeCache: size=245760Kb used=6592Kb max_used=6592Kb free=239167Kb
 bounds [0x0000000002460000, 0x0000000002ae0000, 0x0000000011460000]
 total_blobs=2194 nmethods=1809 adapters=297
 compilation: enabled

Compilation events (10 events):
Event: 120.355 Thread 0x00000000561f5000 1923       1       java.net.JarURLConnection::getEntryName (5 bytes)
Event: 120.355 Thread 0x00000000561f5000 nmethod 1923 0x0000000002acf890 code [0x0000000002acf9e0, 0x0000000002acfaf0]
Event: 120.355 Thread 0x00000000561f3800 1924       4       java.net.URLStreamHandler::parseURL (1158 bytes)
Event: 120.360 Thread 0x00000000561f5000 1928       3       java.net.URI$Parser::scan (73 bytes)
Event: 120.361 Thread 0x00000000561f5000 nmethod 1928 0x0000000002ad5cd0 code [0x0000000002ad5ea0, 0x0000000002ad6588]
Event: 120.361 Thread 0x00000000561f5000 1927       3       java.net.URI$Parser::scan (50 bytes)
Event: 120.361 Thread 0x00000000561f5000 nmethod 1927 0x0000000002ad6a10 code [0x0000000002ad6be0, 0x0000000002ad7448]
Event: 120.361 Thread 0x00000000561f5000 1925       3       org.springframework.core.env.SystemEnvironmentPropertySource::containsProperty (14 bytes)
Event: 120.362 Thread 0x00000000561f5000 nmethod 1925 0x0000000002ad7890 code [0x0000000002ad7a00, 0x0000000002ad7c68]
Event: 120.362 Thread 0x00000000561ee800 1926  s    4       java.util.Hashtable::get (69 bytes)

GC Heap History (10 events):
Event: 77.871 GC heap before
{Heap before GC invocations=5 (full 1):
 PSYoungGen      total 18944K, used 2552K [0x00000000eb180000, 0x00000000ec680000, 0x0000000100000000)
  eden space 16384K, 0% used [0x00000000eb180000,0x00000000eb180000,0x00000000ec180000)
  from space 2560K, 99% used [0x00000000ec400000,0x00000000ec67e030,0x00000000ec680000)
  to   space 2560K, 0% used [0x00000000ec180000,0x00000000ec180000,0x00000000ec400000)
 ParOldGen       total 44032K, used 6267K [0x00000000c1400000, 0x00000000c3f00000, 0x00000000eb180000)
  object space 44032K, 14% used [0x00000000c1400000,0x00000000c1a1eec8,0x00000000c3f00000)
 Metaspace       used 14398K, capacity 14572K, committed 14720K, reserved 1067008K
  class space    used 1785K, capacity 1824K, committed 1920K, reserved 1048576K
Event: 77.901 GC heap after
Heap after GC invocations=5 (full 1):
 PSYoungGen      total 18944K, used 0K [0x00000000eb180000, 0x00000000ec680000, 0x0000000100000000)
  eden space 16384K, 0% used [0x00000000eb180000,0x00000000eb180000,0x00000000ec180000)
  from space 2560K, 0% used [0x00000000ec400000,0x00000000ec400000,0x00000000ec680000)
  to   space 2560K, 0% used [0x00000000ec180000,0x00000000ec180000,0x00000000ec400000)
 ParOldGen       total 23040K, used 3875K [0x00000000c1400000, 0x00000000c2a80000, 0x00000000eb180000)
  object space 23040K, 16% used [0x00000000c1400000,0x00000000c17c8fb0,0x00000000c2a80000)
 Metaspace       used 14398K, capacity 14572K, committed 14720K, reserved 1064960K
  class space    used 1785K, capacity 1824K, committed 1920K, reserved 1048576K
}
Event: 80.215 GC heap before
{Heap before GC invocations=6 (full 1):
 PSYoungGen      total 18944K, used 16384K [0x00000000eb180000, 0x00000000ec680000, 0x0000000100000000)
  eden space 16384K, 100% used [0x00000000eb180000,0x00000000ec180000,0x00000000ec180000)
  from space 2560K, 0% used [0x00000000ec400000,0x00000000ec400000,0x00000000ec680000)
  to   space 2560K, 0% used [0x00000000ec180000,0x00000000ec180000,0x00000000ec400000)
 ParOldGen       total 23040K, used 3875K [0x00000000c1400000, 0x00000000c2a80000, 0x00000000eb180000)
  object space 23040K, 16% used [0x00000000c1400000,0x00000000c17c8fb0,0x00000000c2a80000)
 Metaspace       used 16450K, capacity 16606K, committed 16768K, reserved 1064960K
  class space    used 2077K, capacity 2115K, committed 2176K, reserved 1048576K
Event: 80.219 GC heap after
Heap after GC invocations=6 (full 1):
 PSYoungGen      total 18944K, used 2549K [0x00000000eb180000, 0x00000000ecb80000, 0x0000000100000000)
  eden space 16384K, 0% used [0x00000000eb180000,0x00000000eb180000,0x00000000ec180000)
  from space 2560K, 99% used [0x00000000ec180000,0x00000000ec3fd710,0x00000000ec400000)
  to   space 5120K, 0% used [0x00000000ec680000,0x00000000ec680000,0x00000000ecb80000)
 ParOldGen       total 23040K, used 5502K [0x00000000c1400000, 0x00000000c2a80000, 0x00000000eb180000)
  object space 23040K, 23% used [0x00000000c1400000,0x00000000c195f8d0,0x00000000c2a80000)
 Metaspace       used 16450K, capacity 16606K, committed 16768K, reserved 1064960K
  class space    used 2077K, capacity 2115K, committed 2176K, reserved 1048576K
}
Event: 96.224 GC heap before
{Heap before GC invocations=7 (full 1):
 PSYoungGen      total 18944K, used 18933K [0x00000000eb180000, 0x00000000ecb80000, 0x0000000100000000)
  eden space 16384K, 100% used [0x00000000eb180000,0x00000000ec180000,0x00000000ec180000)
  from space 2560K, 99% used [0x00000000ec180000,0x00000000ec3fd710,0x00000000ec400000)
  to   space 5120K, 0% used [0x00000000ec680000,0x00000000ec680000,0x00000000ecb80000)
 ParOldGen       total 23040K, used 5502K [0x00000000c1400000, 0x00000000c2a80000, 0x00000000eb180000)
  object space 23040K, 23% used [0x00000000c1400000,0x00000000c195f8d0,0x00000000c2a80000)
 Metaspace       used 18030K, capacity 18206K, committed 18560K, reserved 1067008K
  class space    used 2279K, capacity 2307K, committed 2432K, reserved 1048576K
Event: 96.236 GC heap after
Heap after GC invocations=7 (full 1):
 PSYoungGen      total 20992K, used 5109K [0x00000000eb180000, 0x00000000ecc80000, 0x0000000100000000)
  eden space 15872K, 0% used [0x00000000eb180000,0x00000000eb180000,0x00000000ec100000)
  from space 5120K, 99% used [0x00000000ec680000,0x00000000ecb7d4f0,0x00000000ecb80000)
  to   space 5632K, 0% used [0x00000000ec100000,0x00000000ec100000,0x00000000ec680000)
 ParOldGen       total 23040K, used 5720K [0x00000000c1400000, 0x00000000c2a80000, 0x00000000eb180000)
  object space 23040K, 24% used [0x00000000c1400000,0x00000000c19960e0,0x00000000c2a80000)
 Metaspace       used 18030K, capacity 18206K, committed 18560K, reserved 1067008K
  class space    used 2279K, capacity 2307K, committed 2432K, reserved 1048576K
}
Event: 114.146 GC heap before
{Heap before GC invocations=8 (full 1):
 PSYoungGen      total 20992K, used 20981K [0x00000000eb180000, 0x00000000ecc80000, 0x0000000100000000)
  eden space 15872K, 100% used [0x00000000eb180000,0x00000000ec100000,0x00000000ec100000)
  from space 5120K, 99% used [0x00000000ec680000,0x00000000ecb7d4f0,0x00000000ecb80000)
  to   space 5632K, 0% used [0x00000000ec100000,0x00000000ec100000,0x00000000ec680000)
 ParOldGen       total 23040K, used 5720K [0x00000000c1400000, 0x00000000c2a80000, 0x00000000eb180000)
  object space 23040K, 24% used [0x00000000c1400000,0x00000000c19960e0,0x00000000c2a80000)
 Metaspace       used 20434K, capacity 20680K, committed 20864K, reserved 1069056K
  class space    used 2605K, capacity 2673K, committed 2688K, reserved 1048576K
Event: 114.155 GC heap after
Heap after GC invocations=8 (full 1):
 PSYoungGen      total 21504K, used 5612K [0x00000000eb180000, 0x00000000ece00000, 0x0000000100000000)
  eden space 15872K, 0% used [0x00000000eb180000,0x00000000eb180000,0x00000000ec100000)
  from space 5632K, 99% used [0x00000000ec100000,0x00000000ec67b240,0x00000000ec680000)
  to   space 6656K, 0% used [0x00000000ec780000,0x00000000ec780000,0x00000000ece00000)
 ParOldGen       total 23040K, used 6890K [0x00000000c1400000, 0x00000000c2a80000, 0x00000000eb180000)
  object space 23040K, 29% used [0x00000000c1400000,0x00000000c1aba918,0x00000000c2a80000)
 Metaspace       used 20434K, capacity 20680K, committed 20864K, reserved 1069056K
  class space    used 2605K, capacity 2673K, committed 2688K, reserved 1048576K
}
Event: 119.937 GC heap before
{Heap before GC invocations=9 (full 1):
 PSYoungGen      total 21504K, used 21484K [0x00000000eb180000, 0x00000000ece00000, 0x0000000100000000)
  eden space 15872K, 100% used [0x00000000eb180000,0x00000000ec100000,0x00000000ec100000)
  from space 5632K, 99% used [0x00000000ec100000,0x00000000ec67b240,0x00000000ec680000)
  to   space 6656K, 0% used [0x00000000ec780000,0x00000000ec780000,0x00000000ece00000)
 ParOldGen       total 23040K, used 6890K [0x00000000c1400000, 0x00000000c2a80000, 0x00000000eb180000)
  object space 23040K, 29% used [0x00000000c1400000,0x00000000c1aba918,0x00000000c2a80000)
 Metaspace       used 21059K, capacity 21278K, committed 21504K, reserved 1069056K
  class space    used 2663K, capacity 2714K, committed 2816K, reserved 1048576K
Event: 119.945 GC heap after
Heap after GC invocations=9 (full 1):
 PSYoungGen      total 22016K, used 6159K [0x00000000eb180000, 0x00000000ecf00000, 0x0000000100000000)
  eden space 15360K, 0% used [0x00000000eb180000,0x00000000eb180000,0x00000000ec080000)
  from space 6656K, 92% used [0x00000000ec780000,0x00000000ecd83c38,0x00000000ece00000)
  to   space 7168K, 0% used [0x00000000ec080000,0x00000000ec080000,0x00000000ec780000)
 ParOldGen       total 23040K, used 6898K [0x00000000c1400000, 0x00000000c2a80000, 0x00000000eb180000)
  object space 23040K, 29% used [0x00000000c1400000,0x00000000c1abc918,0x00000000c2a80000)
 Metaspace       used 21059K, capacity 21278K, committed 21504K, reserved 1069056K
  class space    used 2663K, capacity 2714K, committed 2816K, reserved 1048576K
}

Deoptimization events (10 events):
Event: 114.222 Thread 0x00000000021db000 Uncommon trap: reason=unstable_if action=reinterpret pc=0x0000000002890ac4 method=java.util.concurrent.ConcurrentHashMap.get(Ljava/lang/Object;)Ljava/lang/Object; @ 76
Event: 114.827 Thread 0x00000000021db000 Uncommon trap: reason=class_check action=maybe_recompile pc=0x000000000277369c method=java.util.regex.Pattern$Node.study(Ljava/util/regex/Pattern$TreeInfo;)Z @ 12
Event: 114.828 Thread 0x00000000021db000 Uncommon trap: reason=class_check action=maybe_recompile pc=0x000000000277369c method=java.util.regex.Pattern$Node.study(Ljava/util/regex/Pattern$TreeInfo;)Z @ 12
Event: 114.828 Thread 0x00000000021db000 Uncommon trap: reason=class_check action=maybe_recompile pc=0x000000000277369c method=java.util.regex.Pattern$Node.study(Ljava/util/regex/Pattern$TreeInfo;)Z @ 12
Event: 114.828 Thread 0x00000000021db000 Uncommon trap: reason=class_check action=maybe_recompile pc=0x000000000277369c method=java.util.regex.Pattern$Node.study(Ljava/util/regex/Pattern$TreeInfo;)Z @ 12
Event: 116.616 Thread 0x0000000057a33000 Uncommon trap: reason=unstable_if action=reinterpret pc=0x00000000029afb9c method=com.sun.org.apache.xerces.internal.impl.XMLEntityScanner.skipSpaces()Z @ 115
Event: 116.651 Thread 0x0000000057a33000 Uncommon trap: reason=unstable_if action=reinterpret pc=0x00000000029e657c method=org.apache.tomcat.util.IntrospectionUtils.setProperty(Ljava/lang/Object;Ljava/lang/String;Ljava/lang/String;Z)Z @ 196
Event: 116.690 Thread 0x0000000057a33000 Uncommon trap: reason=unstable_if action=reinterpret pc=0x0000000002a7692c method=com.sun.org.apache.xerces.internal.util.SymbolTable.addSymbol([CII)Ljava/lang/String; @ 38
Event: 116.777 Thread 0x0000000057a33000 Uncommon trap: reason=unstable_if action=reinterpret pc=0x00000000029e070c method=com.sun.org.apache.xerces.internal.util.SymbolTable.addSymbol([CII)Ljava/lang/String; @ 38
Event: 116.781 Thread 0x00000000021db000 Uncommon trap: reason=unstable_if action=reinterpret pc=0x0000000002a790c4 method=org.springframework.util.ConcurrentReferenceHashMap$Segment.clear()V @ 4

Internal exceptions (10 events):
Event: 114.793 Thread 0x00000000021db000 Exception <a 'java/lang/ClassNotFoundException': java/lang/ObjectCustomizer> (0x00000000eb572a40) thrown at [C:\re\workspace\8-2-build-windows-amd64-cygwin\jdk8u91\7017\hotspot\src\share\vm\classfile\systemDictionary.cpp, line 210]
Event: 114.794 Thread 0x00000000021db000 Exception <a 'java/lang/ClassNotFoundException': org/springframework/cloud/bootstrap/config/PropertySourceBootstrapPropertiesCustomizer> (0x00000000eb589530) thrown at [C:\re\workspace\8-2-build-windows-amd64-cygwin\jdk8u91\7017\hotspot\src\share\vm\classf—; ø\@
Event: 114.986 Thread 0x00000000021db000 Exception <a 'java/lang/ClassNotFoundException': java/lang/ObjectCustomizer> (0x00000000eb6877e8) thrown at [C:\re\workspace\8-2-build-windows-amd64-cygwin\jdk8u91\7017\hotspot\src\share\vm\classfile\systemDictionary.cpp, line 210]
Event: 114.987 Thread 0x00000000021db000 Exception <a 'java/lang/ClassNotFoundException': org/springframework/cloud/bootstrap/encrypt/EnvironmentDecryptApplicationInitializerCustomizer> (0x00000000eb69f748) thrown at [C:\re\workspace\8-2-build-windows-amd64-cygwin\jdk8u91\7017\hotspot\src\share\v
Event: 114.988 Thread 0x00000000021db000 Exception <a 'java/lang/ClassNotFoundException': org/springframework/context/ApplicationContextInitializerCustomizer> (0x00000000eb6ba188) thrown at [C:\re\workspace\8-2-build-windows-amd64-cygwin\jdk8u91\7017\hotspot\src\share\vm\classfile\systemDictionar†GÖ,Fø\@
Event: 114.989 Thread 0x00000000021db000 Exception <a 'java/lang/ClassNotFoundException': org/springframework/core/OrderedCustomizer> (0x00000000eb6c71e0) thrown at [C:\re\workspace\8-2-build-windows-amd64-cygwin\jdk8u91\7017\hotspot\src\share\vm\classfile\systemDictionary.cpp, line 210]
Event: 116.563 Thread 0x00000000021db000 Exception <a 'java/lang/ClassNotFoundException': java/lang/ObjectCustomizer> (0x00000000eb717ad0) thrown at [C:\re\workspace\8-2-build-windows-amd64-cygwin\jdk8u91\7017\hotspot\src\share\vm\classfile\systemDictionary.cpp, line 210]
Event: 116.564 Thread 0x00000000021db000 Exception <a 'java/lang/ClassNotFoundException': org/springframework/cloud/context/properties/ConfigurationPropertiesRebinderCustomizer> (0x00000000eb74ae48) thrown at [C:\re\workspace\8-2-build-windows-amd64-cygwin\jdk8u91\7017\hotspot\src\share\vm\classfø±u<$]@
Event: 116.566 Thread 0x00000000021db000 Exception <a 'java/lang/ClassNotFoundException': org/springframework/context/ApplicationContextAwareCustomizer> (0x00000000eb768590) thrown at [C:\re\workspace\8-2-build-windows-amd64-cygwin\jdk8u91\7017\hotspot\src\share\vm\classfile\systemDictionary.cpp,⁄…§‚I$]@
Event: 116.567 Thread 0x00000000021db000 Exception <a 'java/lang/ClassNotFoundException': org/springframework/context/ApplicationListenerCustomizer> (0x00000000eb778698) thrown at [C:\re\workspace\8-2-build-windows-amd64-cygwin\jdk8u91\7017\hotspot\src\share\vm\classfile\systemDictionary.cpp, lin(Ëè≈≤\@

Events (10 events):
Event: 120.352 Executing VM operation: RevokeBias done
Event: 120.353 Thread 0x00000000578f4800 Thread exited: 0x00000000578f4800
Event: 120.358 loading class org/yaml/snakeyaml/Yaml
Event: 120.358 loading class org/yaml/snakeyaml/Yaml done
Event: 120.359 loading class org/springframework/boot/env/YamlPropertySourceLoader$Processor
Event: 120.359 loading class org/springframework/boot/env/YamlPropertySourceLoader$Processor done
Event: 120.360 loading class org/springframework/beans/factory/config/YamlProcessor
Event: 120.360 loading class org/springframework/beans/factory/config/YamlProcessor done
Event: 120.360 loading class org/yaml/snakeyaml/reader/UnicodeReader
Event: 120.360 loading class org/yaml/snakeyaml/reader/UnicodeReader done


Dynamic libraries:
0x000000013f420000 - 0x000000013f457000 	D:\setup\jdk1.8\bin\javaw.exe
0x0000000077560000 - 0x000000007770a000 	C:\Windows\SYSTEM32\ntdll.dll
0x0000000077340000 - 0x000000007745f000 	C:\Windows\system32\kernel32.dll
0x000007fefd500000 - 0x000007fefd56b000 	C:\Windows\system32\KERNELBASE.dll
0x000007feff0d0000 - 0x000007feff1ab000 	C:\Windows\system32\ADVAPI32.dll
0x000007fefe7e0000 - 0x000007fefe87f000 	C:\Windows\system32\msvcrt.dll
0x000007fefeaa0000 - 0x000007fefeabf000 	C:\Windows\SYSTEM32\sechost.dll
0x000007feff5c0000 - 0x000007feff6ed000 	C:\Windows\system32\RPCRT4.dll
0x0000000077460000 - 0x000000007755a000 	C:\Windows\system32\USER32.dll
0x000007feff050000 - 0x000007feff0b7000 	C:\Windows\system32\GDI32.dll
0x000007fefea90000 - 0x000007fefea9e000 	C:\Windows\system32\LPK.dll
0x000007fefe6b0000 - 0x000007fefe77a000 	C:\Windows\system32\USP10.dll
0x000007fefb960000 - 0x000007fefbb54000 	C:\Windows\WinSxS\amd64_microsoft.windows.common-controls_6595b64144ccf1df_6.0.7601.18837_none_fa3b1e3d17594757\COMCTL32.dll
0x000007fefe600000 - 0x000007fefe671000 	C:\Windows\system32\SHLWAPI.dll
0x000007fefe680000 - 0x000007fefe6ae000 	C:\Windows\system32\IMM32.DLL
0x000007fefd760000 - 0x000007fefd869000 	C:\Windows\system32\MSCTF.dll
0x000000006c130000 - 0x000000006c202000 	D:\setup\jdk1.8\bin\msvcr100.dll
0x0000000068ee0000 - 0x0000000069773000 	D:\setup\jdk1.8\bin\server\jvm.dll
0x000007feeead0000 - 0x000007feeead9000 	C:\Windows\system32\WSOCK32.dll
0x000007feff570000 - 0x000007feff5bd000 	C:\Windows\system32\WS2_32.dll
0x000007feff0c0000 - 0x000007feff0c8000 	C:\Windows\system32\NSI.dll
0x000007fef4d50000 - 0x000007fef4d8b000 	C:\Windows\system32\WINMM.dll
0x000007fefc490000 - 0x000007fefc49c000 	C:\Windows\system32\VERSION.dll
0x0000000077720000 - 0x0000000077727000 	C:\Windows\system32\PSAPI.DLL
0x000000006c5c0000 - 0x000000006c5cf000 	D:\setup\jdk1.8\bin\verify.dll
0x0000000069870000 - 0x0000000069899000 	D:\setup\jdk1.8\bin\java.dll
0x000000006ac10000 - 0x000000006ac26000 	D:\setup\jdk1.8\bin\zip.dll
0x000007fefd870000 - 0x000007fefe5f9000 	C:\Windows\system32\SHELL32.dll
0x000007fefe880000 - 0x000007fefea83000 	C:\Windows\system32\ole32.dll
0x000007fefd3b0000 - 0x000007fefd3bf000 	C:\Windows\system32\profapi.dll
0x000000006e590000 - 0x000000006e59d000 	D:\setup\jdk1.8\bin\management.dll
0x000000006a0c0000 - 0x000000006a0da000 	D:\setup\jdk1.8\bin\net.dll
0x000007fefcb80000 - 0x000007fefcbd5000 	C:\Windows\system32\mswsock.dll
0x000007fefcb70000 - 0x000007fefcb77000 	C:\Windows\System32\wship6.dll
0x000000006a060000 - 0x000000006a071000 	D:\setup\jdk1.8\bin\nio.dll
0x000007fefb370000 - 0x000007fefb385000 	C:\Windows\system32\NLAapi.dll
0x000007fefaae0000 - 0x000007fefaaf5000 	C:\Windows\system32\napinsp.dll
0x000007fefaac0000 - 0x000007fefaad9000 	C:\Windows\system32\pnrpnsp.dll
0x000007fefca00000 - 0x000007fefca5b000 	C:\Windows\system32\DNSAPI.dll
0x000007fefaab0000 - 0x000007fefaabb000 	C:\Windows\System32\winrnr.dll
0x000007fefaaa0000 - 0x000007fefaab0000 	C:\Windows\system32\wshbth.dll
0x000007fefc560000 - 0x000007fefc567000 	C:\Windows\System32\wshtcpip.dll
0x000007fefacf0000 - 0x000007fefad17000 	C:\Windows\system32\IPHLPAPI.DLL
0x000007feface0000 - 0x000007fefaceb000 	C:\Windows\system32\WINNSI.DLL
0x000007fefaa90000 - 0x000007fefaa98000 	C:\Windows\system32\rasadhlp.dll
0x000007fefa940000 - 0x000007fefa993000 	C:\Windows\System32\fwpuclnt.dll
0x000007fefcbe0000 - 0x000007fefcbf8000 	C:\Windows\system32\CRYPTSP.dll
0x000007fefc8e0000 - 0x000007fefc927000 	C:\Windows\system32\rsaenh.dll
0x000007fefd580000 - 0x000007fefd59e000 	C:\Windows\system32\USERENV.dll
0x000007fefd240000 - 0x000007fefd24f000 	C:\Windows\system32\CRYPTBASE.dll
0x000007fefa910000 - 0x000007fefa928000 	C:\Windows\system32\dhcpcsvc.DLL
0x000007fefa8f0000 - 0x000007fefa901000 	C:\Windows\system32\dhcpcsvc6.DLL

VM Arguments:
jvm_args: -Dcom.sun.management.jmxremote -Dcom.sun.management.jmxremote.port=3713 -Dcom.sun.management.jmxremote.authenticate=false -Dcom.sun.management.jmxremote.ssl=false -Djava.rmi.server.hostname=localhost -Dspring.liveBeansView.mbeanDomain -Dspring.application.admin.enabled=true -Dfile.encoding=UTF-8 
java_command: com.shiran.cloud.ConfigServerApplication --spring.output.ansi.enabled=always
java_class_path (initial): F:\setup\spring-tool-suite-3.8.4.RELEASE-e4.6.3-win32-x86_64\workspace\code\config-learning\microservice-config-server-encrypt-rsa\target\classes;F:\setup\apache-maven-3.3.9-bin\localrepositoryposition\org\springframework\cloud\spring-cloud-config-server\1.2.1.RELEASE\spring-cloud-config-server-1.2.1.RELEASE.jar;F:\setup\apache-maven-3.3.9-bin\localrepositoryposition\org\springframework\cloud\spring-cloud-config-client\1.2.1.RELEASE\spring-cloud-config-client-1.2.1.RELEASE.jar;F:\setup\apache-maven-3.3.9-bin\localrepositoryposition\org\springframework\boot\spring-boot-autoconfigure\1.4.6.RELEASE\spring-boot-autoconfigure-1.4.6.RELEASE.jar;F:\setup\apache-maven-3.3.9-bin\localrepositoryposition\org\springframework\boot\spring-boot\1.4.6.RELEASE\spring-boot-1.4.6.RELEASE.jar;F:\setup\apache-maven-3.3.9-bin\localrepositoryposition\org\springframework\cloud\spring-cloud-commons\1.1.4.RELEASE\spring-cloud-commons-1.1.4.RELEASE.jar;F:\setup\apache-maven-3.3.9-bin\localrepositoryposition\org\springframework\cloud\spring-cloud-context\1.1.4.RELEASE\spring-cloud-context-1.1.4.RELEASE.jar;F:\setup\apache-maven-3.3.9-bin\localrepositoryposition\org\springframework\spring-web\4.3.8.RELEASE\spring-web-4.3.8.RELEASE.jar;F:\setup\apache-maven-3.3.9-bin\localrepositoryposition\org\springframework\spring-aop\4.3.8.RELEASE\spring-aop-4.3.8.RELEASE.jar;F:\setup\apache-maven-3.3.9-bin\localrepositoryposition\org\springframework\spring-beans\4.3.8.RELEASE\spring-beans-4.3.8.RELEASE.jar;F:\setup\apache-maven-3.3.9-bin\localrepositoryposition\org\springframework\spring-context\4.3.8.RELEASE\spring-context-4.3.8.RELEASE.jar;F:\setup\apache-maven-3.3.9-bin\localrepositoryposition\org\springframework\spring-core\4.3.8.RELEASE\spring-core-4.3.8.RELEASE.jar;F:\setup\apache-maven-3.3.9-bin\localrepositoryposition\com\fasterxml\jackson\core\jackson-annotations\2.8.8\jackson-annotations-2.8.8.jar;F:\setup\apache-maven-3.3.9-bin\localrepositoryposition\com\fasterxml\ja
Launcher Type: SUN_STANDARD

Environment Variables:
JAVA_HOME=D:\setup\jdk1.7
PATH=D:/setup/jdk1.8/bin/server;D:/setup/jdk1.8/bin;D:/setup/jdk1.8/lib/amd64;C:\ProgramData\Oracle\Java\javapath;D:\setup\django\python3.5\Scripts\;D:\setup\django\python3.5\;D:\setup\armv1.2\bin;D:\setup\python2.7;D:\app\Administrator\product\11.1.0\db_2\bin;F:\setup\scala\bin;D:\java\apache-maven-2.2.1\bin;%M2_HOME%\bin;D:\setup\jdk1.7;D:\setup\python34\Scripts;D:\setup\python34;C:\Program Files (x86)\Common Files\NetSarang;D:\setup\jdk1.7\bin;C:\Windows\system32;C:\Windows;C:\Windows\System32\Wbem;C:\Windows\System32\WindowsPowerShell\v1.0\;F:\setup\scala\bin;C:\Program Files (x86)\Microsoft SQL Server\100\Tools\Binn\;C:\Program Files\Microsoft SQL Server\100\Tools\Binn\;C:\Program Files\Microsoft SQL Server\100\DTS\Binn\;C:\Program Files (x86)\Microsoft SQL Server\100\Tools\Binn\VSShell\Common7\IDE\;C:\Program Files (x86)\Microsoft Visual Studio 9.0\Common7\IDE\PrivateAssemblies\;C:\Program Files (x86)\Microsoft SQL Server\100\DTS\Binn\;D:\setup\git\Git\cmd;D:\setup\tortorsegit1.8\bin;D:\setup\node-v6.10.3\;C:\Users\Administrator\AppData\Roaming\npm;F:\setup\spring-tool-suite-3.8.4.RELEASE-e4.6.3-win32-x86_64\sts-bundle\sts-3.8.4.RELEASE;
USERNAME=Administrator
OS=Windows_NT
PROCESSOR_IDENTIFIER=Intel64 Family 6 Model 60 Stepping 3, GenuineIntel



---------------  S Y S T E M  ---------------

OS: Windows 7 , 64 bit Build 7601 (6.1.7601.19135)

CPU:total 4 (2 cores per cpu, 2 threads per core) family 6 model 60 stepping 3, cmov, cx8, fxsr, mmx, sse, sse2, sse3, ssse3, sse4.1, sse4.2, popcnt, avx, avx2, aes, clmul, erms, lzcnt, ht, tsc, tscinvbit, bmi1, bmi2

Memory: 4k page, physical 4108656k(670372k free), swap 6657460k(2936k free)

vm_info: Java HotSpot(TM) 64-Bit Server VM (25.91-b15) for windows-amd64 JRE (1.8.0_91-b15), built on May 20 2016 17:43:15 by "java_re" with MS VC++ 10.0 (VS2010)

time: Sun May 28 16:39:44 2017
elapsed time: 120 seconds (0d 0h 2m 0s)

