#
# There is insufficient memory for the Java Runtime Environment to continue.
# Native memory allocation (malloc) failed to allocate 2461104 bytes for Chunk::new
# Possible reasons:
#   The system is out of physical RAM or swap space
#   In 32 bit mode, the process size limit was hit
# Possible solutions:
#   Reduce memory load on the system
#   Increase physical memory or swap space
#   Check if swap backing store is full
#   Use 64 bit Java on a 64 bit OS
#   Decrease Java heap size (-Xmx/-Xms)
#   Decrease number of Java threads
#   Decrease Java thread stack sizes (-Xss)
#   Set larger code cache with -XX:ReservedCodeCacheSize=
# This output file may be truncated or incomplete.
#
#  Out of Memory Error (allocation.cpp:390), pid=6680, tid=8784
#
# JRE version: Java(TM) SE Runtime Environment (8.0_91-b15) (build 1.8.0_91-b15)
# Java VM: Java HotSpot(TM) 64-Bit Server VM (25.91-b15 mixed mode windows-amd64 compressed oops)
# Failed to write core dump. Minidumps are not enabled by default on client versions of Windows
#

---------------  T H R E A D  ---------------

Current thread (0x0000000055fe5000):  JavaThread "C2 CompilerThread1" daemon [_thread_in_native, id=8784, stack(0x0000000056800000,0x0000000056900000)]

Stack: [0x0000000056800000,0x0000000056900000]
[error occurred during error reporting (printing stack bounds), id 0xc0000005]

Native frames: (J=compiled Java code, j=interpreted, Vv=VM code, C=native code)


Current CompileTask:
C2:  38040 5106   !   4       org.springframework.core.annotation.AnnotatedElementUtils::searchWithFindSemantics (713 bytes)


---------------  P R O C E S S  ---------------

Java Threads: ( => current thread )
  0x0000000058963800 JavaThread "Eureka-CacheFillTimer" daemon [_thread_blocked, id=9656, stack(0x0000000064980000,0x0000000064a80000)]
  0x0000000058962800 JavaThread "Eureka-PeerNodesUpdater" daemon [_thread_blocked, id=6116, stack(0x00000000647a0000,0x00000000648a0000)]
  0x0000000058962000 JavaThread "TaskNonBatchingWorker-peer2-0" daemon [_thread_blocked, id=8768, stack(0x0000000064240000,0x0000000064340000)]
  0x0000000058961000 JavaThread "TaskAcceptor-peer2" daemon [_thread_blocked, id=9348, stack(0x0000000064520000,0x0000000064620000)]
  0x0000000058960800 JavaThread "TaskBatchingWorker-target_peer2-19" daemon [_thread_blocked, id=8644, stack(0x00000000643b0000,0x00000000644b0000)]
  0x000000005895f800 JavaThread "TaskBatchingWorker-target_peer2-18" daemon [_thread_blocked, id=9620, stack(0x0000000064140000,0x0000000064240000)]
  0x000000005895f000 JavaThread "TaskBatchingWorker-target_peer2-17" daemon [_thread_blocked, id=1296, stack(0x0000000063f40000,0x0000000064040000)]
  0x000000005895e000 JavaThread "TaskBatchingWorker-target_peer2-16" daemon [_thread_blocked, id=3772, stack(0x0000000063dc0000,0x0000000063ec0000)]
  0x000000005cb7e800 JavaThread "TaskBatchingWorker-target_peer2-15" daemon [_thread_blocked, id=6492, stack(0x0000000063c80000,0x0000000063d80000)]
  0x000000005cb7d800 JavaThread "TaskBatchingWorker-target_peer2-14" daemon [_thread_blocked, id=9576, stack(0x0000000063980000,0x0000000063a80000)]
  0x000000005cb7d000 JavaThread "TaskBatchingWorker-target_peer2-13" daemon [_thread_blocked, id=3008, stack(0x0000000063a80000,0x0000000063b80000)]
  0x000000005cb7c000 JavaThread "TaskBatchingWorker-target_peer2-12" daemon [_thread_blocked, id=8816, stack(0x0000000063880000,0x0000000063980000)]
  0x000000005cb7b800 JavaThread "TaskBatchingWorker-target_peer2-11" daemon [_thread_blocked, id=7000, stack(0x0000000063740000,0x0000000063840000)]
  0x000000005cb7a800 JavaThread "TaskBatchingWorker-target_peer2-10" daemon [_thread_blocked, id=8120, stack(0x0000000063540000,0x0000000063640000)]
  0x000000005cb7a000 JavaThread "TaskBatchingWorker-target_peer2-9" daemon [_thread_blocked, id=9644, stack(0x0000000063640000,0x0000000063740000)]
  0x000000005cb79000 JavaThread "TaskBatchingWorker-target_peer2-8" daemon [_thread_blocked, id=7340, stack(0x0000000063400000,0x0000000063500000)]
  0x000000005cb78800 JavaThread "TaskBatchingWorker-target_peer2-7" daemon [_thread_blocked, id=9804, stack(0x0000000063180000,0x0000000063280000)]
  0x000000005cb77800 JavaThread "TaskBatchingWorker-target_peer2-6" daemon [_thread_blocked, id=8936, stack(0x00000000632c0000,0x00000000633c0000)]
  0x000000005d783800 JavaThread "TaskBatchingWorker-target_peer2-5" daemon [_thread_blocked, id=1240, stack(0x0000000062a40000,0x0000000062b40000)]
  0x000000005d783000 JavaThread "TaskBatchingWorker-target_peer2-4" daemon [_thread_blocked, id=4668, stack(0x0000000063000000,0x0000000063100000)]
  0x000000005d782000 JavaThread "TaskBatchingWorker-target_peer2-3" daemon [_thread_blocked, id=9876, stack(0x0000000062d70000,0x0000000062e70000)]
  0x000000005d781800 JavaThread "TaskBatchingWorker-target_peer2-2" daemon [_thread_blocked, id=8696, stack(0x0000000062ef0000,0x0000000062ff0000)]
  0x000000005d780800 JavaThread "TaskBatchingWorker-target_peer2-1" daemon [_thread_blocked, id=7768, stack(0x0000000062c60000,0x0000000062d60000)]
  0x000000005d780000 JavaThread "TaskBatchingWorker-target_peer2-0" daemon [_thread_blocked, id=10188, stack(0x0000000061b00000,0x0000000061c00000)]
  0x000000005d77f000 JavaThread "TaskAcceptor-target_peer2" daemon [_thread_blocked, id=9108, stack(0x0000000062b50000,0x0000000062c50000)]
  0x000000005d77e800 JavaThread "Eureka-JerseyClient-Conn-Cleaner2" daemon [_thread_blocked, id=9444, stack(0x0000000062940000,0x0000000062a40000)]
  0x000000005d77d800 JavaThread "TaskNonBatchingWorker-peer3-0" daemon [_thread_blocked, id=7068, stack(0x00000000620d0000,0x00000000621d0000)]
  0x000000005d77d000 JavaThread "TaskAcceptor-peer3" daemon [_thread_blocked, id=8972, stack(0x00000000627c0000,0x00000000628c0000)]
  0x000000005839b000 JavaThread "TaskBatchingWorker-target_peer3-19" daemon [_thread_blocked, id=9120, stack(0x00000000625d0000,0x00000000626d0000)]
  0x000000005839a000 JavaThread "TaskBatchingWorker-target_peer3-18" daemon [_thread_blocked, id=8264, stack(0x00000000623e0000,0x00000000624e0000)]
  0x0000000058399800 JavaThread "TaskBatchingWorker-target_peer3-17" daemon [_thread_blocked, id=8208, stack(0x0000000061440000,0x0000000061540000)]
  0x0000000058398800 JavaThread "TaskBatchingWorker-target_peer3-16" daemon [_thread_blocked, id=6332, stack(0x00000000621e0000,0x00000000622e0000)]
  0x0000000058398000 JavaThread "TaskBatchingWorker-target_peer3-15" daemon [_thread_blocked, id=7332, stack(0x0000000061f80000,0x0000000062080000)]
  0x0000000058397000 JavaThread "TaskBatchingWorker-target_peer3-14" daemon [_thread_blocked, id=9024, stack(0x0000000061d20000,0x0000000061e20000)]
  0x0000000058396800 JavaThread "TaskBatchingWorker-target_peer3-13" daemon [_thread_blocked, id=3692, stack(0x0000000061e20000,0x0000000061f20000)]
  0x0000000058395800 JavaThread "TaskBatchingWorker-target_peer3-12" daemon [_thread_blocked, id=8620, stack(0x00000000611e0000,0x00000000612e0000)]
  0x0000000058395000 JavaThread "TaskBatchingWorker-target_peer3-11" daemon [_thread_blocked, id=864, stack(0x0000000061c00000,0x0000000061d00000)]
  0x0000000058394000 JavaThread "TaskBatchingWorker-target_peer3-10" daemon [_thread_blocked, id=9752, stack(0x00000000619c0000,0x0000000061ac0000)]
  0x0000000058768000 JavaThread "TaskBatchingWorker-target_peer3-9" daemon [_thread_blocked, id=10080, stack(0x0000000061840000,0x0000000061940000)]
  0x0000000058767000 JavaThread "TaskBatchingWorker-target_peer3-8" daemon [_thread_blocked, id=10204, stack(0x00000000616c0000,0x00000000617c0000)]
  0x0000000058766000 JavaThread "TaskBatchingWorker-target_peer3-7" daemon [_thread_blocked, id=9660, stack(0x00000000605e0000,0x00000000606e0000)]
  0x0000000058765800 JavaThread "TaskBatchingWorker-target_peer3-6" daemon [_thread_blocked, id=3520, stack(0x0000000061540000,0x0000000061640000)]
  0x0000000058764800 JavaThread "TaskBatchingWorker-target_peer3-5" daemon [_thread_blocked, id=5748, stack(0x0000000061310000,0x0000000061410000)]
  0x0000000058764000 JavaThread "TaskBatchingWorker-target_peer3-4" daemon [_thread_blocked, id=8964, stack(0x00000000610b0000,0x00000000611b0000)]
  0x0000000058763000 JavaThread "TaskBatchingWorker-target_peer3-3" daemon [_thread_blocked, id=8460, stack(0x0000000060ed0000,0x0000000060fd0000)]
  0x0000000058762800 JavaThread "TaskBatchingWorker-target_peer3-2" daemon [_thread_blocked, id=10064, stack(0x0000000060bb0000,0x0000000060cb0000)]
  0x0000000058761800 JavaThread "TaskBatchingWorker-target_peer3-1" daemon [_thread_blocked, id=9000, stack(0x0000000060d30000,0x0000000060e30000)]
  0x0000000058761000 JavaThread "TaskBatchingWorker-target_peer3-0" daemon [_thread_blocked, id=8928, stack(0x0000000060930000,0x0000000060a30000)]
  0x0000000055ff9000 JavaThread "StatsMonitor-0" daemon [_thread_blocked, id=10144, stack(0x000000005b180000,0x000000005b280000)]
  0x0000000055ff8000 JavaThread "TaskAcceptor-target_peer3" daemon [_thread_blocked, id=6132, stack(0x0000000060110000,0x0000000060210000)]
  0x0000000055ff7800 JavaThread "Eureka-JerseyClient-Conn-Cleaner2" daemon [_thread_blocked, id=9204, stack(0x0000000060a90000,0x0000000060b90000)]
  0x0000000055ff5000 JavaThread "Eureka-MeasureRateTimer" daemon [_thread_blocked, id=10096, stack(0x0000000060820000,0x0000000060920000)]
  0x0000000055ff4800 JavaThread "ReplicaAwareInstanceRegistry - RenewalThresholdUpdater" daemon [_thread_blocked, id=2628, stack(0x00000000606f0000,0x00000000607f0000)]
  0x0000000055ff3800 JavaThread "Eureka-MeasureRateTimer" daemon [_thread_blocked, id=7240, stack(0x000000005fd20000,0x000000005fe20000)]
  0x0000000055ff3000 JavaThread "Eureka-EvictionTimer" daemon [_thread_blocked, id=2800, stack(0x00000000604b0000,0x00000000605b0000)]
  0x0000000055ff2000 JavaThread "Eureka-DeltaRetentionTimer" daemon [_thread_blocked, id=8360, stack(0x0000000060360000,0x0000000060460000)]
  0x0000000055ff1800 JavaThread "DiscoveryClient-InstanceInfoReplicator-0" daemon [_thread_blocked, id=9404, stack(0x0000000060210000,0x0000000060310000)]
  0x0000000055ff0800 JavaThread "DiscoveryClient-1" daemon [_thread_blocked, id=10164, stack(0x000000005f920000,0x000000005fa20000)]
  0x0000000055ff0000 JavaThread "DiscoveryClient-0" daemon [_thread_blocked, id=8720, stack(0x0000000060000000,0x0000000060100000)]
  0x0000000055fef000 JavaThread "AsyncResolver-bootstrap-0" daemon [_thread_blocked, id=1300, stack(0x000000005fa30000,0x000000005fb30000)]
  0x0000000055fee800 JavaThread "Eureka-JerseyClient-Conn-Cleaner2" daemon [_thread_blocked, id=8400, stack(0x000000005fe20000,0x000000005ff20000)]
  0x0000000055fed800 JavaThread "Eureka-JerseyClient-Conn-Cleaner2" daemon [_thread_blocked, id=9692, stack(0x000000005fc10000,0x000000005fd10000)]
  0x0000000055fed000 JavaThread "spring.cloud.inetutils" daemon [_thread_blocked, id=9292, stack(0x0000000059390000,0x0000000059490000)]
  0x0000000055fec000 JavaThread "container-0" [_thread_blocked, id=3996, stack(0x000000005f5f0000,0x000000005f6f0000)]
  0x0000000055feb800 JavaThread "ContainerBackgroundProcessor[StandardEngine[Tomcat]]" daemon [_thread_blocked, id=9880, stack(0x000000005b9b0000,0x000000005bab0000)]
  0x000000005751c800 JavaThread "RMI TCP Accept-0" daemon [_thread_in_native, id=9772, stack(0x0000000056ef0000,0x0000000056ff0000)]
  0x00000000574d7000 JavaThread "RMI TCP Accept-3434" daemon [_thread_in_native, id=10024, stack(0x00000000578a0000,0x00000000579a0000)]
  0x00000000572ee000 JavaThread "RMI TCP Accept-0" daemon [_thread_in_native, id=9636, stack(0x00000000579b0000,0x0000000057ab0000)]
  0x0000000056068800 JavaThread "Service Thread" daemon [_thread_blocked, id=8260, stack(0x0000000056c10000,0x0000000056d10000)]
  0x0000000055fea000 JavaThread "C1 CompilerThread2" daemon [_thread_blocked, id=8976, stack(0x0000000056ad0000,0x0000000056bd0000)]
=>0x0000000055fe5000 JavaThread "C2 CompilerThread1" daemon [_thread_in_native, id=8784, stack(0x0000000056800000,0x0000000056900000)]
  0x0000000055fdf000 JavaThread "C2 CompilerThread0" daemon [_thread_in_native, id=10128, stack(0x00000000565e0000,0x00000000566e0000)]
  0x0000000055fdc000 JavaThread "Attach Listener" daemon [_thread_blocked, id=9588, stack(0x00000000566e0000,0x00000000567e0000)]
  0x0000000054c4f000 JavaThread "Signal Dispatcher" daemon [_thread_blocked, id=5556, stack(0x0000000056450000,0x0000000056550000)]
  0x0000000054c31000 JavaThread "Finalizer" daemon [_thread_blocked, id=9728, stack(0x0000000055b90000,0x0000000055c90000)]
  0x0000000054bea000 JavaThread "Reference Handler" daemon [_thread_blocked, id=2720, stack(0x0000000055ec0000,0x0000000055fc0000)]
  0x000000000214f000 JavaThread "main" [_thread_in_native, id=10184, stack(0x00000000022c0000,0x00000000023c0000)]

Other Threads:
  0x0000000054be2000 VMThread [stack: 0x0000000055cf0000,0x0000000055df0000] [id=9196]
  0x000000005751f800 WatcherThread [stack: 0x0000000057ae0000,0x0000000057be0000] [id=8948]

VM state:not at safepoint (normal execution)

VM Mutex/Monitor currently owned by a thread: None

Heap:
 PSYoungGen      total 224256K, used 109453K [0x00000000eb180000, 0x00000000ff580000, 0x0000000100000000)
  eden space 211968K, 47% used [0x00000000eb180000,0x00000000f135fb78,0x00000000f8080000)
  from space 12288K, 75% used [0x00000000f8080000,0x00000000f8983a00,0x00000000f8c80000)
  to   space 12800K, 0% used [0x00000000fe900000,0x00000000fe900000,0x00000000ff580000)
 ParOldGen       total 60416K, used 27910K [0x00000000c1400000, 0x00000000c4f00000, 0x00000000eb180000)
  object space 60416K, 46% used [0x00000000c1400000,0x00000000c2f419a8,0x00000000c4f00000)
 Metaspace       used 46405K, capacity 47116K, committed 47232K, reserved 1089536K
  class space    used 6065K, capacity 6244K, committed 6272K, reserved 1048576K

Card table byte_map: [0x0000000011780000,0x0000000011980000] byte_map_base: 0x0000000011176000

Marking Bits: (ParMarkBitMap*) 0x000000005c3a2f70
 Begin Bits: [0x00000000120f0000, 0x00000000130a0000)
 End Bits:   [0x00000000130a0000, 0x0000000014050000)

Polling page: 0x0000000000100000

CodeCache: size=245760Kb used=16228Kb max_used=16228Kb free=229531Kb
 bounds [0x00000000023c0000, 0x00000000033b0000, 0x00000000113c0000]
 total_blobs=5013 nmethods=4566 adapters=359
 compilation: enabled

Compilation events (10 events):
Event: 37.946 Thread 0x0000000055fea000 5261       2       java.util.TreeMap$EntryIterator::<init> (12 bytes)
Event: 37.946 Thread 0x0000000055fea000 nmethod 5261 0x00000000033a4e90 code [0x00000000033a4fe0, 0x00000000033a5190]
Event: 37.946 Thread 0x0000000055fea000 5262       1       org.springframework.beans.AbstractNestablePropertyAccessor$PropertyHandler::isWritable (5 bytes)
Event: 37.946 Thread 0x0000000055fea000 nmethod 5262 0x00000000033a5250 code [0x00000000033a53a0, 0x00000000033a54b0]
Event: 37.952 Thread 0x0000000055fea000 5263       2       org.springframework.beans.PropertyAccessorUtils::getNestedPropertySeparatorIndex (118 bytes)
Event: 37.953 Thread 0x0000000055fea000 nmethod 5263 0x00000000033a5510 code [0x00000000033a5680, 0x00000000033a59a8]
Event: 37.953 Thread 0x0000000055fea000 5264       1       org.springframework.beans.PropertyEditorRegistrySupport::getConversionService (5 bytes)
Event: 37.953 Thread 0x0000000055fea000 nmethod 5264 0x00000000033a5c10 code [0x00000000033a5d60, 0x00000000033a5e70]
Event: 37.954 Thread 0x0000000055fea000 5265       2       org.springframework.beans.BeanWrapperImpl::<init> (6 bytes)
Event: 37.954 Thread 0x0000000055fea000 nmethod 5265 0x00000000033a5ed0 code [0x00000000033a6060, 0x00000000033a6308]

GC Heap History (10 events):
Event: 15.029 GC heap before
{Heap before GC invocations=11 (full 1):
 PSYoungGen      total 114688K, used 114686K [0x00000000eb180000, 0x00000000f5980000, 0x0000000100000000)
  eden space 107008K, 100% used [0x00000000eb180000,0x00000000f1a00000,0x00000000f1a00000)
  from space 7680K, 99% used [0x00000000f1a00000,0x00000000f217f9c0,0x00000000f2180000)
  to   space 9216K, 0% used [0x00000000f5080000,0x00000000f5080000,0x00000000f5980000)
 ParOldGen       total 38400K, used 11985K [0x00000000c1400000, 0x00000000c3980000, 0x00000000eb180000)
  object space 38400K, 31% used [0x00000000c1400000,0x00000000c1fb4638,0x00000000c3980000)
 Metaspace       used 31957K, capacity 32332K, committed 32768K, reserved 1077248K
  class space    used 3971K, capacity 4071K, committed 4096K, reserved 1048576K
Event: 15.185 GC heap after
Heap after GC invocations=11 (full 1):
 PSYoungGen      total 159744K, used 9214K [0x00000000eb180000, 0x00000000f5f80000, 0x0000000100000000)
  eden space 150528K, 0% used [0x00000000eb180000,0x00000000eb180000,0x00000000f4480000)
  from space 9216K, 99% used [0x00000000f5080000,0x00000000f597f850,0x00000000f5980000)
  to   space 12288K, 0% used [0x00000000f4480000,0x00000000f4480000,0x00000000f5080000)
 ParOldGen       total 38400K, used 17445K [0x00000000c1400000, 0x00000000c3980000, 0x00000000eb180000)
  object space 38400K, 45% used [0x00000000c1400000,0x00000000c2509608,0x00000000c3980000)
 Metaspace       used 31957K, capacity 32332K, committed 32768K, reserved 1077248K
  class space    used 3971K, capacity 4071K, committed 4096K, reserved 1048576K
}
Event: 16.474 GC heap before
{Heap before GC invocations=12 (full 1):
 PSYoungGen      total 159744K, used 87101K [0x00000000eb180000, 0x00000000f5f80000, 0x0000000100000000)
  eden space 150528K, 51% used [0x00000000eb180000,0x00000000efd8fcc8,0x00000000f4480000)
  from space 9216K, 99% used [0x00000000f5080000,0x00000000f597f850,0x00000000f5980000)
  to   space 12288K, 0% used [0x00000000f4480000,0x00000000f4480000,0x00000000f5080000)
 ParOldGen       total 38400K, used 17445K [0x00000000c1400000, 0x00000000c3980000, 0x00000000eb180000)
  object space 38400K, 45% used [0x00000000c1400000,0x00000000c2509608,0x00000000c3980000)
 Metaspace       used 34883K, capacity 35178K, committed 35496K, reserved 1081344K
  class space    used 4425K, capacity 4524K, committed 4608K, reserved 1048576K
Event: 16.494 GC heap after
Heap after GC invocations=12 (full 1):
 PSYoungGen      total 162816K, used 5352K [0x00000000eb180000, 0x00000000f9800000, 0x0000000100000000)
  eden space 150528K, 0% used [0x00000000eb180000,0x00000000eb180000,0x00000000f4480000)
  from space 12288K, 43% used [0x00000000f4480000,0x00000000f49ba120,0x00000000f5080000)
  to   space 11776K, 0% used [0x00000000f8c80000,0x00000000f8c80000,0x00000000f9800000)
 ParOldGen       total 38400K, used 23947K [0x00000000c1400000, 0x00000000c3980000, 0x00000000eb180000)
  object space 38400K, 62% used [0x00000000c1400000,0x00000000c2b62d68,0x00000000c3980000)
 Metaspace       used 34883K, capacity 35178K, committed 35496K, reserved 1081344K
  class space    used 4425K, capacity 4524K, committed 4608K, reserved 1048576K
}
Event: 16.494 GC heap before
{Heap before GC invocations=13 (full 2):
 PSYoungGen      total 162816K, used 5352K [0x00000000eb180000, 0x00000000f9800000, 0x0000000100000000)
  eden space 150528K, 0% used [0x00000000eb180000,0x00000000eb180000,0x00000000f4480000)
  from space 12288K, 43% used [0x00000000f4480000,0x00000000f49ba120,0x00000000f5080000)
  to   space 11776K, 0% used [0x00000000f8c80000,0x00000000f8c80000,0x00000000f9800000)
 ParOldGen       total 38400K, used 23947K [0x00000000c1400000, 0x00000000c3980000, 0x00000000eb180000)
  object space 38400K, 62% used [0x00000000c1400000,0x00000000c2b62d68,0x00000000c3980000)
 Metaspace       used 34883K, capacity 35178K, committed 35496K, reserved 1081344K
  class space    used 4425K, capacity 4524K, committed 4608K, reserved 1048576K
Event: 16.676 GC heap after
Heap after GC invocations=13 (full 2):
 PSYoungGen      total 162816K, used 0K [0x00000000eb180000, 0x00000000f9800000, 0x0000000100000000)
  eden space 150528K, 0% used [0x00000000eb180000,0x00000000eb180000,0x00000000f4480000)
  from space 12288K, 0% used [0x00000000f4480000,0x00000000f4480000,0x00000000f5080000)
  to   space 11776K, 0% used [0x00000000f8c80000,0x00000000f8c80000,0x00000000f9800000)
 ParOldGen       total 60416K, used 22985K [0x00000000c1400000, 0x00000000c4f00000, 0x00000000eb180000)
  object space 60416K, 38% used [0x00000000c1400000,0x00000000c2a72478,0x00000000c4f00000)
 Metaspace       used 34883K, capacity 35178K, committed 35496K, reserved 1081344K
  class space    used 4425K, capacity 4524K, committed 4608K, reserved 1048576K
}
Event: 30.853 GC heap before
{Heap before GC invocations=14 (full 2):
 PSYoungGen      total 162816K, used 150528K [0x00000000eb180000, 0x00000000f9800000, 0x0000000100000000)
  eden space 150528K, 100% used [0x00000000eb180000,0x00000000f4480000,0x00000000f4480000)
  from space 12288K, 0% used [0x00000000f4480000,0x00000000f4480000,0x00000000f5080000)
  to   space 11776K, 0% used [0x00000000f8c80000,0x00000000f8c80000,0x00000000f9800000)
 ParOldGen       total 60416K, used 22985K [0x00000000c1400000, 0x00000000c4f00000, 0x00000000eb180000)
  object space 60416K, 38% used [0x00000000c1400000,0x00000000c2a72478,0x00000000c4f00000)
 Metaspace       used 42068K, capacity 42584K, committed 42880K, reserved 1087488K
  class space    used 5503K, capacity 5654K, committed 5760K, reserved 1048576K
Event: 32.140 GC heap after
Heap after GC invocations=14 (full 2):
 PSYoungGen      total 223744K, used 8892K [0x00000000eb180000, 0x00000000f9c80000, 0x0000000100000000)
  eden space 211968K, 0% used [0x00000000eb180000,0x00000000eb180000,0x00000000f8080000)
  from space 11776K, 75% used [0x00000000f8c80000,0x00000000f952f1e0,0x00000000f9800000)
  to   space 12288K, 0% used [0x00000000f8080000,0x00000000f8080000,0x00000000f8c80000)
 ParOldGen       total 60416K, used 22985K [0x00000000c1400000, 0x00000000c4f00000, 0x00000000eb180000)
  object space 60416K, 38% used [0x00000000c1400000,0x00000000c2a72478,0x00000000c4f00000)
 Metaspace       used 42068K, capacity 42584K, committed 42880K, reserved 1087488K
  class space    used 5503K, capacity 5654K, committed 5760K, reserved 1048576K
}
Event: 36.429 GC heap before
{Heap before GC invocations=15 (full 2):
 PSYoungGen      total 223744K, used 220860K [0x00000000eb180000, 0x00000000f9c80000, 0x0000000100000000)
  eden space 211968K, 100% used [0x00000000eb180000,0x00000000f8080000,0x00000000f8080000)
  from space 11776K, 75% used [0x00000000f8c80000,0x00000000f952f1e0,0x00000000f9800000)
  to   space 12288K, 0% used [0x00000000f8080000,0x00000000f8080000,0x00000000f8c80000)
 ParOldGen       total 60416K, used 22985K [0x00000000c1400000, 0x00000000c4f00000, 0x00000000eb180000)
  object space 60416K, 38% used [0x00000000c1400000,0x00000000c2a72478,0x00000000c4f00000)
 Metaspace       used 44959K, capacity 45620K, committed 45824K, reserved 1089536K
  class space    used 5872K, capacity 6048K, committed 6144K, reserved 1048576K
Event: 36.741 GC heap after
Heap after GC invocations=15 (full 2):
 PSYoungGen      total 224256K, used 9230K [0x00000000eb180000, 0x00000000ff580000, 0x0000000100000000)
  eden space 211968K, 0% used [0x00000000eb180000,0x00000000eb180000,0x00000000f8080000)
  from space 12288K, 75% used [0x00000000f8080000,0x00000000f8983a00,0x00000000f8c80000)
  to   space 12800K, 0% used [0x00000000fe900000,0x00000000fe900000,0x00000000ff580000)
 ParOldGen       total 60416K, used 27910K [0x00000000c1400000, 0x00000000c4f00000, 0x00000000eb180000)
  object space 60416K, 46% used [0x00000000c1400000,0x00000000c2f419a8,0x00000000c4f00000)
 Metaspace       used 44959K, capacity 45620K, committed 45824K, reserved 1089536K
  class space    used 5872K, capacity 6048K, committed 6144K, reserved 1048576K
}

Deoptimization events (10 events):
Event: 34.271 Thread 0x000000000214f000 Uncommon trap: reason=unstable_if action=reinterpret pc=0x0000000002533304 method=org.hibernate.validator.internal.util.ExecutableHelper.overrides(Ljava/lang/reflect/Method;Ljava/lang/reflect/Method;)Z @ 119
Event: 34.626 Thread 0x000000000214f000 Uncommon trap: reason=class_check action=maybe_recompile pc=0x000000000331ccc4 method=com.sun.beans.TypeResolver.resolve(Ljava/lang/reflect/Type;Ljava/lang/reflect/Type;)Ljava/lang/reflect/Type; @ 215
Event: 34.633 Thread 0x000000000214f000 Uncommon trap: reason=class_check action=maybe_recompile pc=0x000000000331ccc4 method=com.sun.beans.TypeResolver.resolve(Ljava/lang/reflect/Type;Ljava/lang/reflect/Type;)Ljava/lang/reflect/Type; @ 215
Event: 34.634 Thread 0x000000000214f000 Uncommon trap: reason=class_check action=maybe_recompile pc=0x000000000331ccc4 method=com.sun.beans.TypeResolver.resolve(Ljava/lang/reflect/Type;Ljava/lang/reflect/Type;)Ljava/lang/reflect/Type; @ 215
Event: 34.683 Thread 0x000000000214f000 Uncommon trap: reason=class_check action=maybe_recompile pc=0x0000000003295e10 method=com.sun.beans.TypeResolver.resolve(Ljava/lang/reflect/Type;Ljava/lang/reflect/Type;)Ljava/lang/reflect/Type; @ 215
Event: 34.683 Thread 0x000000000214f000 Uncommon trap: reason=class_check action=maybe_recompile pc=0x000000000331ccc4 method=com.sun.beans.TypeResolver.resolve(Ljava/lang/reflect/Type;Ljava/lang/reflect/Type;)Ljava/lang/reflect/Type; @ 215
Event: 37.798 Thread 0x000000000214f000 Uncommon trap: reason=class_check action=maybe_recompile pc=0x000000000257ad18 method=java.lang.String.equals(Ljava/lang/Object;)Z @ 8
Event: 37.802 Thread 0x000000000214f000 Uncommon trap: reason=class_check action=maybe_recompile pc=0x000000000257ad18 method=java.lang.String.equals(Ljava/lang/Object;)Z @ 8
Event: 37.802 Thread 0x000000000214f000 Uncommon trap: reason=class_check action=maybe_recompile pc=0x000000000257ad18 method=java.lang.String.equals(Ljava/lang/Object;)Z @ 8
Event: 37.803 Thread 0x000000000214f000 Uncommon trap: reason=class_check action=maybe_recompile pc=0x000000000257ad18 method=java.lang.String.equals(Ljava/lang/Object;)Z @ 8

Internal exceptions (10 events):
Event: 37.683 Thread 0x000000000214f000 Exception <a 'java/lang/ClassNotFoundException': java/lang/ObjectCustomizer> (0x00000000f0160b78) thrown at [C:\re\workspace\8-2-build-windows-amd64-cygwin\jdk8u91\7017\hotspot\src\share\vm\classfile\systemDictionary.cpp, line 210]
Event: 37.683 Thread 0x000000000214f000 Exception <a 'java/lang/ClassNotFoundException': org/springframework/cloud/netflix/rx/RxJavaAutoConfigurationCustomizer> (0x00000000f0185a38) thrown at [C:\re\workspace\8-2-build-windows-amd64-cygwin\jdk8u91\7017\hotspot\src\share\vm\classfile\systemDictio˜MÇÄ◊B@
Event: 37.684 Thread 0x000000000214f000 Exception <a 'java/lang/ClassNotFoundException': org/springframework/cloud/netflix/rx/RxJavaAutoConfiguration$$EnhancerBySpringCGLIB$$ae63fa6bCustomizer> (0x00000000f01b3b80) thrown at [C:\re\workspace\8-2-build-windows-amd64-cygwin\jdk8u91\7017\hotspot\sr<0F‡î◊B@
Event: 37.684 Thread 0x000000000214f000 Exception <a 'java/lang/ClassNotFoundException': org/springframework/context/annotation/ConfigurationClassEnhancer$EnhancedConfigurationCustomizer> (0x00000000f01e3cd8) thrown at [C:\re\workspace\8-2-build-windows-amd64-cygwin\jdk8u91\7017\hotspot\src\sharµé–êÂB@
Event: 37.793 Thread 0x000000000214f000 Exception <a 'java/lang/ClassNotFoundException': java/lang/ObjectCustomizer> (0x00000000f10d2580) thrown at [C:\re\workspace\8-2-build-windows-amd64-cygwin\jdk8u91\7017\hotspot\src\share\vm\classfile\systemDictionary.cpp, line 210]
Event: 37.794 Thread 0x000000000214f000 Exception <a 'java/lang/ClassNotFoundException': org/springframework/jmx/export/metadata/AbstractJmxAttributeCustomizer> (0x00000000f10f7510) thrown at [C:\re\workspace\8-2-build-windows-amd64-cygwin\jdk8u91\7017\hotspot\src\share\vm\classfile\systemDictio!s¥~ºÂB@
Event: 37.795 Thread 0x000000000214f000 Exception <a 'java/lang/ClassNotFoundException': org/springframework/jmx/export/metadata/ManagedResourceCustomizer> (0x00000000f111ced0) thrown at [C:\re\workspace\8-2-build-windows-amd64-cygwin\jdk8u91\7017\hotspot\src\share\vm\classfile\systemDictionary.–‚D˘B@
Event: 37.947 Thread 0x000000000214f000 Exception <a 'java/lang/ClassNotFoundException': java/lang/ObjectCustomizer> (0x00000000f11b1d68) thrown at [C:\re\workspace\8-2-build-windows-amd64-cygwin\jdk8u91\7017\hotspot\src\share\vm\classfile\systemDictionary.cpp, line 210]
Event: 37.948 Thread 0x000000000214f000 Exception <a 'java/lang/ClassNotFoundException': org/springframework/jmx/export/metadata/AbstractJmxAttributeCustomizer> (0x00000000f11d6c18) thrown at [C:\re\workspace\8-2-build-windows-amd64-cygwin\jdk8u91\7017\hotspot\src\share\vm\classfile\systemDictio™kƒ'h˘B@
Event: 37.948 Thread 0x000000000214f000 Exception <a 'java/lang/ClassNotFoundException': org/springframework/jmx/export/metadata/ManagedOperationCustomizer> (0x00000000f11fbec8) thrown at [C:\re\workspace\8-2-build-windows-amd64-cygwin\jdk8u91\7017\hotspot\src\share\vm\classfile\systemDictionary

Events (10 events):
Event: 37.948 loading class org/springframework/jmx/export/metadata/ManagedOperationCustomizer
Event: 37.948 loading class org/springframework/jmx/export/metadata/ManagedOperationCustomizer done
Event: 37.949 loading class org/springframework/jmx/export/annotation/ManagedOperationParameter
Event: 37.949 loading class org/springframework/jmx/export/annotation/ManagedOperationParameter done
Event: 37.949 loading class org/springframework/jmx/export/annotation/ManagedOperationParameters
Event: 37.949 loading class org/springframework/jmx/export/annotation/ManagedOperationParameters done
Event: 37.949 loading class org/springframework/core/annotation/AnnotationUtils$AnnotationCollector
Event: 37.949 loading class org/springframework/core/annotation/AnnotationUtils$AnnotationCollector done
Event: 37.950 loading class org/springframework/jmx/export/metadata/ManagedOperationParameter
Event: 37.950 loading class org/springframework/jmx/export/metadata/ManagedOperationParameter done


Dynamic libraries:
0x000000013f610000 - 0x000000013f647000 	D:\setup\jdk1.8\bin\javaw.exe
0x0000000077710000 - 0x00000000778ba000 	C:\Windows\SYSTEM32\ntdll.dll
0x00000000775f0000 - 0x000000007770f000 	C:\Windows\system32\kernel32.dll
0x000007fefd570000 - 0x000007fefd5db000 	C:\Windows\system32\KERNELBASE.dll
0x000007fefdf00000 - 0x000007fefdfdb000 	C:\Windows\system32\ADVAPI32.dll
0x000007fefe110000 - 0x000007fefe1af000 	C:\Windows\system32\msvcrt.dll
0x000007fefdba0000 - 0x000007fefdbbf000 	C:\Windows\SYSTEM32\sechost.dll
0x000007fefe230000 - 0x000007fefe35d000 	C:\Windows\system32\RPCRT4.dll
0x00000000774f0000 - 0x00000000775ea000 	C:\Windows\system32\USER32.dll
0x000007fefd910000 - 0x000007fefd977000 	C:\Windows\system32\GDI32.dll
0x000007fefdb90000 - 0x000007fefdb9e000 	C:\Windows\system32\LPK.dll
0x000007feff380000 - 0x000007feff44a000 	C:\Windows\system32\USP10.dll
0x000007fefbfb0000 - 0x000007fefc1a4000 	C:\Windows\WinSxS\amd64_microsoft.windows.common-controls_6595b64144ccf1df_6.0.7601.18837_none_fa3b1e3d17594757\COMCTL32.dll
0x000007fefe1b0000 - 0x000007fefe221000 	C:\Windows\system32\SHLWAPI.dll
0x000007fefdfe0000 - 0x000007fefe00e000 	C:\Windows\system32\IMM32.DLL
0x000007fefdbd0000 - 0x000007fefdcd9000 	C:\Windows\system32\MSCTF.dll
0x000000006e090000 - 0x000000006e162000 	D:\setup\jdk1.8\bin\msvcr100.dll
0x000000005bb90000 - 0x000000005c423000 	D:\setup\jdk1.8\bin\server\jvm.dll
0x000007fef0140000 - 0x000007fef0149000 	C:\Windows\system32\WSOCK32.dll
0x000007fefdeb0000 - 0x000007fefdefd000 	C:\Windows\system32\WS2_32.dll
0x000007fefdbc0000 - 0x000007fefdbc8000 	C:\Windows\system32\NSI.dll
0x000007fef9df0000 - 0x000007fef9e2b000 	C:\Windows\system32\WINMM.dll
0x000007fefc640000 - 0x000007fefc64c000 	C:\Windows\system32\VERSION.dll
0x00000000778d0000 - 0x00000000778d7000 	C:\Windows\system32\PSAPI.DLL
0x000000006e7c0000 - 0x000000006e7cf000 	D:\setup\jdk1.8\bin\verify.dll
0x000000006ddf0000 - 0x000000006de19000 	D:\setup\jdk1.8\bin\java.dll
0x000000006de60000 - 0x000000006de76000 	D:\setup\jdk1.8\bin\zip.dll
0x000007fefe5f0000 - 0x000007feff379000 	C:\Windows\system32\SHELL32.dll
0x000007fefd980000 - 0x000007fefdb83000 	C:\Windows\system32\ole32.dll
0x000007fefd560000 - 0x000007fefd56f000 	C:\Windows\system32\profapi.dll
0x00000000712b0000 - 0x00000000712bd000 	D:\setup\jdk1.8\bin\management.dll
0x000000006ddd0000 - 0x000000006ddea000 	D:\setup\jdk1.8\bin\net.dll
0x000007fefcd30000 - 0x000007fefcd85000 	C:\Windows\system32\mswsock.dll
0x000007fefcd20000 - 0x000007fefcd27000 	C:\Windows\System32\wship6.dll
0x0000000064950000 - 0x0000000064961000 	D:\setup\jdk1.8\bin\nio.dll
0x000007fefb120000 - 0x000007fefb135000 	C:\Windows\system32\NLAapi.dll
0x000007fef9610000 - 0x000007fef9625000 	C:\Windows\system32\napinsp.dll
0x000007fef95f0000 - 0x000007fef9609000 	C:\Windows\system32\pnrpnsp.dll
0x000007fefcbb0000 - 0x000007fefcc0b000 	C:\Windows\system32\DNSAPI.dll
0x000007fef95e0000 - 0x000007fef95eb000 	C:\Windows\System32\winrnr.dll
0x000007fef95d0000 - 0x000007fef95e0000 	C:\Windows\system32\wshbth.dll
0x000007fefc710000 - 0x000007fefc717000 	C:\Windows\System32\wshtcpip.dll
0x000007fefaea0000 - 0x000007fefaec7000 	C:\Windows\system32\IPHLPAPI.DLL
0x000007fefae90000 - 0x000007fefae9b000 	C:\Windows\system32\WINNSI.DLL
0x000007fef9580000 - 0x000007fef9588000 	C:\Windows\system32\rasadhlp.dll
0x000007fefabd0000 - 0x000007fefac23000 	C:\Windows\System32\fwpuclnt.dll
0x000007fefcd90000 - 0x000007fefcda8000 	C:\Windows\system32\CRYPTSP.dll
0x000007fefca90000 - 0x000007fefcad7000 	C:\Windows\system32\rsaenh.dll
0x000007fefd7a0000 - 0x000007fefd7be000 	C:\Windows\system32\USERENV.dll
0x000007fefd3f0000 - 0x000007fefd3ff000 	C:\Windows\system32\CRYPTBASE.dll
0x000007fefa9b0000 - 0x000007fefa9c8000 	C:\Windows\system32\dhcpcsvc.DLL
0x000007fefa930000 - 0x000007fefa941000 	C:\Windows\system32\dhcpcsvc6.DLL
0x0000000064920000 - 0x0000000064944000 	D:\setup\jdk1.8\bin\sunec.dll

VM Arguments:
jvm_args: -Dcom.sun.management.jmxremote -Dcom.sun.management.jmxremote.port=3434 -Dcom.sun.management.jmxremote.authenticate=false -Dcom.sun.management.jmxremote.ssl=false -Djava.rmi.server.hostname=localhost -Dspring.liveBeansView.mbeanDomain -Dspring.application.admin.enabled=true -Dfile.encoding=GBK 
java_command: com.shiran.cloud.EurekaHaApplication --spring.profiles.active=peer1 --spring.output.ansi.enabled=always
java_class_path (initial): F:\setup\spring-tool-suite-3.8.4.RELEASE-e4.6.3-win32-x86_64\workspace\code\microservice-discovery-eureka-ha\target\classes;F:\setup\apache-maven-3.3.9-bin\localrepositoryposition\org\springframework\cloud\spring-cloud-starter-eureka-server\1.2.1.RELEASE\spring-cloud-starter-eureka-server-1.2.1.RELEASE.jar;F:\setup\apache-maven-3.3.9-bin\localrepositoryposition\org\springframework\cloud\spring-cloud-starter\1.1.4.RELEASE\spring-cloud-starter-1.1.4.RELEASE.jar;F:\setup\apache-maven-3.3.9-bin\localrepositoryposition\org\springframework\boot\spring-boot-starter\1.4.6.RELEASE\spring-boot-starter-1.4.6.RELEASE.jar;F:\setup\apache-maven-3.3.9-bin\localrepositoryposition\org\springframework\boot\spring-boot\1.4.6.RELEASE\spring-boot-1.4.6.RELEASE.jar;F:\setup\apache-maven-3.3.9-bin\localrepositoryposition\org\springframework\spring-context\4.3.8.RELEASE\spring-context-4.3.8.RELEASE.jar;F:\setup\apache-maven-3.3.9-bin\localrepositoryposition\org\springframework\boot\spring-boot-autoconfigure\1.4.6.RELEASE\spring-boot-autoconfigure-1.4.6.RELEASE.jar;F:\setup\apache-maven-3.3.9-bin\localrepositoryposition\org\springframework\boot\spring-boot-starter-logging\1.4.6.RELEASE\spring-boot-starter-logging-1.4.6.RELEASE.jar;F:\setup\apache-maven-3.3.9-bin\localrepositoryposition\ch\qos\logback\logback-classic\1.1.11\logback-classic-1.1.11.jar;F:\setup\apache-maven-3.3.9-bin\localrepositoryposition\ch\qos\logback\logback-core\1.1.11\logback-core-1.1.11.jar;F:\setup\apache-maven-3.3.9-bin\localrepositoryposition\org\slf4j\jcl-over-slf4j\1.7.25\jcl-over-slf4j-1.7.25.jar;F:\setup\apache-maven-3.3.9-bin\localrepositoryposition\org\slf4j\jul-to-slf4j\1.7.25\jul-to-slf4j-1.7.25.jar;F:\setup\apache-maven-3.3.9-bin\localrepositoryposition\org\slf4j\log4j-over-slf4j\1.7.25\log4j-over-slf4j-1.7.25.jar;F:\setup\apache-maven-3.3.9-bin\localrepositoryposition\org\springframework\spring-core\4.3.8.RELEASE\spring-core-4.3.8.RELEASE.jar;F:\setup\apache-maven-3.3.9-bin\loc
Launcher Type: SUN_STANDARD

Environment Variables:
JAVA_HOME=D:\setup\jdk1.7
PATH=D:/setup/jdk1.8/bin/server;D:/setup/jdk1.8/bin;D:/setup/jdk1.8/lib/amd64;C:\ProgramData\Oracle\Java\javapath;D:\setup\django\python3.5\Scripts\;D:\setup\django\python3.5\;D:\setup\armv1.2\bin;D:\setup\python2.7;D:\app\Administrator\product\11.1.0\db_2\bin;F:\setup\scala\bin;D:\java\apache-maven-2.2.1\bin;%M2_HOME%\bin;D:\setup\jdk1.7;D:\setup\python34\Scripts;D:\setup\python34;C:\Program Files (x86)\Common Files\NetSarang;D:\setup\jdk1.7\bin;C:\Windows\system32;C:\Windows;C:\Windows\System32\Wbem;C:\Windows\System32\WindowsPowerShell\v1.0\;F:\setup\scala\bin;C:\Program Files (x86)\Microsoft SQL Server\100\Tools\Binn\;C:\Program Files\Microsoft SQL Server\100\Tools\Binn\;C:\Program Files\Microsoft SQL Server\100\DTS\Binn\;C:\Program Files (x86)\Microsoft SQL Server\100\Tools\Binn\VSShell\Common7\IDE\;C:\Program Files (x86)\Microsoft Visual Studio 9.0\Common7\IDE\PrivateAssemblies\;C:\Program Files (x86)\Microsoft SQL Server\100\DTS\Binn\;D:\setup\git\Git\cmd;F:\setup\spring-tool-suite-3.8.4.RELEASE-e4.6.3-win32-x86_64\sts-bundle\sts-3.8.4.RELEASE;
USERNAME=Administrator
OS=Windows_NT
PROCESSOR_IDENTIFIER=Intel64 Family 6 Model 60 Stepping 3, GenuineIntel



---------------  S Y S T E M  ---------------

OS: Windows 7 , 64 bit Build 7601 (6.1.7601.19135)

CPU:total 4 (2 cores per cpu, 2 threads per core) family 6 model 60 stepping 3, cmov, cx8, fxsr, mmx, sse, sse2, sse3, ssse3, sse4.1, sse4.2, popcnt, avx, avx2, aes, clmul, erms, lzcnt, ht, tsc, tscinvbit, bmi1, bmi2

Memory: 4k page, physical 4108656k(205300k free), swap 6661584k(6568k free)

vm_info: Java HotSpot(TM) 64-Bit Server VM (25.91-b15) for windows-amd64 JRE (1.8.0_91-b15), built on May 20 2016 17:43:15 by "java_re" with MS VC++ 10.0 (VS2010)

time: Wed May 17 10:32:29 2017
elapsed time: 38 seconds (0d 0h 0m 38s)

