#
# There is insufficient memory for the Java Runtime Environment to continue.
# Native memory allocation (malloc) failed to allocate 1528736 bytes for Chunk::new
# Possible reasons:
#   The system is out of physical RAM or swap space
#   In 32 bit mode, the process size limit was hit
# Possible solutions:
#   Reduce memory load on the system
#   Increase physical memory or swap space
#   Check if swap backing store is full
#   Use 64 bit Java on a 64 bit OS
#   Decrease Java heap size (-Xmx/-Xms)
#   Decrease number of Java threads
#   Decrease Java thread stack sizes (-Xss)
#   Set larger code cache with -XX:ReservedCodeCacheSize=
# This output file may be truncated or incomplete.
#
#  Out of Memory Error (allocation.cpp:390), pid=1408, tid=7008
#
# JRE version: Java(TM) SE Runtime Environment (8.0_91-b15) (build 1.8.0_91-b15)
# Java VM: Java HotSpot(TM) 64-Bit Server VM (25.91-b15 mixed mode windows-amd64 compressed oops)
# Failed to write core dump. Minidumps are not enabled by default on client versions of Windows
#

---------------  T H R E A D  ---------------

Current thread (0x00000000561cf000):  JavaThread "C2 CompilerThread1" daemon [_thread_in_native, id=7008, stack(0x0000000056aa0000,0x0000000056ba0000)]

Stack: [0x0000000056aa0000,0x0000000056ba0000]
[error occurred during error reporting (printing stack bounds), id 0xc0000005]

Native frames: (J=compiled Java code, j=interpreted, Vv=VM code, C=native code)


Current CompileTask:
C2:  28171 3859       4       java.lang.Class::getMethod0 (40 bytes)


---------------  P R O C E S S  ---------------

Java Threads: ( => current thread )
  0x0000000057948800 JavaThread "localhost-startStop-1" daemon [_thread_in_vm, id=9528, stack(0x000000005b7f0000,0x000000005b8f0000)]
  0x0000000059c42800 JavaThread "Tomcat-startStop-1" daemon [_thread_blocked, id=9672, stack(0x000000005b5c0000,0x000000005b6c0000)]
  0x00000000575c3000 JavaThread "RMI TCP Accept-0" daemon [_thread_in_native, id=7368, stack(0x0000000057cf0000,0x0000000057df0000)]
  0x000000005781b000 JavaThread "RMI TCP Accept-3440" daemon [_thread_in_native, id=8468, stack(0x0000000056f70000,0x0000000057070000)]
  0x00000000574f1000 JavaThread "RMI TCP Accept-0" daemon [_thread_in_native, id=9464, stack(0x0000000057a90000,0x0000000057b90000)]
  0x000000005622c000 JavaThread "Service Thread" daemon [_thread_blocked, id=9800, stack(0x0000000056e60000,0x0000000056f60000)]
  0x0000000056229000 JavaThread "C1 CompilerThread2" daemon [_thread_blocked, id=8876, stack(0x0000000056ca0000,0x0000000056da0000)]
=>0x00000000561cf000 JavaThread "C2 CompilerThread1" daemon [_thread_in_native, id=7008, stack(0x0000000056aa0000,0x0000000056ba0000)]
  0x00000000561cd000 JavaThread "C2 CompilerThread0" daemon [_thread_in_native, id=3964, stack(0x0000000056970000,0x0000000056a70000)]
  0x00000000561ca000 JavaThread "Attach Listener" daemon [_thread_blocked, id=8492, stack(0x00000000567c0000,0x00000000568c0000)]
  0x00000000561c8000 JavaThread "Signal Dispatcher" daemon [_thread_blocked, id=8392, stack(0x0000000056670000,0x0000000056770000)]
  0x0000000054dd1000 JavaThread "Finalizer" daemon [_thread_blocked, id=9612, stack(0x00000000560b0000,0x00000000561b0000)]
  0x0000000054d89800 JavaThread "Reference Handler" daemon [_thread_blocked, id=3896, stack(0x0000000055f00000,0x0000000056000000)]
  0x000000000204f000 JavaThread "main" [_thread_blocked, id=10076, stack(0x0000000002360000,0x0000000002460000)]

Other Threads:
  0x0000000054d82000 VMThread [stack: 0x0000000055c60000,0x0000000055d60000] [id=2068]
  0x0000000057722000 WatcherThread [stack: 0x0000000057f00000,0x0000000058000000] [id=9468]

VM state:not at safepoint (normal execution)

VM Mutex/Monitor currently owned by a thread: None

Heap:
 PSYoungGen      total 206848K, used 4078K [0x00000000eb180000, 0x00000000f8c00000, 0x0000000100000000)
  eden space 195072K, 2% used [0x00000000eb180000,0x00000000eb57b888,0x00000000f7000000)
  from space 11776K, 0% used [0x00000000f7000000,0x00000000f7000000,0x00000000f7b80000)
  to   space 9216K, 0% used [0x00000000f7b80000,0x00000000f7b80000,0x00000000f8480000)
 ParOldGen       total 35840K, used 25156K [0x00000000c1400000, 0x00000000c3700000, 0x00000000eb180000)
  object space 35840K, 70% used [0x00000000c1400000,0x00000000c2c911e0,0x00000000c3700000)
 Metaspace       used 35957K, capacity 36276K, committed 36688K, reserved 1081344K
  class space    used 4600K, capacity 4691K, committed 4812K, reserved 1048576K

Card table byte_map: [0x0000000011820000,0x0000000011a20000] byte_map_base: 0x0000000011216000

Marking Bits: (ParMarkBitMap*) 0x000000005c3a2f70
 Begin Bits: [0x0000000012290000, 0x0000000013240000)
 End Bits:   [0x0000000013240000, 0x00000000141f0000)

Polling page: 0x00000000004a0000

CodeCache: size=245760Kb used=13115Kb max_used=13216Kb free=232644Kb
 bounds [0x0000000002460000, 0x0000000003160000, 0x0000000011460000]
 total_blobs=3941 nmethods=3519 adapters=334
 compilation: enabled

Compilation events (10 events):
Event: 26.638 Thread 0x0000000056229000 3921       3       com.sun.jersey.core.header.reader.HttpHeaderListAdapter::next (7 bytes)
Event: 26.639 Thread 0x0000000056229000 nmethod 3921 0x0000000003124f50 code [0x00000000031250c0, 0x0000000003125268]
Event: 26.639 Thread 0x0000000056229000 3922       3       com.sun.jersey.core.header.reader.HttpHeaderListAdapter::getEventValue (8 bytes)
Event: 26.639 Thread 0x0000000056229000 nmethod 3922 0x00000000031240d0 code [0x0000000003124240, 0x0000000003124468]
Event: 26.642 Thread 0x0000000056229000 3923       3       sun.reflect.ByteVectorImpl::resize (44 bytes)
Event: 26.643 Thread 0x0000000056229000 nmethod 3923 0x0000000003123b90 code [0x0000000003123d00, 0x0000000003123fe8]
Event: 26.655 Thread 0x0000000056229000 3925       1       java.util.regex.Pattern::flags (5 bytes)
Event: 26.655 Thread 0x0000000056229000 nmethod 3925 0x0000000003123650 code [0x00000000031237a0, 0x00000000031238b0]
Event: 26.659 Thread 0x00000000561cd000 nmethod 3863 0x000000000311c590 code [0x000000000311c8a0, 0x000000000311dea0]
Event: 26.660 Thread 0x00000000561cd000 3886       4       java.lang.Class::privateGetMethodRecursive (130 bytes)

GC Heap History (10 events):
Event: 17.880 GC heap before
{Heap before GC invocations=9 (full 1):
 PSYoungGen      total 74240K, used 65536K [0x00000000eb180000, 0x00000000f4280000, 0x0000000100000000)
  eden space 65536K, 100% used [0x00000000eb180000,0x00000000ef180000,0x00000000ef180000)
  from space 8704K, 0% used [0x00000000ef180000,0x00000000ef180000,0x00000000efa00000)
  to   space 8704K, 0% used [0x00000000f3a00000,0x00000000f3a00000,0x00000000f4280000)
 ParOldGen       total 35840K, used 11541K [0x00000000c1400000, 0x00000000c3700000, 0x00000000eb180000)
  object space 35840K, 32% used [0x00000000c1400000,0x00000000c1f455d8,0x00000000c3700000)
 Metaspace       used 24477K, capacity 24776K, committed 25036K, reserved 1071104K
  class space    used 3079K, capacity 3153K, committed 3276K, reserved 1048576K
Event: 18.067 GC heap after
Heap after GC invocations=9 (full 1):
 PSYoungGen      total 131584K, used 5406K [0x00000000eb180000, 0x00000000f3f80000, 0x0000000100000000)
  eden space 125952K, 0% used [0x00000000eb180000,0x00000000eb180000,0x00000000f2c80000)
  from space 5632K, 95% used [0x00000000f3a00000,0x00000000f3f47930,0x00000000f3f80000)
  to   space 8704K, 0% used [0x00000000f2e80000,0x00000000f2e80000,0x00000000f3700000)
 ParOldGen       total 35840K, used 11549K [0x00000000c1400000, 0x00000000c3700000, 0x00000000eb180000)
  object space 35840K, 32% used [0x00000000c1400000,0x00000000c1f475d8,0x00000000c3700000)
 Metaspace       used 24477K, capacity 24776K, committed 25036K, reserved 1071104K
  class space    used 3079K, capacity 3153K, committed 3276K, reserved 1048576K
}
Event: 19.741 GC heap before
{Heap before GC invocations=10 (full 1):
 PSYoungGen      total 131584K, used 131358K [0x00000000eb180000, 0x00000000f3f80000, 0x0000000100000000)
  eden space 125952K, 100% used [0x00000000eb180000,0x00000000f2c80000,0x00000000f2c80000)
  from space 5632K, 95% used [0x00000000f3a00000,0x00000000f3f47930,0x00000000f3f80000)
  to   space 8704K, 0% used [0x00000000f2e80000,0x00000000f2e80000,0x00000000f3700000)
 ParOldGen       total 35840K, used 11549K [0x00000000c1400000, 0x00000000c3700000, 0x00000000eb180000)
  object space 35840K, 32% used [0x00000000c1400000,0x00000000c1f475d8,0x00000000c3700000)
 Metaspace       used 26388K, capacity 26724K, committed 26956K, reserved 1073152K
  class space    used 3312K, capacity 3387K, committed 3404K, reserved 1048576K
Event: 20.130 GC heap after
Heap after GC invocations=10 (full 1):
 PSYoungGen      total 136704K, used 7298K [0x00000000eb180000, 0x00000000f8480000, 0x0000000100000000)
  eden space 128000K, 0% used [0x00000000eb180000,0x00000000eb180000,0x00000000f2e80000)
  from space 8704K, 83% used [0x00000000f2e80000,0x00000000f35a0858,0x00000000f3700000)
  to   space 9216K, 0% used [0x00000000f7b80000,0x00000000f7b80000,0x00000000f8480000)
 ParOldGen       total 35840K, used 11557K [0x00000000c1400000, 0x00000000c3700000, 0x00000000eb180000)
  object space 35840K, 32% used [0x00000000c1400000,0x00000000c1f495d8,0x00000000c3700000)
 Metaspace       used 26388K, capacity 26724K, committed 26956K, reserved 1073152K
  class space    used 3312K, capacity 3387K, committed 3404K, reserved 1048576K
}
Event: 24.179 GC heap before
{Heap before GC invocations=11 (full 1):
 PSYoungGen      total 136704K, used 135298K [0x00000000eb180000, 0x00000000f8480000, 0x0000000100000000)
  eden space 128000K, 100% used [0x00000000eb180000,0x00000000f2e80000,0x00000000f2e80000)
  from space 8704K, 83% used [0x00000000f2e80000,0x00000000f35a0858,0x00000000f3700000)
  to   space 9216K, 0% used [0x00000000f7b80000,0x00000000f7b80000,0x00000000f8480000)
 ParOldGen       total 35840K, used 11557K [0x00000000c1400000, 0x00000000c3700000, 0x00000000eb180000)
  object space 35840K, 32% used [0x00000000c1400000,0x00000000c1f495d8,0x00000000c3700000)
 Metaspace       used 31602K, capacity 31942K, committed 32204K, reserved 1077248K
  class space    used 3933K, capacity 4006K, committed 4044K, reserved 1048576K
Event: 24.465 GC heap after
Heap after GC invocations=11 (full 1):
 PSYoungGen      total 204288K, used 9209K [0x00000000eb180000, 0x00000000f8c00000, 0x0000000100000000)
  eden space 195072K, 0% used [0x00000000eb180000,0x00000000eb180000,0x00000000f7000000)
  from space 9216K, 99% used [0x00000000f7b80000,0x00000000f847e5b0,0x00000000f8480000)
  to   space 11776K, 0% used [0x00000000f7000000,0x00000000f7000000,0x00000000f7b80000)
 ParOldGen       total 35840K, used 15939K [0x00000000c1400000, 0x00000000c3700000, 0x00000000eb180000)
  object space 35840K, 44% used [0x00000000c1400000,0x00000000c2390f58,0x00000000c3700000)
 Metaspace       used 31602K, capacity 31942K, committed 32204K, reserved 1077248K
  class space    used 3933K, capacity 4006K, committed 4044K, reserved 1048576K
}
Event: 26.664 GC heap before
{Heap before GC invocations=12 (full 1):
 PSYoungGen      total 204288K, used 137053K [0x00000000eb180000, 0x00000000f8c00000, 0x0000000100000000)
  eden space 195072K, 65% used [0x00000000eb180000,0x00000000f2e58e60,0x00000000f7000000)
  from space 9216K, 99% used [0x00000000f7b80000,0x00000000f847e5b0,0x00000000f8480000)
  to   space 11776K, 0% used [0x00000000f7000000,0x00000000f7000000,0x00000000f7b80000)
 ParOldGen       total 35840K, used 15939K [0x00000000c1400000, 0x00000000c3700000, 0x00000000eb180000)
  object space 35840K, 44% used [0x00000000c1400000,0x00000000c2390f58,0x00000000c3700000)
 Metaspace       used 35423K, capacity 35764K, committed 36048K, reserved 1081344K
  class space    used 4501K, capacity 4627K, committed 4684K, reserved 1048576K
Event: 26.920 GC heap after
Heap after GC invocations=12 (full 1):
 PSYoungGen      total 206848K, used 8570K [0x00000000eb180000, 0x00000000f8c00000, 0x0000000100000000)
  eden space 195072K, 0% used [0x00000000eb180000,0x00000000eb180000,0x00000000f7000000)
  from space 11776K, 72% used [0x00000000f7000000,0x00000000f785e898,0x00000000f7b80000)
  to   space 9216K, 0% used [0x00000000f7b80000,0x00000000f7b80000,0x00000000f8480000)
 ParOldGen       total 35840K, used 22660K [0x00000000c1400000, 0x00000000c3700000, 0x00000000eb180000)
  object space 35840K, 63% used [0x00000000c1400000,0x00000000c2a213d8,0x00000000c3700000)
 Metaspace       used 35423K, capacity 35764K, committed 36048K, reserved 1081344K
  class space    used 4501K, capacity 4627K, committed 4684K, reserved 1048576K
}
Event: 26.920 GC heap before
{Heap before GC invocations=13 (full 2):
 PSYoungGen      total 206848K, used 8570K [0x00000000eb180000, 0x00000000f8c00000, 0x0000000100000000)
  eden space 195072K, 0% used [0x00000000eb180000,0x00000000eb180000,0x00000000f7000000)
  from space 11776K, 72% used [0x00000000f7000000,0x00000000f785e898,0x00000000f7b80000)
  to   space 9216K, 0% used [0x00000000f7b80000,0x00000000f7b80000,0x00000000f8480000)
 ParOldGen       total 35840K, used 22660K [0x00000000c1400000, 0x00000000c3700000, 0x00000000eb180000)
  object space 35840K, 63% used [0x00000000c1400000,0x00000000c2a213d8,0x00000000c3700000)
 Metaspace       used 35423K, capacity 35764K, committed 36048K, reserved 1081344K
  class space    used 4501K, capacity 4627K, committed 4684K, reserved 1048576K
Event: 28.118 GC heap after
Heap after GC invocations=13 (full 2):
 PSYoungGen      total 206848K, used 0K [0x00000000eb180000, 0x00000000f8c00000, 0x0000000100000000)
  eden space 195072K, 0% used [0x00000000eb180000,0x00000000eb180000,0x00000000f7000000)
  from space 11776K, 0% used [0x00000000f7000000,0x00000000f7000000,0x00000000f7b80000)
  to   space 9216K, 0% used [0x00000000f7b80000,0x00000000f7b80000,0x00000000f8480000)
 ParOldGen       total 35840K, used 25156K [0x00000000c1400000, 0x00000000c3700000, 0x00000000eb180000)
  object space 35840K, 70% used [0x00000000c1400000,0x00000000c2c911e0,0x00000000c3700000)
 Metaspace       used 35423K, capacity 35764K, committed 36048K, reserved 1081344K
  class space    used 4501K, capacity 4627K, committed 4684K, reserved 1048576K
}

Deoptimization events (10 events):
Event: 24.952 Thread 0x0000000057948800 Uncommon trap: reason=bimorphic action=maybe_recompile pc=0x0000000002b21ac8 method=java.util.regex.Pattern$BmpCharProperty.match(Ljava/util/regex/Matcher;ILjava/lang/CharSequence;)Z @ 31
Event: 25.155 Thread 0x0000000057948800 Uncommon trap: reason=unstable_if action=reinterpret pc=0x0000000002b7154c method=java.util.LinkedHashMap.afterNodeInsertion(Z)V @ 18
Event: 25.166 Thread 0x0000000057948800 Uncommon trap: reason=range_check action=make_not_entrant pc=0x0000000002dd28e4 method=org.springframework.asm.Type.getType([CI)Lorg/springframework/asm/Type; @ 162
Event: 25.167 Thread 0x0000000057948800 Uncommon trap: reason=range_check action=make_not_entrant pc=0x0000000002d93060 method=org.springframework.asm.Type.getType([CI)Lorg/springframework/asm/Type; @ 2
Event: 25.175 Thread 0x0000000057948800 Uncommon trap: reason=range_check action=make_not_entrant pc=0x0000000002b5c4e8 method=org.springframework.asm.Type.getType([CI)Lorg/springframework/asm/Type; @ 162
Event: 25.615 Thread 0x0000000057948800 Uncommon trap: reason=unstable_if action=reinterpret pc=0x0000000002b5e8b8 method=java.util.Properties$LineReader.readLine()I @ 180
Event: 25.645 Thread 0x0000000057948800 Uncommon trap: reason=unstable_if action=reinterpret pc=0x0000000002c05df4 method=org.springframework.util.ConcurrentReferenceHashMap$Segment.findInChain(Lorg/springframework/util/ConcurrentReferenceHashMap$Reference;Ljava/lang/Object;I)Lorg/springframewor∆≠‡ï•9@
Event: 25.645 Thread 0x0000000057948800 Uncommon trap: reason=unstable_if action=reinterpret pc=0x0000000002b6f9d4 method=org.springframework.util.ConcurrentReferenceHashMap$Segment.findInChain(Lorg/springframework/util/ConcurrentReferenceHashMap$Reference;Ljava/lang/Object;I)Lorg/springframewor
Event: 26.314 Thread 0x0000000057948800 Uncommon trap: reason=unstable_if action=reinterpret pc=0x0000000002711c6c method=java.lang.CharacterDataLatin1.isWhitespace(I)Z @ 14
Event: 26.522 Thread 0x0000000057948800 Uncommon trap: reason=unstable_if action=reinterpret pc=0x0000000002cd1440 method=java.util.regex.Pattern.newSlice([IIZ)Ljava/util/regex/Pattern$Node; @ 10

Internal exceptions (10 events):
Event: 25.888 Thread 0x0000000057948800 Exception <a 'java/lang/ClassNotFoundException': org/springframework/core/OrderedCustomizer> (0x00000000ef9eae80) thrown at [C:\re\workspace\8-2-build-windows-amd64-cygwin\jdk8u91\7017\hotspot\src\share\vm\classfile\systemDictionary.cpp, line 210]
Event: 25.889 Thread 0x0000000057948800 Exception <a 'java/lang/ClassNotFoundException': javax/servlet/FilterCustomizer> (0x00000000efa00448) thrown at [C:\re\workspace\8-2-build-windows-amd64-cygwin\jdk8u91\7017\hotspot\src\share\vm\classfile\systemDictionary.cpp, line 210]
Event: 25.890 Thread 0x0000000057948800 Exception <a 'java/lang/ClassNotFoundException': org/springframework/beans/factory/BeanNameAwareCustomizer> (0x00000000efa1fce0) thrown at [C:\re\workspace\8-2-build-windows-amd64-cygwin\jdk8u91\7017\hotspot\src\share\vm\classfile\systemDictionary.cpp, linÍ+NE‰9@
Event: 25.892 Thread 0x0000000057948800 Exception <a 'java/lang/ClassNotFoundException': org/springframework/context/EnvironmentAwareCustomizer> (0x00000000efa3e0e0) thrown at [C:\re\workspace\8-2-build-windows-amd64-cygwin\jdk8u91\7017\hotspot\src\share\vm\classfile\systemDictionary.cpp, line 2#h)Äs‰9@
Event: 25.892 Thread 0x0000000057948800 Exception <a 'java/lang/ClassNotFoundException': org/springframework/web/context/ServletContextAwareCustomizer> (0x00000000efa5f258) thrown at [C:\re\workspace\8-2-build-windows-amd64-cygwin\jdk8u91\7017\hotspot\src\share\vm\classfile\systemDictionary.cpp,VCaõù‰9@
Event: 25.893 Thread 0x0000000057948800 Exception <a 'java/lang/ClassNotFoundException': org/springframework/beans/factory/InitializingBeanCustomizer> (0x00000000efa7fcf8) thrown at [C:\re\workspace\8-2-build-windows-amd64-cygwin\jdk8u91\7017\hotspot\src\share\vm\classfile\systemDictionary.cpp, ◊iØ∆≈‰9@
Event: 25.894 Thread 0x0000000057948800 Exception <a 'java/lang/ClassNotFoundException': org/springframework/beans/factory/DisposableBeanCustomizer> (0x00000000efa9e948) thrown at [C:\re\workspace\8-2-build-windows-amd64-cygwin\jdk8u91\7017\hotspot\src\share\vm\classfile\systemDictionary.cpp, li˘˝)Û9@
Event: 25.950 Thread 0x0000000057948800 Exception <a 'java/io/FileNotFoundException'> (0x00000000efda1408) thrown at [C:\re\workspace\8-2-build-windows-amd64-cygwin\jdk8u91\7017\hotspot\src\share\vm\prims\jni.cpp, line 709]
Event: 26.484 Thread 0x0000000057948800 Exception <a 'java/lang/NoClassDefFoundError': javax/mail/MessagingException> (0x00000000f1f8dab0) thrown at [C:\re\workspace\8-2-build-windows-amd64-cygwin\jdk8u91\7017\hotspot\src\share\vm\classfile\systemDictionary.cpp, line 199]
Event: 26.569 Thread 0x0000000057948800 Exception <a 'java/lang/NoClassDefFoundError': javax/mail/MessagingException> (0x00000000f26c23b0) thrown at [C:\re\workspace\8-2-build-windows-amd64-cygwin\jdk8u91\7017\hotspot\src\share\vm\classfile\systemDictionary.cpp, line 199]

Events (10 events):
Event: 28.130 loading class com/sun/jersey/server/wadl/WadlGeneratorImpl
Event: 28.130 loading class com/sun/jersey/server/wadl/WadlGeneratorImpl done
Event: 28.131 loading class com/sun/jersey/api/wadl/config/WadlGeneratorLoader$CallbackList
Event: 28.131 loading class com/sun/jersey/api/wadl/config/WadlGeneratorLoader$CallbackList done
Event: 28.132 loading class com/sun/research/ws/wadl/Application
Event: 28.132 loading class com/sun/research/ws/wadl/Application done
Event: 28.133 loading class javax/xml/bind/ContextFinder
Event: 28.133 loading class javax/xml/bind/ContextFinder done
Event: 28.133 loading class javax/xml/bind/GetPropertyAction
Event: 28.133 loading class javax/xml/bind/GetPropertyAction done


Dynamic libraries:
0x000000013f610000 - 0x000000013f647000 	D:\setup\jdk1.8\bin\javaw.exe
0x0000000077710000 - 0x00000000778ba000 	C:\Windows\SYSTEM32\ntdll.dll
0x00000000775f0000 - 0x000000007770f000 	C:\Windows\system32\kernel32.dll
0x000007fefd570000 - 0x000007fefd5db000 	C:\Windows\system32\KERNELBASE.dll
0x000007fefdf00000 - 0x000007fefdfdb000 	C:\Windows\system32\ADVAPI32.dll
0x000007fefe110000 - 0x000007fefe1af000 	C:\Windows\system32\msvcrt.dll
0x000007fefdba0000 - 0x000007fefdbbf000 	C:\Windows\SYSTEM32\sechost.dll
0x000007fefe230000 - 0x000007fefe35d000 	C:\Windows\system32\RPCRT4.dll
0x00000000774f0000 - 0x00000000775ea000 	C:\Windows\system32\USER32.dll
0x000007fefd910000 - 0x000007fefd977000 	C:\Windows\system32\GDI32.dll
0x000007fefdb90000 - 0x000007fefdb9e000 	C:\Windows\system32\LPK.dll
0x000007feff380000 - 0x000007feff44a000 	C:\Windows\system32\USP10.dll
0x000007fefbfb0000 - 0x000007fefc1a4000 	C:\Windows\WinSxS\amd64_microsoft.windows.common-controls_6595b64144ccf1df_6.0.7601.18837_none_fa3b1e3d17594757\COMCTL32.dll
0x000007fefe1b0000 - 0x000007fefe221000 	C:\Windows\system32\SHLWAPI.dll
0x000007fefdfe0000 - 0x000007fefe00e000 	C:\Windows\system32\IMM32.DLL
0x000007fefdbd0000 - 0x000007fefdcd9000 	C:\Windows\system32\MSCTF.dll
0x000000006e090000 - 0x000000006e162000 	D:\setup\jdk1.8\bin\msvcr100.dll
0x000000005bb90000 - 0x000000005c423000 	D:\setup\jdk1.8\bin\server\jvm.dll
0x000007fef0140000 - 0x000007fef0149000 	C:\Windows\system32\WSOCK32.dll
0x000007fefdeb0000 - 0x000007fefdefd000 	C:\Windows\system32\WS2_32.dll
0x000007fefdbc0000 - 0x000007fefdbc8000 	C:\Windows\system32\NSI.dll
0x000007fef9df0000 - 0x000007fef9e2b000 	C:\Windows\system32\WINMM.dll
0x000007fefc640000 - 0x000007fefc64c000 	C:\Windows\system32\VERSION.dll
0x00000000778d0000 - 0x00000000778d7000 	C:\Windows\system32\PSAPI.DLL
0x000000006e7c0000 - 0x000000006e7cf000 	D:\setup\jdk1.8\bin\verify.dll
0x000000006ddf0000 - 0x000000006de19000 	D:\setup\jdk1.8\bin\java.dll
0x000000006de60000 - 0x000000006de76000 	D:\setup\jdk1.8\bin\zip.dll
0x000007fefe5f0000 - 0x000007feff379000 	C:\Windows\system32\SHELL32.dll
0x000007fefd980000 - 0x000007fefdb83000 	C:\Windows\system32\ole32.dll
0x000007fefd560000 - 0x000007fefd56f000 	C:\Windows\system32\profapi.dll
0x00000000712b0000 - 0x00000000712bd000 	D:\setup\jdk1.8\bin\management.dll
0x000000006ddd0000 - 0x000000006ddea000 	D:\setup\jdk1.8\bin\net.dll
0x000007fefcd30000 - 0x000007fefcd85000 	C:\Windows\system32\mswsock.dll
0x000007fefcd20000 - 0x000007fefcd27000 	C:\Windows\System32\wship6.dll
0x0000000064950000 - 0x0000000064961000 	D:\setup\jdk1.8\bin\nio.dll
0x000007fefb120000 - 0x000007fefb135000 	C:\Windows\system32\NLAapi.dll
0x000007fef9610000 - 0x000007fef9625000 	C:\Windows\system32\napinsp.dll
0x000007fef95f0000 - 0x000007fef9609000 	C:\Windows\system32\pnrpnsp.dll
0x000007fefcbb0000 - 0x000007fefcc0b000 	C:\Windows\system32\DNSAPI.dll
0x000007fef95e0000 - 0x000007fef95eb000 	C:\Windows\System32\winrnr.dll
0x000007fef95d0000 - 0x000007fef95e0000 	C:\Windows\system32\wshbth.dll
0x000007fefc710000 - 0x000007fefc717000 	C:\Windows\System32\wshtcpip.dll
0x000007fefaea0000 - 0x000007fefaec7000 	C:\Windows\system32\IPHLPAPI.DLL
0x000007fefae90000 - 0x000007fefae9b000 	C:\Windows\system32\WINNSI.DLL
0x000007fef9580000 - 0x000007fef9588000 	C:\Windows\system32\rasadhlp.dll
0x000007fefabd0000 - 0x000007fefac23000 	C:\Windows\System32\fwpuclnt.dll
0x000007fefcd90000 - 0x000007fefcda8000 	C:\Windows\system32\CRYPTSP.dll
0x000007fefca90000 - 0x000007fefcad7000 	C:\Windows\system32\rsaenh.dll
0x000007fefd7a0000 - 0x000007fefd7be000 	C:\Windows\system32\USERENV.dll
0x000007fefd3f0000 - 0x000007fefd3ff000 	C:\Windows\system32\CRYPTBASE.dll
0x000007fefa9b0000 - 0x000007fefa9c8000 	C:\Windows\system32\dhcpcsvc.DLL
0x000007fefa930000 - 0x000007fefa941000 	C:\Windows\system32\dhcpcsvc6.DLL

VM Arguments:
jvm_args: -Dcom.sun.management.jmxremote -Dcom.sun.management.jmxremote.port=3440 -Dcom.sun.management.jmxremote.authenticate=false -Dcom.sun.management.jmxremote.ssl=false -Djava.rmi.server.hostname=localhost -Dspring.liveBeansView.mbeanDomain -Dspring.application.admin.enabled=true -Dfile.encoding=GBK 
java_command: com.shiran.cloud.EurekaHaApplication --spring.profiles.active=peer3 --spring.output.ansi.enabled=always
java_class_path (initial): F:\setup\spring-tool-suite-3.8.4.RELEASE-e4.6.3-win32-x86_64\workspace\code\microservice-discovery-eureka-ha\target\classes;F:\setup\apache-maven-3.3.9-bin\localrepositoryposition\org\springframework\cloud\spring-cloud-starter-eureka-server\1.2.1.RELEASE\spring-cloud-starter-eureka-server-1.2.1.RELEASE.jar;F:\setup\apache-maven-3.3.9-bin\localrepositoryposition\org\springframework\cloud\spring-cloud-starter\1.1.4.RELEASE\spring-cloud-starter-1.1.4.RELEASE.jar;F:\setup\apache-maven-3.3.9-bin\localrepositoryposition\org\springframework\boot\spring-boot-starter\1.4.6.RELEASE\spring-boot-starter-1.4.6.RELEASE.jar;F:\setup\apache-maven-3.3.9-bin\localrepositoryposition\org\springframework\boot\spring-boot\1.4.6.RELEASE\spring-boot-1.4.6.RELEASE.jar;F:\setup\apache-maven-3.3.9-bin\localrepositoryposition\org\springframework\spring-context\4.3.8.RELEASE\spring-context-4.3.8.RELEASE.jar;F:\setup\apache-maven-3.3.9-bin\localrepositoryposition\org\springframework\boot\spring-boot-autoconfigure\1.4.6.RELEASE\spring-boot-autoconfigure-1.4.6.RELEASE.jar;F:\setup\apache-maven-3.3.9-bin\localrepositoryposition\org\springframework\boot\spring-boot-starter-logging\1.4.6.RELEASE\spring-boot-starter-logging-1.4.6.RELEASE.jar;F:\setup\apache-maven-3.3.9-bin\localrepositoryposition\ch\qos\logback\logback-classic\1.1.11\logback-classic-1.1.11.jar;F:\setup\apache-maven-3.3.9-bin\localrepositoryposition\ch\qos\logback\logback-core\1.1.11\logback-core-1.1.11.jar;F:\setup\apache-maven-3.3.9-bin\localrepositoryposition\org\slf4j\jcl-over-slf4j\1.7.25\jcl-over-slf4j-1.7.25.jar;F:\setup\apache-maven-3.3.9-bin\localrepositoryposition\org\slf4j\jul-to-slf4j\1.7.25\jul-to-slf4j-1.7.25.jar;F:\setup\apache-maven-3.3.9-bin\localrepositoryposition\org\slf4j\log4j-over-slf4j\1.7.25\log4j-over-slf4j-1.7.25.jar;F:\setup\apache-maven-3.3.9-bin\localrepositoryposition\org\springframework\spring-core\4.3.8.RELEASE\spring-core-4.3.8.RELEASE.jar;F:\setup\apache-maven-3.3.9-bin\loc
Launcher Type: SUN_STANDARD

Environment Variables:
JAVA_HOME=D:\setup\jdk1.7
PATH=D:/setup/jdk1.8/bin/server;D:/setup/jdk1.8/bin;D:/setup/jdk1.8/lib/amd64;C:\ProgramData\Oracle\Java\javapath;D:\setup\django\python3.5\Scripts\;D:\setup\django\python3.5\;D:\setup\armv1.2\bin;D:\setup\python2.7;D:\app\Administrator\product\11.1.0\db_2\bin;F:\setup\scala\bin;D:\java\apache-maven-2.2.1\bin;%M2_HOME%\bin;D:\setup\jdk1.7;D:\setup\python34\Scripts;D:\setup\python34;C:\Program Files (x86)\Common Files\NetSarang;D:\setup\jdk1.7\bin;C:\Windows\system32;C:\Windows;C:\Windows\System32\Wbem;C:\Windows\System32\WindowsPowerShell\v1.0\;F:\setup\scala\bin;C:\Program Files (x86)\Microsoft SQL Server\100\Tools\Binn\;C:\Program Files\Microsoft SQL Server\100\Tools\Binn\;C:\Program Files\Microsoft SQL Server\100\DTS\Binn\;C:\Program Files (x86)\Microsoft SQL Server\100\Tools\Binn\VSShell\Common7\IDE\;C:\Program Files (x86)\Microsoft Visual Studio 9.0\Common7\IDE\PrivateAssemblies\;C:\Program Files (x86)\Microsoft SQL Server\100\DTS\Binn\;D:\setup\git\Git\cmd;F:\setup\spring-tool-suite-3.8.4.RELEASE-e4.6.3-win32-x86_64\sts-bundle\sts-3.8.4.RELEASE;
USERNAME=Administrator
OS=Windows_NT
PROCESSOR_IDENTIFIER=Intel64 Family 6 Model 60 Stepping 3, GenuineIntel



---------------  S Y S T E M  ---------------

OS: Windows 7 , 64 bit Build 7601 (6.1.7601.19135)

CPU:total 4 (2 cores per cpu, 2 threads per core) family 6 model 60 stepping 3, cmov, cx8, fxsr, mmx, sse, sse2, sse3, ssse3, sse4.1, sse4.2, popcnt, avx, avx2, aes, clmul, erms, lzcnt, ht, tsc, tscinvbit, bmi1, bmi2

Memory: 4k page, physical 4108656k(202688k free), swap 6661584k(1608k free)

vm_info: Java HotSpot(TM) 64-Bit Server VM (25.91-b15) for windows-amd64 JRE (1.8.0_91-b15), built on May 20 2016 17:43:15 by "java_re" with MS VC++ 10.0 (VS2010)

time: Wed May 17 10:32:31 2017
elapsed time: 29 seconds (0d 0h 0m 29s)

