#
# There is insufficient memory for the Java Runtime Environment to continue.
# Native memory allocation (malloc) failed to allocate 32744 bytes for ChunkPool::allocate
# Possible reasons:
#   The system is out of physical RAM or swap space
#   In 32 bit mode, the process size limit was hit
# Possible solutions:
#   Reduce memory load on the system
#   Increase physical memory or swap space
#   Check if swap backing store is full
#   Use 64 bit Java on a 64 bit OS
#   Decrease Java heap size (-Xmx/-Xms)
#   Decrease number of Java threads
#   Decrease Java thread stack sizes (-Xss)
#   Set larger code cache with -XX:ReservedCodeCacheSize=
# This output file may be truncated or incomplete.
#
#  Out of Memory Error (allocation.cpp:273), pid=10088, tid=10156
#
# JRE version: Java(TM) SE Runtime Environment (8.0_91-b15) (build 1.8.0_91-b15)
# Java VM: Java HotSpot(TM) 64-Bit Server VM (25.91-b15 mixed mode windows-amd64 compressed oops)
# Failed to write core dump. Minidumps are not enabled by default on client versions of Windows
#

---------------  T H R E A D  ---------------

Current thread (0x0000000055f19000):  JavaThread "C2 CompilerThread0" daemon [_thread_in_native, id=10156, stack(0x00000000571c0000,0x00000000572c0000)]

Stack: [0x00000000571c0000,0x00000000572c0000]
[error occurred during error reporting (printing stack bounds), id 0xc0000005]

Native frames: (J=compiled Java code, j=interpreted, Vv=VM code, C=native code)


Current CompileTask:
C2:5381995 8739       4       java.text.SimpleDateFormat::subFormat (1260 bytes)


---------------  P R O C E S S  ---------------

Java Threads: ( => current thread )
  0x0000000061daf000 JavaThread "AsyncResolver-bootstrap-executor-0" daemon [_thread_blocked, id=3428, stack(0x0000000056740000,0x0000000056840000)]
  0x0000000061dae000 JavaThread "DiscoveryClient-2" daemon [_thread_blocked, id=9108, stack(0x00000000570c0000,0x00000000571c0000)]
  0x0000000061dad800 JavaThread "DiscoveryClient-HeartbeatExecutor-0" daemon [_thread_blocked, id=9644, stack(0x000000005d410000,0x000000005d510000)]
  0x0000000061dac800 JavaThread "DiscoveryClient-CacheRefreshExecutor-0" daemon [_thread_blocked, id=6332, stack(0x000000006b4f0000,0x000000006b5f0000)]
  0x0000000061dac000 JavaThread "DestroyJavaVM" [_thread_blocked, id=2720, stack(0x0000000002380000,0x0000000002480000)]
  0x0000000061dab000 JavaThread "http-nio-8761-AsyncTimeout" daemon [_thread_blocked, id=10056, stack(0x000000006d160000,0x000000006d260000)]
  0x0000000061daa000 JavaThread "http-nio-8761-Acceptor-0" daemon [_thread_in_native, id=9860, stack(0x000000006d040000,0x000000006d140000)]
  0x0000000061da9000 JavaThread "http-nio-8761-ClientPoller-1" daemon [_thread_in_native, id=9640, stack(0x000000006a7d0000,0x000000006a8d0000)]
  0x0000000061da8800 JavaThread "http-nio-8761-ClientPoller-0" daemon [_thread_in_native, id=8760, stack(0x000000006ce90000,0x000000006cf90000)]
  0x0000000061da7800 JavaThread "http-nio-8761-exec-10" daemon [_thread_blocked, id=8532, stack(0x000000006cd70000,0x000000006ce70000)]
  0x0000000061da7000 JavaThread "http-nio-8761-exec-9" daemon [_thread_blocked, id=8404, stack(0x000000006cb00000,0x000000006cc00000)]
  0x0000000061da6000 JavaThread "http-nio-8761-exec-8" daemon [_thread_blocked, id=9228, stack(0x0000000069e80000,0x0000000069f80000)]
  0x0000000061da5800 JavaThread "http-nio-8761-exec-7" daemon [_thread_blocked, id=544, stack(0x000000006c9a0000,0x000000006caa0000)]
  0x0000000061da4800 JavaThread "http-nio-8761-exec-6" daemon [_thread_blocked, id=7012, stack(0x000000006c890000,0x000000006c990000)]
  0x0000000061da4000 JavaThread "http-nio-8761-exec-5" daemon [_thread_blocked, id=7328, stack(0x000000006c6c0000,0x000000006c7c0000)]
  0x0000000061da3000 JavaThread "http-nio-8761-exec-4" daemon [_thread_blocked, id=8076, stack(0x000000006c500000,0x000000006c600000)]
  0x000000005f9d2800 JavaThread "http-nio-8761-exec-3" daemon [_thread_blocked, id=10060, stack(0x000000006c340000,0x000000006c440000)]
  0x000000005f9d1800 JavaThread "http-nio-8761-exec-2" daemon [_thread_blocked, id=5156, stack(0x000000006ab50000,0x000000006ac50000)]
  0x000000005f9d1000 JavaThread "http-nio-8761-exec-1" daemon [_thread_blocked, id=9544, stack(0x000000006c1b0000,0x000000006c2b0000)]
  0x000000005f9d0000 JavaThread "NioBlockingSelector.BlockPoller-1" daemon [_thread_in_native, id=9496, stack(0x000000006c000000,0x000000006c100000)]
  0x000000005f9ce800 JavaThread "Eureka-CacheFillTimer" daemon [_thread_blocked, id=7188, stack(0x000000006b140000,0x000000006b240000)]
  0x000000005f9ce000 JavaThread "Eureka-PeerNodesUpdater" daemon [_thread_blocked, id=876, stack(0x000000006b010000,0x000000006b110000)]
  0x000000005f9cd000 JavaThread "TaskNonBatchingWorker-peer2-0" daemon [_thread_blocked, id=7968, stack(0x000000006ae40000,0x000000006af40000)]
  0x000000005f9cc800 JavaThread "TaskAcceptor-peer2" daemon [_thread_blocked, id=7304, stack(0x000000006ac80000,0x000000006ad80000)]
  0x000000005f9cb800 JavaThread "TaskBatchingWorker-target_peer2-19" daemon [_thread_blocked, id=8012, stack(0x000000006a5a0000,0x000000006a6a0000)]
  0x000000005f9c2800 JavaThread "TaskBatchingWorker-target_peer2-18" daemon [_thread_blocked, id=7848, stack(0x000000006aa40000,0x000000006ab40000)]
  0x000000005f9c1800 JavaThread "TaskBatchingWorker-target_peer2-17" daemon [_thread_blocked, id=7992, stack(0x000000006a8d0000,0x000000006a9d0000)]
  0x000000005f9c1000 JavaThread "TaskBatchingWorker-target_peer2-16" daemon [_thread_blocked, id=8100, stack(0x000000006a6a0000,0x000000006a7a0000)]
  0x000000005f9c0000 JavaThread "TaskBatchingWorker-target_peer2-15" daemon [_thread_blocked, id=8096, stack(0x000000006a460000,0x000000006a560000)]
  0x000000005f9bf800 JavaThread "TaskBatchingWorker-target_peer2-14" daemon [_thread_blocked, id=5452, stack(0x000000006a2a0000,0x000000006a3a0000)]
  0x000000005f9be800 JavaThread "TaskBatchingWorker-target_peer2-13" daemon [_thread_blocked, id=6848, stack(0x000000006a0f0000,0x000000006a1f0000)]
  0x000000005f9be000 JavaThread "TaskBatchingWorker-target_peer2-12" daemon [_thread_blocked, id=7632, stack(0x0000000069f80000,0x000000006a080000)]
  0x000000005f9bd000 JavaThread "TaskBatchingWorker-target_peer2-11" daemon [_thread_blocked, id=2192, stack(0x0000000069d70000,0x0000000069e70000)]
  0x000000005f9bc800 JavaThread "TaskBatchingWorker-target_peer2-10" daemon [_thread_blocked, id=2344, stack(0x0000000069210000,0x0000000069310000)]
  0x000000005f9bb800 JavaThread "TaskBatchingWorker-target_peer2-9" daemon [_thread_blocked, id=504, stack(0x0000000069ba0000,0x0000000069ca0000)]
  0x0000000064c8b800 JavaThread "TaskBatchingWorker-target_peer2-8" daemon [_thread_blocked, id=1516, stack(0x0000000069a50000,0x0000000069b50000)]
  0x0000000064c8a800 JavaThread "TaskBatchingWorker-target_peer2-7" daemon [_thread_blocked, id=8104, stack(0x0000000069480000,0x0000000069580000)]
  0x0000000064c8a000 JavaThread "TaskBatchingWorker-target_peer2-6" daemon [_thread_blocked, id=9764, stack(0x0000000069900000,0x0000000069a00000)]
  0x0000000064c89000 JavaThread "TaskBatchingWorker-target_peer2-5" daemon [_thread_blocked, id=7364, stack(0x0000000069770000,0x0000000069870000)]
  0x0000000064c88800 JavaThread "TaskBatchingWorker-target_peer2-4" daemon [_thread_blocked, id=7372, stack(0x00000000684e0000,0x00000000685e0000)]
  0x0000000064c87800 JavaThread "TaskBatchingWorker-target_peer2-3" daemon [_thread_blocked, id=2472, stack(0x00000000695a0000,0x00000000696a0000)]
  0x0000000064c87000 JavaThread "TaskBatchingWorker-target_peer2-2" daemon [_thread_blocked, id=6188, stack(0x0000000069370000,0x0000000069470000)]
  0x0000000064c86000 JavaThread "TaskBatchingWorker-target_peer2-1" daemon [_thread_blocked, id=7872, stack(0x0000000069100000,0x0000000069200000)]
  0x0000000064c85000 JavaThread "TaskBatchingWorker-target_peer2-0" daemon [_thread_blocked, id=10080, stack(0x0000000066390000,0x0000000066490000)]
  0x0000000064c84800 JavaThread "TaskAcceptor-target_peer2" daemon [_thread_blocked, id=10204, stack(0x0000000068f10000,0x0000000069010000)]
  0x000000005c611000 JavaThread "Eureka-JerseyClient-Conn-Cleaner2" daemon [_thread_blocked, id=7860, stack(0x0000000068d90000,0x0000000068e90000)]
  0x000000005c610000 JavaThread "TaskNonBatchingWorker-peer3-0" daemon [_thread_blocked, id=8432, stack(0x0000000068a60000,0x0000000068b60000)]
  0x000000005c60f800 JavaThread "TaskAcceptor-peer3" daemon [_thread_blocked, id=7880, stack(0x00000000687a0000,0x00000000688a0000)]
  0x000000005c60e800 JavaThread "TaskBatchingWorker-target_peer3-19" daemon [_thread_blocked, id=9568, stack(0x00000000688a0000,0x00000000689a0000)]
  0x000000005c60e000 JavaThread "TaskBatchingWorker-target_peer3-18" daemon [_thread_blocked, id=9672, stack(0x0000000067060000,0x0000000067160000)]
  0x000000005c60d000 JavaThread "TaskBatchingWorker-target_peer3-17" daemon [_thread_blocked, id=1576, stack(0x00000000685e0000,0x00000000686e0000)]
  0x000000005c60c800 JavaThread "TaskBatchingWorker-target_peer3-16" daemon [_thread_blocked, id=9076, stack(0x0000000067ba0000,0x0000000067ca0000)]
  0x000000005c60b800 JavaThread "TaskBatchingWorker-target_peer3-15" daemon [_thread_blocked, id=4060, stack(0x00000000683d0000,0x00000000684d0000)]
  0x000000005c60b000 JavaThread "TaskBatchingWorker-target_peer3-14" daemon [_thread_blocked, id=9652, stack(0x00000000681e0000,0x00000000682e0000)]
  0x000000005c60a000 JavaThread "TaskBatchingWorker-target_peer3-13" daemon [_thread_blocked, id=2508, stack(0x0000000068030000,0x0000000068130000)]
  0x000000005c77a000 JavaThread "TaskBatchingWorker-target_peer3-12" daemon [_thread_blocked, id=8824, stack(0x0000000067e80000,0x0000000067f80000)]
  0x000000005c779000 JavaThread "TaskBatchingWorker-target_peer3-11" daemon [_thread_in_vm, id=9576, stack(0x0000000067d10000,0x0000000067e10000)]
  0x000000005c778800 JavaThread "TaskBatchingWorker-target_peer3-10" daemon [_thread_blocked, id=5276, stack(0x0000000067a90000,0x0000000067b90000)]
  0x000000005c777800 JavaThread "TaskBatchingWorker-target_peer3-9" daemon [_thread_blocked, id=7000, stack(0x00000000678d0000,0x00000000679d0000)]
  0x000000005c777000 JavaThread "TaskBatchingWorker-target_peer3-8" daemon [_thread_blocked, id=9692, stack(0x00000000677d0000,0x00000000678d0000)]
  0x000000005c776000 JavaThread "TaskBatchingWorker-target_peer3-7" daemon [_thread_blocked, id=5504, stack(0x0000000066e10000,0x0000000066f10000)]
  0x000000005c775800 JavaThread "TaskBatchingWorker-target_peer3-6" daemon [_thread_blocked, id=500, stack(0x0000000067650000,0x0000000067750000)]
  0x000000005c774800 JavaThread "TaskBatchingWorker-target_peer3-5" daemon [_thread_blocked, id=10024, stack(0x00000000674a0000,0x00000000675a0000)]
  0x000000005c774000 JavaThread "TaskBatchingWorker-target_peer3-4" daemon [_thread_blocked, id=9196, stack(0x00000000672f0000,0x00000000673f0000)]
  0x000000005c773000 JavaThread "TaskBatchingWorker-target_peer3-3" daemon [_thread_blocked, id=3228, stack(0x0000000067180000,0x0000000067280000)]
  0x000000005c61a800 JavaThread "TaskBatchingWorker-target_peer3-2" daemon [_thread_blocked, id=5208, stack(0x0000000066f40000,0x0000000067040000)]
  0x000000005c61a000 JavaThread "TaskBatchingWorker-target_peer3-1" daemon [_thread_blocked, id=10224, stack(0x0000000066b80000,0x0000000066c80000)]
  0x000000005c619000 JavaThread "TaskBatchingWorker-target_peer3-0" daemon [_thread_blocked, id=7588, stack(0x0000000066cc0000,0x0000000066dc0000)]
  0x000000005c618800 JavaThread "StatsMonitor-0" daemon [_thread_blocked, id=7736, stack(0x0000000066a40000,0x0000000066b40000)]
  0x000000005c617800 JavaThread "TaskAcceptor-target_peer3" daemon [_thread_blocked, id=9516, stack(0x0000000066710000,0x0000000066810000)]
  0x000000005c617000 JavaThread "Eureka-JerseyClient-Conn-Cleaner2" daemon [_thread_blocked, id=7060, stack(0x0000000066510000,0x0000000066610000)]
  0x000000005c616000 JavaThread "Eureka-MeasureRateTimer" daemon [_thread_blocked, id=9376, stack(0x0000000065f60000,0x0000000066060000)]
  0x000000005c615800 JavaThread "ReplicaAwareInstanceRegistry - RenewalThresholdUpdater" daemon [_thread_blocked, id=9484, stack(0x000000005e8f0000,0x000000005e9f0000)]
  0x000000005c614800 JavaThread "Eureka-MeasureRateTimer" daemon [_thread_blocked, id=6068, stack(0x0000000065d70000,0x0000000065e70000)]
  0x000000005c614000 JavaThread "Eureka-EvictionTimer" daemon [_thread_blocked, id=9804, stack(0x0000000063b90000,0x0000000063c90000)]
  0x000000005fb3a800 JavaThread "Eureka-DeltaRetentionTimer" daemon [_thread_blocked, id=8492, stack(0x00000000621b0000,0x00000000622b0000)]
  0x000000005fb39800 JavaThread "DiscoveryClient-InstanceInfoReplicator-0" daemon [_thread_blocked, id=8240, stack(0x0000000062460000,0x0000000062560000)]
  0x000000005fb39000 JavaThread "DiscoveryClient-1" daemon [_thread_blocked, id=9876, stack(0x0000000062340000,0x0000000062440000)]
  0x000000005fb38000 JavaThread "DiscoveryClient-0" daemon [_thread_blocked, id=8696, stack(0x000000005eb20000,0x000000005ec20000)]
  0x000000005fb37800 JavaThread "AsyncResolver-bootstrap-0" daemon [_thread_blocked, id=8816, stack(0x000000005b640000,0x000000005b740000)]
  0x000000005fb36800 JavaThread "Eureka-JerseyClient-Conn-Cleaner2" daemon [_thread_blocked, id=8936, stack(0x0000000061050000,0x0000000061150000)]
  0x000000005fb36000 JavaThread "Eureka-JerseyClient-Conn-Cleaner2" daemon [_thread_blocked, id=9508, stack(0x0000000060ee0000,0x0000000060fe0000)]
  0x000000005fb35000 JavaThread "spring.cloud.inetutils" daemon [_thread_blocked, id=4384, stack(0x000000005e7d0000,0x000000005e8d0000)]
  0x000000005fb34800 JavaThread "container-0" [_thread_blocked, id=4668, stack(0x0000000062630000,0x0000000062730000)]
  0x000000005fb33800 JavaThread "ContainerBackgroundProcessor[StandardEngine[Tomcat]]" daemon [_thread_blocked, id=8520, stack(0x000000005acf0000,0x000000005adf0000)]
  0x00000000579af800 JavaThread "RMI TCP Accept-0" daemon [_thread_in_native, id=9676, stack(0x0000000058040000,0x0000000058140000)]
  0x0000000057927800 JavaThread "RMI TCP Accept-3489" daemon [_thread_in_native, id=10220, stack(0x0000000057ec0000,0x0000000057fc0000)]
  0x0000000057945800 JavaThread "RMI TCP Accept-0" daemon [_thread_in_native, id=8356, stack(0x0000000057d90000,0x0000000057e90000)]
  0x0000000055f8c800 JavaThread "Service Thread" daemon [_thread_blocked, id=2280, stack(0x00000000573e0000,0x00000000574e0000)]
  0x0000000055f23000 JavaThread "C1 CompilerThread2" daemon [_thread_blocked, id=8656, stack(0x0000000056a80000,0x0000000056b80000)]
  0x0000000055f1b000 JavaThread "C2 CompilerThread1" daemon [_thread_blocked, id=3520, stack(0x00000000572e0000,0x00000000573e0000)]
=>0x0000000055f19000 JavaThread "C2 CompilerThread0" daemon [_thread_in_native, id=10156, stack(0x00000000571c0000,0x00000000572c0000)]
  0x0000000055f06800 JavaThread "JDWP Event Helper Thread" daemon [_thread_blocked, id=9620, stack(0x0000000056cd0000,0x0000000056dd0000)]
  0x0000000054bdc000 JavaThread "Attach Listener" daemon [_thread_blocked, id=3772, stack(0x0000000056600000,0x0000000056700000)]
  0x0000000055ef1000 JavaThread "Signal Dispatcher" daemon [_thread_blocked, id=6492, stack(0x0000000056490000,0x0000000056590000)]
  0x0000000054bc5000 JavaThread "Finalizer" daemon [_thread_blocked, id=7332, stack(0x0000000055dd0000,0x0000000055ed0000)]
  0x0000000054b7e000 JavaThread "Reference Handler" daemon [_thread_blocked, id=8120, stack(0x0000000055c50000,0x0000000055d50000)]

Other Threads:
  0x0000000054b76800 VMThread [stack: 0x0000000055b30000,0x0000000055c30000] [id=8620]
  0x00000000579b1800 WatcherThread [stack: 0x0000000058150000,0x0000000058250000] [id=8280]

VM state:not at safepoint (normal execution)

VM Mutex/Monitor currently owned by a thread: None

Heap:
 PSYoungGen      total 327680K, used 301420K [0x00000000eb180000, 0x0000000100000000, 0x0000000100000000)
  eden space 313856K, 92% used [0x00000000eb180000,0x00000000fcdc5a10,0x00000000fe400000)
  from space 13824K, 74% used [0x00000000ff280000,0x00000000ffc959e0,0x0000000100000000)
  to   space 14336K, 0% used [0x00000000fe400000,0x00000000fe400000,0x00000000ff200000)
 ParOldGen       total 58368K, used 31198K [0x00000000c1400000, 0x00000000c4d00000, 0x00000000eb180000)
  object space 58368K, 53% used [0x00000000c1400000,0x00000000c3277848,0x00000000c4d00000)
 Metaspace       used 54235K, capacity 55125K, committed 55296K, reserved 1097728K
  class space    used 6834K, capacity 7050K, committed 7168K, reserved 1048576K

Card table byte_map: [0x0000000011840000,0x0000000011a40000] byte_map_base: 0x0000000011236000

Marking Bits: (ParMarkBitMap*) 0x000000005c3a2f70
 Begin Bits: [0x0000000012080000, 0x0000000013030000)
 End Bits:   [0x0000000013030000, 0x0000000013fe0000)

Polling page: 0x0000000000310000

CodeCache: size=245760Kb used=24811Kb max_used=24812Kb free=220948Kb
 bounds [0x0000000002480000, 0x0000000003cf0000, 0x0000000011480000]
 total_blobs=7701 nmethods=7217 adapters=403
 compilation: enabled

Compilation events (10 events):
Event: 5356.112 Thread 0x0000000055f23000 nmethod 8734 0x0000000003925710 code [0x0000000003925860, 0x0000000003925970]
Event: 5356.112 Thread 0x0000000055f23000 8736   !   3       org.apache.tomcat.util.http.Parameters::handleQueryParameters (116 bytes)
Event: 5356.116 Thread 0x0000000055f23000 nmethod 8736 0x0000000003b84150 code [0x0000000003b84440, 0x0000000003b85c58]
Event: 5356.116 Thread 0x0000000055f23000 8738       1       org.apache.coyote.Request::getStartTime (5 bytes)
Event: 5356.117 Thread 0x0000000055f23000 nmethod 8738 0x0000000002a61490 code [0x0000000002a615e0, 0x0000000002a616f0]
Event: 5356.117 Thread 0x0000000055f23000 8737       3       com.netflix.eureka.registry.PeerAwareInstanceRegistryImpl::getSortedApplications (24 bytes)
Event: 5356.124 Thread 0x0000000055f23000 nmethod 8737 0x0000000003ce0250 code [0x0000000003ce0460, 0x0000000003ce0f28]
Event: 5356.124 Thread 0x0000000055f23000 8735       1       org.apache.catalina.connector.Connector::getUseBodyEncodingForURI (5 bytes)
Event: 5356.124 Thread 0x0000000055f23000 nmethod 8735 0x0000000003601a50 code [0x0000000003601ba0, 0x0000000003601cb0]
Event: 5379.421 Thread 0x0000000055f19000 8739       4       java.text.SimpleDateFormat::subFormat (1260 bytes)

GC Heap History (10 events):
Event: 14.111 GC heap before
{Heap before GC invocations=12 (full 1):
 PSYoungGen      total 182784K, used 65016K [0x00000000eb180000, 0x00000000f7480000, 0x0000000100000000)
  eden space 173056K, 31% used [0x00000000eb180000,0x00000000ee77e388,0x00000000f5a80000)
  from space 9728K, 99% used [0x00000000f6700000,0x00000000f707fde0,0x00000000f7080000)
  to   space 12800K, 0% used [0x00000000f5a80000,0x00000000f5a80000,0x00000000f6700000)
 ParOldGen       total 36864K, used 17163K [0x00000000c1400000, 0x00000000c3800000, 0x00000000eb180000)
  object space 36864K, 46% used [0x00000000c1400000,0x00000000c24c2c00,0x00000000c3800000)
 Metaspace       used 34853K, capacity 35182K, committed 35456K, reserved 1081344K
  class space    used 4361K, capacity 4460K, committed 4480K, reserved 1048576K
Event: 14.142 GC heap after
Heap after GC invocations=12 (full 1):
 PSYoungGen      total 185856K, used 3438K [0x00000000eb180000, 0x00000000fc000000, 0x0000000100000000)
  eden space 173056K, 0% used [0x00000000eb180000,0x00000000eb180000,0x00000000f5a80000)
  from space 12800K, 26% used [0x00000000f5a80000,0x00000000f5ddb8b8,0x00000000f6700000)
  to   space 12800K, 0% used [0x00000000fb380000,0x00000000fb380000,0x00000000fc000000)
 ParOldGen       total 36864K, used 24521K [0x00000000c1400000, 0x00000000c3800000, 0x00000000eb180000)
  object space 36864K, 66% used [0x00000000c1400000,0x00000000c2bf2628,0x00000000c3800000)
 Metaspace       used 34853K, capacity 35182K, committed 35456K, reserved 1081344K
  class space    used 4361K, capacity 4460K, committed 4480K, reserved 1048576K
}
Event: 14.142 GC heap before
{Heap before GC invocations=13 (full 2):
 PSYoungGen      total 185856K, used 3438K [0x00000000eb180000, 0x00000000fc000000, 0x0000000100000000)
  eden space 173056K, 0% used [0x00000000eb180000,0x00000000eb180000,0x00000000f5a80000)
  from space 12800K, 26% used [0x00000000f5a80000,0x00000000f5ddb8b8,0x00000000f6700000)
  to   space 12800K, 0% used [0x00000000fb380000,0x00000000fb380000,0x00000000fc000000)
 ParOldGen       total 36864K, used 24521K [0x00000000c1400000, 0x00000000c3800000, 0x00000000eb180000)
  object space 36864K, 66% used [0x00000000c1400000,0x00000000c2bf2628,0x00000000c3800000)
 Metaspace       used 34853K, capacity 35182K, committed 35456K, reserved 1081344K
  class space    used 4361K, capacity 4460K, committed 4480K, reserved 1048576K
Event: 14.275 GC heap after
Heap after GC invocations=13 (full 2):
 PSYoungGen      total 185856K, used 0K [0x00000000eb180000, 0x00000000fc000000, 0x0000000100000000)
  eden space 173056K, 0% used [0x00000000eb180000,0x00000000eb180000,0x00000000f5a80000)
  from space 12800K, 0% used [0x00000000f5a80000,0x00000000f5a80000,0x00000000f6700000)
  to   space 12800K, 0% used [0x00000000fb380000,0x00000000fb380000,0x00000000fc000000)
 ParOldGen       total 58368K, used 22052K [0x00000000c1400000, 0x00000000c4d00000, 0x00000000eb180000)
  object space 58368K, 37% used [0x00000000c1400000,0x00000000c29893c8,0x00000000c4d00000)
 Metaspace       used 34853K, capacity 35182K, committed 35456K, reserved 1081344K
  class space    used 4361K, capacity 4460K, committed 4480K, reserved 1048576K
}
Event: 19.994 GC heap before
{Heap before GC invocations=14 (full 2):
 PSYoungGen      total 185856K, used 173056K [0x00000000eb180000, 0x00000000fc000000, 0x0000000100000000)
  eden space 173056K, 100% used [0x00000000eb180000,0x00000000f5a80000,0x00000000f5a80000)
  from space 12800K, 0% used [0x00000000f5a80000,0x00000000f5a80000,0x00000000f6700000)
  to   space 12800K, 0% used [0x00000000fb380000,0x00000000fb380000,0x00000000fc000000)
 ParOldGen       total 58368K, used 22052K [0x00000000c1400000, 0x00000000c4d00000, 0x00000000eb180000)
  object space 58368K, 37% used [0x00000000c1400000,0x00000000c29893c8,0x00000000c4d00000)
 Metaspace       used 42539K, capacity 43036K, committed 43648K, reserved 1087488K
  class space    used 5515K, capacity 5654K, committed 5760K, reserved 1048576K
Event: 20.101 GC heap after
Heap after GC invocations=14 (full 2):
 PSYoungGen      total 253440K, used 10070K [0x00000000eb180000, 0x00000000fbd80000, 0x0000000100000000)
  eden space 243200K, 0% used [0x00000000eb180000,0x00000000eb180000,0x00000000f9f00000)
  from space 10240K, 98% used [0x00000000fb380000,0x00000000fbd55850,0x00000000fbd80000)
  to   space 13824K, 0% used [0x00000000fa280000,0x00000000fa280000,0x00000000fb000000)
 ParOldGen       total 58368K, used 22060K [0x00000000c1400000, 0x00000000c4d00000, 0x00000000eb180000)
  object space 58368K, 37% used [0x00000000c1400000,0x00000000c298b3c8,0x00000000c4d00000)
 Metaspace       used 42539K, capacity 43036K, committed 43648K, reserved 1087488K
  class space    used 5515K, capacity 5654K, committed 5760K, reserved 1048576K
}
Event: 21.956 GC heap before
{Heap before GC invocations=15 (full 2):
 PSYoungGen      total 253440K, used 253270K [0x00000000eb180000, 0x00000000fbd80000, 0x0000000100000000)
  eden space 243200K, 100% used [0x00000000eb180000,0x00000000f9f00000,0x00000000f9f00000)
  from space 10240K, 98% used [0x00000000fb380000,0x00000000fbd55850,0x00000000fbd80000)
  to   space 13824K, 0% used [0x00000000fa280000,0x00000000fa280000,0x00000000fb000000)
 ParOldGen       total 58368K, used 22060K [0x00000000c1400000, 0x00000000c4d00000, 0x00000000eb180000)
  object space 58368K, 37% used [0x00000000c1400000,0x00000000c298b3c8,0x00000000c4d00000)
 Metaspace       used 45345K, capacity 46008K, committed 46336K, reserved 1089536K
  class space    used 5870K, capacity 6048K, committed 6144K, reserved 1048576K
Event: 22.083 GC heap after
Heap after GC invocations=15 (full 2):
 PSYoungGen      total 260608K, used 8374K [0x00000000eb180000, 0x0000000100000000, 0x0000000100000000)
  eden space 246784K, 0% used [0x00000000eb180000,0x00000000eb180000,0x00000000fa280000)
  from space 13824K, 60% used [0x00000000fa280000,0x00000000faaadb88,0x00000000fb000000)
  to   space 13824K, 0% used [0x00000000ff280000,0x00000000ff280000,0x0000000100000000)
 ParOldGen       total 58368K, used 27766K [0x00000000c1400000, 0x00000000c4d00000, 0x00000000eb180000)
  object space 58368K, 47% used [0x00000000c1400000,0x00000000c2f1d9b8,0x00000000c4d00000)
 Metaspace       used 45345K, capacity 46008K, committed 46336K, reserved 1089536K
  class space    used 5870K, capacity 6048K, committed 6144K, reserved 1048576K
}
Event: 358.550 GC heap before
{Heap before GC invocations=16 (full 2):
 PSYoungGen      total 260608K, used 255158K [0x00000000eb180000, 0x0000000100000000, 0x0000000100000000)
  eden space 246784K, 100% used [0x00000000eb180000,0x00000000fa280000,0x00000000fa280000)
  from space 13824K, 60% used [0x00000000fa280000,0x00000000faaadb88,0x00000000fb000000)
  to   space 13824K, 0% used [0x00000000ff280000,0x00000000ff280000,0x0000000100000000)
 ParOldGen       total 58368K, used 27766K [0x00000000c1400000, 0x00000000c4d00000, 0x00000000eb180000)
  object space 58368K, 47% used [0x00000000c1400000,0x00000000c2f1d9b8,0x00000000c4d00000)
 Metaspace       used 53165K, capacity 54003K, committed 54144K, reserved 1095680K
  class space    used 6815K, capacity 7023K, committed 7040K, reserved 1048576K
Event: 358.592 GC heap after
Heap after GC invocations=16 (full 2):
 PSYoungGen      total 327680K, used 10326K [0x00000000eb180000, 0x0000000100000000, 0x0000000100000000)
  eden space 313856K, 0% used [0x00000000eb180000,0x00000000eb180000,0x00000000fe400000)
  from space 13824K, 74% used [0x00000000ff280000,0x00000000ffc959e0,0x0000000100000000)
  to   space 14336K, 0% used [0x00000000fe400000,0x00000000fe400000,0x00000000ff200000)
 ParOldGen       total 58368K, used 31198K [0x00000000c1400000, 0x00000000c4d00000, 0x00000000eb180000)
  object space 58368K, 53% used [0x00000000c1400000,0x00000000c3277848,0x00000000c4d00000)
 Metaspace       used 53165K, capacity 54003K, committed 54144K, reserved 1095680K
  class space    used 6815K, capacity 7023K, committed 7040K, reserved 1048576K
}

Deoptimization events (10 events):
Event: 1011.478 Thread 0x0000000061dac800 Uncommon trap: reason=bimorphic action=maybe_recompile pc=0x00000000038e0cfc method=java.util.HashMap.removeNode(ILjava/lang/Object;Ljava/lang/Object;ZZ)Ljava/util/HashMap$Node; @ 143
Event: 1030.170 Thread 0x000000005f9d1000 Uncommon trap: reason=bimorphic action=maybe_recompile pc=0x00000000027fa504 method=java.util.AbstractCollection.toArray()[Ljava/lang/Object; @ 1
Event: 1030.701 Thread 0x000000005f9c0000 Uncommon trap: reason=bimorphic action=maybe_recompile pc=0x00000000027fa504 method=java.util.AbstractCollection.toArray()[Ljava/lang/Object; @ 1
Event: 1041.440 Thread 0x0000000061dad800 Uncommon trap: reason=bimorphic action=maybe_recompile pc=0x00000000027fa504 method=java.util.AbstractCollection.toArray()[Ljava/lang/Object; @ 1
Event: 1041.530 Thread 0x0000000061dac800 Uncommon trap: reason=bimorphic action=maybe_recompile pc=0x00000000027fa504 method=java.util.AbstractCollection.toArray()[Ljava/lang/Object; @ 1
Event: 1704.777 Thread 0x000000005c779000 Uncommon trap: reason=null_check action=make_not_entrant pc=0x0000000003aba568 method=com.netflix.eureka.cluster.DynamicGZIPContentEncodingFilter.handle(Lcom/sun/jersey/api/client/ClientRequest;)Lcom/sun/jersey/api/client/ClientResponse; @ 49
Event: 1721.059 Thread 0x0000000064c8b800 Uncommon trap: reason=null_check action=make_not_entrant pc=0x0000000003ad2c64 method=com.netflix.eureka.cluster.DynamicGZIPContentEncodingFilter.handle(Lcom/sun/jersey/api/client/ClientRequest;)Lcom/sun/jersey/api/client/ClientResponse; @ 144
Event: 1891.103 Thread 0x000000005c617800 Uncommon trap: reason=unstable_if action=reinterpret pc=0x00000000039aabc4 method=java.util.concurrent.locks.AbstractQueuedSynchronizer.acquire(I)V @ 5
Event: 3792.165 Thread 0x0000000061dac800 Uncommon trap: reason=bimorphic action=maybe_recompile pc=0x00000000038e0cfc method=java.util.HashMap.removeNode(ILjava/lang/Object;Ljava/lang/Object;ZZ)Ljava/util/HashMap$Node; @ 143
Event: 3796.679 Thread 0x0000000061da8800 Uncommon trap: reason=class_check action=maybe_recompile pc=0x000000000307ae3c method=java.util.HashMap.removeNode(ILjava/lang/Object;Ljava/lang/Object;ZZ)Ljava/util/HashMap$Node; @ 143

Internal exceptions (10 events):
Event: 5377.538 Thread 0x000000005c774800 Exception <a 'java/net/SocketTimeoutException': connect timed out> (0x00000000fbd621d8) thrown at [C:\re\workspace\8-2-build-windows-amd64-cygwin\jdk8u91\7017\hotspot\src\share\vm\prims\jni.cpp, line 735]
Event: 5377.840 Thread 0x000000005c779000 Exception <a 'java/net/SocketTimeoutException': connect timed out> (0x00000000fbe0c320) thrown at [C:\re\workspace\8-2-build-windows-amd64-cygwin\jdk8u91\7017\hotspot\src\share\vm\prims\jni.cpp, line 735]
Event: 5378.147 Thread 0x000000005c775800 Exception <a 'java/net/SocketTimeoutException': connect timed out> (0x00000000fc713c20) thrown at [C:\re\workspace\8-2-build-windows-amd64-cygwin\jdk8u91\7017\hotspot\src\share\vm\prims\jni.cpp, line 735]
Event: 5378.450 Thread 0x000000005c60e000 Exception <a 'java/net/SocketTimeoutException': connect timed out> (0x00000000fcc62178) thrown at [C:\re\workspace\8-2-build-windows-amd64-cygwin\jdk8u91\7017\hotspot\src\share\vm\prims\jni.cpp, line 735]
Event: 5378.751 Thread 0x000000005c60c800 Exception <a 'java/net/SocketTimeoutException': connect timed out> (0x00000000fcd05620) thrown at [C:\re\workspace\8-2-build-windows-amd64-cygwin\jdk8u91\7017\hotspot\src\share\vm\prims\jni.cpp, line 735]
Event: 5379.054 Thread 0x000000005c619000 Exception <a 'java/net/SocketTimeoutException': connect timed out> (0x00000000fc650cf0) thrown at [C:\re\workspace\8-2-build-windows-amd64-cygwin\jdk8u91\7017\hotspot\src\share\vm\prims\jni.cpp, line 735]
Event: 5379.356 Thread 0x000000005c60b000 Exception <a 'java/net/SocketTimeoutException': connect timed out> (0x00000000fc8d6530) thrown at [C:\re\workspace\8-2-build-windows-amd64-cygwin\jdk8u91\7017\hotspot\src\share\vm\prims\jni.cpp, line 735]
Event: 5379.422 Thread 0x000000005c60b000 Exception <a 'java/io/IOException'> (0x00000000fc8f3ca0) thrown at [C:\re\workspace\8-2-build-windows-amd64-cygwin\jdk8u91\7017\hotspot\src\share\vm\prims\jni.cpp, line 709]
Event: 5379.723 Thread 0x000000005c774800 Exception <a 'java/net/SocketTimeoutException': connect timed out> (0x00000000fbd652e8) thrown at [C:\re\workspace\8-2-build-windows-amd64-cygwin\jdk8u91\7017\hotspot\src\share\vm\prims\jni.cpp, line 735]
Event: 5380.023 Thread 0x000000005c779000 Exception <a 'java/net/SocketTimeoutException': connect timed out> (0x00000000fbe0f430) thrown at [C:\re\workspace\8-2-build-windows-amd64-cygwin\jdk8u91\7017\hotspot\src\share\vm\prims\jni.cpp, line 735]

Events (10 events):
Event: 5379.723 Thread 0x000000005c774800 DEOPT PACKING pc=0x0000000003b45630 sp=0x000000006759f140
Event: 5379.723 Thread 0x000000005c774800 DEOPT UNPACKING pc=0x00000000024c787f sp=0x000000006759ed50 mode 1
Event: 5379.723 Thread 0x000000005c774800 DEOPT PACKING pc=0x0000000003b30650 sp=0x000000006759f280
Event: 5379.723 Thread 0x000000005c774800 DEOPT UNPACKING pc=0x00000000024c787f sp=0x000000006759f010 mode 1
Event: 5379.723 Thread 0x000000005c774800 DEOPT PACKING pc=0x0000000003aab834 sp=0x000000006759f390
Event: 5379.723 Thread 0x000000005c774800 DEOPT UNPACKING pc=0x00000000024c787f sp=0x000000006759f008 mode 1
Event: 5379.723 Thread 0x000000005c774800 DEOPT PACKING pc=0x0000000003af8b98 sp=0x000000006759f420
Event: 5379.723 Thread 0x000000005c774800 DEOPT UNPACKING pc=0x00000000024c787f sp=0x000000006759ef80 mode 1
Event: 5379.723 Thread 0x000000005c774800 DEOPT PACKING pc=0x0000000003b06330 sp=0x000000006759f540
Event: 5379.723 Thread 0x000000005c774800 DEOPT UNPACKING pc=0x00000000024c787f sp=0x000000006759f318 mode 1


Dynamic libraries:
0x000000013f840000 - 0x000000013f877000 	D:\setup\jdk1.8\bin\javaw.exe
0x0000000077710000 - 0x00000000778ba000 	C:\Windows\SYSTEM32\ntdll.dll
0x00000000775f0000 - 0x000000007770f000 	C:\Windows\system32\kernel32.dll
0x000007fefd570000 - 0x000007fefd5db000 	C:\Windows\system32\KERNELBASE.dll
0x000007fefdf00000 - 0x000007fefdfdb000 	C:\Windows\system32\ADVAPI32.dll
0x000007fefe110000 - 0x000007fefe1af000 	C:\Windows\system32\msvcrt.dll
0x000007fefdba0000 - 0x000007fefdbbf000 	C:\Windows\SYSTEM32\sechost.dll
0x000007fefe230000 - 0x000007fefe35d000 	C:\Windows\system32\RPCRT4.dll
0x00000000774f0000 - 0x00000000775ea000 	C:\Windows\system32\USER32.dll
0x000007fefd910000 - 0x000007fefd977000 	C:\Windows\system32\GDI32.dll
0x000007fefdb90000 - 0x000007fefdb9e000 	C:\Windows\system32\LPK.dll
0x000007feff380000 - 0x000007feff44a000 	C:\Windows\system32\USP10.dll
0x000007fefbfb0000 - 0x000007fefc1a4000 	C:\Windows\WinSxS\amd64_microsoft.windows.common-controls_6595b64144ccf1df_6.0.7601.18837_none_fa3b1e3d17594757\COMCTL32.dll
0x000007fefe1b0000 - 0x000007fefe221000 	C:\Windows\system32\SHLWAPI.dll
0x000007fefdfe0000 - 0x000007fefe00e000 	C:\Windows\system32\IMM32.DLL
0x000007fefdbd0000 - 0x000007fefdcd9000 	C:\Windows\system32\MSCTF.dll
0x0000000066890000 - 0x0000000066962000 	D:\setup\jdk1.8\bin\msvcr100.dll
0x000000005bb90000 - 0x000000005c423000 	D:\setup\jdk1.8\bin\server\jvm.dll
0x000007fef0140000 - 0x000007fef0149000 	C:\Windows\system32\WSOCK32.dll
0x000007fefdeb0000 - 0x000007fefdefd000 	C:\Windows\system32\WS2_32.dll
0x000007fefdbc0000 - 0x000007fefdbc8000 	C:\Windows\system32\NSI.dll
0x000007fef9df0000 - 0x000007fef9e2b000 	C:\Windows\system32\WINMM.dll
0x000007fefc640000 - 0x000007fefc64c000 	C:\Windows\system32\VERSION.dll
0x00000000778d0000 - 0x00000000778d7000 	C:\Windows\system32\PSAPI.DLL
0x000000006fe40000 - 0x000000006fe4f000 	D:\setup\jdk1.8\bin\verify.dll
0x000000006fde0000 - 0x000000006fe09000 	D:\setup\jdk1.8\bin\java.dll
0x000000006e060000 - 0x000000006e095000 	D:\setup\jdk1.8\bin\jdwp.dll
0x000000006e050000 - 0x000000006e058000 	D:\setup\jdk1.8\bin\npt.dll
0x000000006fe20000 - 0x000000006fe36000 	D:\setup\jdk1.8\bin\zip.dll
0x000007fefe5f0000 - 0x000007feff379000 	C:\Windows\system32\SHELL32.dll
0x000007fefd980000 - 0x000007fefdb83000 	C:\Windows\system32\ole32.dll
0x000007fefd560000 - 0x000007fefd56f000 	C:\Windows\system32\profapi.dll
0x000000006e040000 - 0x000000006e049000 	D:\setup\jdk1.8\bin\dt_socket.dll
0x000007fefb120000 - 0x000007fefb135000 	C:\Windows\system32\NLAapi.dll
0x000007fef9610000 - 0x000007fef9625000 	C:\Windows\system32\napinsp.dll
0x000007fef95f0000 - 0x000007fef9609000 	C:\Windows\system32\pnrpnsp.dll
0x000007fefcd30000 - 0x000007fefcd85000 	C:\Windows\System32\mswsock.dll
0x000007fefcbb0000 - 0x000007fefcc0b000 	C:\Windows\system32\DNSAPI.dll
0x000007fef95e0000 - 0x000007fef95eb000 	C:\Windows\System32\winrnr.dll
0x000007fef95d0000 - 0x000007fef95e0000 	C:\Windows\system32\wshbth.dll
0x000007fefaea0000 - 0x000007fefaec7000 	C:\Windows\system32\IPHLPAPI.DLL
0x000007fefae90000 - 0x000007fefae9b000 	C:\Windows\system32\WINNSI.DLL
0x000007fefabd0000 - 0x000007fefac23000 	C:\Windows\System32\fwpuclnt.dll
0x000007fef9580000 - 0x000007fef9588000 	C:\Windows\system32\rasadhlp.dll
0x000007fefc710000 - 0x000007fefc717000 	C:\Windows\System32\wshtcpip.dll
0x000000006e030000 - 0x000000006e03d000 	D:\setup\jdk1.8\bin\management.dll
0x000000006fd60000 - 0x000000006fd7a000 	D:\setup\jdk1.8\bin\net.dll
0x000007fefcd20000 - 0x000007fefcd27000 	C:\Windows\System32\wship6.dll
0x000000006e0d0000 - 0x000000006e0e1000 	D:\setup\jdk1.8\bin\nio.dll
0x000007fefcd90000 - 0x000007fefcda8000 	C:\Windows\system32\CRYPTSP.dll
0x000007fefca90000 - 0x000007fefcad7000 	C:\Windows\system32\rsaenh.dll
0x000007fefd7a0000 - 0x000007fefd7be000 	C:\Windows\system32\USERENV.dll
0x000007fefd3f0000 - 0x000007fefd3ff000 	C:\Windows\system32\CRYPTBASE.dll
0x000007fefa9b0000 - 0x000007fefa9c8000 	C:\Windows\system32\dhcpcsvc.DLL
0x000007fefa930000 - 0x000007fefa941000 	C:\Windows\system32\dhcpcsvc6.DLL
0x000000006e0a0000 - 0x000000006e0c4000 	D:\setup\jdk1.8\bin\sunec.dll

VM Arguments:
jvm_args: -agentlib:jdwp=transport=dt_socket,suspend=y,address=localhost:3491 -Dcom.sun.management.jmxremote -Dcom.sun.management.jmxremote.port=3489 -Dcom.sun.management.jmxremote.authenticate=false -Dcom.sun.management.jmxremote.ssl=false -Djava.rmi.server.hostname=localhost -Dspring.liveBeansView.mbeanDomain -Dspring.application.admin.enabled=true -Dfile.encoding=GBK 
java_command: com.shiran.cloud.EurekaHaApplication --spring.profiles.active=peer1 --spring.output.ansi.enabled=always
java_class_path (initial): F:\setup\spring-tool-suite-3.8.4.RELEASE-e4.6.3-win32-x86_64\workspace\code\microservice-discovery-eureka-ha\target\classes;F:\setup\apache-maven-3.3.9-bin\localrepositoryposition\org\springframework\cloud\spring-cloud-starter-eureka-server\1.2.1.RELEASE\spring-cloud-starter-eureka-server-1.2.1.RELEASE.jar;F:\setup\apache-maven-3.3.9-bin\localrepositoryposition\org\springframework\cloud\spring-cloud-starter\1.1.4.RELEASE\spring-cloud-starter-1.1.4.RELEASE.jar;F:\setup\apache-maven-3.3.9-bin\localrepositoryposition\org\springframework\boot\spring-boot-starter\1.4.6.RELEASE\spring-boot-starter-1.4.6.RELEASE.jar;F:\setup\apache-maven-3.3.9-bin\localrepositoryposition\org\springframework\boot\spring-boot\1.4.6.RELEASE\spring-boot-1.4.6.RELEASE.jar;F:\setup\apache-maven-3.3.9-bin\localrepositoryposition\org\springframework\spring-context\4.3.8.RELEASE\spring-context-4.3.8.RELEASE.jar;F:\setup\apache-maven-3.3.9-bin\localrepositoryposition\org\springframework\boot\spring-boot-autoconfigure\1.4.6.RELEASE\spring-boot-autoconfigure-1.4.6.RELEASE.jar;F:\setup\apache-maven-3.3.9-bin\localrepositoryposition\org\springframework\boot\spring-boot-starter-logging\1.4.6.RELEASE\spring-boot-starter-logging-1.4.6.RELEASE.jar;F:\setup\apache-maven-3.3.9-bin\localrepositoryposition\ch\qos\logback\logback-classic\1.1.11\logback-classic-1.1.11.jar;F:\setup\apache-maven-3.3.9-bin\localrepositoryposition\ch\qos\logback\logback-core\1.1.11\logback-core-1.1.11.jar;F:\setup\apache-maven-3.3.9-bin\localrepositoryposition\org\slf4j\jcl-over-slf4j\1.7.25\jcl-over-slf4j-1.7.25.jar;F:\setup\apache-maven-3.3.9-bin\localrepositoryposition\org\slf4j\jul-to-slf4j\1.7.25\jul-to-slf4j-1.7.25.jar;F:\setup\apache-maven-3.3.9-bin\localrepositoryposition\org\slf4j\log4j-over-slf4j\1.7.25\log4j-over-slf4j-1.7.25.jar;F:\setup\apache-maven-3.3.9-bin\localrepositoryposition\org\springframework\spring-core\4.3.8.RELEASE\spring-core-4.3.8.RELEASE.jar;F:\setup\apache-maven-3.3.9-bin\loc
Launcher Type: SUN_STANDARD

Environment Variables:
JAVA_HOME=D:\setup\jdk1.7
PATH=D:\setup\jdk1.8\jre\bin;D:/setup/jdk1.8/bin/server;D:/setup/jdk1.8/bin;D:/setup/jdk1.8/lib/amd64;C:\ProgramData\Oracle\Java\javapath;D:\setup\django\python3.5\Scripts\;D:\setup\django\python3.5\;D:\setup\armv1.2\bin;D:\setup\python2.7;D:\app\Administrator\product\11.1.0\db_2\bin;F:\setup\scala\bin;D:\java\apache-maven-2.2.1\bin;%M2_HOME%\bin;D:\setup\jdk1.7;D:\setup\python34\Scripts;D:\setup\python34;C:\Program Files (x86)\Common Files\NetSarang;D:\setup\jdk1.7\bin;C:\Windows\system32;C:\Windows;C:\Windows\System32\Wbem;C:\Windows\System32\WindowsPowerShell\v1.0\;F:\setup\scala\bin;C:\Program Files (x86)\Microsoft SQL Server\100\Tools\Binn\;C:\Program Files\Microsoft SQL Server\100\Tools\Binn\;C:\Program Files\Microsoft SQL Server\100\DTS\Binn\;C:\Program Files (x86)\Microsoft SQL Server\100\Tools\Binn\VSShell\Common7\IDE\;C:\Program Files (x86)\Microsoft Visual Studio 9.0\Common7\IDE\PrivateAssemblies\;C:\Program Files (x86)\Microsoft SQL Server\100\DTS\Binn\;D:\setup\git\Git\cmd;F:\setup\spring-tool-suite-3.8.4.RELEASE-e4.6.3-win32-x86_64\sts-bundle\sts-3.8.4.RELEASE;
USERNAME=Administrator
OS=Windows_NT
PROCESSOR_IDENTIFIER=Intel64 Family 6 Model 60 Stepping 3, GenuineIntel



---------------  S Y S T E M  ---------------

OS: Windows 7 , 64 bit Build 7601 (6.1.7601.19135)

CPU:total 4 (2 cores per cpu, 2 threads per core) family 6 model 60 stepping 3, cmov, cx8, fxsr, mmx, sse, sse2, sse3, ssse3, sse4.1, sse4.2, popcnt, avx, avx2, aes, clmul, erms, lzcnt, ht, tsc, tscinvbit, bmi1, bmi2

Memory: 4k page, physical 4108656k(210164k free), swap 6661584k(5120k free)

vm_info: Java HotSpot(TM) 64-Bit Server VM (25.91-b15) for windows-amd64 JRE (1.8.0_91-b15), built on May 20 2016 17:43:15 by "java_re" with MS VC++ 10.0 (VS2010)

time: Wed May 17 12:05:56 2017
elapsed time: 5380 seconds (0d 1h 29m 40s)

