#
# There is insufficient memory for the Java Runtime Environment to continue.
# Native memory allocation (malloc) failed to allocate 3603616 bytes for Chunk::new
# Possible reasons:
#   The system is out of physical RAM or swap space
#   In 32 bit mode, the process size limit was hit
# Possible solutions:
#   Reduce memory load on the system
#   Increase physical memory or swap space
#   Check if swap backing store is full
#   Use 64 bit Java on a 64 bit OS
#   Decrease Java heap size (-Xmx/-Xms)
#   Decrease number of Java threads
#   Decrease Java thread stack sizes (-Xss)
#   Set larger code cache with -XX:ReservedCodeCacheSize=
# This output file may be truncated or incomplete.
#
#  Out of Memory Error (allocation.cpp:390), pid=3284, tid=7540
#
# JRE version: Java(TM) SE Runtime Environment (8.0_91-b15) (build 1.8.0_91-b15)
# Java VM: Java HotSpot(TM) 64-Bit Server VM (25.91-b15 mixed mode windows-amd64 compressed oops)
# Failed to write core dump. Minidumps are not enabled by default on client versions of Windows
#

---------------  T H R E A D  ---------------

Current thread (0x0000000056064800):  JavaThread "C2 CompilerThread0" daemon [_thread_in_native, id=7540, stack(0x0000000057200000,0x0000000057300000)]

Stack: [0x0000000057200000,0x0000000057300000]
[error occurred during error reporting (printing stack bounds), id 0xc0000005]

Native frames: (J=compiled Java code, j=interpreted, Vv=VM code, C=native code)


Current CompileTask:
C2:  27241 3601       4       org.springframework.asm.ClassReader::readCode (3579 bytes)


---------------  P R O C E S S  ---------------

Java Threads: ( => current thread )
  0x000000005a5f9800 JavaThread "localhost-startStop-1" daemon [_thread_in_native, id=10360, stack(0x000000005b7d0000,0x000000005b8d0000)]
  0x000000005cdc6800 JavaThread "Tomcat-startStop-1" daemon [_thread_blocked, id=10356, stack(0x000000005b650000,0x000000005b750000)]
  0x0000000057a54800 JavaThread "RMI TCP Accept-0" daemon [_thread_in_native, id=3692, stack(0x00000000582c0000,0x00000000583c0000)]
  0x0000000057a05000 JavaThread "RMI TCP Accept-3672" daemon [_thread_in_native, id=3908, stack(0x0000000058050000,0x0000000058150000)]
  0x0000000057b55800 JavaThread "RMI TCP Accept-0" daemon [_thread_in_native, id=8796, stack(0x0000000057f10000,0x0000000058010000)]
  0x00000000560e7000 JavaThread "Service Thread" daemon [_thread_blocked, id=8804, stack(0x0000000057510000,0x0000000057610000)]
  0x000000005606e800 JavaThread "C1 CompilerThread2" daemon [_thread_blocked, id=9912, stack(0x0000000057340000,0x0000000057440000)]
  0x0000000056066800 JavaThread "C2 CompilerThread1" daemon [_thread_blocked, id=8540, stack(0x0000000056fb0000,0x00000000570b0000)]
=>0x0000000056064800 JavaThread "C2 CompilerThread0" daemon [_thread_in_native, id=7540, stack(0x0000000057200000,0x0000000057300000)]
  0x0000000056060800 JavaThread "JDWP Command Reader" daemon [_thread_in_native, id=10124, stack(0x00000000570c0000,0x00000000571c0000)]
  0x0000000056051800 JavaThread "JDWP Event Helper Thread" daemon [_thread_blocked, id=7040, stack(0x0000000056eb0000,0x0000000056fb0000)]
  0x0000000056048000 JavaThread "JDWP Transport Listener: dt_socket" daemon [_thread_blocked, id=7516, stack(0x0000000056cc0000,0x0000000056dc0000)]
  0x0000000056041800 JavaThread "Attach Listener" daemon [_thread_blocked, id=7196, stack(0x0000000056680000,0x0000000056780000)]
  0x0000000054cb8000 JavaThread "Signal Dispatcher" daemon [_thread_blocked, id=9616, stack(0x00000000564b0000,0x00000000565b0000)]
  0x0000000054ca1800 JavaThread "Finalizer" daemon [_thread_blocked, id=6112, stack(0x0000000055f20000,0x0000000056020000)]
  0x0000000054c5a800 JavaThread "Reference Handler" daemon [_thread_blocked, id=4556, stack(0x0000000055c10000,0x0000000055d10000)]
  0x000000000208f800 JavaThread "main" [_thread_blocked, id=10096, stack(0x0000000002480000,0x0000000002580000)]

Other Threads:
  0x0000000054c52800 VMThread [stack: 0x0000000055d90000,0x0000000055e90000] [id=9680]
  0x0000000057a32800 WatcherThread [stack: 0x0000000058170000,0x0000000058270000] [id=10180]

VM state:not at safepoint (normal execution)

VM Mutex/Monitor currently owned by a thread: None

Heap:
 PSYoungGen      total 195072K, used 47637K [0x00000000eb180000, 0x00000000f8080000, 0x0000000100000000)
  eden space 185344K, 20% used [0x00000000eb180000,0x00000000ed686b58,0x00000000f6680000)
  from space 9728K, 99% used [0x00000000f7300000,0x00000000f7c7ea58,0x00000000f7c80000)
  to   space 12800K, 0% used [0x00000000f6680000,0x00000000f6680000,0x00000000f7300000)
 ParOldGen       total 33280K, used 16534K [0x00000000c1400000, 0x00000000c3480000, 0x00000000eb180000)
  object space 33280K, 49% used [0x00000000c1400000,0x00000000c2425b10,0x00000000c3480000)
 Metaspace       used 32789K, capacity 33134K, committed 33664K, reserved 1079296K
  class space    used 4047K, capacity 4140K, committed 4224K, reserved 1048576K

Card table byte_map: [0x0000000011940000,0x0000000011b40000] byte_map_base: 0x0000000011336000

Marking Bits: (ParMarkBitMap*) 0x000000005c3a2f70
 Begin Bits: [0x0000000012160000, 0x0000000013110000)
 End Bits:   [0x0000000013110000, 0x00000000140c0000)

Polling page: 0x0000000000100000

CodeCache: size=245760Kb used=12587Kb max_used=12601Kb free=233172Kb
 bounds [0x0000000002580000, 0x00000000031e0000, 0x0000000011580000]
 total_blobs=3805 nmethods=3403 adapters=322
 compilation: enabled

Compilation events (10 events):
Event: 25.711 Thread 0x0000000056066800 3457       4       org.hibernate.validator.internal.util.ExecutableHelper::overrides (41 bytes)
Event: 25.724 Thread 0x0000000056066800 nmethod 3457 0x00000000031c6710 code [0x00000000031c68e0, 0x00000000031c7668]
Event: 25.724 Thread 0x0000000056066800 3458       4       org.hibernate.validator.internal.util.ExecutableHelper::overrides (161 bytes)
Event: 25.734 Thread 0x0000000056066800 nmethod 3458 0x00000000031c5450 code [0x00000000031c55e0, 0x00000000031c5fc8]
Event: 25.734 Thread 0x0000000056066800 3520       4       java.util.RegularEnumSet::contains (57 bytes)
Event: 25.735 Thread 0x0000000056066800 nmethod 3520 0x0000000003198290 code [0x00000000031983e0, 0x00000000031984f8]
Event: 25.735 Thread 0x0000000056066800 3680       4       java.lang.CharacterDataLatin1::getType (11 bytes)
Event: 25.735 Thread 0x0000000056066800 nmethod 3680 0x00000000026d5110 code [0x00000000026d5240, 0x00000000026d52d8]
Event: 25.735 Thread 0x0000000056066800 3359       4       org.springframework.beans.factory.support.DefaultSingletonBeanRegistry::isSingletonCurrentlyInCreation (11 bytes)
Event: 25.745 Thread 0x0000000056066800 nmethod 3359 0x00000000031c4490 code [0x00000000031c4600, 0x00000000031c4d88]

GC Heap History (10 events):
Event: 11.967 GC heap before
{Heap before GC invocations=7 (full 1):
 PSYoungGen      total 74240K, used 3751K [0x00000000eb180000, 0x00000000f0280000, 0x0000000100000000)
  eden space 65536K, 0% used [0x00000000eb180000,0x00000000eb180000,0x00000000ef180000)
  from space 8704K, 43% used [0x00000000efa00000,0x00000000efda9eb8,0x00000000f0280000)
  to   space 8704K, 0% used [0x00000000ef180000,0x00000000ef180000,0x00000000efa00000)
 ParOldGen       total 44032K, used 13749K [0x00000000c1400000, 0x00000000c3f00000, 0x00000000eb180000)
  object space 44032K, 31% used [0x00000000c1400000,0x00000000c216d4e8,0x00000000c3f00000)
 Metaspace       used 20904K, capacity 21148K, committed 21296K, reserved 1069056K
  class space    used 2561K, capacity 2633K, committed 2688K, reserved 1048576K
Event: 12.022 GC heap after
Heap after GC invocations=7 (full 1):
 PSYoungGen      total 74240K, used 0K [0x00000000eb180000, 0x00000000f0280000, 0x0000000100000000)
  eden space 65536K, 0% used [0x00000000eb180000,0x00000000eb180000,0x00000000ef180000)
  from space 8704K, 0% used [0x00000000efa00000,0x00000000efa00000,0x00000000f0280000)
  to   space 8704K, 0% used [0x00000000ef180000,0x00000000ef180000,0x00000000efa00000)
 ParOldGen       total 33280K, used 9096K [0x00000000c1400000, 0x00000000c3480000, 0x00000000eb180000)
  object space 33280K, 27% used [0x00000000c1400000,0x00000000c1ce2360,0x00000000c3480000)
 Metaspace       used 20904K, capacity 21148K, committed 21296K, reserved 1069056K
  class space    used 2561K, capacity 2633K, committed 2688K, reserved 1048576K
}
Event: 15.730 GC heap before
{Heap before GC invocations=8 (full 1):
 PSYoungGen      total 74240K, used 65536K [0x00000000eb180000, 0x00000000f0280000, 0x0000000100000000)
  eden space 65536K, 100% used [0x00000000eb180000,0x00000000ef180000,0x00000000ef180000)
  from space 8704K, 0% used [0x00000000efa00000,0x00000000efa00000,0x00000000f0280000)
  to   space 8704K, 0% used [0x00000000ef180000,0x00000000ef180000,0x00000000efa00000)
 ParOldGen       total 33280K, used 9096K [0x00000000c1400000, 0x00000000c3480000, 0x00000000eb180000)
  object space 33280K, 27% used [0x00000000c1400000,0x00000000c1ce2360,0x00000000c3480000)
 Metaspace       used 24532K, capacity 24838K, committed 25216K, reserved 1071104K
  class space    used 3074K, capacity 3152K, committed 3200K, reserved 1048576K
Event: 15.739 GC heap after
Heap after GC invocations=8 (full 1):
 PSYoungGen      total 74240K, used 4819K [0x00000000eb180000, 0x00000000f3980000, 0x0000000100000000)
  eden space 65536K, 0% used [0x00000000eb180000,0x00000000eb180000,0x00000000ef180000)
  from space 8704K, 55% used [0x00000000ef180000,0x00000000ef634c90,0x00000000efa00000)
  to   space 8192K, 0% used [0x00000000f3180000,0x00000000f3180000,0x00000000f3980000)
 ParOldGen       total 33280K, used 9096K [0x00000000c1400000, 0x00000000c3480000, 0x00000000eb180000)
  object space 33280K, 27% used [0x00000000c1400000,0x00000000c1ce2360,0x00000000c3480000)
 Metaspace       used 24532K, capacity 24838K, committed 25216K, reserved 1071104K
  class space    used 3074K, capacity 3152K, committed 3200K, reserved 1048576K
}
Event: 16.122 GC heap before
{Heap before GC invocations=9 (full 1):
 PSYoungGen      total 74240K, used 70355K [0x00000000eb180000, 0x00000000f3980000, 0x0000000100000000)
  eden space 65536K, 100% used [0x00000000eb180000,0x00000000ef180000,0x00000000ef180000)
  from space 8704K, 55% used [0x00000000ef180000,0x00000000ef634c90,0x00000000efa00000)
  to   space 8192K, 0% used [0x00000000f3180000,0x00000000f3180000,0x00000000f3980000)
 ParOldGen       total 33280K, used 9096K [0x00000000c1400000, 0x00000000c3480000, 0x00000000eb180000)
  object space 33280K, 27% used [0x00000000c1400000,0x00000000c1ce2360,0x00000000c3480000)
 Metaspace       used 25062K, capacity 25426K, committed 25856K, reserved 1071104K
  class space    used 3120K, capacity 3218K, committed 3328K, reserved 1048576K
Event: 16.155 GC heap after
Heap after GC invocations=9 (full 1):
 PSYoungGen      total 131072K, used 4416K [0x00000000eb180000, 0x00000000f3b80000, 0x0000000100000000)
  eden space 122880K, 0% used [0x00000000eb180000,0x00000000eb180000,0x00000000f2980000)
  from space 8192K, 53% used [0x00000000f3180000,0x00000000f35d0340,0x00000000f3980000)
  to   space 8192K, 0% used [0x00000000f2980000,0x00000000f2980000,0x00000000f3180000)
 ParOldGen       total 33280K, used 9096K [0x00000000c1400000, 0x00000000c3480000, 0x00000000eb180000)
  object space 33280K, 27% used [0x00000000c1400000,0x00000000c1ce2360,0x00000000c3480000)
 Metaspace       used 25062K, capacity 25426K, committed 25856K, reserved 1071104K
  class space    used 3120K, capacity 3218K, committed 3328K, reserved 1048576K
}
Event: 17.418 GC heap before
{Heap before GC invocations=10 (full 1):
 PSYoungGen      total 131072K, used 127296K [0x00000000eb180000, 0x00000000f3b80000, 0x0000000100000000)
  eden space 122880K, 100% used [0x00000000eb180000,0x00000000f2980000,0x00000000f2980000)
  from space 8192K, 53% used [0x00000000f3180000,0x00000000f35d0340,0x00000000f3980000)
  to   space 8192K, 0% used [0x00000000f2980000,0x00000000f2980000,0x00000000f3180000)
 ParOldGen       total 33280K, used 9096K [0x00000000c1400000, 0x00000000c3480000, 0x00000000eb180000)
  object space 33280K, 27% used [0x00000000c1400000,0x00000000c1ce2360,0x00000000c3480000)
 Metaspace       used 28574K, capacity 28856K, committed 29312K, reserved 1075200K
  class space    used 3548K, capacity 3619K, committed 3712K, reserved 1048576K
Event: 17.436 GC heap after
Heap after GC invocations=10 (full 1):
 PSYoungGen      total 131072K, used 8166K [0x00000000eb180000, 0x00000000f7c80000, 0x0000000100000000)
  eden space 122880K, 0% used [0x00000000eb180000,0x00000000eb180000,0x00000000f2980000)
  from space 8192K, 99% used [0x00000000f2980000,0x00000000f3179978,0x00000000f3180000)
  to   space 9728K, 0% used [0x00000000f7300000,0x00000000f7300000,0x00000000f7c80000)
 ParOldGen       total 33280K, used 10789K [0x00000000c1400000, 0x00000000c3480000, 0x00000000eb180000)
  object space 33280K, 32% used [0x00000000c1400000,0x00000000c1e89648,0x00000000c3480000)
 Metaspace       used 28574K, capacity 28856K, committed 29312K, reserved 1075200K
  class space    used 3548K, capacity 3619K, committed 3712K, reserved 1048576K
}
Event: 24.973 GC heap before
{Heap before GC invocations=11 (full 1):
 PSYoungGen      total 131072K, used 131046K [0x00000000eb180000, 0x00000000f7c80000, 0x0000000100000000)
  eden space 122880K, 100% used [0x00000000eb180000,0x00000000f2980000,0x00000000f2980000)
  from space 8192K, 99% used [0x00000000f2980000,0x00000000f3179978,0x00000000f3180000)
  to   space 9728K, 0% used [0x00000000f7300000,0x00000000f7300000,0x00000000f7c80000)
 ParOldGen       total 33280K, used 10789K [0x00000000c1400000, 0x00000000c3480000, 0x00000000eb180000)
  object space 33280K, 32% used [0x00000000c1400000,0x00000000c1e89648,0x00000000c3480000)
 Metaspace       used 32386K, capacity 32744K, committed 33024K, reserved 1079296K
  class space    used 3990K, capacity 4075K, committed 4096K, reserved 1048576K
Event: 25.021 GC heap after
Heap after GC invocations=11 (full 1):
 PSYoungGen      total 195072K, used 9722K [0x00000000eb180000, 0x00000000f8080000, 0x0000000100000000)
  eden space 185344K, 0% used [0x00000000eb180000,0x00000000eb180000,0x00000000f6680000)
  from space 9728K, 99% used [0x00000000f7300000,0x00000000f7c7ea58,0x00000000f7c80000)
  to   space 12800K, 0% used [0x00000000f6680000,0x00000000f6680000,0x00000000f7300000)
 ParOldGen       total 33280K, used 16534K [0x00000000c1400000, 0x00000000c3480000, 0x00000000eb180000)
  object space 33280K, 49% used [0x00000000c1400000,0x00000000c2425b10,0x00000000c3480000)
 Metaspace       used 32386K, capacity 32744K, committed 33024K, reserved 1079296K
  class space    used 3990K, capacity 4075K, committed 4096K, reserved 1048576K
}

Deoptimization events (10 events):
Event: 25.832 Thread 0x000000005a5f9800 Uncommon trap: reason=unhandled action=none pc=0x0000000002793da8 method=java.net.URLClassLoader.findClass(Ljava/lang/String;)Ljava/lang/Class; @ 44
Event: 25.833 Thread 0x000000005a5f9800 Uncommon trap: reason=unhandled action=none pc=0x0000000002793da8 method=java.net.URLClassLoader.findClass(Ljava/lang/String;)Ljava/lang/Class; @ 44
Event: 25.833 Thread 0x000000005a5f9800 Uncommon trap: reason=unhandled action=none pc=0x0000000002793da8 method=java.net.URLClassLoader.findClass(Ljava/lang/String;)Ljava/lang/Class; @ 44
Event: 25.834 Thread 0x000000005a5f9800 Uncommon trap: reason=unhandled action=none pc=0x0000000002793da8 method=java.net.URLClassLoader.findClass(Ljava/lang/String;)Ljava/lang/Class; @ 44
Event: 25.836 Thread 0x000000005a5f9800 Uncommon trap: reason=unhandled action=none pc=0x0000000002793da8 method=java.net.URLClassLoader.findClass(Ljava/lang/String;)Ljava/lang/Class; @ 44
Event: 25.836 Thread 0x000000005a5f9800 Uncommon trap: reason=unhandled action=none pc=0x0000000002793da8 method=java.net.URLClassLoader.findClass(Ljava/lang/String;)Ljava/lang/Class; @ 44
Event: 25.837 Thread 0x000000005a5f9800 Uncommon trap: reason=unhandled action=none pc=0x0000000002793da8 method=java.net.URLClassLoader.findClass(Ljava/lang/String;)Ljava/lang/Class; @ 44
Event: 25.838 Thread 0x000000005a5f9800 Uncommon trap: reason=unhandled action=none pc=0x0000000002793da8 method=java.net.URLClassLoader.findClass(Ljava/lang/String;)Ljava/lang/Class; @ 44
Event: 25.838 Thread 0x000000005a5f9800 Uncommon trap: reason=unhandled action=none pc=0x0000000002793da8 method=java.net.URLClassLoader.findClass(Ljava/lang/String;)Ljava/lang/Class; @ 44
Event: 25.839 Thread 0x000000005a5f9800 Uncommon trap: reason=unhandled action=none pc=0x0000000002793da8 method=java.net.URLClassLoader.findClass(Ljava/lang/String;)Ljava/lang/Class; @ 44

Internal exceptions (10 events):
Event: 25.464 Thread 0x000000005a5f9800 Exception <a 'java/lang/ClassNotFoundException': org/springframework/web/filter/OncePerRequestFilterCustomizer> (0x00000000ed238aa8) thrown at [C:\re\workspace\8-2-build-windows-amd64-cygwin\jdk8u91\7017\hotspot\src\share\vm\classfile\systemDictionary.cpp,ÓÅ7-w9@
Event: 25.466 Thread 0x000000005a5f9800 Exception <a 'java/lang/ClassNotFoundException': org/springframework/web/filter/CharacterEncodingFilterCustomizer> (0x00000000ed25bea8) thrown at [C:\re\workspace\8-2-build-windows-amd64-cygwin\jdk8u91\7017\hotspot\src\share\vm\classfile\systemDictionary.cj¿©Óèw9@
Event: 25.467 Thread 0x000000005a5f9800 Exception <a 'java/lang/ClassNotFoundException': org/springframework/boot/web/filter/OrderedCharacterEncodingFilterCustomizer> (0x00000000ed28b530) thrown at [C:\re\workspace\8-2-build-windows-amd64-cygwin\jdk8u91\7017\hotspot\src\share\vm\classfile\system˙~ŸI‚w9@
Event: 25.468 Thread 0x000000005a5f9800 Exception <a 'java/lang/ClassNotFoundException': org/springframework/core/OrderedCustomizer> (0x00000000ed2b0148) thrown at [C:\re\workspace\8-2-build-windows-amd64-cygwin\jdk8u91\7017\hotspot\src\share\vm\classfile\systemDictionary.cpp, line 210]
Event: 25.469 Thread 0x000000005a5f9800 Exception <a 'java/lang/ClassNotFoundException': javax/servlet/FilterCustomizer> (0x00000000ed2c5750) thrown at [C:\re\workspace\8-2-build-windows-amd64-cygwin\jdk8u91\7017\hotspot\src\share\vm\classfile\systemDictionary.cpp, line 210]
Event: 25.470 Thread 0x000000005a5f9800 Exception <a 'java/lang/ClassNotFoundException': org/springframework/beans/factory/BeanNameAwareCustomizer> (0x00000000ed2e5038) thrown at [C:\re\workspace\8-2-build-windows-amd64-cygwin\jdk8u91\7017\hotspot\src\share\vm\classfile\systemDictionary.cpp, linøÙlèx9@
Event: 25.471 Thread 0x000000005a5f9800 Exception <a 'java/lang/ClassNotFoundException': org/springframework/context/EnvironmentAwareCustomizer> (0x00000000ed303478) thrown at [C:\re\workspace\8-2-build-windows-amd64-cygwin\jdk8u91\7017\hotspot\src\share\vm\classfile\systemDictionary.cpp, line 2h˜©T«x9@
Event: 25.472 Thread 0x000000005a5f9800 Exception <a 'java/lang/ClassNotFoundException': org/springframework/web/context/ServletContextAwareCustomizer> (0x00000000ed324640) thrown at [C:\re\workspace\8-2-build-windows-amd64-cygwin\jdk8u91\7017\hotspot\src\share\vm\classfile\systemDictionary.cpp,
Event: 25.473 Thread 0x000000005a5f9800 Exception <a 'java/lang/ClassNotFoundException': org/springframework/beans/factory/InitializingBeanCustomizer> (0x00000000ed345140) thrown at [C:\re\workspace\8-2-build-windows-amd64-cygwin\jdk8u91\7017\hotspot\src\share\vm\classfile\systemDictionary.cpp, ⁄CQ5y9@
Event: 25.473 Thread 0x000000005a5f9800 Exception <a 'java/lang/ClassNotFoundException': org/springframework/beans/factory/DisposableBeanCustomizer> (0x00000000ed363dd0) thrown at [C:\re\workspace\8-2-build-windows-amd64-cygwin\jdk8u91\7017\hotspot\src\share\vm\classfile\systemDictionary.cpp, liv:¯Œv9@

Events (10 events):
Event: 25.838 loading class org/apache/tomcat/websocket/pojo/PojoEndpointClient done
Event: 25.838 Thread 0x000000005a5f9800 Uncommon trap: trap_request=0xffffffa7 fr.pc=0x0000000002793da8
Event: 25.838 Thread 0x000000005a5f9800 DEOPT PACKING pc=0x0000000002793da8 sp=0x000000005b8cd140
Event: 25.838 Thread 0x000000005a5f9800 DEOPT UNPACKING pc=0x00000000025c582a sp=0x000000005b8cd038 mode 2
Event: 25.839 loading class org/apache/tomcat/websocket/pojo/PojoEndpointBase
Event: 25.839 loading class org/apache/tomcat/websocket/pojo/PojoEndpointBase done
Event: 25.839 Thread 0x000000005a5f9800 Uncommon trap: trap_request=0xffffffa7 fr.pc=0x0000000002793da8
Event: 25.839 Thread 0x000000005a5f9800 DEOPT PACKING pc=0x0000000002793da8 sp=0x000000005b8cad10
Event: 25.839 Thread 0x000000005a5f9800 DEOPT UNPACKING pc=0x00000000025c582a sp=0x000000005b8cac08 mode 2
Event: 25.839 loading class java/util/concurrent/TimeoutException


Dynamic libraries:
0x000000013f840000 - 0x000000013f877000 	D:\setup\jdk1.8\bin\javaw.exe
0x0000000077710000 - 0x00000000778ba000 	C:\Windows\SYSTEM32\ntdll.dll
0x00000000775f0000 - 0x000000007770f000 	C:\Windows\system32\kernel32.dll
0x000007fefd570000 - 0x000007fefd5db000 	C:\Windows\system32\KERNELBASE.dll
0x000007fefdf00000 - 0x000007fefdfdb000 	C:\Windows\system32\ADVAPI32.dll
0x000007fefe110000 - 0x000007fefe1af000 	C:\Windows\system32\msvcrt.dll
0x000007fefdba0000 - 0x000007fefdbbf000 	C:\Windows\SYSTEM32\sechost.dll
0x000007fefe230000 - 0x000007fefe35d000 	C:\Windows\system32\RPCRT4.dll
0x00000000774f0000 - 0x00000000775ea000 	C:\Windows\system32\USER32.dll
0x000007fefd910000 - 0x000007fefd977000 	C:\Windows\system32\GDI32.dll
0x000007fefdb90000 - 0x000007fefdb9e000 	C:\Windows\system32\LPK.dll
0x000007feff380000 - 0x000007feff44a000 	C:\Windows\system32\USP10.dll
0x000007fefbfb0000 - 0x000007fefc1a4000 	C:\Windows\WinSxS\amd64_microsoft.windows.common-controls_6595b64144ccf1df_6.0.7601.18837_none_fa3b1e3d17594757\COMCTL32.dll
0x000007fefe1b0000 - 0x000007fefe221000 	C:\Windows\system32\SHLWAPI.dll
0x000007fefdfe0000 - 0x000007fefe00e000 	C:\Windows\system32\IMM32.DLL
0x000007fefdbd0000 - 0x000007fefdcd9000 	C:\Windows\system32\MSCTF.dll
0x0000000066890000 - 0x0000000066962000 	D:\setup\jdk1.8\bin\msvcr100.dll
0x000000005bb90000 - 0x000000005c423000 	D:\setup\jdk1.8\bin\server\jvm.dll
0x000007fef0140000 - 0x000007fef0149000 	C:\Windows\system32\WSOCK32.dll
0x000007fefdeb0000 - 0x000007fefdefd000 	C:\Windows\system32\WS2_32.dll
0x000007fefdbc0000 - 0x000007fefdbc8000 	C:\Windows\system32\NSI.dll
0x000007fef9df0000 - 0x000007fef9e2b000 	C:\Windows\system32\WINMM.dll
0x000007fefc640000 - 0x000007fefc64c000 	C:\Windows\system32\VERSION.dll
0x00000000778d0000 - 0x00000000778d7000 	C:\Windows\system32\PSAPI.DLL
0x000000006fe40000 - 0x000000006fe4f000 	D:\setup\jdk1.8\bin\verify.dll
0x000000006fde0000 - 0x000000006fe09000 	D:\setup\jdk1.8\bin\java.dll
0x000000006e060000 - 0x000000006e095000 	D:\setup\jdk1.8\bin\jdwp.dll
0x000000006e050000 - 0x000000006e058000 	D:\setup\jdk1.8\bin\npt.dll
0x000000006fe20000 - 0x000000006fe36000 	D:\setup\jdk1.8\bin\zip.dll
0x000007fefe5f0000 - 0x000007feff379000 	C:\Windows\system32\SHELL32.dll
0x000007fefd980000 - 0x000007fefdb83000 	C:\Windows\system32\ole32.dll
0x000007fefd560000 - 0x000007fefd56f000 	C:\Windows\system32\profapi.dll
0x000000006e040000 - 0x000000006e049000 	D:\setup\jdk1.8\bin\dt_socket.dll
0x000007fefb120000 - 0x000007fefb135000 	C:\Windows\system32\NLAapi.dll
0x000007fef9610000 - 0x000007fef9625000 	C:\Windows\system32\napinsp.dll
0x000007fef95f0000 - 0x000007fef9609000 	C:\Windows\system32\pnrpnsp.dll
0x000007fefcd30000 - 0x000007fefcd85000 	C:\Windows\System32\mswsock.dll
0x000007fefcbb0000 - 0x000007fefcc0b000 	C:\Windows\system32\DNSAPI.dll
0x000007fef95e0000 - 0x000007fef95eb000 	C:\Windows\System32\winrnr.dll
0x000007fef95d0000 - 0x000007fef95e0000 	C:\Windows\system32\wshbth.dll
0x000007fefaea0000 - 0x000007fefaec7000 	C:\Windows\system32\IPHLPAPI.DLL
0x000007fefae90000 - 0x000007fefae9b000 	C:\Windows\system32\WINNSI.DLL
0x000007fefabd0000 - 0x000007fefac23000 	C:\Windows\System32\fwpuclnt.dll
0x000007fef9580000 - 0x000007fef9588000 	C:\Windows\system32\rasadhlp.dll
0x000007fefc710000 - 0x000007fefc717000 	C:\Windows\System32\wshtcpip.dll
0x000000006e030000 - 0x000000006e03d000 	D:\setup\jdk1.8\bin\management.dll
0x000000006fd60000 - 0x000000006fd7a000 	D:\setup\jdk1.8\bin\net.dll
0x000007fefcd20000 - 0x000007fefcd27000 	C:\Windows\System32\wship6.dll
0x000000006e0d0000 - 0x000000006e0e1000 	D:\setup\jdk1.8\bin\nio.dll
0x000007fefcd90000 - 0x000007fefcda8000 	C:\Windows\system32\CRYPTSP.dll
0x000007fefca90000 - 0x000007fefcad7000 	C:\Windows\system32\rsaenh.dll
0x000007fefd7a0000 - 0x000007fefd7be000 	C:\Windows\system32\USERENV.dll
0x000007fefd3f0000 - 0x000007fefd3ff000 	C:\Windows\system32\CRYPTBASE.dll
0x000007fefa9b0000 - 0x000007fefa9c8000 	C:\Windows\system32\dhcpcsvc.DLL
0x000007fefa930000 - 0x000007fefa941000 	C:\Windows\system32\dhcpcsvc6.DLL

VM Arguments:
jvm_args: -agentlib:jdwp=transport=dt_socket,suspend=y,address=localhost:3678 -Dcom.sun.management.jmxremote -Dcom.sun.management.jmxremote.port=3672 -Dcom.sun.management.jmxremote.authenticate=false -Dcom.sun.management.jmxremote.ssl=false -Djava.rmi.server.hostname=localhost -Dspring.liveBeansView.mbeanDomain -Dspring.application.admin.enabled=true -Dfile.encoding=GBK 
java_command: com.shiran.cloud.EurekaHaApplication --spring.profiles.active=peer3 --spring.output.ansi.enabled=always
java_class_path (initial): F:\setup\spring-tool-suite-3.8.4.RELEASE-e4.6.3-win32-x86_64\workspace\code\microservice-discovery-eureka-ha\target\classes;F:\setup\apache-maven-3.3.9-bin\localrepositoryposition\org\springframework\cloud\spring-cloud-starter-eureka-server\1.2.1.RELEASE\spring-cloud-starter-eureka-server-1.2.1.RELEASE.jar;F:\setup\apache-maven-3.3.9-bin\localrepositoryposition\org\springframework\cloud\spring-cloud-starter\1.1.4.RELEASE\spring-cloud-starter-1.1.4.RELEASE.jar;F:\setup\apache-maven-3.3.9-bin\localrepositoryposition\org\springframework\boot\spring-boot-starter\1.4.6.RELEASE\spring-boot-starter-1.4.6.RELEASE.jar;F:\setup\apache-maven-3.3.9-bin\localrepositoryposition\org\springframework\boot\spring-boot\1.4.6.RELEASE\spring-boot-1.4.6.RELEASE.jar;F:\setup\apache-maven-3.3.9-bin\localrepositoryposition\org\springframework\spring-context\4.3.8.RELEASE\spring-context-4.3.8.RELEASE.jar;F:\setup\apache-maven-3.3.9-bin\localrepositoryposition\org\springframework\boot\spring-boot-autoconfigure\1.4.6.RELEASE\spring-boot-autoconfigure-1.4.6.RELEASE.jar;F:\setup\apache-maven-3.3.9-bin\localrepositoryposition\org\springframework\boot\spring-boot-starter-logging\1.4.6.RELEASE\spring-boot-starter-logging-1.4.6.RELEASE.jar;F:\setup\apache-maven-3.3.9-bin\localrepositoryposition\ch\qos\logback\logback-classic\1.1.11\logback-classic-1.1.11.jar;F:\setup\apache-maven-3.3.9-bin\localrepositoryposition\ch\qos\logback\logback-core\1.1.11\logback-core-1.1.11.jar;F:\setup\apache-maven-3.3.9-bin\localrepositoryposition\org\slf4j\jcl-over-slf4j\1.7.25\jcl-over-slf4j-1.7.25.jar;F:\setup\apache-maven-3.3.9-bin\localrepositoryposition\org\slf4j\jul-to-slf4j\1.7.25\jul-to-slf4j-1.7.25.jar;F:\setup\apache-maven-3.3.9-bin\localrepositoryposition\org\slf4j\log4j-over-slf4j\1.7.25\log4j-over-slf4j-1.7.25.jar;F:\setup\apache-maven-3.3.9-bin\localrepositoryposition\org\springframework\spring-core\4.3.8.RELEASE\spring-core-4.3.8.RELEASE.jar;F:\setup\apache-maven-3.3.9-bin\loc
Launcher Type: SUN_STANDARD

Environment Variables:
JAVA_HOME=D:\setup\jdk1.7
PATH=D:\setup\jdk1.8\jre\bin;D:/setup/jdk1.8/bin/server;D:/setup/jdk1.8/bin;D:/setup/jdk1.8/lib/amd64;C:\ProgramData\Oracle\Java\javapath;D:\setup\django\python3.5\Scripts\;D:\setup\django\python3.5\;D:\setup\armv1.2\bin;D:\setup\python2.7;D:\app\Administrator\product\11.1.0\db_2\bin;F:\setup\scala\bin;D:\java\apache-maven-2.2.1\bin;%M2_HOME%\bin;D:\setup\jdk1.7;D:\setup\python34\Scripts;D:\setup\python34;C:\Program Files (x86)\Common Files\NetSarang;D:\setup\jdk1.7\bin;C:\Windows\system32;C:\Windows;C:\Windows\System32\Wbem;C:\Windows\System32\WindowsPowerShell\v1.0\;F:\setup\scala\bin;C:\Program Files (x86)\Microsoft SQL Server\100\Tools\Binn\;C:\Program Files\Microsoft SQL Server\100\Tools\Binn\;C:\Program Files\Microsoft SQL Server\100\DTS\Binn\;C:\Program Files (x86)\Microsoft SQL Server\100\Tools\Binn\VSShell\Common7\IDE\;C:\Program Files (x86)\Microsoft Visual Studio 9.0\Common7\IDE\PrivateAssemblies\;C:\Program Files (x86)\Microsoft SQL Server\100\DTS\Binn\;D:\setup\git\Git\cmd;F:\setup\spring-tool-suite-3.8.4.RELEASE-e4.6.3-win32-x86_64\sts-bundle\sts-3.8.4.RELEASE;
USERNAME=Administrator
OS=Windows_NT
PROCESSOR_IDENTIFIER=Intel64 Family 6 Model 60 Stepping 3, GenuineIntel



---------------  S Y S T E M  ---------------

OS: Windows 7 , 64 bit Build 7601 (6.1.7601.19135)

CPU:total 4 (2 cores per cpu, 2 threads per core) family 6 model 60 stepping 3, cmov, cx8, fxsr, mmx, sse, sse2, sse3, ssse3, sse4.1, sse4.2, popcnt, avx, avx2, aes, clmul, erms, lzcnt, ht, tsc, tscinvbit, bmi1, bmi2

Memory: 4k page, physical 4108656k(201544k free), swap 6661584k(6744k free)

vm_info: Java HotSpot(TM) 64-Bit Server VM (25.91-b15) for windows-amd64 JRE (1.8.0_91-b15), built on May 20 2016 17:43:15 by "java_re" with MS VC++ 10.0 (VS2010)

time: Wed May 17 10:38:24 2017
elapsed time: 28 seconds (0d 0h 0m 28s)

