#
# There is insufficient memory for the Java Runtime Environment to continue.
# Native memory allocation (malloc) failed to allocate 32744 bytes for ChunkPool::allocate
# Possible reasons:
#   The system is out of physical RAM or swap space
#   In 32 bit mode, the process size limit was hit
# Possible solutions:
#   Reduce memory load on the system
#   Increase physical memory or swap space
#   Check if swap backing store is full
#   Use 64 bit Java on a 64 bit OS
#   Decrease Java heap size (-Xmx/-Xms)
#   Decrease number of Java threads
#   Decrease Java thread stack sizes (-Xss)
#   Set larger code cache with -XX:ReservedCodeCacheSize=
# This output file may be truncated or incomplete.
#
#  Out of Memory Error (allocation.cpp:273), pid=8828, tid=9336
#
# JRE version: Java(TM) SE Runtime Environment (8.0_91-b15) (build 1.8.0_91-b15)
# Java VM: Java HotSpot(TM) 64-Bit Server VM (25.91-b15 mixed mode windows-amd64 compressed oops)
# Failed to write core dump. Minidumps are not enabled by default on client versions of Windows
#

---------------  T H R E A D  ---------------

Current thread (0x00000000561ef800):  JavaThread "C1 CompilerThread2" daemon [_thread_in_native, id=9336, stack(0x0000000057300000,0x0000000057400000)]

Stack: [0x0000000057300000,0x0000000057400000]
[error occurred during error reporting (printing stack bounds), id 0xc0000005]

Native frames: (J=compiled Java code, j=interpreted, Vv=VM code, C=native code)


Current CompileTask:
C1:  30227 4941       3       org.springframework.beans.CachedIntrospectionResults::forClass (148 bytes)


---------------  P R O C E S S  ---------------

Java Threads: ( => current thread )
  0x000000005c88a000 JavaThread "Eureka-CacheFillTimer" daemon [_thread_blocked, id=8304, stack(0x0000000064990000,0x0000000064a90000)]
  0x000000005c889800 JavaThread "Eureka-PeerNodesUpdater" daemon [_thread_blocked, id=8908, stack(0x0000000064740000,0x0000000064840000)]
  0x000000005c888800 JavaThread "TaskNonBatchingWorker-peer1-0" daemon [_thread_blocked, id=7320, stack(0x0000000064520000,0x0000000064620000)]
  0x000000005a3e4000 JavaThread "TaskAcceptor-peer1" daemon [_thread_blocked, id=8432, stack(0x0000000064280000,0x0000000064380000)]
  0x000000005a3e3000 JavaThread "TaskBatchingWorker-target_peer1-19" daemon [_thread_blocked, id=10156, stack(0x0000000064140000,0x0000000064240000)]
  0x000000005a3e2800 JavaThread "TaskBatchingWorker-target_peer1-18" daemon [_thread_blocked, id=9372, stack(0x0000000063ee0000,0x0000000063fe0000)]
  0x000000005a3e1800 JavaThread "TaskBatchingWorker-target_peer1-17" daemon [_thread_blocked, id=10140, stack(0x0000000063fe0000,0x00000000640e0000)]
  0x000000005a3e1000 JavaThread "TaskBatchingWorker-target_peer1-16" daemon [_thread_blocked, id=9356, stack(0x0000000063cc0000,0x0000000063dc0000)]
  0x000000005a3e0000 JavaThread "TaskBatchingWorker-target_peer1-15" daemon [_thread_blocked, id=8560, stack(0x0000000063dc0000,0x0000000063ec0000)]
  0x000000005a3df800 JavaThread "TaskBatchingWorker-target_peer1-14" daemon [_thread_blocked, id=10228, stack(0x0000000063a60000,0x0000000063b60000)]
  0x000000005a3de800 JavaThread "TaskBatchingWorker-target_peer1-13" daemon [_thread_blocked, id=9816, stack(0x0000000063b60000,0x0000000063c60000)]
  0x000000005a3de000 JavaThread "TaskBatchingWorker-target_peer1-12" daemon [_thread_blocked, id=8748, stack(0x00000000638c0000,0x00000000639c0000)]
  0x000000005a3dd000 JavaThread "TaskBatchingWorker-target_peer1-11" daemon [_thread_blocked, id=8244, stack(0x0000000063720000,0x0000000063820000)]
  0x000000005ee47000 JavaThread "TaskBatchingWorker-target_peer1-10" daemon [_thread_blocked, id=6220, stack(0x00000000634d0000,0x00000000635d0000)]
  0x000000005ee46000 JavaThread "TaskBatchingWorker-target_peer1-9" daemon [_thread_blocked, id=1332, stack(0x00000000635d0000,0x00000000636d0000)]
  0x000000005ee45800 JavaThread "TaskBatchingWorker-target_peer1-8" daemon [_thread_blocked, id=8976, stack(0x0000000063090000,0x0000000063190000)]
  0x000000005ee44800 JavaThread "TaskBatchingWorker-target_peer1-7" daemon [_thread_blocked, id=8260, stack(0x0000000063380000,0x0000000063480000)]
  0x000000005ee44000 JavaThread "TaskBatchingWorker-target_peer1-6" daemon [_thread_blocked, id=8784, stack(0x0000000063190000,0x0000000063290000)]
  0x000000005ee43000 JavaThread "TaskBatchingWorker-target_peer1-5" daemon [_thread_blocked, id=8280, stack(0x0000000062b90000,0x0000000062c90000)]
  0x000000005ee42800 JavaThread "TaskBatchingWorker-target_peer1-4" daemon [_thread_blocked, id=4968, stack(0x0000000062dc0000,0x0000000062ec0000)]
  0x000000005ee41800 JavaThread "TaskBatchingWorker-target_peer1-3" daemon [_thread_blocked, id=9168, stack(0x0000000062ec0000,0x0000000062fc0000)]
  0x000000005ee41000 JavaThread "TaskBatchingWorker-target_peer1-2" daemon [_thread_blocked, id=7224, stack(0x0000000062c90000,0x0000000062d90000)]
  0x000000005ee40000 JavaThread "TaskBatchingWorker-target_peer1-1" daemon [_thread_blocked, id=6112, stack(0x00000000620f0000,0x00000000621f0000)]
  0x00000000561fb000 JavaThread "TaskBatchingWorker-target_peer1-0" daemon [_thread_blocked, id=9068, stack(0x0000000062a40000,0x0000000062b40000)]
  0x00000000561fa800 JavaThread "StatsMonitor-0" daemon [_thread_blocked, id=8880, stack(0x0000000061220000,0x0000000061320000)]
  0x00000000561f9800 JavaThread "TaskAcceptor-target_peer1" daemon [_thread_blocked, id=10080, stack(0x0000000062860000,0x0000000062960000)]
  0x00000000561f9000 JavaThread "Eureka-JerseyClient-Conn-Cleaner2" daemon [_thread_blocked, id=10024, stack(0x0000000061eb0000,0x0000000061fb0000)]
  0x00000000561f8000 JavaThread "Eureka-MeasureRateTimer" daemon [_thread_blocked, id=9692, stack(0x000000005b8a0000,0x000000005b9a0000)]
  0x00000000561f7800 JavaThread "ReplicaAwareInstanceRegistry - RenewalThresholdUpdater" daemon [_thread_blocked, id=8820, stack(0x0000000062200000,0x0000000062300000)]
  0x00000000561f6800 JavaThread "Eureka-MeasureRateTimer" daemon [_thread_blocked, id=9728, stack(0x0000000061fe0000,0x00000000620e0000)]
  0x00000000561f6000 JavaThread "Eureka-EvictionTimer" daemon [_thread_blocked, id=5556, stack(0x000000005fa20000,0x000000005fb20000)]
  0x00000000561f5000 JavaThread "Eureka-DeltaRetentionTimer" daemon [_thread_blocked, id=9636, stack(0x0000000061d00000,0x0000000061e00000)]
  0x00000000561f4800 JavaThread "DiscoveryClient-InstanceInfoReplicator-0" daemon [_thread_blocked, id=7952, stack(0x0000000061800000,0x0000000061900000)]
  0x000000005ed54000 JavaThread "DiscoveryClient-1" daemon [_thread_blocked, id=10224, stack(0x0000000061610000,0x0000000061710000)]
  0x000000005ed53000 JavaThread "DiscoveryClient-0" daemon [_thread_blocked, id=9552, stack(0x00000000614c0000,0x00000000615c0000)]
  0x000000005ed52800 JavaThread "AsyncResolver-bootstrap-0" daemon [_thread_blocked, id=9772, stack(0x0000000061340000,0x0000000061440000)]
  0x000000005ed51800 JavaThread "Eureka-JerseyClient-Conn-Cleaner2" daemon [_thread_blocked, id=9972, stack(0x0000000061110000,0x0000000061210000)]
  0x000000005ed51000 JavaThread "Eureka-JerseyClient-Conn-Cleaner2" daemon [_thread_blocked, id=9584, stack(0x0000000060f20000,0x0000000061020000)]
  0x000000005ed4e800 JavaThread "spring.cloud.inetutils" daemon [_thread_blocked, id=8600, stack(0x000000005fb50000,0x000000005fc50000)]
  0x000000005ed4e000 JavaThread "container-0" [_thread_blocked, id=9764, stack(0x000000005f910000,0x000000005fa10000)]
  0x000000005ed4d000 JavaThread "ContainerBackgroundProcessor[StandardEngine[Tomcat]]" daemon [_thread_blocked, id=10128, stack(0x000000005f3b0000,0x000000005f4b0000)]
  0x000000005d792800 JavaThread "localhost-startStop-1" daemon [_thread_blocked, id=7588, stack(0x0000000057df0000,0x0000000057ef0000)]
  0x000000005ca04800 JavaThread "Tomcat-startStop-1" daemon [_thread_blocked, id=5572, stack(0x000000005b9b0000,0x000000005bab0000)]
  0x00000000579fb000 JavaThread "RMI TCP Accept-0" daemon [_thread_in_native, id=9024, stack(0x0000000056580000,0x0000000056680000)]
  0x00000000579e4000 JavaThread "RMI TCP Accept-3367" daemon [_thread_in_native, id=1636, stack(0x0000000057ef0000,0x0000000057ff0000)]
  0x0000000057953000 JavaThread "RMI TCP Accept-0" daemon [_thread_in_native, id=8812, stack(0x0000000057160000,0x0000000057260000)]
  0x0000000056217000 JavaThread "Service Thread" daemon [_thread_blocked, id=9568, stack(0x00000000574c0000,0x00000000575c0000)]
=>0x00000000561ef800 JavaThread "C1 CompilerThread2" daemon [_thread_in_native, id=9336, stack(0x0000000057300000,0x0000000057400000)]
  0x0000000056199800 JavaThread "C2 CompilerThread1" daemon [_thread_in_native, id=8884, stack(0x0000000056f60000,0x0000000057060000)]
  0x0000000056195800 JavaThread "C2 CompilerThread0" daemon [_thread_in_native, id=1300, stack(0x0000000057060000,0x0000000057160000)]
  0x0000000056185000 JavaThread "JDWP Command Reader" daemon [_thread_in_native, id=8504, stack(0x0000000056d20000,0x0000000056e20000)]
  0x0000000056184000 JavaThread "JDWP Event Helper Thread" daemon [_thread_blocked, id=6332, stack(0x0000000056e20000,0x0000000056f20000)]
  0x000000005617a800 JavaThread "JDWP Transport Listener: dt_socket" daemon [_thread_blocked, id=7072, stack(0x0000000056c20000,0x0000000056d20000)]
  0x0000000054b38000 JavaThread "Attach Listener" daemon [_thread_blocked, id=9276, stack(0x0000000056680000,0x0000000056780000)]
  0x0000000056173800 JavaThread "Signal Dispatcher" daemon [_thread_blocked, id=9756, stack(0x0000000055f50000,0x0000000056050000)]
  0x0000000054b21800 JavaThread "Finalizer" daemon [_thread_blocked, id=8212, stack(0x0000000056050000,0x0000000056150000)]
  0x0000000054ada800 JavaThread "Reference Handler" daemon [_thread_blocked, id=5564, stack(0x0000000055d60000,0x0000000055e60000)]
  0x000000000209f800 JavaThread "main" [_thread_in_vm, id=8640, stack(0x0000000002170000,0x0000000002270000)]

Other Threads:
  0x0000000054ad2800 VMThread [stack: 0x0000000055c00000,0x0000000055d00000] [id=10064]
  0x00000000579fd000 WatcherThread [stack: 0x00000000580e0000,0x00000000581e0000] [id=7040]

VM state:not at safepoint (normal execution)

VM Mutex/Monitor currently owned by a thread: None

Heap:
 PSYoungGen      total 192000K, used 126296K [0x00000000eb180000, 0x00000000f7e80000, 0x0000000100000000)
  eden space 182272K, 63% used [0x00000000eb180000,0x00000000f2359100,0x00000000f6380000)
  from space 9728K, 99% used [0x00000000f7000000,0x00000000f797d218,0x00000000f7980000)
  to   space 12800K, 0% used [0x00000000f6380000,0x00000000f6380000,0x00000000f7000000)
 ParOldGen       total 52224K, used 23528K [0x00000000c1400000, 0x00000000c4700000, 0x00000000eb180000)
  object space 52224K, 45% used [0x00000000c1400000,0x00000000c2afa0a0,0x00000000c4700000)
 Metaspace       used 45660K, capacity 46146K, committed 46592K, reserved 1089536K
  class space    used 5921K, capacity 6071K, committed 6144K, reserved 1048576K

Card table byte_map: [0x00000000116b0000,0x00000000118b0000] byte_map_base: 0x00000000110a6000

Marking Bits: (ParMarkBitMap*) 0x000000005c3a2f70
 Begin Bits: [0x0000000011fe0000, 0x0000000012f90000)
 End Bits:   [0x0000000012f90000, 0x0000000013f40000)

Polling page: 0x0000000000200000

CodeCache: size=245760Kb used=16909Kb max_used=16909Kb free=228850Kb
 bounds [0x00000000022f0000, 0x0000000003390000, 0x00000000112f0000]
 total_blobs=4772 nmethods=4315 adapters=377
 compilation: enabled

Compilation events (10 events):
Event: 30.008 Thread 0x00000000561ef800 nmethod 4936 0x000000000337f290 code [0x000000000337f4e0, 0x00000000033800f8]
Event: 30.033 Thread 0x00000000561ef800 4937       3       java.lang.ThreadLocal$ThreadLocalMap::cleanSomeSlots (60 bytes)
Event: 30.034 Thread 0x00000000561ef800 nmethod 4937 0x0000000003380990 code [0x0000000003380b20, 0x0000000003380f68]
Event: 30.034 Thread 0x00000000561ef800 4938       1       org.springframework.beans.factory.config.DependencyDescriptor::isEager (5 bytes)
Event: 30.034 Thread 0x00000000561ef800 nmethod 4938 0x0000000003381150 code [0x00000000033812a0, 0x00000000033813b0]
Event: 30.035 Thread 0x00000000561ef800 4939       3       java.lang.reflect.Proxy$Key2::equals (76 bytes)
Event: 30.035 Thread 0x00000000561ef800 nmethod 4939 0x0000000003381410 code [0x00000000033815c0, 0x0000000003381f50]
Event: 30.041 Thread 0x00000000561ef800 4940       3       org.springframework.beans.factory.InjectionPoint::getAnnotations (38 bytes)
Event: 30.041 Thread 0x00000000561ef800 nmethod 4940 0x0000000003382150 code [0x0000000003382320, 0x0000000003382a38]
Event: 30.052 Thread 0x00000000561ef800 4941       3       org.springframework.beans.CachedIntrospectionResults::forClass (148 bytes)

GC Heap History (10 events):
Event: 12.629 GC heap before
{Heap before GC invocations=10 (full 1):
 PSYoungGen      total 129536K, used 125636K [0x00000000eb180000, 0x00000000f3900000, 0x0000000100000000)
  eden space 121344K, 100% used [0x00000000eb180000,0x00000000f2800000,0x00000000f2800000)
  from space 8192K, 52% used [0x00000000f3000000,0x00000000f34310b0,0x00000000f3800000)
  to   space 8192K, 0% used [0x00000000f2800000,0x00000000f2800000,0x00000000f3000000)
 ParOldGen       total 33792K, used 9084K [0x00000000c1400000, 0x00000000c3500000, 0x00000000eb180000)
  object space 33792K, 26% used [0x00000000c1400000,0x00000000c1cdf338,0x00000000c3500000)
 Metaspace       used 28592K, capacity 28984K, committed 29312K, reserved 1075200K
  class space    used 3546K, capacity 3619K, committed 3712K, reserved 1048576K
Event: 12.720 GC heap after
Heap after GC invocations=10 (full 1):
 PSYoungGen      total 129536K, used 8176K [0x00000000eb180000, 0x00000000f7980000, 0x0000000100000000)
  eden space 121344K, 0% used [0x00000000eb180000,0x00000000eb180000,0x00000000f2800000)
  from space 8192K, 99% used [0x00000000f2800000,0x00000000f2ffc248,0x00000000f3000000)
  to   space 9728K, 0% used [0x00000000f7000000,0x00000000f7000000,0x00000000f7980000)
 ParOldGen       total 33792K, used 10673K [0x00000000c1400000, 0x00000000c3500000, 0x00000000eb180000)
  object space 33792K, 31% used [0x00000000c1400000,0x00000000c1e6c5f8,0x00000000c3500000)
 Metaspace       used 28592K, capacity 28984K, committed 29312K, reserved 1075200K
  class space    used 3546K, capacity 3619K, committed 3712K, reserved 1048576K
}
Event: 20.605 GC heap before
{Heap before GC invocations=11 (full 1):
 PSYoungGen      total 129536K, used 129520K [0x00000000eb180000, 0x00000000f7980000, 0x0000000100000000)
  eden space 121344K, 100% used [0x00000000eb180000,0x00000000f2800000,0x00000000f2800000)
  from space 8192K, 99% used [0x00000000f2800000,0x00000000f2ffc248,0x00000000f3000000)
  to   space 9728K, 0% used [0x00000000f7000000,0x00000000f7000000,0x00000000f7980000)
 ParOldGen       total 33792K, used 10673K [0x00000000c1400000, 0x00000000c3500000, 0x00000000eb180000)
  object space 33792K, 31% used [0x00000000c1400000,0x00000000c1e6c5f8,0x00000000c3500000)
 Metaspace       used 32389K, capacity 32808K, committed 33280K, reserved 1079296K
  class space    used 3988K, capacity 4075K, committed 4096K, reserved 1048576K
Event: 20.822 GC heap after
Heap after GC invocations=11 (full 1):
 PSYoungGen      total 192000K, used 9719K [0x00000000eb180000, 0x00000000f7e80000, 0x0000000100000000)
  eden space 182272K, 0% used [0x00000000eb180000,0x00000000eb180000,0x00000000f6380000)
  from space 9728K, 99% used [0x00000000f7000000,0x00000000f797dc08,0x00000000f7980000)
  to   space 12800K, 0% used [0x00000000f6380000,0x00000000f6380000,0x00000000f7000000)
 ParOldGen       total 33792K, used 16233K [0x00000000c1400000, 0x00000000c3500000, 0x00000000eb180000)
  object space 33792K, 48% used [0x00000000c1400000,0x00000000c23da700,0x00000000c3500000)
 Metaspace       used 32389K, capacity 32808K, committed 33280K, reserved 1079296K
  class space    used 3988K, capacity 4075K, committed 4096K, reserved 1048576K
}
Event: 22.225 GC heap before
{Heap before GC invocations=12 (full 1):
 PSYoungGen      total 192000K, used 72429K [0x00000000eb180000, 0x00000000f7e80000, 0x0000000100000000)
  eden space 182272K, 34% used [0x00000000eb180000,0x00000000eeebd828,0x00000000f6380000)
  from space 9728K, 99% used [0x00000000f7000000,0x00000000f797dc08,0x00000000f7980000)
  to   space 12800K, 0% used [0x00000000f6380000,0x00000000f6380000,0x00000000f7000000)
 ParOldGen       total 33792K, used 16233K [0x00000000c1400000, 0x00000000c3500000, 0x00000000eb180000)
  object space 33792K, 48% used [0x00000000c1400000,0x00000000c23da700,0x00000000c3500000)
 Metaspace       used 34861K, capacity 35182K, committed 35456K, reserved 1081344K
  class space    used 4359K, capacity 4460K, committed 4480K, reserved 1048576K
Event: 22.347 GC heap after
Heap after GC invocations=12 (full 1):
 PSYoungGen      total 195072K, used 3780K [0x00000000eb180000, 0x00000000f7e80000, 0x0000000100000000)
  eden space 182272K, 0% used [0x00000000eb180000,0x00000000eb180000,0x00000000f6380000)
  from space 12800K, 29% used [0x00000000f6380000,0x00000000f6731288,0x00000000f7000000)
  to   space 9728K, 0% used [0x00000000f7000000,0x00000000f7000000,0x00000000f7980000)
 ParOldGen       total 33792K, used 23496K [0x00000000c1400000, 0x00000000c3500000, 0x00000000eb180000)
  object space 33792K, 69% used [0x00000000c1400000,0x00000000c2af2128,0x00000000c3500000)
 Metaspace       used 34861K, capacity 35182K, committed 35456K, reserved 1081344K
  class space    used 4359K, capacity 4460K, committed 4480K, reserved 1048576K
}
Event: 22.347 GC heap before
{Heap before GC invocations=13 (full 2):
 PSYoungGen      total 195072K, used 3780K [0x00000000eb180000, 0x00000000f7e80000, 0x0000000100000000)
  eden space 182272K, 0% used [0x00000000eb180000,0x00000000eb180000,0x00000000f6380000)
  from space 12800K, 29% used [0x00000000f6380000,0x00000000f6731288,0x00000000f7000000)
  to   space 9728K, 0% used [0x00000000f7000000,0x00000000f7000000,0x00000000f7980000)
 ParOldGen       total 33792K, used 23496K [0x00000000c1400000, 0x00000000c3500000, 0x00000000eb180000)
  object space 33792K, 69% used [0x00000000c1400000,0x00000000c2af2128,0x00000000c3500000)
 Metaspace       used 34861K, capacity 35182K, committed 35456K, reserved 1081344K
  class space    used 4359K, capacity 4460K, committed 4480K, reserved 1048576K
Event: 22.583 GC heap after
Heap after GC invocations=13 (full 2):
 PSYoungGen      total 195072K, used 0K [0x00000000eb180000, 0x00000000f7e80000, 0x0000000100000000)
  eden space 182272K, 0% used [0x00000000eb180000,0x00000000eb180000,0x00000000f6380000)
  from space 12800K, 0% used [0x00000000f6380000,0x00000000f6380000,0x00000000f7000000)
  to   space 9728K, 0% used [0x00000000f7000000,0x00000000f7000000,0x00000000f7980000)
 ParOldGen       total 52224K, used 22011K [0x00000000c1400000, 0x00000000c4700000, 0x00000000eb180000)
  object space 52224K, 42% used [0x00000000c1400000,0x00000000c297edd0,0x00000000c4700000)
 Metaspace       used 34861K, capacity 35182K, committed 35456K, reserved 1081344K
  class space    used 4359K, capacity 4460K, committed 4480K, reserved 1048576K
}
Event: 28.144 GC heap before
{Heap before GC invocations=14 (full 2):
 PSYoungGen      total 195072K, used 182272K [0x00000000eb180000, 0x00000000f7e80000, 0x0000000100000000)
  eden space 182272K, 100% used [0x00000000eb180000,0x00000000f6380000,0x00000000f6380000)
  from space 12800K, 0% used [0x00000000f6380000,0x00000000f6380000,0x00000000f7000000)
  to   space 9728K, 0% used [0x00000000f7000000,0x00000000f7000000,0x00000000f7980000)
 ParOldGen       total 52224K, used 22011K [0x00000000c1400000, 0x00000000c4700000, 0x00000000eb180000)
  object space 52224K, 42% used [0x00000000c1400000,0x00000000c297edd0,0x00000000c4700000)
 Metaspace       used 43622K, capacity 44124K, committed 44544K, reserved 1087488K
  class space    used 5649K, capacity 5782K, committed 5888K, reserved 1048576K
Event: 28.187 GC heap after
Heap after GC invocations=14 (full 2):
 PSYoungGen      total 192000K, used 9716K [0x00000000eb180000, 0x00000000f7e80000, 0x0000000100000000)
  eden space 182272K, 0% used [0x00000000eb180000,0x00000000eb180000,0x00000000f6380000)
  from space 9728K, 99% used [0x00000000f7000000,0x00000000f797d218,0x00000000f7980000)
  to   space 12800K, 0% used [0x00000000f6380000,0x00000000f6380000,0x00000000f7000000)
 ParOldGen       total 52224K, used 23528K [0x00000000c1400000, 0x00000000c4700000, 0x00000000eb180000)
  object space 52224K, 45% used [0x00000000c1400000,0x00000000c2afa0a0,0x00000000c4700000)
 Metaspace       used 43622K, capacity 44124K, committed 44544K, reserved 1087488K
  class space    used 5649K, capacity 5782K, committed 5888K, reserved 1048576K
}

Deoptimization events (10 events):
Event: 30.048 Thread 0x000000000209f800 Uncommon trap: reason=unhandled action=none pc=0x000000000296d6bc method=java.net.URLClassLoader.findClass(Ljava/lang/String;)Ljava/lang/Class; @ 44
Event: 30.048 Thread 0x000000000209f800 Uncommon trap: reason=unhandled action=none pc=0x0000000002f1e958 method=java.net.URLClassLoader.findClass(Ljava/lang/String;)Ljava/lang/Class; @ 44
Event: 30.049 Thread 0x000000000209f800 Uncommon trap: reason=unhandled action=none pc=0x000000000296d6bc method=java.net.URLClassLoader.findClass(Ljava/lang/String;)Ljava/lang/Class; @ 44
Event: 30.049 Thread 0x000000000209f800 Uncommon trap: reason=unhandled action=none pc=0x0000000002f1e958 method=java.net.URLClassLoader.findClass(Ljava/lang/String;)Ljava/lang/Class; @ 44
Event: 30.049 Thread 0x000000000209f800 Uncommon trap: reason=unhandled action=none pc=0x000000000296d6bc method=java.net.URLClassLoader.findClass(Ljava/lang/String;)Ljava/lang/Class; @ 44
Event: 30.049 Thread 0x000000000209f800 Uncommon trap: reason=unhandled action=none pc=0x0000000002f1e958 method=java.net.URLClassLoader.findClass(Ljava/lang/String;)Ljava/lang/Class; @ 44
Event: 30.050 Thread 0x000000000209f800 Uncommon trap: reason=unhandled action=none pc=0x000000000296d6bc method=java.net.URLClassLoader.findClass(Ljava/lang/String;)Ljava/lang/Class; @ 44
Event: 30.050 Thread 0x000000000209f800 Uncommon trap: reason=unhandled action=none pc=0x0000000002f1e958 method=java.net.URLClassLoader.findClass(Ljava/lang/String;)Ljava/lang/Class; @ 44
Event: 30.050 Thread 0x000000000209f800 Uncommon trap: reason=unhandled action=none pc=0x000000000296d6bc method=java.net.URLClassLoader.findClass(Ljava/lang/String;)Ljava/lang/Class; @ 44
Event: 30.050 Thread 0x000000000209f800 Uncommon trap: reason=unhandled action=none pc=0x0000000002a6cf54 method=java.lang.Class.getMethod(Ljava/lang/String;[Ljava/lang/Class;)Ljava/lang/reflect/Method; @ 61

Internal exceptions (10 events):
Event: 30.040 Thread 0x000000000209f800 Exception <a 'java/lang/ArrayIndexOutOfBoundsException': 76> (0x00000000f1fd8ab0) thrown at [C:\re\workspace\8-2-build-windows-amd64-cygwin\jdk8u91\7017\hotspot\src\share\vm\interpreter\interpreterRuntime.cpp, line 366]
Event: 30.043 Thread 0x000000000209f800 Exception <a 'java/lang/ClassNotFoundException': java/lang/ObjectCustomizer> (0x00000000f1ff1058) thrown at [C:\re\workspace\8-2-build-windows-amd64-cygwin\jdk8u91\7017\hotspot\src\share\vm\classfile\systemDictionary.cpp, line 210]
Event: 30.044 Thread 0x000000000209f800 Exception <a 'java/lang/ClassNotFoundException': org/springframework/boot/actuate/endpoint/MetricReaderPublicMetricsCustomizer> (0x00000000f2018c10) thrown at [C:\re\workspace\8-2-build-windows-amd64-cygwin\jdk8u91\7017\hotspot\src\share\vm\classfile\syste†{¶Y>@
Event: 30.044 Thread 0x000000000209f800 Exception <a 'java/lang/ArrayIndexOutOfBoundsException': 78> (0x00000000f201a590) thrown at [C:\re\workspace\8-2-build-windows-amd64-cygwin\jdk8u91\7017\hotspot\src\share\vm\interpreter\interpreterRuntime.cpp, line 366]
Event: 30.045 Thread 0x000000000209f800 Exception <a 'java/lang/ClassNotFoundException': org/springframework/boot/actuate/endpoint/PublicMetricsCustomizer> (0x00000000f203c4d8) thrown at [C:\re\workspace\8-2-build-windows-amd64-cygwin\jdk8u91\7017\hotspot\src\share\vm\classfile\systemDictionary.C?TT¢>@
Event: 30.045 Thread 0x000000000209f800 Exception <a 'java/lang/ArrayIndexOutOfBoundsException': 78> (0x00000000f203d650) thrown at [C:\re\workspace\8-2-build-windows-amd64-cygwin\jdk8u91\7017\hotspot\src\share\vm\interpreter\interpreterRuntime.cpp, line 366]
Event: 30.047 Thread 0x000000000209f800 Exception <a 'java/lang/ClassNotFoundException': java/lang/ObjectCustomizer> (0x00000000f204d138) thrown at [C:\re\workspace\8-2-build-windows-amd64-cygwin\jdk8u91\7017\hotspot\src\share\vm\classfile\systemDictionary.cpp, line 210]
Event: 30.048 Thread 0x000000000209f800 Exception <a 'java/lang/ClassNotFoundException': org/springframework/boot/actuate/autoconfigure/MetricRepositoryAutoConfigurationCustomizer> (0x00000000f2078930) thrown at [C:\re\workspace\8-2-build-windows-amd64-cygwin\jdk8u91\7017\hotspot\src\share\vm\clPPÍè“>@
Event: 30.049 Thread 0x000000000209f800 Exception <a 'java/lang/ClassNotFoundException': org/springframework/boot/actuate/autoconfigure/MetricRepositoryAutoConfiguration$$EnhancerBySpringCGLIB$$ee8e6637Customizer> (0x00000000f20ae2e0) thrown at [C:\re\workspace\8-2-build-windows-amd64-cygwin\jdk¹3p»Þ>@
Event: 30.050 Thread 0x000000000209f800 Exception <a 'java/lang/ClassNotFoundException': org/springframework/context/annotation/ConfigurationClassEnhancer$EnhancedConfigurationCustomizer> (0x00000000f20ded08) thrown at [C:\re\workspace\8-2-build-windows-amd64-cygwin\jdk8u91\7017\hotspot\src\sharÓ—N-
>@

Events (10 events):
Event: 30.050 Thread 0x000000000209f800 DEOPT UNPACKING pc=0x000000000233787f sp=0x000000000226dda8 mode 1
Event: 30.050 loading class org/springframework/context/annotation/ConfigurationClassEnhancer$EnhancedConfigurationCustomizer
Event: 30.050 loading class org/springframework/context/annotation/ConfigurationClassEnhancer$EnhancedConfigurationCustomizer done
Event: 30.050 Thread 0x000000000209f800 DEOPT PACKING pc=0x000000000284c854 sp=0x000000000226dfe0
Event: 30.050 Thread 0x000000000209f800 DEOPT UNPACKING pc=0x000000000233787f sp=0x000000000226dd38 mode 1
Event: 30.050 Thread 0x000000000209f800 Uncommon trap: trap_request=0xffffffa7 fr.pc=0x0000000002a6cf54
Event: 30.050 Thread 0x000000000209f800 DEOPT PACKING pc=0x0000000002a6cf54 sp=0x000000000226e210
Event: 30.050 Thread 0x000000000209f800 DEOPT UNPACKING pc=0x000000000233582a sp=0x000000000226e278 mode 2
Event: 30.050 Thread 0x000000000209f800 DEOPT PACKING pc=0x00000000027c9d34 sp=0x000000000226e320
Event: 30.050 Thread 0x000000000209f800 DEOPT UNPACKING pc=0x000000000233787f sp=0x000000000226e0a8 mode 1


Dynamic libraries:
0x000000013f9e0000 - 0x000000013fa17000 	D:\setup\jdk1.8\bin\javaw.exe
0x0000000077710000 - 0x00000000778ba000 	C:\Windows\SYSTEM32\ntdll.dll
0x00000000775f0000 - 0x000000007770f000 	C:\Windows\system32\kernel32.dll
0x000007fefd570000 - 0x000007fefd5db000 	C:\Windows\system32\KERNELBASE.dll
0x000007fefdf00000 - 0x000007fefdfdb000 	C:\Windows\system32\ADVAPI32.dll
0x000007fefe110000 - 0x000007fefe1af000 	C:\Windows\system32\msvcrt.dll
0x000007fefdba0000 - 0x000007fefdbbf000 	C:\Windows\SYSTEM32\sechost.dll
0x000007fefe230000 - 0x000007fefe35d000 	C:\Windows\system32\RPCRT4.dll
0x00000000774f0000 - 0x00000000775ea000 	C:\Windows\system32\USER32.dll
0x000007fefd910000 - 0x000007fefd977000 	C:\Windows\system32\GDI32.dll
0x000007fefdb90000 - 0x000007fefdb9e000 	C:\Windows\system32\LPK.dll
0x000007feff380000 - 0x000007feff44a000 	C:\Windows\system32\USP10.dll
0x000007fefbfb0000 - 0x000007fefc1a4000 	C:\Windows\WinSxS\amd64_microsoft.windows.common-controls_6595b64144ccf1df_6.0.7601.18837_none_fa3b1e3d17594757\COMCTL32.dll
0x000007fefe1b0000 - 0x000007fefe221000 	C:\Windows\system32\SHLWAPI.dll
0x000007fefdfe0000 - 0x000007fefe00e000 	C:\Windows\system32\IMM32.DLL
0x000007fefdbd0000 - 0x000007fefdcd9000 	C:\Windows\system32\MSCTF.dll
0x000000006e170000 - 0x000000006e242000 	D:\setup\jdk1.8\bin\msvcr100.dll
0x000000005bb90000 - 0x000000005c423000 	D:\setup\jdk1.8\bin\server\jvm.dll
0x000007fef0140000 - 0x000007fef0149000 	C:\Windows\system32\WSOCK32.dll
0x000007fefdeb0000 - 0x000007fefdefd000 	C:\Windows\system32\WS2_32.dll
0x000007fefdbc0000 - 0x000007fefdbc8000 	C:\Windows\system32\NSI.dll
0x000007fef9df0000 - 0x000007fef9e2b000 	C:\Windows\system32\WINMM.dll
0x000007fefc640000 - 0x000007fefc64c000 	C:\Windows\system32\VERSION.dll
0x00000000778d0000 - 0x00000000778d7000 	C:\Windows\system32\PSAPI.DLL
0x000000006e7c0000 - 0x000000006e7cf000 	D:\setup\jdk1.8\bin\verify.dll
0x000000006ddf0000 - 0x000000006de19000 	D:\setup\jdk1.8\bin\java.dll
0x000000006fe30000 - 0x000000006fe65000 	D:\setup\jdk1.8\bin\jdwp.dll
0x00000000712b0000 - 0x00000000712b8000 	D:\setup\jdk1.8\bin\npt.dll
0x000000006de60000 - 0x000000006de76000 	D:\setup\jdk1.8\bin\zip.dll
0x000007fefe5f0000 - 0x000007feff379000 	C:\Windows\system32\SHELL32.dll
0x000007fefd980000 - 0x000007fefdb83000 	C:\Windows\system32\ole32.dll
0x000007fefd560000 - 0x000007fefd56f000 	C:\Windows\system32\profapi.dll
0x00000000703e0000 - 0x00000000703e9000 	D:\setup\jdk1.8\bin\dt_socket.dll
0x000007fefb120000 - 0x000007fefb135000 	C:\Windows\system32\NLAapi.dll
0x000007fef9610000 - 0x000007fef9625000 	C:\Windows\system32\napinsp.dll
0x000007fef95f0000 - 0x000007fef9609000 	C:\Windows\system32\pnrpnsp.dll
0x000007fefcd30000 - 0x000007fefcd85000 	C:\Windows\System32\mswsock.dll
0x000007fefcbb0000 - 0x000007fefcc0b000 	C:\Windows\system32\DNSAPI.dll
0x000007fef95e0000 - 0x000007fef95eb000 	C:\Windows\System32\winrnr.dll
0x000007fef95d0000 - 0x000007fef95e0000 	C:\Windows\system32\wshbth.dll
0x000007fefaea0000 - 0x000007fefaec7000 	C:\Windows\system32\IPHLPAPI.DLL
0x000007fefae90000 - 0x000007fefae9b000 	C:\Windows\system32\WINNSI.DLL
0x000007fefabd0000 - 0x000007fefac23000 	C:\Windows\System32\fwpuclnt.dll
0x000007fef9580000 - 0x000007fef9588000 	C:\Windows\system32\rasadhlp.dll
0x000007fefc710000 - 0x000007fefc717000 	C:\Windows\System32\wshtcpip.dll
0x000000006fe20000 - 0x000000006fe2d000 	D:\setup\jdk1.8\bin\management.dll
0x000000006ddd0000 - 0x000000006ddea000 	D:\setup\jdk1.8\bin\net.dll
0x000007fefcd20000 - 0x000007fefcd27000 	C:\Windows\System32\wship6.dll
0x0000000064950000 - 0x0000000064961000 	D:\setup\jdk1.8\bin\nio.dll
0x000007fefcd90000 - 0x000007fefcda8000 	C:\Windows\system32\CRYPTSP.dll
0x000007fefca90000 - 0x000007fefcad7000 	C:\Windows\system32\rsaenh.dll
0x000007fefd7a0000 - 0x000007fefd7be000 	C:\Windows\system32\USERENV.dll
0x000007fefd3f0000 - 0x000007fefd3ff000 	C:\Windows\system32\CRYPTBASE.dll
0x000007fefa9b0000 - 0x000007fefa9c8000 	C:\Windows\system32\dhcpcsvc.DLL
0x000007fefa930000 - 0x000007fefa941000 	C:\Windows\system32\dhcpcsvc6.DLL
0x0000000064920000 - 0x0000000064944000 	D:\setup\jdk1.8\bin\sunec.dll

VM Arguments:
jvm_args: -agentlib:jdwp=transport=dt_socket,suspend=y,address=localhost:3369 -Dcom.sun.management.jmxremote -Dcom.sun.management.jmxremote.port=3367 -Dcom.sun.management.jmxremote.authenticate=false -Dcom.sun.management.jmxremote.ssl=false -Djava.rmi.server.hostname=localhost -Dspring.liveBeansView.mbeanDomain -Dspring.application.admin.enabled=true -Dfile.encoding=GBK 
java_command: com.shiran.cloud.EurekaHaApplication --spring.profiles.active=peer3 --spring.output.ansi.enabled=always
java_class_path (initial): F:\setup\spring-tool-suite-3.8.4.RELEASE-e4.6.3-win32-x86_64\workspace\code\microservice-discovery-eureka-ha\target\classes;F:\setup\apache-maven-3.3.9-bin\localrepositoryposition\org\springframework\cloud\spring-cloud-starter-eureka-server\1.2.1.RELEASE\spring-cloud-starter-eureka-server-1.2.1.RELEASE.jar;F:\setup\apache-maven-3.3.9-bin\localrepositoryposition\org\springframework\cloud\spring-cloud-starter\1.1.4.RELEASE\spring-cloud-starter-1.1.4.RELEASE.jar;F:\setup\apache-maven-3.3.9-bin\localrepositoryposition\org\springframework\boot\spring-boot-starter\1.4.6.RELEASE\spring-boot-starter-1.4.6.RELEASE.jar;F:\setup\apache-maven-3.3.9-bin\localrepositoryposition\org\springframework\boot\spring-boot\1.4.6.RELEASE\spring-boot-1.4.6.RELEASE.jar;F:\setup\apache-maven-3.3.9-bin\localrepositoryposition\org\springframework\spring-context\4.3.8.RELEASE\spring-context-4.3.8.RELEASE.jar;F:\setup\apache-maven-3.3.9-bin\localrepositoryposition\org\springframework\boot\spring-boot-autoconfigure\1.4.6.RELEASE\spring-boot-autoconfigure-1.4.6.RELEASE.jar;F:\setup\apache-maven-3.3.9-bin\localrepositoryposition\org\springframework\boot\spring-boot-starter-logging\1.4.6.RELEASE\spring-boot-starter-logging-1.4.6.RELEASE.jar;F:\setup\apache-maven-3.3.9-bin\localrepositoryposition\ch\qos\logback\logback-classic\1.1.11\logback-classic-1.1.11.jar;F:\setup\apache-maven-3.3.9-bin\localrepositoryposition\ch\qos\logback\logback-core\1.1.11\logback-core-1.1.11.jar;F:\setup\apache-maven-3.3.9-bin\localrepositoryposition\org\slf4j\jcl-over-slf4j\1.7.25\jcl-over-slf4j-1.7.25.jar;F:\setup\apache-maven-3.3.9-bin\localrepositoryposition\org\slf4j\jul-to-slf4j\1.7.25\jul-to-slf4j-1.7.25.jar;F:\setup\apache-maven-3.3.9-bin\localrepositoryposition\org\slf4j\log4j-over-slf4j\1.7.25\log4j-over-slf4j-1.7.25.jar;F:\setup\apache-maven-3.3.9-bin\localrepositoryposition\org\springframework\spring-core\4.3.8.RELEASE\spring-core-4.3.8.RELEASE.jar;F:\setup\apache-maven-3.3.9-bin\loc
Launcher Type: SUN_STANDARD

Environment Variables:
JAVA_HOME=D:\setup\jdk1.7
PATH=D:\setup\jdk1.8\jre\bin;D:/setup/jdk1.8/bin/server;D:/setup/jdk1.8/bin;D:/setup/jdk1.8/lib/amd64;C:\ProgramData\Oracle\Java\javapath;D:\setup\django\python3.5\Scripts\;D:\setup\django\python3.5\;D:\setup\armv1.2\bin;D:\setup\python2.7;D:\app\Administrator\product\11.1.0\db_2\bin;F:\setup\scala\bin;D:\java\apache-maven-2.2.1\bin;%M2_HOME%\bin;D:\setup\jdk1.7;D:\setup\python34\Scripts;D:\setup\python34;C:\Program Files (x86)\Common Files\NetSarang;D:\setup\jdk1.7\bin;C:\Windows\system32;C:\Windows;C:\Windows\System32\Wbem;C:\Windows\System32\WindowsPowerShell\v1.0\;F:\setup\scala\bin;C:\Program Files (x86)\Microsoft SQL Server\100\Tools\Binn\;C:\Program Files\Microsoft SQL Server\100\Tools\Binn\;C:\Program Files\Microsoft SQL Server\100\DTS\Binn\;C:\Program Files (x86)\Microsoft SQL Server\100\Tools\Binn\VSShell\Common7\IDE\;C:\Program Files (x86)\Microsoft Visual Studio 9.0\Common7\IDE\PrivateAssemblies\;C:\Program Files (x86)\Microsoft SQL Server\100\DTS\Binn\;D:\setup\git\Git\cmd;F:\setup\spring-tool-suite-3.8.4.RELEASE-e4.6.3-win32-x86_64\sts-bundle\sts-3.8.4.RELEASE;
USERNAME=Administrator
OS=Windows_NT
PROCESSOR_IDENTIFIER=Intel64 Family 6 Model 60 Stepping 3, GenuineIntel



---------------  S Y S T E M  ---------------

OS: Windows 7 , 64 bit Build 7601 (6.1.7601.19135)

CPU:total 4 (2 cores per cpu, 2 threads per core) family 6 model 60 stepping 3, cmov, cx8, fxsr, mmx, sse, sse2, sse3, ssse3, sse4.1, sse4.2, popcnt, avx, avx2, aes, clmul, erms, lzcnt, ht, tsc, tscinvbit, bmi1, bmi2

Memory: 4k page, physical 4108656k(247676k free), swap 6661584k(7212k free)

vm_info: Java HotSpot(TM) 64-Bit Server VM (25.91-b15) for windows-amd64 JRE (1.8.0_91-b15), built on May 20 2016 17:43:15 by "java_re" with MS VC++ 10.0 (VS2010)

time: Wed May 17 10:27:45 2017
elapsed time: 30 seconds (0d 0h 0m 30s)

