#
# There is insufficient memory for the Java Runtime Environment to continue.
# Native memory allocation (malloc) failed to allocate 1372816 bytes for Chunk::new
# Possible reasons:
#   The system is out of physical RAM or swap space
#   In 32 bit mode, the process size limit was hit
# Possible solutions:
#   Reduce memory load on the system
#   Increase physical memory or swap space
#   Check if swap backing store is full
#   Use 64 bit Java on a 64 bit OS
#   Decrease Java heap size (-Xmx/-Xms)
#   Decrease number of Java threads
#   Decrease Java thread stack sizes (-Xss)
#   Set larger code cache with -XX:ReservedCodeCacheSize=
# This output file may be truncated or incomplete.
#
#  Out of Memory Error (allocation.cpp:390), pid=9320, tid=8908
#
# JRE version: Java(TM) SE Runtime Environment (8.0_91-b15) (build 1.8.0_91-b15)
# Java VM: Java HotSpot(TM) 64-Bit Server VM (25.91-b15 mixed mode windows-amd64 compressed oops)
# Failed to write core dump. Minidumps are not enabled by default on client versions of Windows
#

---------------  T H R E A D  ---------------

Current thread (0x0000000056086000):  JavaThread "C2 CompilerThread1" daemon [_thread_in_native, id=8908, stack(0x0000000056930000,0x0000000056a30000)]

Stack: [0x0000000056930000,0x0000000056a30000]
[error occurred during error reporting (printing stack bounds), id 0xc0000005]

Native frames: (J=compiled Java code, j=interpreted, Vv=VM code, C=native code)


Current CompileTask:
C2:  37856 4826   !   4       java.lang.reflect.Executable::sharedToGenericString (329 bytes)


---------------  P R O C E S S  ---------------

Java Threads: ( => current thread )
  0x00000000587fd800 JavaThread "Eureka-CacheFillTimer" daemon [_thread_blocked, id=8240, stack(0x0000000064d50000,0x0000000064e50000)]
  0x00000000587fd000 JavaThread "Eureka-PeerNodesUpdater" daemon [_thread_blocked, id=8860, stack(0x0000000064a10000,0x0000000064b10000)]
  0x00000000587fc000 JavaThread "TaskNonBatchingWorker-peer1-0" daemon [_thread_blocked, id=9172, stack(0x0000000064180000,0x0000000064280000)]
  0x00000000587fb800 JavaThread "TaskAcceptor-peer1" daemon [_thread_blocked, id=10012, stack(0x0000000064640000,0x0000000064740000)]
  0x00000000587fa800 JavaThread "TaskBatchingWorker-target_peer1-19" daemon [_thread_blocked, id=8940, stack(0x0000000064490000,0x0000000064590000)]
  0x00000000587fa000 JavaThread "TaskBatchingWorker-target_peer1-18" daemon [_thread_blocked, id=10232, stack(0x0000000064320000,0x0000000064420000)]
  0x00000000587f9000 JavaThread "TaskBatchingWorker-target_peer1-17" daemon [_thread_blocked, id=8316, stack(0x0000000064030000,0x0000000064130000)]
  0x00000000587f8800 JavaThread "TaskBatchingWorker-target_peer1-16" daemon [_thread_blocked, id=9096, stack(0x0000000063ec0000,0x0000000063fc0000)]
  0x000000005c758000 JavaThread "TaskBatchingWorker-target_peer1-15" daemon [_thread_blocked, id=8488, stack(0x0000000063c50000,0x0000000063d50000)]
  0x000000005c757000 JavaThread "TaskBatchingWorker-target_peer1-14" daemon [_thread_blocked, id=9888, stack(0x0000000063d50000,0x0000000063e50000)]
  0x000000005c756800 JavaThread "TaskBatchingWorker-target_peer1-13" daemon [_thread_blocked, id=9680, stack(0x0000000063960000,0x0000000063a60000)]
  0x000000005c755800 JavaThread "TaskBatchingWorker-target_peer1-12" daemon [_thread_blocked, id=9864, stack(0x0000000063aa0000,0x0000000063ba0000)]
  0x000000005c755000 JavaThread "TaskBatchingWorker-target_peer1-11" daemon [_thread_blocked, id=9640, stack(0x00000000637b0000,0x00000000638b0000)]
  0x000000005c754000 JavaThread "TaskBatchingWorker-target_peer1-10" daemon [_thread_blocked, id=9160, stack(0x00000000634c0000,0x00000000635c0000)]
  0x000000005c753800 JavaThread "TaskBatchingWorker-target_peer1-9" daemon [_thread_blocked, id=8372, stack(0x0000000063680000,0x0000000063780000)]
  0x000000005c752800 JavaThread "TaskBatchingWorker-target_peer1-8" daemon [_thread_blocked, id=9148, stack(0x00000000626a0000,0x00000000627a0000)]
  0x000000005c752000 JavaThread "TaskBatchingWorker-target_peer1-7" daemon [_thread_blocked, id=8756, stack(0x0000000063390000,0x0000000063490000)]
  0x000000005c751000 JavaThread "TaskBatchingWorker-target_peer1-6" daemon [_thread_blocked, id=7708, stack(0x00000000631a0000,0x00000000632a0000)]
  0x000000005a73e000 JavaThread "TaskBatchingWorker-target_peer1-5" daemon [_thread_blocked, id=9288, stack(0x0000000063070000,0x0000000063170000)]
  0x000000005a73d800 JavaThread "TaskBatchingWorker-target_peer1-4" daemon [_thread_blocked, id=9508, stack(0x0000000062aa0000,0x0000000062ba0000)]
  0x000000005a73c800 JavaThread "TaskBatchingWorker-target_peer1-3" daemon [_thread_blocked, id=8868, stack(0x0000000062e80000,0x0000000062f80000)]
  0x000000005a73c000 JavaThread "TaskBatchingWorker-target_peer1-2" daemon [_thread_blocked, id=10212, stack(0x0000000062d50000,0x0000000062e50000)]
  0x000000005a73b000 JavaThread "TaskBatchingWorker-target_peer1-1" daemon [_thread_blocked, id=9556, stack(0x0000000062ba0000,0x0000000062ca0000)]
  0x000000005a73a800 JavaThread "TaskBatchingWorker-target_peer1-0" daemon [_thread_blocked, id=8312, stack(0x0000000060bd0000,0x0000000060cd0000)]
  0x000000005a739800 JavaThread "TaskAcceptor-target_peer1" daemon [_thread_blocked, id=9080, stack(0x00000000609f0000,0x0000000060af0000)]
  0x000000005a739000 JavaThread "Eureka-JerseyClient-Conn-Cleaner2" daemon [_thread_blocked, id=9616, stack(0x000000005f5a0000,0x000000005f6a0000)]
  0x000000005a738000 JavaThread "TaskNonBatchingWorker-peer3-0" daemon [_thread_blocked, id=10228, stack(0x0000000062930000,0x0000000062a30000)]
  0x000000005a737800 JavaThread "TaskAcceptor-peer3" daemon [_thread_blocked, id=9860, stack(0x00000000627a0000,0x00000000628a0000)]
  0x000000005a736000 JavaThread "TaskBatchingWorker-target_peer3-19" daemon [_thread_blocked, id=9420, stack(0x0000000062120000,0x0000000062220000)]
  0x000000005a735800 JavaThread "TaskBatchingWorker-target_peer3-18" daemon [_thread_blocked, id=10132, stack(0x0000000062580000,0x0000000062680000)]
  0x000000005a734800 JavaThread "TaskBatchingWorker-target_peer3-17" daemon [_thread_blocked, id=7288, stack(0x00000000623d0000,0x00000000624d0000)]
  0x000000005a734000 JavaThread "TaskBatchingWorker-target_peer3-16" daemon [_thread_blocked, id=10160, stack(0x0000000062220000,0x0000000062320000)]
  0x000000005a733000 JavaThread "TaskBatchingWorker-target_peer3-15" daemon [_thread_blocked, id=2472, stack(0x0000000061f80000,0x0000000062080000)]
  0x000000005a732800 JavaThread "TaskBatchingWorker-target_peer3-14" daemon [_thread_blocked, id=4352, stack(0x0000000061b70000,0x0000000061c70000)]
  0x000000005a731800 JavaThread "TaskBatchingWorker-target_peer3-13" daemon [_thread_blocked, id=5164, stack(0x0000000061e60000,0x0000000061f60000)]
  0x000000005a731000 JavaThread "TaskBatchingWorker-target_peer3-12" daemon [_thread_blocked, id=10016, stack(0x0000000061cb0000,0x0000000061db0000)]
  0x000000005a730000 JavaThread "TaskBatchingWorker-target_peer3-11" daemon [_thread_blocked, id=8980, stack(0x00000000619d0000,0x0000000061ad0000)]
  0x000000005a72f800 JavaThread "TaskBatchingWorker-target_peer3-10" daemon [_thread_blocked, id=9716, stack(0x0000000061770000,0x0000000061870000)]
  0x000000005a72e000 JavaThread "TaskBatchingWorker-target_peer3-9" daemon [_thread_blocked, id=5552, stack(0x0000000061870000,0x0000000061970000)]
  0x000000005a72d800 JavaThread "TaskBatchingWorker-target_peer3-8" daemon [_thread_blocked, id=9408, stack(0x0000000061330000,0x0000000061430000)]
  0x000000005a72c800 JavaThread "TaskBatchingWorker-target_peer3-7" daemon [_thread_blocked, id=9432, stack(0x00000000615a0000,0x00000000616a0000)]
  0x000000005a72c000 JavaThread "TaskBatchingWorker-target_peer3-6" daemon [_thread_blocked, id=9084, stack(0x0000000060da0000,0x0000000060ea0000)]
  0x000000005a72b000 JavaThread "TaskBatchingWorker-target_peer3-5" daemon [_thread_blocked, id=9140, stack(0x0000000061470000,0x0000000061570000)]
  0x000000005a72a800 JavaThread "TaskBatchingWorker-target_peer3-4" daemon [_thread_blocked, id=10172, stack(0x00000000602a0000,0x00000000603a0000)]
  0x000000005a729800 JavaThread "TaskBatchingWorker-target_peer3-3" daemon [_thread_blocked, id=7392, stack(0x00000000611e0000,0x00000000612e0000)]
  0x000000005a729000 JavaThread "TaskBatchingWorker-target_peer3-2" daemon [_thread_blocked, id=9156, stack(0x0000000059310000,0x0000000059410000)]
  0x000000005a728000 JavaThread "TaskBatchingWorker-target_peer3-1" daemon [_thread_blocked, id=9732, stack(0x0000000061070000,0x0000000061170000)]
  0x000000005a727800 JavaThread "TaskBatchingWorker-target_peer3-0" daemon [_thread_blocked, id=2280, stack(0x0000000057cb0000,0x0000000057db0000)]
  0x00000000584c1000 JavaThread "StatsMonitor-0" daemon [_thread_blocked, id=9596, stack(0x0000000060ec0000,0x0000000060fc0000)]
  0x00000000584c0000 JavaThread "TaskAcceptor-target_peer3" daemon [_thread_blocked, id=8656, stack(0x000000005f7b0000,0x000000005f8b0000)]
  0x00000000584bf800 JavaThread "Eureka-JerseyClient-Conn-Cleaner2" daemon [_thread_blocked, id=9868, stack(0x00000000608f0000,0x00000000609f0000)]
  0x00000000584be800 JavaThread "Eureka-MeasureRateTimer" daemon [_thread_blocked, id=8968, stack(0x0000000060700000,0x0000000060800000)]
  0x00000000584be000 JavaThread "ReplicaAwareInstanceRegistry - RenewalThresholdUpdater" daemon [_thread_blocked, id=8520, stack(0x000000005ff30000,0x0000000060030000)]
  0x00000000584bd000 JavaThread "Eureka-MeasureRateTimer" daemon [_thread_blocked, id=9832, stack(0x0000000060540000,0x0000000060640000)]
  0x00000000584bc800 JavaThread "Eureka-EvictionTimer" daemon [_thread_blocked, id=10220, stack(0x00000000603a0000,0x00000000604a0000)]
  0x00000000584bb800 JavaThread "Eureka-DeltaRetentionTimer" daemon [_thread_blocked, id=8608, stack(0x0000000060190000,0x0000000060290000)]
  0x00000000584ba800 JavaThread "DiscoveryClient-InstanceInfoReplicator-0" daemon [_thread_blocked, id=3768, stack(0x0000000060040000,0x0000000060140000)]
  0x00000000584ba000 JavaThread "DiscoveryClient-1" daemon [_thread_blocked, id=10068, stack(0x000000005faf0000,0x000000005fbf0000)]
  0x00000000584b9000 JavaThread "DiscoveryClient-0" daemon [_thread_blocked, id=7372, stack(0x000000005fdd0000,0x000000005fed0000)]
  0x00000000584b8800 JavaThread "AsyncResolver-bootstrap-0" daemon [_thread_blocked, id=4120, stack(0x000000005f6a0000,0x000000005f7a0000)]
  0x00000000584b7800 JavaThread "Eureka-JerseyClient-Conn-Cleaner2" daemon [_thread_blocked, id=7772, stack(0x000000005fcb0000,0x000000005fdb0000)]
  0x00000000584b7000 JavaThread "Eureka-JerseyClient-Conn-Cleaner2" daemon [_thread_blocked, id=8848, stack(0x000000005f9f0000,0x000000005faf0000)]
  0x00000000584b5800 JavaThread "spring.cloud.inetutils" daemon [_thread_blocked, id=7748, stack(0x0000000056a40000,0x0000000056b40000)]
  0x00000000584b4800 JavaThread "container-0" [_thread_blocked, id=3200, stack(0x0000000056800000,0x0000000056900000)]
  0x00000000584b4000 JavaThread "ContainerBackgroundProcessor[StandardEngine[Tomcat]]" daemon [_thread_blocked, id=9776, stack(0x000000005ba50000,0x000000005bb50000)]
  0x00000000576f7800 JavaThread "RMI TCP Accept-0" daemon [_thread_in_native, id=9632, stack(0x0000000057b90000,0x0000000057c90000)]
  0x00000000575a3800 JavaThread "RMI TCP Accept-3436" daemon [_thread_in_native, id=7408, stack(0x0000000057070000,0x0000000057170000)]
  0x00000000575a2800 JavaThread "RMI TCP Accept-0" daemon [_thread_in_native, id=9064, stack(0x0000000057a80000,0x0000000057b80000)]
  0x0000000056103000 JavaThread "Service Thread" daemon [_thread_blocked, id=9336, stack(0x0000000056d20000,0x0000000056e20000)]
  0x0000000056092800 JavaThread "C1 CompilerThread2" daemon [_thread_in_native, id=8304, stack(0x0000000056b70000,0x0000000056c70000)]
=>0x0000000056086000 JavaThread "C2 CompilerThread1" daemon [_thread_in_native, id=8908, stack(0x0000000056930000,0x0000000056a30000)]
  0x0000000056071000 JavaThread "C2 CompilerThread0" daemon [_thread_in_native, id=7320, stack(0x0000000055c30000,0x0000000055d30000)]
  0x000000005606a000 JavaThread "Attach Listener" daemon [_thread_blocked, id=8432, stack(0x00000000566f0000,0x00000000567f0000)]
  0x0000000056068000 JavaThread "Signal Dispatcher" daemon [_thread_blocked, id=10156, stack(0x0000000056520000,0x0000000056620000)]
  0x0000000054ab1000 JavaThread "Finalizer" daemon [_thread_blocked, id=8560, stack(0x0000000055f50000,0x0000000056050000)]
  0x0000000054a6a000 JavaThread "Reference Handler" daemon [_thread_blocked, id=10180, stack(0x0000000055da0000,0x0000000055ea0000)]
  0x0000000001fef000 JavaThread "main" [_thread_in_Java, id=3564, stack(0x0000000002160000,0x0000000002260000)]

Other Threads:
  0x0000000054a62000 VMThread [stack: 0x0000000055b30000,0x0000000055c30000] [id=8528]
  0x0000000057719000 WatcherThread [stack: 0x0000000057de0000,0x0000000057ee0000] [id=8640]

VM state:not at safepoint (normal execution)

VM Mutex/Monitor currently owned by a thread: None

Heap:
 PSYoungGen      total 282624K, used 199771K [0x00000000eb180000, 0x00000000fd780000, 0x0000000100000000)
  eden space 272896K, 69% used [0x00000000eb180000,0x00000000f6b2e520,0x00000000fbc00000)
  from space 9728K, 99% used [0x00000000fce00000,0x00000000fd7689f8,0x00000000fd780000)
  to   space 13312K, 0% used [0x00000000fbd80000,0x00000000fbd80000,0x00000000fca80000)
 ParOldGen       total 55808K, used 25328K [0x00000000c1400000, 0x00000000c4a80000, 0x00000000eb180000)
  object space 55808K, 45% used [0x00000000c1400000,0x00000000c2cbc0c0,0x00000000c4a80000)
 Metaspace       used 44663K, capacity 45174K, committed 45392K, reserved 1089536K
  class space    used 5832K, capacity 5979K, committed 6016K, reserved 1048576K

Card table byte_map: [0x00000000116a0000,0x00000000118a0000] byte_map_base: 0x0000000011096000

Marking Bits: (ParMarkBitMap*) 0x000000005c3a2f70
 Begin Bits: [0x0000000011f70000, 0x0000000012f20000)
 End Bits:   [0x0000000012f20000, 0x0000000013ed0000)

Polling page: 0x0000000000200000

CodeCache: size=245760Kb used=15656Kb max_used=15656Kb free=230103Kb
 bounds [0x00000000022e0000, 0x0000000003240000, 0x00000000112e0000]
 total_blobs=4718 nmethods=4273 adapters=357
 compilation: enabled

Compilation events (10 events):
Event: 34.430 Thread 0x0000000056092800 nmethod 4824 0x0000000003191b90 code [0x0000000003191ce0, 0x0000000003191df0]
Event: 34.449 Thread 0x0000000056071000 4828       4       java.util.ArrayList::isEmpty (13 bytes)
Event: 34.449 Thread 0x0000000056071000 nmethod 4828 0x0000000002547e10 code [0x0000000002547f40, 0x0000000002547f98]
Event: 34.449 Thread 0x0000000056071000 4830       4       org.springframework.core.SerializableTypeWrapper::forTypeProvider (208 bytes)
Event: 34.460 Thread 0x0000000056092800 4834       3       org.springframework.beans.GenericTypeAwarePropertyDescriptor::<init> (328 bytes)
Event: 34.465 Thread 0x0000000056092800 nmethod 4834 0x00000000031c5e50 code [0x00000000031c6360, 0x00000000031c97c8]
Event: 34.497 Thread 0x0000000056092800 4835       3       org.springframework.core.annotation.AnnotationUtils::findAnnotation (31 bytes)
Event: 34.498 Thread 0x0000000056092800 nmethod 4835 0x0000000003190e50 code [0x0000000003191040, 0x0000000003191748]
Event: 34.500 Thread 0x0000000056092800 4837       3       sun.misc.ProxyGenerator$MethodInfo::write (283 bytes)
Event: 34.505 Thread 0x0000000056092800 nmethod 4837 0x00000000031cb810 code [0x00000000031cbe80, 0x00000000031d0bc8]

GC Heap History (10 events):
Event: 8.950 GC heap before
{Heap before GC invocations=10 (full 1):
 PSYoungGen      total 128512K, used 128397K [0x00000000eb180000, 0x00000000f3e80000, 0x0000000100000000)
  eden space 123904K, 100% used [0x00000000eb180000,0x00000000f2a80000,0x00000000f2a80000)
  from space 4608K, 97% used [0x00000000f3a00000,0x00000000f3e63588,0x00000000f3e80000)
  to   space 8704K, 0% used [0x00000000f2d80000,0x00000000f2d80000,0x00000000f3600000)
 ParOldGen       total 32768K, used 8675K [0x00000000c1400000, 0x00000000c3400000, 0x00000000eb180000)
  object space 32768K, 26% used [0x00000000c1400000,0x00000000c1c78d00,0x00000000c3400000)
 Metaspace       used 25837K, capacity 26206K, committed 26368K, reserved 1073152K
  class space    used 3233K, capacity 3322K, committed 3328K, reserved 1048576K
Event: 9.073 GC heap after
Heap after GC invocations=10 (full 1):
 PSYoungGen      total 135680K, used 7010K [0x00000000eb180000, 0x00000000f7c80000, 0x0000000100000000)
  eden space 126976K, 0% used [0x00000000eb180000,0x00000000eb180000,0x00000000f2d80000)
  from space 8704K, 80% used [0x00000000f2d80000,0x00000000f3458be8,0x00000000f3600000)
  to   space 9216K, 0% used [0x00000000f7380000,0x00000000f7380000,0x00000000f7c80000)
 ParOldGen       total 32768K, used 8675K [0x00000000c1400000, 0x00000000c3400000, 0x00000000eb180000)
  object space 32768K, 26% used [0x00000000c1400000,0x00000000c1c78d00,0x00000000c3400000)
 Metaspace       used 25837K, capacity 26206K, committed 26368K, reserved 1073152K
  class space    used 3233K, capacity 3322K, committed 3328K, reserved 1048576K
}
Event: 12.870 GC heap before
{Heap before GC invocations=11 (full 1):
 PSYoungGen      total 135680K, used 133986K [0x00000000eb180000, 0x00000000f7c80000, 0x0000000100000000)
  eden space 126976K, 100% used [0x00000000eb180000,0x00000000f2d80000,0x00000000f2d80000)
  from space 8704K, 80% used [0x00000000f2d80000,0x00000000f3458be8,0x00000000f3600000)
  to   space 9216K, 0% used [0x00000000f7380000,0x00000000f7380000,0x00000000f7c80000)
 ParOldGen       total 32768K, used 8675K [0x00000000c1400000, 0x00000000c3400000, 0x00000000eb180000)
  object space 32768K, 26% used [0x00000000c1400000,0x00000000c1c78d00,0x00000000c3400000)
 Metaspace       used 31324K, capacity 31706K, committed 32000K, reserved 1077248K
  class space    used 3881K, capacity 3972K, committed 4096K, reserved 1048576K
Event: 12.931 GC heap after
Heap after GC invocations=11 (full 1):
 PSYoungGen      total 196096K, used 9212K [0x00000000eb180000, 0x00000000f8400000, 0x0000000100000000)
  eden space 186880K, 0% used [0x00000000eb180000,0x00000000eb180000,0x00000000f6800000)
  from space 9216K, 99% used [0x00000000f7380000,0x00000000f7c7f398,0x00000000f7c80000)
  to   space 11776K, 0% used [0x00000000f6800000,0x00000000f6800000,0x00000000f7380000)
 ParOldGen       total 32768K, used 12538K [0x00000000c1400000, 0x00000000c3400000, 0x00000000eb180000)
  object space 32768K, 38% used [0x00000000c1400000,0x00000000c203ebd8,0x00000000c3400000)
 Metaspace       used 31324K, capacity 31706K, committed 32000K, reserved 1077248K
  class space    used 3881K, capacity 3972K, committed 4096K, reserved 1048576K
}
Event: 15.079 GC heap before
{Heap before GC invocations=12 (full 1):
 PSYoungGen      total 196096K, used 150409K [0x00000000eb180000, 0x00000000f8400000, 0x0000000100000000)
  eden space 186880K, 75% used [0x00000000eb180000,0x00000000f3b63228,0x00000000f6800000)
  from space 9216K, 99% used [0x00000000f7380000,0x00000000f7c7f398,0x00000000f7c80000)
  to   space 11776K, 0% used [0x00000000f6800000,0x00000000f6800000,0x00000000f7380000)
 ParOldGen       total 32768K, used 12538K [0x00000000c1400000, 0x00000000c3400000, 0x00000000eb180000)
  object space 32768K, 38% used [0x00000000c1400000,0x00000000c203ebd8,0x00000000c3400000)
 Metaspace       used 35386K, capacity 35732K, committed 36048K, reserved 1081344K
  class space    used 4495K, capacity 4595K, committed 4608K, reserved 1048576K
Event: 15.136 GC heap after
Heap after GC invocations=12 (full 1):
 PSYoungGen      total 198656K, used 9153K [0x00000000eb180000, 0x00000000fda00000, 0x0000000100000000)
  eden space 186880K, 0% used [0x00000000eb180000,0x00000000eb180000,0x00000000f6800000)
  from space 11776K, 77% used [0x00000000f6800000,0x00000000f70f0678,0x00000000f7380000)
  to   space 12288K, 0% used [0x00000000fce00000,0x00000000fce00000,0x00000000fda00000)
 ParOldGen       total 32768K, used 19656K [0x00000000c1400000, 0x00000000c3400000, 0x00000000eb180000)
  object space 32768K, 59% used [0x00000000c1400000,0x00000000c2732068,0x00000000c3400000)
 Metaspace       used 35386K, capacity 35732K, committed 36048K, reserved 1081344K
  class space    used 4495K, capacity 4595K, committed 4608K, reserved 1048576K
}
Event: 15.136 GC heap before
{Heap before GC invocations=13 (full 2):
 PSYoungGen      total 198656K, used 9153K [0x00000000eb180000, 0x00000000fda00000, 0x0000000100000000)
  eden space 186880K, 0% used [0x00000000eb180000,0x00000000eb180000,0x00000000f6800000)
  from space 11776K, 77% used [0x00000000f6800000,0x00000000f70f0678,0x00000000f7380000)
  to   space 12288K, 0% used [0x00000000fce00000,0x00000000fce00000,0x00000000fda00000)
 ParOldGen       total 32768K, used 19656K [0x00000000c1400000, 0x00000000c3400000, 0x00000000eb180000)
  object space 32768K, 59% used [0x00000000c1400000,0x00000000c2732068,0x00000000c3400000)
 Metaspace       used 35386K, capacity 35732K, committed 36048K, reserved 1081344K
  class space    used 4495K, capacity 4595K, committed 4608K, reserved 1048576K
Event: 15.513 GC heap after
Heap after GC invocations=13 (full 2):
 PSYoungGen      total 198656K, used 0K [0x00000000eb180000, 0x00000000fda00000, 0x0000000100000000)
  eden space 186880K, 0% used [0x00000000eb180000,0x00000000eb180000,0x00000000f6800000)
  from space 11776K, 0% used [0x00000000f6800000,0x00000000f6800000,0x00000000f7380000)
  to   space 12288K, 0% used [0x00000000fce00000,0x00000000fce00000,0x00000000fda00000)
 ParOldGen       total 55808K, used 25328K [0x00000000c1400000, 0x00000000c4a80000, 0x00000000eb180000)
  object space 55808K, 45% used [0x00000000c1400000,0x00000000c2cbc0c0,0x00000000c4a80000)
 Metaspace       used 35386K, capacity 35732K, committed 36048K, reserved 1081344K
  class space    used 4495K, capacity 4595K, committed 4608K, reserved 1048576K
}
Event: 29.091 GC heap before
{Heap before GC invocations=14 (full 2):
 PSYoungGen      total 198656K, used 186880K [0x00000000eb180000, 0x00000000fda00000, 0x0000000100000000)
  eden space 186880K, 100% used [0x00000000eb180000,0x00000000f6800000,0x00000000f6800000)
  from space 11776K, 0% used [0x00000000f6800000,0x00000000f6800000,0x00000000f7380000)
  to   space 12288K, 0% used [0x00000000fce00000,0x00000000fce00000,0x00000000fda00000)
 ParOldGen       total 55808K, used 25328K [0x00000000c1400000, 0x00000000c4a80000, 0x00000000eb180000)
  object space 55808K, 45% used [0x00000000c1400000,0x00000000c2cbc0c0,0x00000000c4a80000)
 Metaspace       used 42402K, capacity 42872K, committed 43088K, reserved 1087488K
  class space    used 5532K, capacity 5686K, committed 5760K, reserved 1048576K
Event: 30.761 GC heap after
Heap after GC invocations=14 (full 2):
 PSYoungGen      total 282624K, used 9634K [0x00000000eb180000, 0x00000000fd780000, 0x0000000100000000)
  eden space 272896K, 0% used [0x00000000eb180000,0x00000000eb180000,0x00000000fbc00000)
  from space 9728K, 99% used [0x00000000fce00000,0x00000000fd7689f8,0x00000000fd780000)
  to   space 13312K, 0% used [0x00000000fbd80000,0x00000000fbd80000,0x00000000fca80000)
 ParOldGen       total 55808K, used 25328K [0x00000000c1400000, 0x00000000c4a80000, 0x00000000eb180000)
  object space 55808K, 45% used [0x00000000c1400000,0x00000000c2cbc0c0,0x00000000c4a80000)
 Metaspace       used 42402K, capacity 42872K, committed 43088K, reserved 1087488K
  class space    used 5532K, capacity 5686K, committed 5760K, reserved 1048576K
}

Deoptimization events (10 events):
Event: 27.078 Thread 0x0000000001fef000 Uncommon trap: reason=unstable_if action=reinterpret pc=0x00000000030f2920 method=org.springframework.core.ResolvableType.getInterfaces()[Lorg/springframework/core/ResolvableType; @ 27
Event: 28.395 Thread 0x0000000001fef000 Uncommon trap: reason=bimorphic action=maybe_recompile pc=0x000000000304269c method=sun.reflect.generics.reflectiveObjects.WildcardTypeImpl.getUpperBounds()[Ljava/lang/reflect/Type; @ 37
Event: 28.396 Thread 0x0000000001fef000 Uncommon trap: reason=bimorphic action=maybe_recompile pc=0x000000000304269c method=sun.reflect.generics.reflectiveObjects.WildcardTypeImpl.getUpperBounds()[Ljava/lang/reflect/Type; @ 37
Event: 28.396 Thread 0x0000000001fef000 Uncommon trap: reason=bimorphic action=maybe_recompile pc=0x000000000304269c method=sun.reflect.generics.reflectiveObjects.WildcardTypeImpl.getUpperBounds()[Ljava/lang/reflect/Type; @ 37
Event: 28.396 Thread 0x0000000001fef000 Uncommon trap: reason=bimorphic action=maybe_recompile pc=0x000000000304269c method=sun.reflect.generics.reflectiveObjects.WildcardTypeImpl.getUpperBounds()[Ljava/lang/reflect/Type; @ 37
Event: 31.776 Thread 0x0000000001fef000 Uncommon trap: reason=bimorphic action=maybe_recompile pc=0x0000000002d6781c method=java.util.concurrent.ConcurrentHashMap.putVal(Ljava/lang/Object;Ljava/lang/Object;Z)Ljava/lang/Object; @ 192
Event: 34.458 Thread 0x0000000001fef000 Uncommon trap: reason=class_check action=maybe_recompile pc=0x00000000031a621c method=com.sun.beans.TypeResolver.resolve(Ljava/lang/reflect/Type;Ljava/lang/reflect/Type;)Ljava/lang/reflect/Type; @ 215
Event: 34.458 Thread 0x0000000001fef000 Uncommon trap: reason=class_check action=maybe_recompile pc=0x00000000031a621c method=com.sun.beans.TypeResolver.resolve(Ljava/lang/reflect/Type;Ljava/lang/reflect/Type;)Ljava/lang/reflect/Type; @ 215
Event: 34.458 Thread 0x0000000001fef000 Uncommon trap: reason=class_check action=maybe_recompile pc=0x00000000031a621c method=com.sun.beans.TypeResolver.resolve(Ljava/lang/reflect/Type;Ljava/lang/reflect/Type;)Ljava/lang/reflect/Type; @ 215
Event: 34.459 Thread 0x0000000001fef000 Uncommon trap: reason=class_check action=maybe_recompile pc=0x00000000031a621c method=com.sun.beans.TypeResolver.resolve(Ljava/lang/reflect/Type;Ljava/lang/reflect/Type;)Ljava/lang/reflect/Type; @ 215

Internal exceptions (10 events):
Event: 34.455 Thread 0x0000000001fef000 Exception <a 'java/lang/ClassNotFoundException': org/springframework/web/servlet/handler/AbstractHandlerMethodMappingCustomizer> (0x00000000f12abaa0) thrown at [C:\re\workspace\8-2-build-windows-amd64-cygwin\jdk8u91\7017\hotspot\src\share\vm\classfile\systÎVrê:A@
Event: 34.458 Thread 0x0000000001fef000 Exception <a 'java/lang/ClassNotFoundException': org/springframework/web/servlet/mvc/method/RequestMappingInfoHandlerMappingCustomizer> (0x00000000f12e53b0) thrown at [C:\re\workspace\8-2-build-windows-amd64-cygwin\jdk8u91\7017\hotspot\src\share\vm\classfiHç—èæ:A@
Event: 34.459 Thread 0x0000000001fef000 Exception <a 'java/lang/ClassNotFoundException': org/springframework/web/servlet/mvc/method/annotation/RequestMappingHandlerMappingCustomizer> (0x00000000f1316e90) thrown at [C:\re\workspace\8-2-build-windows-amd64-cygwin\jdk8u91\7017\hotspot\src\share\vm\uõŒÍ∫;A@
Event: 34.467 Thread 0x0000000001fef000 Exception <a 'java/lang/ClassNotFoundException': org/springframework/web/servlet/handler/MatchableHandlerMappingCustomizer> (0x00000000f1369fc0) thrown at [C:\re\workspace\8-2-build-windows-amd64-cygwin\jdk8u91\7017\hotspot\src\share\vm\classfile\systemDicvªÙQ–;A@
Event: 34.467 Thread 0x0000000001fef000 Exception <a 'java/lang/ClassNotFoundException': org/springframework/context/EmbeddedValueResolverAwareCustomizer> (0x00000000f138a278) thrown at [C:\re\workspace\8-2-build-windows-amd64-cygwin\jdk8u91\7017\hotspot\src\share\vm\classfile\systemDictionary.c¯&WmÂ;A@
Event: 34.468 Thread 0x0000000001fef000 Exception <a 'java/lang/ClassNotFoundException': org/springframework/beans/factory/InitializingBeanCustomizer> (0x00000000f13a9288) thrown at [C:\re\workspace\8-2-build-windows-amd64-cygwin\jdk8u91\7017\hotspot\src\share\vm\classfile\systemDictionary.cpp, ÃÚ!·¯;A@
Event: 34.469 Thread 0x0000000001fef000 Exception <a 'java/lang/ClassNotFoundException': org/springframework/web/servlet/HandlerMappingCustomizer> (0x00000000f13c6360) thrown at [C:\re\workspace\8-2-build-windows-amd64-cygwin\jdk8u91\7017\hotspot\src\share\vm\classfile\systemDictionary.cpp, line£UeΩ<A@
Event: 34.469 Thread 0x0000000001fef000 Exception <a 'java/lang/ClassNotFoundException': org/springframework/core/OrderedCustomizer> (0x00000000f13ddec0) thrown at [C:\re\workspace\8-2-build-windows-amd64-cygwin\jdk8u91\7017\hotspot\src\share\vm\classfile\systemDictionary.cpp, line 210]
Event: 34.470 Thread 0x0000000001fef000 Exception <a 'java/lang/ClassNotFoundException': org/springframework/web/context/ServletContextAwareCustomizer> (0x00000000f13fd128) thrown at [C:\re\workspace\8-2-build-windows-amd64-cygwin\jdk8u91\7017\hotspot\src\share\vm\classfile\systemDictionary.cpp,RÂ£wz<A@
Event: 34.472 Thread 0x0000000001fef000 Exception <a 'java/lang/ClassNotFoundException': org/springframework/context/ApplicationContextAwareCustomizer> (0x00000000f141c7f8) thrown at [C:\re\workspace\8-2-build-windows-amd64-cygwin\jdk8u91\7017\hotspot\src\share\vm\classfile\systemDictionary.cpp,íÆΩh3:A@

Events (10 events):
Event: 34.507 loading class org/springframework/web/servlet/mvc/method/RequestMappingInfo$Builder
Event: 34.507 loading class org/springframework/web/servlet/mvc/method/RequestMappingInfo$Builder done
Event: 34.508 loading class org/springframework/web/servlet/mvc/method/RequestMappingInfo$DefaultBuilder
Event: 34.508 loading class org/springframework/web/servlet/mvc/method/RequestMappingInfo$DefaultBuilder done
Event: 34.509 loading class org/springframework/web/servlet/mvc/condition/PatternsRequestCondition
Event: 34.509 loading class org/springframework/web/servlet/mvc/condition/PatternsRequestCondition done
Event: 34.510 loading class org/springframework/web/servlet/mvc/condition/AbstractRequestCondition
Event: 34.510 loading class org/springframework/web/servlet/mvc/condition/AbstractRequestCondition done
Event: 34.511 loading class org/springframework/web/servlet/mvc/condition/RequestMethodsRequestCondition
Event: 34.511 loading class org/springframework/web/servlet/mvc/condition/RequestMethodsRequestCondition done


Dynamic libraries:
0x000000013f610000 - 0x000000013f647000 	D:\setup\jdk1.8\bin\javaw.exe
0x0000000077710000 - 0x00000000778ba000 	C:\Windows\SYSTEM32\ntdll.dll
0x00000000775f0000 - 0x000000007770f000 	C:\Windows\system32\kernel32.dll
0x000007fefd570000 - 0x000007fefd5db000 	C:\Windows\system32\KERNELBASE.dll
0x000007fefdf00000 - 0x000007fefdfdb000 	C:\Windows\system32\ADVAPI32.dll
0x000007fefe110000 - 0x000007fefe1af000 	C:\Windows\system32\msvcrt.dll
0x000007fefdba0000 - 0x000007fefdbbf000 	C:\Windows\SYSTEM32\sechost.dll
0x000007fefe230000 - 0x000007fefe35d000 	C:\Windows\system32\RPCRT4.dll
0x00000000774f0000 - 0x00000000775ea000 	C:\Windows\system32\USER32.dll
0x000007fefd910000 - 0x000007fefd977000 	C:\Windows\system32\GDI32.dll
0x000007fefdb90000 - 0x000007fefdb9e000 	C:\Windows\system32\LPK.dll
0x000007feff380000 - 0x000007feff44a000 	C:\Windows\system32\USP10.dll
0x000007fefbfb0000 - 0x000007fefc1a4000 	C:\Windows\WinSxS\amd64_microsoft.windows.common-controls_6595b64144ccf1df_6.0.7601.18837_none_fa3b1e3d17594757\COMCTL32.dll
0x000007fefe1b0000 - 0x000007fefe221000 	C:\Windows\system32\SHLWAPI.dll
0x000007fefdfe0000 - 0x000007fefe00e000 	C:\Windows\system32\IMM32.DLL
0x000007fefdbd0000 - 0x000007fefdcd9000 	C:\Windows\system32\MSCTF.dll
0x000000006e090000 - 0x000000006e162000 	D:\setup\jdk1.8\bin\msvcr100.dll
0x000000005bb90000 - 0x000000005c423000 	D:\setup\jdk1.8\bin\server\jvm.dll
0x000007fef0140000 - 0x000007fef0149000 	C:\Windows\system32\WSOCK32.dll
0x000007fefdeb0000 - 0x000007fefdefd000 	C:\Windows\system32\WS2_32.dll
0x000007fefdbc0000 - 0x000007fefdbc8000 	C:\Windows\system32\NSI.dll
0x000007fef9df0000 - 0x000007fef9e2b000 	C:\Windows\system32\WINMM.dll
0x000007fefc640000 - 0x000007fefc64c000 	C:\Windows\system32\VERSION.dll
0x00000000778d0000 - 0x00000000778d7000 	C:\Windows\system32\PSAPI.DLL
0x000000006e7c0000 - 0x000000006e7cf000 	D:\setup\jdk1.8\bin\verify.dll
0x000000006ddf0000 - 0x000000006de19000 	D:\setup\jdk1.8\bin\java.dll
0x000000006de60000 - 0x000000006de76000 	D:\setup\jdk1.8\bin\zip.dll
0x000007fefe5f0000 - 0x000007feff379000 	C:\Windows\system32\SHELL32.dll
0x000007fefd980000 - 0x000007fefdb83000 	C:\Windows\system32\ole32.dll
0x000007fefd560000 - 0x000007fefd56f000 	C:\Windows\system32\profapi.dll
0x00000000712b0000 - 0x00000000712bd000 	D:\setup\jdk1.8\bin\management.dll
0x000000006ddd0000 - 0x000000006ddea000 	D:\setup\jdk1.8\bin\net.dll
0x000007fefcd30000 - 0x000007fefcd85000 	C:\Windows\system32\mswsock.dll
0x000007fefcd20000 - 0x000007fefcd27000 	C:\Windows\System32\wship6.dll
0x0000000064950000 - 0x0000000064961000 	D:\setup\jdk1.8\bin\nio.dll
0x000007fefb120000 - 0x000007fefb135000 	C:\Windows\system32\NLAapi.dll
0x000007fef9610000 - 0x000007fef9625000 	C:\Windows\system32\napinsp.dll
0x000007fef95f0000 - 0x000007fef9609000 	C:\Windows\system32\pnrpnsp.dll
0x000007fefcbb0000 - 0x000007fefcc0b000 	C:\Windows\system32\DNSAPI.dll
0x000007fef95e0000 - 0x000007fef95eb000 	C:\Windows\System32\winrnr.dll
0x000007fef95d0000 - 0x000007fef95e0000 	C:\Windows\system32\wshbth.dll
0x000007fefc710000 - 0x000007fefc717000 	C:\Windows\System32\wshtcpip.dll
0x000007fefaea0000 - 0x000007fefaec7000 	C:\Windows\system32\IPHLPAPI.DLL
0x000007fefae90000 - 0x000007fefae9b000 	C:\Windows\system32\WINNSI.DLL
0x000007fef9580000 - 0x000007fef9588000 	C:\Windows\system32\rasadhlp.dll
0x000007fefabd0000 - 0x000007fefac23000 	C:\Windows\System32\fwpuclnt.dll
0x000007fefcd90000 - 0x000007fefcda8000 	C:\Windows\system32\CRYPTSP.dll
0x000007fefca90000 - 0x000007fefcad7000 	C:\Windows\system32\rsaenh.dll
0x000007fefd7a0000 - 0x000007fefd7be000 	C:\Windows\system32\USERENV.dll
0x000007fefd3f0000 - 0x000007fefd3ff000 	C:\Windows\system32\CRYPTBASE.dll
0x000007fefa9b0000 - 0x000007fefa9c8000 	C:\Windows\system32\dhcpcsvc.DLL
0x000007fefa930000 - 0x000007fefa941000 	C:\Windows\system32\dhcpcsvc6.DLL
0x0000000064920000 - 0x0000000064944000 	D:\setup\jdk1.8\bin\sunec.dll

VM Arguments:
jvm_args: -Dcom.sun.management.jmxremote -Dcom.sun.management.jmxremote.port=3436 -Dcom.sun.management.jmxremote.authenticate=false -Dcom.sun.management.jmxremote.ssl=false -Djava.rmi.server.hostname=localhost -Dspring.liveBeansView.mbeanDomain -Dspring.application.admin.enabled=true -Dfile.encoding=GBK 
java_command: com.shiran.cloud.EurekaHaApplication --spring.profiles.active=peer2 --spring.output.ansi.enabled=always
java_class_path (initial): F:\setup\spring-tool-suite-3.8.4.RELEASE-e4.6.3-win32-x86_64\workspace\code\microservice-discovery-eureka-ha\target\classes;F:\setup\apache-maven-3.3.9-bin\localrepositoryposition\org\springframework\cloud\spring-cloud-starter-eureka-server\1.2.1.RELEASE\spring-cloud-starter-eureka-server-1.2.1.RELEASE.jar;F:\setup\apache-maven-3.3.9-bin\localrepositoryposition\org\springframework\cloud\spring-cloud-starter\1.1.4.RELEASE\spring-cloud-starter-1.1.4.RELEASE.jar;F:\setup\apache-maven-3.3.9-bin\localrepositoryposition\org\springframework\boot\spring-boot-starter\1.4.6.RELEASE\spring-boot-starter-1.4.6.RELEASE.jar;F:\setup\apache-maven-3.3.9-bin\localrepositoryposition\org\springframework\boot\spring-boot\1.4.6.RELEASE\spring-boot-1.4.6.RELEASE.jar;F:\setup\apache-maven-3.3.9-bin\localrepositoryposition\org\springframework\spring-context\4.3.8.RELEASE\spring-context-4.3.8.RELEASE.jar;F:\setup\apache-maven-3.3.9-bin\localrepositoryposition\org\springframework\boot\spring-boot-autoconfigure\1.4.6.RELEASE\spring-boot-autoconfigure-1.4.6.RELEASE.jar;F:\setup\apache-maven-3.3.9-bin\localrepositoryposition\org\springframework\boot\spring-boot-starter-logging\1.4.6.RELEASE\spring-boot-starter-logging-1.4.6.RELEASE.jar;F:\setup\apache-maven-3.3.9-bin\localrepositoryposition\ch\qos\logback\logback-classic\1.1.11\logback-classic-1.1.11.jar;F:\setup\apache-maven-3.3.9-bin\localrepositoryposition\ch\qos\logback\logback-core\1.1.11\logback-core-1.1.11.jar;F:\setup\apache-maven-3.3.9-bin\localrepositoryposition\org\slf4j\jcl-over-slf4j\1.7.25\jcl-over-slf4j-1.7.25.jar;F:\setup\apache-maven-3.3.9-bin\localrepositoryposition\org\slf4j\jul-to-slf4j\1.7.25\jul-to-slf4j-1.7.25.jar;F:\setup\apache-maven-3.3.9-bin\localrepositoryposition\org\slf4j\log4j-over-slf4j\1.7.25\log4j-over-slf4j-1.7.25.jar;F:\setup\apache-maven-3.3.9-bin\localrepositoryposition\org\springframework\spring-core\4.3.8.RELEASE\spring-core-4.3.8.RELEASE.jar;F:\setup\apache-maven-3.3.9-bin\loc
Launcher Type: SUN_STANDARD

Environment Variables:
JAVA_HOME=D:\setup\jdk1.7
PATH=D:/setup/jdk1.8/bin/server;D:/setup/jdk1.8/bin;D:/setup/jdk1.8/lib/amd64;C:\ProgramData\Oracle\Java\javapath;D:\setup\django\python3.5\Scripts\;D:\setup\django\python3.5\;D:\setup\armv1.2\bin;D:\setup\python2.7;D:\app\Administrator\product\11.1.0\db_2\bin;F:\setup\scala\bin;D:\java\apache-maven-2.2.1\bin;%M2_HOME%\bin;D:\setup\jdk1.7;D:\setup\python34\Scripts;D:\setup\python34;C:\Program Files (x86)\Common Files\NetSarang;D:\setup\jdk1.7\bin;C:\Windows\system32;C:\Windows;C:\Windows\System32\Wbem;C:\Windows\System32\WindowsPowerShell\v1.0\;F:\setup\scala\bin;C:\Program Files (x86)\Microsoft SQL Server\100\Tools\Binn\;C:\Program Files\Microsoft SQL Server\100\Tools\Binn\;C:\Program Files\Microsoft SQL Server\100\DTS\Binn\;C:\Program Files (x86)\Microsoft SQL Server\100\Tools\Binn\VSShell\Common7\IDE\;C:\Program Files (x86)\Microsoft Visual Studio 9.0\Common7\IDE\PrivateAssemblies\;C:\Program Files (x86)\Microsoft SQL Server\100\DTS\Binn\;D:\setup\git\Git\cmd;F:\setup\spring-tool-suite-3.8.4.RELEASE-e4.6.3-win32-x86_64\sts-bundle\sts-3.8.4.RELEASE;
USERNAME=Administrator
OS=Windows_NT
PROCESSOR_IDENTIFIER=Intel64 Family 6 Model 60 Stepping 3, GenuineIntel



---------------  S Y S T E M  ---------------

OS: Windows 7 , 64 bit Build 7601 (6.1.7601.19135)

CPU:total 4 (2 cores per cpu, 2 threads per core) family 6 model 60 stepping 3, cmov, cx8, fxsr, mmx, sse, sse2, sse3, ssse3, sse4.1, sse4.2, popcnt, avx, avx2, aes, clmul, erms, lzcnt, ht, tsc, tscinvbit, bmi1, bmi2

Memory: 4k page, physical 4108656k(562472k free), swap 6661584k(604480k free)

vm_info: Java HotSpot(TM) 64-Bit Server VM (25.91-b15) for windows-amd64 JRE (1.8.0_91-b15), built on May 20 2016 17:43:15 by "java_re" with MS VC++ 10.0 (VS2010)

time: Wed May 17 10:32:33 2017
elapsed time: 38 seconds (0d 0h 0m 38s)

