JvmtiExport can_access_local_variables 1
JvmtiExport can_hotswap_or_post_breakpoint 1
JvmtiExport can_post_on_exceptions 1
# 295 ciObject found
instanceKlass com/sun/jersey/api/client/WebResource$1
instanceKlass java/net/InetSocketAddress$1
instanceKlass java/lang/Class$EnclosingMethodInfo
instanceKlass com/sun/jersey/core/util/KeyComparatorLinkedHashMap$1
instanceKlass com/sun/jersey/core/util/KeyComparatorHashMap$1
instanceKlass javax/activation/SecuritySupport$2
instanceKlass com/sun/activation/registries/MimeTypeEntry
instanceKlass javax/activation/SecuritySupport$5
instanceKlass javax/activation/SecuritySupport$3
instanceKlass javax/activation/SecuritySupport$1
instanceKlass javax/activation/SecuritySupport
instanceKlass com/sun/activation/registries/MimeTypeFile
instanceKlass com/sun/activation/registries/LogSupport
instanceKlass org/springframework/web/accept/PathExtensionContentNegotiationStrategy$ActivationMediaTypeFactory
instanceKlass org/springframework/util/StreamUtils
instanceKlass org/springframework/http/StreamingHttpOutputMessage
instanceKlass org/springframework/web/servlet/resource/VersionedResource
instanceKlass org/springframework/web/servlet/resource/EncodedResource
instanceKlass org/springframework/http/server/ServletServerHttpResponse
instanceKlass org/springframework/web/servlet/resource/DefaultResourceResolverChain
instanceKlass org/springframework/web/servlet/mvc/LastModified
instanceKlass org/springframework/util/AntPathMatcher$AntPatternComparator$PatternInfo
instanceKlass com/netflix/discovery/shared/transport/decorator/EurekaHttpClientDecorator$7
instanceKlass com/netflix/appinfo/AmazonInfo
instanceKlass com/netflix/eureka/resources/PeerReplicationResource$1
instanceKlass org/apache/http/message/BasicNameValuePair
instanceKlass org/apache/http/client/utils/URLEncodedUtils
instanceKlass java/lang/StrictMath
instanceKlass com/netflix/discovery/shared/transport/EurekaHttpResponse$EurekaHttpResponseBuilder
instanceKlass com/sun/jersey/core/provider/CompletableReader
instanceKlass com/fasterxml/jackson/databind/deser/std/NumberDeserializers
instanceKlass com/netflix/eureka/cluster/protocol/ReplicationListResponse
instanceKlass com/sun/jersey/api/client/Statuses
instanceKlass org/apache/http/client/methods/CloseableHttpResponse
instanceKlass org/apache/http/impl/client/CloseableHttpResponseProxy
instanceKlass org/apache/http/conn/EofSensorWatcher
instanceKlass org/apache/http/impl/auth/HttpAuthenticator$1
instanceKlass org/apache/http/message/TokenParser
instanceKlass org/apache/http/NameValuePair
instanceKlass org/apache/http/message/BasicHeaderValueParser
instanceKlass org/apache/http/message/HeaderValueParser
instanceKlass org/apache/http/message/BasicHeaderElementIterator
instanceKlass org/apache/http/message/BasicTokenIterator
instanceKlass org/apache/http/message/BufferedHeader
instanceKlass org/apache/http/message/BasicStatusLine
instanceKlass org/apache/http/message/ParserCursor
instanceKlass java/util/concurrent/LinkedBlockingDeque$Node
instanceKlass com/netflix/eureka/util/batcher/TaskExecutors$3
instanceKlass com/fasterxml/jackson/databind/ser/std/StdKeySerializers
instanceKlass com/fasterxml/jackson/databind/ser/BasicSerializerFactory$1
instanceKlass com/netflix/appinfo/LeaseInfo$1
instanceKlass com/fasterxml/jackson/databind/util/EnumValues
instanceKlass com/fasterxml/jackson/databind/ser/std/NumberSerializers$1
instanceKlass com/fasterxml/jackson/core/io/JsonStringEncoder
instanceKlass com/fasterxml/jackson/databind/ser/impl/PropertySerializerMap$SerializerAndMapResult
instanceKlass com/fasterxml/jackson/annotation/JsonFilter
instanceKlass com/fasterxml/jackson/databind/annotation/JsonAppend
instanceKlass com/fasterxml/jackson/databind/introspect/POJOPropertyBuilder$1
instanceKlass com/fasterxml/jackson/databind/ser/PropertyBuilder$1
instanceKlass com/fasterxml/jackson/annotation/JsonTypeId
instanceKlass com/fasterxml/jackson/databind/introspect/POJOPropertyBuilder$3
instanceKlass com/fasterxml/jackson/databind/ser/PropertyBuilder
instanceKlass com/fasterxml/jackson/annotation/JsonIgnoreType
instanceKlass com/fasterxml/jackson/databind/ser/BeanSerializerBuilder
instanceKlass org/apache/http/FormattedHeader
