#
# There is insufficient memory for the Java Runtime Environment to continue.
# Native memory allocation (malloc) failed to allocate 183024 bytes for Chunk::new
# Possible reasons:
#   The system is out of physical RAM or swap space
#   In 32 bit mode, the process size limit was hit
# Possible solutions:
#   Reduce memory load on the system
#   Increase physical memory or swap space
#   Check if swap backing store is full
#   Use 64 bit Java on a 64 bit OS
#   Decrease Java heap size (-Xmx/-Xms)
#   Decrease number of Java threads
#   Decrease Java thread stack sizes (-Xss)
#   Set larger code cache with -XX:ReservedCodeCacheSize=
# This output file may be truncated or incomplete.
#
#  Out of Memory Error (allocation.cpp:390), pid=12268, tid=9900
#
# JRE version: Java(TM) SE Runtime Environment (8.0_91-b15) (build 1.8.0_91-b15)
# Java VM: Java HotSpot(TM) 64-Bit Server VM (25.91-b15 mixed mode windows-amd64 compressed oops)
# Failed to write core dump. Minidumps are not enabled by default on client versions of Windows
#

---------------  T H R E A D  ---------------

Current thread (0x0000000055f1e000):  JavaThread "C2 CompilerThread1" daemon [_thread_in_native, id=9900, stack(0x0000000056930000,0x0000000056a30000)]

Stack: [0x0000000056930000,0x0000000056a30000]
[error occurred during error reporting (printing stack bounds), id 0xc0000005]

Native frames: (J=compiled Java code, j=interpreted, Vv=VM code, C=native code)


Current CompileTask:
C2:  73387 5098   !   4       org.springframework.core.SerializableTypeWrapper$TypeProxyInvocationHandler::invoke (232 bytes)


---------------  P R O C E S S  ---------------

Java Threads: ( => current thread )
  0x000000005bada800 JavaThread "container-0" [_thread_blocked, id=13508, stack(0x000000005db50000,0x000000005dc50000)]
  0x0000000058bfc800 JavaThread "ContainerBackgroundProcessor[StandardEngine[Tomcat]]" daemon [_thread_blocked, id=13500, stack(0x000000005d9c0000,0x000000005dac0000)]
  0x00000000574db000 JavaThread "RMI TCP Accept-0" daemon [_thread_in_native, id=12700, stack(0x0000000057c30000,0x0000000057d30000)]
  0x0000000057476800 JavaThread "RMI TCP Accept-2706" daemon [_thread_in_native, id=12848, stack(0x0000000057140000,0x0000000057240000)]
  0x0000000057475800 JavaThread "RMI TCP Accept-0" daemon [_thread_in_native, id=9564, stack(0x0000000056f80000,0x0000000057080000)]
  0x0000000055f99000 JavaThread "Service Thread" daemon [_thread_blocked, id=7260, stack(0x0000000056c40000,0x0000000056d40000)]
  0x0000000055f2b000 JavaThread "C1 CompilerThread2" daemon [_thread_blocked, id=12744, stack(0x0000000056a50000,0x0000000056b50000)]
=>0x0000000055f1e000 JavaThread "C2 CompilerThread1" daemon [_thread_in_native, id=9900, stack(0x0000000056930000,0x0000000056a30000)]
  0x0000000055f18000 JavaThread "C2 CompilerThread0" daemon [_thread_in_native, id=12256, stack(0x0000000056810000,0x0000000056910000)]
  0x0000000055f15000 JavaThread "Attach Listener" daemon [_thread_blocked, id=11632, stack(0x0000000056630000,0x0000000056730000)]
  0x0000000054c06800 JavaThread "Signal Dispatcher" daemon [_thread_blocked, id=11892, stack(0x0000000056490000,0x0000000056590000)]
  0x0000000054bee800 JavaThread "Finalizer" daemon [_thread_blocked, id=8084, stack(0x0000000055e00000,0x0000000055f00000)]
  0x0000000054ba7800 JavaThread "Reference Handler" daemon [_thread_blocked, id=12724, stack(0x0000000055ce0000,0x0000000055de0000)]
  0x0000000001ffc800 JavaThread "main" [_thread_in_native, id=12560, stack(0x00000000022d0000,0x00000000023d0000)]

Other Threads:
  0x0000000054b9f800 VMThread [stack: 0x0000000055b10000,0x0000000055c10000] [id=12292]
  0x00000000574dc000 WatcherThread [stack: 0x0000000057b20000,0x0000000057c20000] [id=13328]

VM state:not at safepoint (normal execution)

VM Mutex/Monitor currently owned by a thread: None

Heap:
 PSYoungGen      total 309760K, used 116588K [0x00000000eb180000, 0x00000000ff900000, 0x0000000100000000)
  eden space 300032K, 35% used [0x00000000eb180000,0x00000000f19e7660,0x00000000fd680000)
  from space 9728K, 99% used [0x00000000fef80000,0x00000000ff8f3c00,0x00000000ff900000)
  to   space 16384K, 0% used [0x00000000fd900000,0x00000000fd900000,0x00000000fe900000)
 ParOldGen       total 59392K, used 24433K [0x00000000c1400000, 0x00000000c4e00000, 0x00000000eb180000)
  object space 59392K, 41% used [0x00000000c1400000,0x00000000c2bdc7a0,0x00000000c4e00000)
 Metaspace       used 38503K, capacity 39274K, committed 39424K, reserved 1083392K
  class space    used 4903K, capacity 5064K, committed 5120K, reserved 1048576K

Card table byte_map: [0x0000000011790000,0x0000000011990000] byte_map_base: 0x0000000011186000

Marking Bits: (ParMarkBitMap*) 0x000000006ced2f70
 Begin Bits: [0x00000000120b0000, 0x0000000013060000)
 End Bits:   [0x0000000013060000, 0x0000000014010000)

Polling page: 0x0000000000210000

CodeCache: size=245760Kb used=16980Kb max_used=17004Kb free=228779Kb
 bounds [0x00000000023d0000, 0x0000000003480000, 0x00000000113d0000]
 total_blobs=4772 nmethods=4336 adapters=348
 compilation: enabled

Compilation events (10 events):
Event: 72.910 Thread 0x0000000055f2b000 5115       3       org.hibernate.validator.internal.metadata.provider.AnnotationMetaDataProvider::run (20 bytes)
Event: 72.911 Thread 0x0000000055f2b000 nmethod 5115 0x000000000346a2d0 code [0x000000000346a460, 0x000000000346a758]
Event: 72.918 Thread 0x0000000055f2b000 5117       2       org.hibernate.validator.internal.util.privilegedactions.GetAnnotationParameter::action (11 bytes)
Event: 72.918 Thread 0x0000000055f2b000 nmethod 5117 0x000000000346e810 code [0x000000000346e960, 0x000000000346eb10]
Event: 72.918 Thread 0x0000000055f2b000 5118   !   2       org.hibernate.validator.internal.util.privilegedactions.GetAnnotationParameter::run (141 bytes)
Event: 72.919 Thread 0x0000000055f2b000 nmethod 5118 0x000000000346ebd0 code [0x000000000346ee00, 0x000000000346f4a8]
Event: 72.924 Thread 0x0000000055f2b000 5120       1       org.hibernate.validator.internal.metadata.core.MetaConstraint::getDescriptor (5 bytes)
Event: 72.925 Thread 0x0000000055f2b000 nmethod 5120 0x000000000346fd50 code [0x000000000346fea0, 0x000000000346ffb0]
Event: 73.041 Thread 0x0000000055f18000 nmethod 5082 0x0000000003475cd0 code [0x00000000034760c0, 0x0000000003479088]
Event: 73.041 Thread 0x0000000055f18000 5114       4       org.springframework.core.SerializableTypeWrapper::forTypeProvider (208 bytes)

GC Heap History (10 events):
Event: 15.917 GC heap before
{Heap before GC invocations=8 (full 1):
 PSYoungGen      total 127488K, used 127164K [0x00000000eb180000, 0x00000000f4100000, 0x0000000100000000)
  eden space 121856K, 100% used [0x00000000eb180000,0x00000000f2880000,0x00000000f2880000)
  from space 5632K, 94% used [0x00000000f3b80000,0x00000000f40af008,0x00000000f4100000)
  to   space 9728K, 0% used [0x00000000f2e00000,0x00000000f2e00000,0x00000000f3780000)
 ParOldGen       total 38912K, used 12169K [0x00000000c1400000, 0x00000000c3a00000, 0x00000000eb180000)
  object space 38912K, 31% used [0x00000000c1400000,0x00000000c1fe2718,0x00000000c3a00000)
 Metaspace       used 26723K, capacity 27032K, committed 27136K, reserved 1073152K
  class space    used 3439K, capacity 3513K, committed 3584K, reserved 1048576K
Event: 15.969 GC heap after
Heap after GC invocations=8 (full 1):
 PSYoungGen      total 137216K, used 8002K [0x00000000eb180000, 0x00000000fa280000, 0x0000000100000000)
  eden space 127488K, 0% used [0x00000000eb180000,0x00000000eb180000,0x00000000f2e00000)
  from space 9728K, 82% used [0x00000000f2e00000,0x00000000f35d0920,0x00000000f3780000)
  to   space 10240K, 0% used [0x00000000f9880000,0x00000000f9880000,0x00000000fa280000)
 ParOldGen       total 38912K, used 12169K [0x00000000c1400000, 0x00000000c3a00000, 0x00000000eb180000)
  object space 38912K, 31% used [0x00000000c1400000,0x00000000c1fe2718,0x00000000c3a00000)
 Metaspace       used 26723K, capacity 27032K, committed 27136K, reserved 1073152K
  class space    used 3439K, capacity 3513K, committed 3584K, reserved 1048576K
}
Event: 22.571 GC heap before
{Heap before GC invocations=9 (full 1):
 PSYoungGen      total 137216K, used 135490K [0x00000000eb180000, 0x00000000fa280000, 0x0000000100000000)
  eden space 127488K, 100% used [0x00000000eb180000,0x00000000f2e00000,0x00000000f2e00000)
  from space 9728K, 82% used [0x00000000f2e00000,0x00000000f35d0920,0x00000000f3780000)
  to   space 10240K, 0% used [0x00000000f9880000,0x00000000f9880000,0x00000000fa280000)
 ParOldGen       total 38912K, used 12169K [0x00000000c1400000, 0x00000000c3a00000, 0x00000000eb180000)
  object space 38912K, 31% used [0x00000000c1400000,0x00000000c1fe2718,0x00000000c3a00000)
 Metaspace       used 32421K, capacity 32766K, committed 33024K, reserved 1077248K
  class space    used 4133K, capacity 4234K, committed 4352K, reserved 1048576K
Event: 22.598 GC heap after
Heap after GC invocations=9 (full 1):
 PSYoungGen      total 233472K, used 10230K [0x00000000eb180000, 0x00000000fae80000, 0x0000000100000000)
  eden space 223232K, 0% used [0x00000000eb180000,0x00000000eb180000,0x00000000f8b80000)
  from space 10240K, 99% used [0x00000000f9880000,0x00000000fa27db60,0x00000000fa280000)
  to   space 13312K, 0% used [0x00000000f8b80000,0x00000000f8b80000,0x00000000f9880000)
 ParOldGen       total 38912K, used 15793K [0x00000000c1400000, 0x00000000c3a00000, 0x00000000eb180000)
  object space 38912K, 40% used [0x00000000c1400000,0x00000000c236c7e8,0x00000000c3a00000)
 Metaspace       used 32421K, capacity 32766K, committed 33024K, reserved 1077248K
  class space    used 4133K, capacity 4234K, committed 4352K, reserved 1048576K
}
Event: 31.766 GC heap before
{Heap before GC invocations=10 (full 1):
 PSYoungGen      total 233472K, used 168269K [0x00000000eb180000, 0x00000000fae80000, 0x0000000100000000)
  eden space 223232K, 70% used [0x00000000eb180000,0x00000000f4bd5980,0x00000000f8b80000)
  from space 10240K, 99% used [0x00000000f9880000,0x00000000fa27db60,0x00000000fa280000)
  to   space 13312K, 0% used [0x00000000f8b80000,0x00000000f8b80000,0x00000000f9880000)
 ParOldGen       total 38912K, used 15793K [0x00000000c1400000, 0x00000000c3a00000, 0x00000000eb180000)
  object space 38912K, 40% used [0x00000000c1400000,0x00000000c236c7e8,0x00000000c3a00000)
 Metaspace       used 34903K, capacity 35300K, committed 35496K, reserved 1081344K
  class space    used 4468K, capacity 4571K, committed 4608K, reserved 1048576K
Event: 31.808 GC heap after
Heap after GC invocations=10 (full 1):
 PSYoungGen      total 236544K, used 13309K [0x00000000eb180000, 0x0000000100000000, 0x0000000100000000)
  eden space 223232K, 0% used [0x00000000eb180000,0x00000000eb180000,0x00000000f8b80000)
  from space 13312K, 99% used [0x00000000f8b80000,0x00000000f987f638,0x00000000f9880000)
  to   space 16896K, 0% used [0x00000000fef80000,0x00000000fef80000,0x0000000100000000)
 ParOldGen       total 38912K, used 19151K [0x00000000c1400000, 0x00000000c3a00000, 0x00000000eb180000)
  object space 38912K, 49% used [0x00000000c1400000,0x00000000c26b3ea0,0x00000000c3a00000)
 Metaspace       used 34903K, capacity 35300K, committed 35496K, reserved 1081344K
  class space    used 4468K, capacity 4571K, committed 4608K, reserved 1048576K
}
Event: 31.808 GC heap before
{Heap before GC invocations=11 (full 2):
 PSYoungGen      total 236544K, used 13309K [0x00000000eb180000, 0x0000000100000000, 0x0000000100000000)
  eden space 223232K, 0% used [0x00000000eb180000,0x00000000eb180000,0x00000000f8b80000)
  from space 13312K, 99% used [0x00000000f8b80000,0x00000000f987f638,0x00000000f9880000)
  to   space 16896K, 0% used [0x00000000fef80000,0x00000000fef80000,0x0000000100000000)
 ParOldGen       total 38912K, used 19151K [0x00000000c1400000, 0x00000000c3a00000, 0x00000000eb180000)
  object space 38912K, 49% used [0x00000000c1400000,0x00000000c26b3ea0,0x00000000c3a00000)
 Metaspace       used 34903K, capacity 35300K, committed 35496K, reserved 1081344K
  class space    used 4468K, capacity 4571K, committed 4608K, reserved 1048576K
Event: 32.308 GC heap after
Heap after GC invocations=11 (full 2):
 PSYoungGen      total 236544K, used 0K [0x00000000eb180000, 0x0000000100000000, 0x0000000100000000)
  eden space 223232K, 0% used [0x00000000eb180000,0x00000000eb180000,0x00000000f8b80000)
  from space 13312K, 0% used [0x00000000f8b80000,0x00000000f8b80000,0x00000000f9880000)
  to   space 16896K, 0% used [0x00000000fef80000,0x00000000fef80000,0x0000000100000000)
 ParOldGen       total 59392K, used 24425K [0x00000000c1400000, 0x00000000c4e00000, 0x00000000eb180000)
  object space 59392K, 41% used [0x00000000c1400000,0x00000000c2bda7a0,0x00000000c4e00000)
 Metaspace       used 34903K, capacity 35300K, committed 35496K, reserved 1081344K
  class space    used 4468K, capacity 4571K, committed 4608K, reserved 1048576K
}
Event: 37.051 GC heap before
{Heap before GC invocations=12 (full 2):
 PSYoungGen      total 236544K, used 223232K [0x00000000eb180000, 0x0000000100000000, 0x0000000100000000)
  eden space 223232K, 100% used [0x00000000eb180000,0x00000000f8b80000,0x00000000f8b80000)
  from space 13312K, 0% used [0x00000000f8b80000,0x00000000f8b80000,0x00000000f9880000)
  to   space 16896K, 0% used [0x00000000fef80000,0x00000000fef80000,0x0000000100000000)
 ParOldGen       total 59392K, used 24425K [0x00000000c1400000, 0x00000000c4e00000, 0x00000000eb180000)
  object space 59392K, 41% used [0x00000000c1400000,0x00000000c2bda7a0,0x00000000c4e00000)
 Metaspace       used 37711K, capacity 38462K, committed 38528K, reserved 1083392K
  class space    used 4815K, capacity 4982K, committed 4992K, reserved 1048576K
Event: 37.155 GC heap after
Heap after GC invocations=12 (full 2):
 PSYoungGen      total 309760K, used 9679K [0x00000000eb180000, 0x00000000ff900000, 0x0000000100000000)
  eden space 300032K, 0% used [0x00000000eb180000,0x00000000eb180000,0x00000000fd680000)
  from space 9728K, 99% used [0x00000000fef80000,0x00000000ff8f3c00,0x00000000ff900000)
  to   space 16384K, 0% used [0x00000000fd900000,0x00000000fd900000,0x00000000fe900000)
 ParOldGen       total 59392K, used 24433K [0x00000000c1400000, 0x00000000c4e00000, 0x00000000eb180000)
  object space 59392K, 41% used [0x00000000c1400000,0x00000000c2bdc7a0,0x00000000c4e00000)
 Metaspace       used 37711K, capacity 38462K, committed 38528K, reserved 1083392K
  class space    used 4815K, capacity 4982K, committed 4992K, reserved 1048576K
}

Deoptimization events (10 events):
Event: 36.821 Thread 0x0000000001ffc800 Uncommon trap: reason=unloaded action=reinterpret pc=0x0000000002a71bd4 method=java.lang.Class.createAnnotationData(I)Ljava/lang/Class$AnnotationData; @ 98
Event: 36.849 Thread 0x0000000001ffc800 Uncommon trap: reason=bimorphic action=maybe_recompile pc=0x0000000002ab662c method=org.springframework.core.env.PropertySource.containsProperty(Ljava/lang/String;)Z @ 2
Event: 36.849 Thread 0x0000000001ffc800 Uncommon trap: reason=bimorphic action=maybe_recompile pc=0x0000000002ab662c method=org.springframework.core.env.PropertySource.containsProperty(Ljava/lang/String;)Z @ 2
Event: 36.849 Thread 0x0000000001ffc800 Uncommon trap: reason=bimorphic action=maybe_recompile pc=0x0000000002ab662c method=org.springframework.core.env.PropertySource.containsProperty(Ljava/lang/String;)Z @ 2
Event: 36.849 Thread 0x0000000001ffc800 Uncommon trap: reason=bimorphic action=maybe_recompile pc=0x0000000002ab662c method=org.springframework.core.env.PropertySource.containsProperty(Ljava/lang/String;)Z @ 2
Event: 72.581 Thread 0x0000000001ffc800 Uncommon trap: reason=bimorphic action=maybe_recompile pc=0x00000000033287d0 method=java.util.HashMap.removeNode(ILjava/lang/Object;Ljava/lang/Object;ZZ)Ljava/util/HashMap$Node; @ 283
Event: 72.581 Thread 0x0000000001ffc800 Uncommon trap: reason=bimorphic action=maybe_recompile pc=0x00000000033287d0 method=java.util.HashMap.removeNode(ILjava/lang/Object;Ljava/lang/Object;ZZ)Ljava/util/HashMap$Node; @ 283
Event: 72.584 Thread 0x0000000001ffc800 Uncommon trap: reason=bimorphic action=maybe_recompile pc=0x00000000033287d0 method=java.util.HashMap.removeNode(ILjava/lang/Object;Ljava/lang/Object;ZZ)Ljava/util/HashMap$Node; @ 283
Event: 72.584 Thread 0x0000000001ffc800 Uncommon trap: reason=bimorphic action=maybe_recompile pc=0x00000000033287d0 method=java.util.HashMap.removeNode(ILjava/lang/Object;Ljava/lang/Object;ZZ)Ljava/util/HashMap$Node; @ 283
Event: 72.681 Thread 0x0000000001ffc800 Uncommon trap: reason=unstable_if action=reinterpret pc=0x00000000031be268 method=org.springframework.beans.factory.support.AbstractBeanFactory.isTypeMatch(Ljava/lang/String;Lorg/springframework/core/ResolvableType;)Z @ 206

Internal exceptions (10 events):
Event: 72.879 Thread 0x0000000001ffc800 Exception <a 'java/lang/ClassNotFoundException': org/springframework/boot/actuate/health/AbstractHealthIndicatorCustomizer> (0x00000000f12c82a0) thrown at [C:\re\workspace\8-2-build-windows-amd64-cygwin\jdk8u91\7017\hotspot\src\share\vm\classfile\systemDicÄŸ&&@8R@
Event: 72.879 Thread 0x0000000001ffc800 Exception <a 'java/lang/ClassNotFoundException': org/springframework/boot/actuate/health/RabbitHealthIndicatorCustomizer> (0x00000000f12e0048) thrown at [C:\re\workspace\8-2-build-windows-amd64-cygwin\jdk8u91\7017\hotspot\src\share\vm\classfile\systemDictiüY‡H8R@
Event: 72.879 Thread 0x0000000001ffc800 Exception <a 'java/lang/ClassNotFoundException': org/springframework/boot/actuate/health/HealthIndicatorCustomizer> (0x00000000f12f6b78) thrown at [C:\re\workspace\8-2-build-windows-amd64-cygwin\jdk8u91\7017\hotspot\src\share\vm\classfile\systemDictionary.™®?Ìπ9R@
Event: 72.902 Thread 0x0000000001ffc800 Exception <a 'java/lang/ClassNotFoundException': java/lang/ObjectCustomizer> (0x00000000f154ecd0) thrown at [C:\re\workspace\8-2-build-windows-amd64-cygwin\jdk8u91\7017\hotspot\src\share\vm\classfile\systemDictionary.cpp, line 210]
Event: 72.902 Thread 0x0000000001ffc800 Exception <a 'java/lang/ClassNotFoundException': org/springframework/cloud/stream/config/BindingPropertiesCustomizer> (0x00000000f1568070) thrown at [C:\re\workspace\8-2-build-windows-amd64-cygwin\jdk8u91\7017\hotspot\src\share\vm\classfile\systemDictionar"|˛=·9R@
Event: 72.904 Thread 0x0000000001ffc800 Exception <a 'java/lang/ClassNotFoundException': java/lang/ObjectCustomizer> (0x00000000f1598c20) thrown at [C:\re\workspace\8-2-build-windows-amd64-cygwin\jdk8u91\7017\hotspot\src\share\vm\classfile\systemDictionary.cpp, line 210]
Event: 72.905 Thread 0x0000000001ffc800 Exception <a 'java/lang/ClassNotFoundException': org/springframework/cloud/stream/binder/ProducerPropertiesCustomizer> (0x00000000f15b2018) thrown at [C:\re\workspace\8-2-build-windows-amd64-cygwin\jdk8u91\7017\hotspot\src\share\vm\classfile\systemDictionaÒbÃ:R@
Event: 72.908 Thread 0x0000000001ffc800 Exception <a 'java/lang/ClassNotFoundException': org/springframework/cloud/stream/binder/ExtendedProducerPropertiesCustomizer> (0x00000000f16048f0) thrown at [C:\re\workspace\8-2-build-windows-amd64-cygwin\jdk8u91\7017\hotspot\src\share\vm\classfile\systemy∏É':R@
Event: 72.909 Thread 0x0000000001ffc800 Exception <a 'java/lang/ClassNotFoundException': java/lang/ObjectCustomizer> (0x00000000f161a540) thrown at [C:\re\workspace\8-2-build-windows-amd64-cygwin\jdk8u91\7017\hotspot\src\share\vm\classfile\systemDictionary.cpp, line 210]
Event: 72.909 Thread 0x0000000001ffc800 Exception <a 'java/lang/ClassNotFoundException': org/springframework/cloud/stream/binder/ProducerPropertiesCustomizer> (0x00000000f16338f8) thrown at [C:\re\workspace\8-2-build-windows-amd64-cygwin\jdk8u91\7017\hotspot\src\share\vm\classfile\systemDictionaÕ_ê98R@

Events (10 events):
Event: 72.928 loading class org/springframework/amqp/rabbit/core/RabbitAdmin$1
Event: 72.928 loading class org/springframework/amqp/rabbit/core/RabbitAdmin$1 done
Event: 72.929 loading class org/springframework/amqp/rabbit/connection/SimpleConnection
Event: 72.929 loading class org/springframework/amqp/rabbit/connection/SimpleConnection done
Event: 72.929 loading class com/rabbitmq/client/impl/FrameHandlerFactory
Event: 72.929 loading class com/rabbitmq/client/impl/FrameHandlerFactory done
Event: 72.930 loading class com/rabbitmq/client/impl/FrameHandler
Event: 72.930 loading class com/rabbitmq/client/impl/FrameHandler done
Event: 72.930 loading class com/rabbitmq/client/impl/ConnectionParams
Event: 72.930 loading class com/rabbitmq/client/impl/ConnectionParams done


Dynamic libraries:
0x000000013f350000 - 0x000000013f387000 	D:\setup\jdk1.8\bin\javaw.exe
0x0000000077070000 - 0x000000007721a000 	C:\Windows\SYSTEM32\ntdll.dll
0x0000000076e50000 - 0x0000000076f6f000 	C:\Windows\system32\kernel32.dll
0x000007fefd1f0000 - 0x000007fefd25b000 	C:\Windows\system32\KERNELBASE.dll
0x000007fefe510000 - 0x000007fefe5eb000 	C:\Windows\system32\ADVAPI32.dll
0x000007fefdfc0000 - 0x000007fefe05f000 	C:\Windows\system32\msvcrt.dll
0x000007fefd4b0000 - 0x000007fefd4cf000 	C:\Windows\SYSTEM32\sechost.dll
0x000007fefd380000 - 0x000007fefd4ad000 	C:\Windows\system32\RPCRT4.dll
0x0000000076f70000 - 0x000000007706a000 	C:\Windows\system32\USER32.dll
0x000007fefd7d0000 - 0x000007fefd837000 	C:\Windows\system32\GDI32.dll
0x000007fefe480000 - 0x000007fefe48e000 	C:\Windows\system32\LPK.dll
0x000007fefd700000 - 0x000007fefd7ca000 	C:\Windows\system32\USP10.dll
0x000007fefb510000 - 0x000007fefb704000 	C:\Windows\WinSxS\amd64_microsoft.windows.common-controls_6595b64144ccf1df_6.0.7601.18837_none_fa3b1e3d17594757\COMCTL32.dll
0x000007fefd270000 - 0x000007fefd2e1000 	C:\Windows\system32\SHLWAPI.dll
0x000007fefd920000 - 0x000007fefd94e000 	C:\Windows\system32\IMM32.DLL
0x000007fefd950000 - 0x000007fefda59000 	C:\Windows\system32\MSCTF.dll
0x000000006b080000 - 0x000000006b152000 	D:\setup\jdk1.8\bin\msvcr100.dll
0x000000006c6c0000 - 0x000000006cf53000 	D:\setup\jdk1.8\bin\server\jvm.dll
0x000007fef0220000 - 0x000007fef0229000 	C:\Windows\system32\WSOCK32.dll
0x000007fefdf70000 - 0x000007fefdfbd000 	C:\Windows\system32\WS2_32.dll
0x000007fefd2f0000 - 0x000007fefd2f8000 	C:\Windows\system32\NSI.dll
0x000007fef5b70000 - 0x000007fef5bab000 	C:\Windows\system32\WINMM.dll
0x000007fefbfa0000 - 0x000007fefbfac000 	C:\Windows\system32\VERSION.dll
0x0000000077230000 - 0x0000000077237000 	C:\Windows\system32\PSAPI.DLL
0x00000000724c0000 - 0x00000000724cf000 	D:\setup\jdk1.8\bin\verify.dll
0x0000000072490000 - 0x00000000724b9000 	D:\setup\jdk1.8\bin\java.dll
0x0000000072470000 - 0x0000000072486000 	D:\setup\jdk1.8\bin\zip.dll
0x000007fefe5f0000 - 0x000007feff379000 	C:\Windows\system32\SHELL32.dll
0x000007fefe060000 - 0x000007fefe263000 	C:\Windows\system32\ole32.dll
0x000007fefceb0000 - 0x000007fefcebf000 	C:\Windows\system32\profapi.dll
0x000000006c160000 - 0x000000006c16d000 	D:\setup\jdk1.8\bin\management.dll
0x0000000072450000 - 0x000000007246a000 	D:\setup\jdk1.8\bin\net.dll
0x000007fefc690000 - 0x000007fefc6e5000 	C:\Windows\system32\mswsock.dll
0x000007fefc680000 - 0x000007fefc687000 	C:\Windows\System32\wship6.dll
0x0000000072430000 - 0x0000000072441000 	D:\setup\jdk1.8\bin\nio.dll
0x000007fefaea0000 - 0x000007fefaeb5000 	C:\Windows\system32\NLAapi.dll
0x000007fefa3e0000 - 0x000007fefa3f5000 	C:\Windows\system32\napinsp.dll
0x000007fef75f0000 - 0x000007fef7609000 	C:\Windows\system32\pnrpnsp.dll
0x000007fefc510000 - 0x000007fefc56b000 	C:\Windows\system32\DNSAPI.dll
0x000007fef75e0000 - 0x000007fef75eb000 	C:\Windows\System32\winrnr.dll
0x000007fef75d0000 - 0x000007fef75e0000 	C:\Windows\system32\wshbth.dll
0x000007fefc070000 - 0x000007fefc077000 	C:\Windows\System32\wshtcpip.dll
0x000007fefa800000 - 0x000007fefa827000 	C:\Windows\system32\IPHLPAPI.DLL
0x000007fefa7f0000 - 0x000007fefa7fb000 	C:\Windows\system32\WINNSI.DLL
0x000007fef7580000 - 0x000007fef7588000 	C:\Windows\system32\rasadhlp.dll
0x000007fefa6a0000 - 0x000007fefa6f3000 	C:\Windows\System32\fwpuclnt.dll
0x000007fefc6f0000 - 0x000007fefc708000 	C:\Windows\system32\CRYPTSP.dll
0x000007fefc3f0000 - 0x000007fefc437000 	C:\Windows\system32\rsaenh.dll
0x000007fefcf60000 - 0x000007fefcf7e000 	C:\Windows\system32\USERENV.dll
0x000007fefcd50000 - 0x000007fefcd5f000 	C:\Windows\system32\CRYPTBASE.dll
0x000007fefa3b0000 - 0x000007fefa3c8000 	C:\Windows\system32\dhcpcsvc.DLL
0x000007fefa390000 - 0x000007fefa3a1000 	C:\Windows\system32\dhcpcsvc6.DLL

VM Arguments:
jvm_args: -Dcom.sun.management.jmxremote -Dcom.sun.management.jmxremote.port=2706 -Dcom.sun.management.jmxremote.authenticate=false -Dcom.sun.management.jmxremote.ssl=false -Djava.rmi.server.hostname=localhost -Dspring.liveBeansView.mbeanDomain -Dspring.application.admin.enabled=true -Dfile.encoding=UTF-8 
java_command: com.shiran.cloud.ConfigClientApplication --spring.output.ansi.enabled=always
java_class_path (initial): F:\setup\spring-tool-suite-3.8.4.RELEASE-e4.6.3-win32-x86_64\workspace\code\config-learning\microservice-config-client-refresh-bus\target\classes;F:\setup\apache-maven-3.3.9-bin\localrepositoryposition\org\springframework\cloud\spring-cloud-starter-config\1.2.1.RELEASE\spring-cloud-starter-config-1.2.1.RELEASE.jar;F:\setup\apache-maven-3.3.9-bin\localrepositoryposition\org\springframework\cloud\spring-cloud-starter\1.1.4.RELEASE\spring-cloud-starter-1.1.4.RELEASE.jar;F:\setup\apache-maven-3.3.9-bin\localrepositoryposition\org\springframework\cloud\spring-cloud-context\1.1.4.RELEASE\spring-cloud-context-1.1.4.RELEASE.jar;F:\setup\apache-maven-3.3.9-bin\localrepositoryposition\org\springframework\security\spring-security-crypto\4.1.4.RELEASE\spring-security-crypto-4.1.4.RELEASE.jar;F:\setup\apache-maven-3.3.9-bin\localrepositoryposition\org\springframework\cloud\spring-cloud-commons\1.1.4.RELEASE\spring-cloud-commons-1.1.4.RELEASE.jar;F:\setup\apache-maven-3.3.9-bin\localrepositoryposition\org\springframework\security\spring-security-rsa\1.0.3.RELEASE\spring-security-rsa-1.0.3.RELEASE.jar;F:\setup\apache-maven-3.3.9-bin\localrepositoryposition\org\bouncycastle\bcpkix-jdk15on\1.55\bcpkix-jdk15on-1.55.jar;F:\setup\apache-maven-3.3.9-bin\localrepositoryposition\org\bouncycastle\bcprov-jdk15on\1.55\bcprov-jdk15on-1.55.jar;F:\setup\apache-maven-3.3.9-bin\localrepositoryposition\org\springframework\cloud\spring-cloud-config-client\1.2.1.RELEASE\spring-cloud-config-client-1.2.1.RELEASE.jar;F:\setup\apache-maven-3.3.9-bin\localrepositoryposition\org\springframework\boot\spring-boot-autoconfigure\1.4.6.RELEASE\spring-boot-autoconfigure-1.4.6.RELEASE.jar;F:\setup\apache-maven-3.3.9-bin\localrepositoryposition\com\fasterxml\jackson\core\jackson-annotations\2.8.8\jackson-annotations-2.8.8.jar;F:\setup\apache-maven-3.3.9-bin\localrepositoryposition\com\fasterxml\jackson\core\jackson-databind\2.8.8\jackson-databind-2.8.8.jar;F:\setup\apache-maven-3.3.9-
Launcher Type: SUN_STANDARD

Environment Variables:
JAVA_HOME=D:\setup\jdk1.7
PATH=D:/setup/jdk1.8/bin/server;D:/setup/jdk1.8/bin;D:/setup/jdk1.8/lib/amd64;C:\ProgramData\Oracle\Java\javapath;D:\setup\django\python3.5\Scripts\;D:\setup\django\python3.5\;D:\setup\armv1.2\bin;D:\setup\python2.7;D:\app\Administrator\product\11.1.0\db_2\bin;F:\setup\scala\bin;D:\java\apache-maven-2.2.1\bin;%M2_HOME%\bin;D:\setup\jdk1.7;D:\setup\python34\Scripts;D:\setup\python34;C:\Program Files (x86)\Common Files\NetSarang;D:\setup\jdk1.7\bin;C:\Windows\system32;C:\Windows;C:\Windows\System32\Wbem;C:\Windows\System32\WindowsPowerShell\v1.0\;F:\setup\scala\bin;C:\Program Files (x86)\Microsoft SQL Server\100\Tools\Binn\;C:\Program Files\Microsoft SQL Server\100\Tools\Binn\;C:\Program Files\Microsoft SQL Server\100\DTS\Binn\;C:\Program Files (x86)\Microsoft SQL Server\100\Tools\Binn\VSShell\Common7\IDE\;C:\Program Files (x86)\Microsoft Visual Studio 9.0\Common7\IDE\PrivateAssemblies\;C:\Program Files (x86)\Microsoft SQL Server\100\DTS\Binn\;D:\setup\git\Git\cmd;D:\setup\tortorsegit1.8\bin;D:\setup\node-v6.10.3\;C:\Users\Administrator\AppData\Roaming\npm;F:\setup\spring-tool-suite-3.8.4.RELEASE-e4.6.3-win32-x86_64\sts-bundle\sts-3.8.4.RELEASE;
USERNAME=Administrator
OS=Windows_NT
PROCESSOR_IDENTIFIER=Intel64 Family 6 Model 60 Stepping 3, GenuineIntel



---------------  S Y S T E M  ---------------

OS: Windows 7 , 64 bit Build 7601 (6.1.7601.19135)

CPU:total 4 (2 cores per cpu, 2 threads per core) family 6 model 60 stepping 3, cmov, cx8, fxsr, mmx, sse, sse2, sse3, ssse3, sse4.1, sse4.2, popcnt, avx, avx2, aes, clmul, erms, lzcnt, ht, tsc, tscinvbit, bmi1, bmi2

Memory: 4k page, physical 4108656k(315984k free), swap 6750228k(10876k free)

vm_info: Java HotSpot(TM) 64-Bit Server VM (25.91-b15) for windows-amd64 JRE (1.8.0_91-b15), built on May 20 2016 17:43:15 by "java_re" with MS VC++ 10.0 (VS2010)

time: Mon May 29 16:04:09 2017
elapsed time: 73 seconds (0d 0h 1m 13s)

