#
# There is insufficient memory for the Java Runtime Environment to continue.
# Native memory allocation (malloc) failed to allocate 32744 bytes for ChunkPool::allocate
# Possible reasons:
#   The system is out of physical RAM or swap space
#   In 32 bit mode, the process size limit was hit
# Possible solutions:
#   Reduce memory load on the system
#   Increase physical memory or swap space
#   Check if swap backing store is full
#   Use 64 bit Java on a 64 bit OS
#   Decrease Java heap size (-Xmx/-Xms)
#   Decrease number of Java threads
#   Decrease Java thread stack sizes (-Xss)
#   Set larger code cache with -XX:ReservedCodeCacheSize=
# This output file may be truncated or incomplete.
#
#  Out of Memory Error (allocation.cpp:273), pid=12648, tid=12352
#
# JRE version: Java(TM) SE Runtime Environment (8.0_91-b15) (build 1.8.0_91-b15)
# Java VM: Java HotSpot(TM) 64-Bit Server VM (25.91-b15 mixed mode windows-amd64 compressed oops)
# Failed to write core dump. Minidumps are not enabled by default on client versions of Windows
#

---------------  T H R E A D  ---------------

Current thread (0x00000000562a0800):  JavaThread "C2 CompilerThread0" daemon [_thread_in_native, id=12352, stack(0x0000000056990000,0x0000000056a90000)]

Stack: [0x0000000056990000,0x0000000056a90000]
[error occurred during error reporting (printing stack bounds), id 0xc0000005]

Native frames: (J=compiled Java code, j=interpreted, Vv=VM code, C=native code)


Current CompileTask:
C2: 113287 5065       4       org.springframework.beans.GenericTypeAwarePropertyDescriptor::<init> (328 bytes)


---------------  P R O C E S S  ---------------

Java Threads: ( => current thread )
  0x000000005a504000 JavaThread "http-nio-8080-exec-1-Timer" daemon [_thread_blocked, id=13912, stack(0x00000000603a0000,0x00000000604a0000)]
  0x0000000058553000 JavaThread "DestroyJavaVM" [_thread_blocked, id=12228, stack(0x0000000002390000,0x0000000002490000)]
  0x0000000058552800 JavaThread "http-nio-8080-AsyncTimeout" daemon [_thread_blocked, id=13716, stack(0x000000005fca0000,0x000000005fda0000)]
  0x0000000058551800 JavaThread "http-nio-8080-Acceptor-0" daemon [_thread_in_native, id=13712, stack(0x000000005f640000,0x000000005f740000)]
  0x0000000058550800 JavaThread "http-nio-8080-ClientPoller-1" daemon [_thread_in_native, id=13708, stack(0x000000005fa50000,0x000000005fb50000)]
  0x0000000058550000 JavaThread "http-nio-8080-ClientPoller-0" daemon [_thread_in_native, id=13704, stack(0x000000005f8c0000,0x000000005f9c0000)]
  0x000000005854f000 JavaThread "http-nio-8080-exec-10" daemon [_thread_blocked, id=13700, stack(0x000000005f750000,0x000000005f850000)]
  0x000000005854e800 JavaThread "http-nio-8080-exec-9" daemon [_thread_blocked, id=13696, stack(0x000000005f190000,0x000000005f290000)]
  0x000000005854d800 JavaThread "http-nio-8080-exec-8" daemon [_thread_blocked, id=13692, stack(0x000000005f4d0000,0x000000005f5d0000)]
  0x000000005854d000 JavaThread "http-nio-8080-exec-7" daemon [_thread_blocked, id=13688, stack(0x000000005f340000,0x000000005f440000)]
  0x000000005854c000 JavaThread "http-nio-8080-exec-6" daemon [_thread_blocked, id=13684, stack(0x000000005f090000,0x000000005f190000)]
  0x0000000057985800 JavaThread "http-nio-8080-exec-5" daemon [_thread_blocked, id=13680, stack(0x000000005b040000,0x000000005b140000)]
  0x0000000057984800 JavaThread "http-nio-8080-exec-4" daemon [_thread_blocked, id=13676, stack(0x000000005ef60000,0x000000005f060000)]
  0x000000005ba3e800 JavaThread "http-nio-8080-exec-3" daemon [_thread_blocked, id=13672, stack(0x000000005d4f0000,0x000000005d5f0000)]
  0x000000005b5fe800 JavaThread "http-nio-8080-exec-2" daemon [_thread_in_native, id=13668, stack(0x000000005d870000,0x000000005d970000)]
  0x000000005a315800 JavaThread "http-nio-8080-exec-1" daemon [_thread_blocked, id=13664, stack(0x000000005d5f0000,0x000000005d6f0000)]
  0x0000000058ead800 JavaThread "NioBlockingSelector.BlockPoller-1" daemon [_thread_in_native, id=13660, stack(0x000000005c3a0000,0x000000005c4a0000)]
  0x0000000057870800 JavaThread "container-0" [_thread_blocked, id=13512, stack(0x000000005d9b0000,0x000000005dab0000)]
  0x0000000057af2000 JavaThread "ContainerBackgroundProcessor[StandardEngine[Tomcat]]" daemon [_thread_blocked, id=13504, stack(0x000000005d760000,0x000000005d860000)]
  0x00000000575e4000 JavaThread "RMI TCP Accept-0" daemon [_thread_in_native, id=13144, stack(0x0000000057300000,0x0000000057400000)]
  0x0000000057594800 JavaThread "RMI TCP Accept-2700" daemon [_thread_in_native, id=13160, stack(0x0000000057db0000,0x0000000057eb0000)]
  0x000000005758a800 JavaThread "RMI TCP Accept-0" daemon [_thread_in_native, id=13124, stack(0x0000000056f30000,0x0000000057030000)]
  0x0000000056318000 JavaThread "Service Thread" daemon [_thread_blocked, id=12608, stack(0x0000000056cf0000,0x0000000056df0000)]
  0x00000000562a7800 JavaThread "C1 CompilerThread2" daemon [_thread_blocked, id=10964, stack(0x0000000056e10000,0x0000000056f10000)]
  0x00000000562a2000 JavaThread "C2 CompilerThread1" daemon [_thread_in_native, id=12732, stack(0x0000000056bc0000,0x0000000056cc0000)]
=>0x00000000562a0800 JavaThread "C2 CompilerThread0" daemon [_thread_in_native, id=12352, stack(0x0000000056990000,0x0000000056a90000)]
  0x000000005629a000 JavaThread "Attach Listener" daemon [_thread_blocked, id=13180, stack(0x0000000056790000,0x0000000056890000)]
  0x0000000056298000 JavaThread "Signal Dispatcher" daemon [_thread_blocked, id=9044, stack(0x0000000056000000,0x0000000056100000)]
  0x0000000054e5d000 JavaThread "Finalizer" daemon [_thread_blocked, id=13128, stack(0x0000000056180000,0x0000000056280000)]
  0x0000000054e15800 JavaThread "Reference Handler" daemon [_thread_blocked, id=12400, stack(0x0000000055ef0000,0x0000000055ff0000)]

Other Threads:
  0x0000000054e0e000 VMThread [stack: 0x0000000055d80000,0x0000000055e80000] [id=11276]
  0x00000000575ef000 WatcherThread [stack: 0x0000000056680000,0x0000000056780000] [id=8328]

VM state:not at safepoint (normal execution)

VM Mutex/Monitor currently owned by a thread: None

Heap:
 PSYoungGen      total 100864K, used 78720K [0x00000000eb180000, 0x00000000f3d80000, 0x0000000100000000)
  eden space 92672K, 84% used [0x00000000eb180000,0x00000000efe601a0,0x00000000f0c00000)
  from space 8192K, 0% used [0x00000000f0c00000,0x00000000f0c00000,0x00000000f1400000)
  to   space 7680K, 0% used [0x00000000f3600000,0x00000000f3600000,0x00000000f3d80000)
 ParOldGen       total 41984K, used 18857K [0x00000000c1400000, 0x00000000c3d00000, 0x00000000eb180000)
  object space 41984K, 44% used [0x00000000c1400000,0x00000000c266a490,0x00000000c3d00000)
 Metaspace       used 40465K, capacity 41189K, committed 41344K, reserved 1085440K
  class space    used 5040K, capacity 5211K, committed 5248K, reserved 1048576K

Card table byte_map: [0x0000000011850000,0x0000000011a50000] byte_map_base: 0x0000000011246000

Marking Bits: (ParMarkBitMap*) 0x000000006ced2f70
 Begin Bits: [0x0000000012320000, 0x00000000132d0000)
 End Bits:   [0x00000000132d0000, 0x0000000014280000)

Polling page: 0x0000000000200000

CodeCache: size=245760Kb used=16797Kb max_used=16848Kb free=228963Kb
 bounds [0x0000000002490000, 0x0000000003520000, 0x0000000011490000]
 total_blobs=4786 nmethods=4321 adapters=377
 compilation: enabled

Compilation events (10 events):
Event: 113.130 Thread 0x00000000562a7800 5127       1       java.lang.StackTraceElement::getMethodName (5 bytes)
Event: 113.130 Thread 0x00000000562a7800 nmethod 5127 0x00000000033c4e10 code [0x00000000033c4f60, 0x00000000033c5070]
Event: 113.136 Thread 0x00000000562a7800 5128   !   3       sun.net.www.protocol.jar.JarFileFactory::close (45 bytes)
Event: 113.137 Thread 0x00000000562a7800 nmethod 5128 0x00000000033c3b90 code [0x00000000033c3da0, 0x00000000033c4888]
Event: 113.137 Thread 0x00000000562a7800 5129       3       org.springframework.util.StringUtils::getFilename (30 bytes)
Event: 113.138 Thread 0x00000000562a7800 nmethod 5129 0x00000000033c3310 code [0x00000000033c34a0, 0x00000000033c3978]
Event: 113.138 Thread 0x00000000562a7800 5130       3       org.springframework.boot.bind.PropertySourcesPropertyValues::putIfAbsent (84 bytes)
Event: 113.139 Thread 0x00000000562a7800 nmethod 5130 0x00000000033c1450 code [0x00000000033c16e0, 0x00000000033c27c8]
Event: 113.142 Thread 0x00000000562a7800 5131 %     3       org.springframework.boot.bind.RelaxedDataBinder::getPropertyValuesForNamePrefix @ 125 (258 bytes)
Event: 113.147 Thread 0x00000000562a7800 nmethod 5131% 0x00000000033b9b10 code [0x00000000033ba0a0, 0x00000000033be268]

GC Heap History (10 events):
Event: 62.263 GC heap before
{Heap before GC invocations=17 (full 1):
 PSYoungGen      total 50176K, used 45809K [0x00000000eb180000, 0x00000000f0200000, 0x0000000100000000)
  eden space 42496K, 100% used [0x00000000eb180000,0x00000000edb00000,0x00000000edb00000)
  from space 7680K, 43% used [0x00000000edb00000,0x00000000ede3c628,0x00000000ee280000)
  to   space 7680K, 0% used [0x00000000efa80000,0x00000000efa80000,0x00000000f0200000)
 ParOldGen       total 32256K, used 14729K [0x00000000c1400000, 0x00000000c3380000, 0x00000000eb180000)
  object space 32256K, 45% used [0x00000000c1400000,0x00000000c22625c0,0x00000000c3380000)
 Metaspace       used 29150K, capacity 29547K, committed 29696K, reserved 1075200K
  class space    used 3664K, capacity 3757K, committed 3840K, reserved 1048576K
Event: 62.441 GC heap after
Heap after GC invocations=17 (full 1):
 PSYoungGen      total 73728K, used 3879K [0x00000000eb180000, 0x00000000f0100000, 0x0000000100000000)
  eden space 67072K, 0% used [0x00000000eb180000,0x00000000eb180000,0x00000000ef300000)
  from space 6656K, 58% used [0x00000000efa80000,0x00000000efe49fe0,0x00000000f0100000)
  to   space 7168K, 0% used [0x00000000ef300000,0x00000000ef300000,0x00000000efa00000)
 ParOldGen       total 32256K, used 16982K [0x00000000c1400000, 0x00000000c3380000, 0x00000000eb180000)
  object space 32256K, 52% used [0x00000000c1400000,0x00000000c24958f0,0x00000000c3380000)
 Metaspace       used 29150K, capacity 29547K, committed 29696K, reserved 1075200K
  class space    used 3664K, capacity 3757K, committed 3840K, reserved 1048576K
}
Event: 66.441 GC heap before
{Heap before GC invocations=18 (full 1):
 PSYoungGen      total 73728K, used 70951K [0x00000000eb180000, 0x00000000f0100000, 0x0000000100000000)
  eden space 67072K, 100% used [0x00000000eb180000,0x00000000ef300000,0x00000000ef300000)
  from space 6656K, 58% used [0x00000000efa80000,0x00000000efe49fe0,0x00000000f0100000)
  to   space 7168K, 0% used [0x00000000ef300000,0x00000000ef300000,0x00000000efa00000)
 ParOldGen       total 32256K, used 16982K [0x00000000c1400000, 0x00000000c3380000, 0x00000000eb180000)
  object space 32256K, 52% used [0x00000000c1400000,0x00000000c24958f0,0x00000000c3380000)
 Metaspace       used 31330K, capacity 31761K, committed 32000K, reserved 1077248K
  class space    used 3914K, capacity 4030K, committed 4096K, reserved 1048576K
Event: 66.532 GC heap after
Heap after GC invocations=18 (full 1):
 PSYoungGen      total 74240K, used 5380K [0x00000000eb180000, 0x00000000f1b80000, 0x0000000100000000)
  eden space 67072K, 0% used [0x00000000eb180000,0x00000000eb180000,0x00000000ef300000)
  from space 7168K, 75% used [0x00000000ef300000,0x00000000ef841228,0x00000000efa00000)
  to   space 7680K, 0% used [0x00000000f1400000,0x00000000f1400000,0x00000000f1b80000)
 ParOldGen       total 32256K, used 18851K [0x00000000c1400000, 0x00000000c3380000, 0x00000000eb180000)
  object space 32256K, 58% used [0x00000000c1400000,0x00000000c2668f18,0x00000000c3380000)
 Metaspace       used 31330K, capacity 31761K, committed 32000K, reserved 1077248K
  class space    used 3914K, capacity 4030K, committed 4096K, reserved 1048576K
}
Event: 72.322 GC heap before
{Heap before GC invocations=19 (full 1):
 PSYoungGen      total 74240K, used 72452K [0x00000000eb180000, 0x00000000f1b80000, 0x0000000100000000)
  eden space 67072K, 100% used [0x00000000eb180000,0x00000000ef300000,0x00000000ef300000)
  from space 7168K, 75% used [0x00000000ef300000,0x00000000ef841228,0x00000000efa00000)
  to   space 7680K, 0% used [0x00000000f1400000,0x00000000f1400000,0x00000000f1b80000)
 ParOldGen       total 32256K, used 18851K [0x00000000c1400000, 0x00000000c3380000, 0x00000000eb180000)
  object space 32256K, 58% used [0x00000000c1400000,0x00000000c2668f18,0x00000000c3380000)
 Metaspace       used 32866K, capacity 33361K, committed 33408K, reserved 1079296K
  class space    used 4116K, capacity 4218K, committed 4224K, reserved 1048576K
Event: 72.452 GC heap after
Heap after GC invocations=19 (full 1):
 PSYoungGen      total 100352K, used 5024K [0x00000000eb180000, 0x00000000f1c80000, 0x0000000100000000)
  eden space 92672K, 0% used [0x00000000eb180000,0x00000000eb180000,0x00000000f0c00000)
  from space 7680K, 65% used [0x00000000f1400000,0x00000000f18e8000,0x00000000f1b80000)
  to   space 8192K, 0% used [0x00000000f0c00000,0x00000000f0c00000,0x00000000f1400000)
 ParOldGen       total 32256K, used 23152K [0x00000000c1400000, 0x00000000c3380000, 0x00000000eb180000)
  object space 32256K, 71% used [0x00000000c1400000,0x00000000c2a9c208,0x00000000c3380000)
 Metaspace       used 32866K, capacity 33361K, committed 33408K, reserved 1079296K
  class space    used 4116K, capacity 4218K, committed 4224K, reserved 1048576K
}
Event: 85.792 GC heap before
{Heap before GC invocations=20 (full 1):
 PSYoungGen      total 100352K, used 93828K [0x00000000eb180000, 0x00000000f1c80000, 0x0000000100000000)
  eden space 92672K, 95% used [0x00000000eb180000,0x00000000f08392d8,0x00000000f0c00000)
  from space 7680K, 65% used [0x00000000f1400000,0x00000000f18e8000,0x00000000f1b80000)
  to   space 8192K, 0% used [0x00000000f0c00000,0x00000000f0c00000,0x00000000f1400000)
 ParOldGen       total 32256K, used 23152K [0x00000000c1400000, 0x00000000c3380000, 0x00000000eb180000)
  object space 32256K, 71% used [0x00000000c1400000,0x00000000c2a9c208,0x00000000c3380000)
 Metaspace       used 34707K, capacity 35381K, committed 35456K, reserved 1081344K
  class space    used 4315K, capacity 4460K, committed 4480K, reserved 1048576K
Event: 85.816 GC heap after
Heap after GC invocations=20 (full 1):
 PSYoungGen      total 100864K, used 2394K [0x00000000eb180000, 0x00000000f3d80000, 0x0000000100000000)
  eden space 92672K, 0% used [0x00000000eb180000,0x00000000eb180000,0x00000000f0c00000)
  from space 8192K, 29% used [0x00000000f0c00000,0x00000000f0e56bf8,0x00000000f1400000)
  to   space 7680K, 0% used [0x00000000f3600000,0x00000000f3600000,0x00000000f3d80000)
 ParOldGen       total 32256K, used 25248K [0x00000000c1400000, 0x00000000c3380000, 0x00000000eb180000)
  object space 32256K, 78% used [0x00000000c1400000,0x00000000c2ca8098,0x00000000c3380000)
 Metaspace       used 34707K, capacity 35381K, committed 35456K, reserved 1081344K
  class space    used 4315K, capacity 4460K, committed 4480K, reserved 1048576K
}
Event: 85.816 GC heap before
{Heap before GC invocations=21 (full 2):
 PSYoungGen      total 100864K, used 2394K [0x00000000eb180000, 0x00000000f3d80000, 0x0000000100000000)
  eden space 92672K, 0% used [0x00000000eb180000,0x00000000eb180000,0x00000000f0c00000)
  from space 8192K, 29% used [0x00000000f0c00000,0x00000000f0e56bf8,0x00000000f1400000)
  to   space 7680K, 0% used [0x00000000f3600000,0x00000000f3600000,0x00000000f3d80000)
 ParOldGen       total 32256K, used 25248K [0x00000000c1400000, 0x00000000c3380000, 0x00000000eb180000)
  object space 32256K, 78% used [0x00000000c1400000,0x00000000c2ca8098,0x00000000c3380000)
 Metaspace       used 34707K, capacity 35381K, committed 35456K, reserved 1081344K
  class space    used 4315K, capacity 4460K, committed 4480K, reserved 1048576K
Event: 85.933 GC heap after
Heap after GC invocations=21 (full 2):
 PSYoungGen      total 100864K, used 0K [0x00000000eb180000, 0x00000000f3d80000, 0x0000000100000000)
  eden space 92672K, 0% used [0x00000000eb180000,0x00000000eb180000,0x00000000f0c00000)
  from space 8192K, 0% used [0x00000000f0c00000,0x00000000f0c00000,0x00000000f1400000)
  to   space 7680K, 0% used [0x00000000f3600000,0x00000000f3600000,0x00000000f3d80000)
 ParOldGen       total 41984K, used 18857K [0x00000000c1400000, 0x00000000c3d00000, 0x00000000eb180000)
  object space 41984K, 44% used [0x00000000c1400000,0x00000000c266a490,0x00000000c3d00000)
 Metaspace       used 34707K, capacity 35381K, committed 35456K, reserved 1081344K
  class space    used 4315K, capacity 4460K, committed 4480K, reserved 1048576K
}

Deoptimization events (10 events):
Event: 94.951 Thread 0x000000005a315800 Uncommon trap: reason=unstable_if action=reinterpret pc=0x0000000002fa9ab8 method=java.util.jar.JarFile.maybeInstantiateVerifier()V @ 75
Event: 94.954 Thread 0x000000005a315800 Uncommon trap: reason=unstable_if action=reinterpret pc=0x00000000028e7e3c method=java.io.ByteArrayInputStream.read()I @ 8
Event: 95.031 Thread 0x000000005a315800 Uncommon trap: reason=bimorphic action=maybe_recompile pc=0x0000000002dc2908 method=java.net.URL.<init>(Ljava/net/URL;Ljava/lang/String;Ljava/net/URLStreamHandler;)V @ 504
Event: 95.373 Thread 0x000000005a315800 Uncommon trap: reason=unstable_if action=reinterpret pc=0x000000000289f060 method=java.util.Arrays.equals([B[B)Z @ 12
Event: 95.376 Thread 0x000000005a315800 Uncommon trap: reason=unstable_if action=reinterpret pc=0x0000000002b7511c method=java.lang.CharacterDataLatin1.digit(II)I @ 82
Event: 95.853 Thread 0x000000005a315800 Uncommon trap: reason=unstable_if action=reinterpret pc=0x0000000002dd9704 method=java.lang.CharacterDataLatin1.digit(II)I @ 82
Event: 96.968 Thread 0x000000005a315800 Uncommon trap: reason=class_check action=maybe_recompile pc=0x000000000343bf64 method=java.util.TreeMap.getEntry(Ljava/lang/Object;)Ljava/util/TreeMap$Entry; @ 26
Event: 98.519 Thread 0x000000005a315800 Uncommon trap: reason=unstable_if action=reinterpret pc=0x000000000290d588 method=java.util.Properties.load0(Ljava/util/Properties$LineReader;)V @ 80
Event: 101.696 Thread 0x000000005a315800 Uncommon trap: reason=unstable_if action=reinterpret pc=0x0000000002953ff8 method=java.net.URL.set(Ljava/lang/String;Ljava/lang/String;ILjava/lang/String;Ljava/lang/String;Ljava/lang/String;Ljava/lang/String;Ljava/lang/String;)V @ 23
Event: 112.499 Thread 0x000000005a315800 Uncommon trap: reason=unstable_if action=reinterpret pc=0x00000000029decf4 method=java.lang.StringCoding.safeTrim([CILjava/nio/charset/Charset;Z)[C @ 3

Internal exceptions (10 events):
Event: 111.822 Thread 0x000000005b5fe800 Exception <a 'java/io/FileNotFoundException'> (0x00000000edd7fa48) thrown at [C:\re\workspace\8-2-build-windows-amd64-cygwin\jdk8u91\7017\hotspot\src\share\vm\prims\jni.cpp, line 709]
Event: 111.822 Thread 0x000000005b5fe800 Exception <a 'java/io/FileNotFoundException'> (0x00000000edd80778) thrown at [C:\re\workspace\8-2-build-windows-amd64-cygwin\jdk8u91\7017\hotspot\src\share\vm\prims\jni.cpp, line 709]
Event: 111.822 Thread 0x000000005b5fe800 Exception <a 'java/io/FileNotFoundException'> (0x00000000edd815a0) thrown at [C:\re\workspace\8-2-build-windows-amd64-cygwin\jdk8u91\7017\hotspot\src\share\vm\prims\jni.cpp, line 709]
Event: 111.822 Thread 0x000000005b5fe800 Exception <a 'java/io/FileNotFoundException'> (0x00000000edd82690) thrown at [C:\re\workspace\8-2-build-windows-amd64-cygwin\jdk8u91\7017\hotspot\src\share\vm\prims\jni.cpp, line 709]
Event: 111.822 Thread 0x000000005b5fe800 Exception <a 'java/io/FileNotFoundException'> (0x00000000edd833c0) thrown at [C:\re\workspace\8-2-build-windows-amd64-cygwin\jdk8u91\7017\hotspot\src\share\vm\prims\jni.cpp, line 709]
Event: 111.822 Thread 0x000000005b5fe800 Exception <a 'java/io/FileNotFoundException'> (0x00000000edd841e8) thrown at [C:\re\workspace\8-2-build-windows-amd64-cygwin\jdk8u91\7017\hotspot\src\share\vm\prims\jni.cpp, line 709]
Event: 111.831 Thread 0x000000005b5fe800 Exception <a 'java/io/FileNotFoundException'> (0x00000000edd93420) thrown at [C:\re\workspace\8-2-build-windows-amd64-cygwin\jdk8u91\7017\hotspot\src\share\vm\prims\jni.cpp, line 709]
Event: 111.832 Thread 0x000000005b5fe800 Exception <a 'java/io/FileNotFoundException'> (0x00000000edd94150) thrown at [C:\re\workspace\8-2-build-windows-amd64-cygwin\jdk8u91\7017\hotspot\src\share\vm\prims\jni.cpp, line 709]
Event: 111.832 Thread 0x000000005b5fe800 Exception <a 'java/io/FileNotFoundException'> (0x00000000edd94f78) thrown at [C:\re\workspace\8-2-build-windows-amd64-cygwin\jdk8u91\7017\hotspot\src\share\vm\prims\jni.cpp, line 709]
Event: 112.499 Thread 0x000000005a315800 Exception <a 'java/io/IOException'> (0x00000000ef8519f0) thrown at [C:\re\workspace\8-2-build-windows-amd64-cygwin\jdk8u91\7017\hotspot\src\share\vm\prims\jni.cpp, line 709]

Events (10 events):
Event: 113.114 loading class org/eclipse/jgit/api/MergeResult$MergeStatus$9
Event: 113.114 loading class org/eclipse/jgit/api/MergeResult$MergeStatus$9 done
Event: 113.114 loading class org/eclipse/jgit/api/MergeResult$MergeStatus$10
Event: 113.114 loading class org/eclipse/jgit/api/MergeResult$MergeStatus$10 done
Event: 113.115 loading class org/eclipse/jgit/api/MergeResult$MergeStatus$11
Event: 113.115 loading class org/eclipse/jgit/api/MergeResult$MergeStatus$11 done
Event: 113.115 loading class org/eclipse/jgit/api/MergeResult$MergeStatus$12
Event: 113.115 loading class org/eclipse/jgit/api/MergeResult$MergeStatus$12 done
Event: 113.116 loading class org/eclipse/jgit/api/PullResult
Event: 113.116 loading class org/eclipse/jgit/api/PullResult done


Dynamic libraries:
0x000000013f350000 - 0x000000013f387000 	D:\setup\jdk1.8\bin\javaw.exe
0x0000000077070000 - 0x000000007721a000 	C:\Windows\SYSTEM32\ntdll.dll
0x0000000076e50000 - 0x0000000076f6f000 	C:\Windows\system32\kernel32.dll
0x000007fefd1f0000 - 0x000007fefd25b000 	C:\Windows\system32\KERNELBASE.dll
0x000007fefe510000 - 0x000007fefe5eb000 	C:\Windows\system32\ADVAPI32.dll
0x000007fefdfc0000 - 0x000007fefe05f000 	C:\Windows\system32\msvcrt.dll
0x000007fefd4b0000 - 0x000007fefd4cf000 	C:\Windows\SYSTEM32\sechost.dll
0x000007fefd380000 - 0x000007fefd4ad000 	C:\Windows\system32\RPCRT4.dll
0x0000000076f70000 - 0x000000007706a000 	C:\Windows\system32\USER32.dll
0x000007fefd7d0000 - 0x000007fefd837000 	C:\Windows\system32\GDI32.dll
0x000007fefe480000 - 0x000007fefe48e000 	C:\Windows\system32\LPK.dll
0x000007fefd700000 - 0x000007fefd7ca000 	C:\Windows\system32\USP10.dll
0x000007fefb510000 - 0x000007fefb704000 	C:\Windows\WinSxS\amd64_microsoft.windows.common-controls_6595b64144ccf1df_6.0.7601.18837_none_fa3b1e3d17594757\COMCTL32.dll
0x000007fefd270000 - 0x000007fefd2e1000 	C:\Windows\system32\SHLWAPI.dll
0x000007fefd920000 - 0x000007fefd94e000 	C:\Windows\system32\IMM32.DLL
0x000007fefd950000 - 0x000007fefda59000 	C:\Windows\system32\MSCTF.dll
0x000000006b080000 - 0x000000006b152000 	D:\setup\jdk1.8\bin\msvcr100.dll
0x000000006c6c0000 - 0x000000006cf53000 	D:\setup\jdk1.8\bin\server\jvm.dll
0x000007fef0220000 - 0x000007fef0229000 	C:\Windows\system32\WSOCK32.dll
0x000007fefdf70000 - 0x000007fefdfbd000 	C:\Windows\system32\WS2_32.dll
0x000007fefd2f0000 - 0x000007fefd2f8000 	C:\Windows\system32\NSI.dll
0x000007fef5b70000 - 0x000007fef5bab000 	C:\Windows\system32\WINMM.dll
0x000007fefbfa0000 - 0x000007fefbfac000 	C:\Windows\system32\VERSION.dll
0x0000000077230000 - 0x0000000077237000 	C:\Windows\system32\PSAPI.DLL
0x00000000724c0000 - 0x00000000724cf000 	D:\setup\jdk1.8\bin\verify.dll
0x0000000072490000 - 0x00000000724b9000 	D:\setup\jdk1.8\bin\java.dll
0x0000000072470000 - 0x0000000072486000 	D:\setup\jdk1.8\bin\zip.dll
0x000007fefe5f0000 - 0x000007feff379000 	C:\Windows\system32\SHELL32.dll
0x000007fefe060000 - 0x000007fefe263000 	C:\Windows\system32\ole32.dll
0x000007fefceb0000 - 0x000007fefcebf000 	C:\Windows\system32\profapi.dll
0x000000006c160000 - 0x000000006c16d000 	D:\setup\jdk1.8\bin\management.dll
0x0000000072450000 - 0x000000007246a000 	D:\setup\jdk1.8\bin\net.dll
0x000007fefc690000 - 0x000007fefc6e5000 	C:\Windows\system32\mswsock.dll
0x000007fefc680000 - 0x000007fefc687000 	C:\Windows\System32\wship6.dll
0x0000000072430000 - 0x0000000072441000 	D:\setup\jdk1.8\bin\nio.dll
0x000007fefaea0000 - 0x000007fefaeb5000 	C:\Windows\system32\NLAapi.dll
0x000007fefa3e0000 - 0x000007fefa3f5000 	C:\Windows\system32\napinsp.dll
0x000007fef75f0000 - 0x000007fef7609000 	C:\Windows\system32\pnrpnsp.dll
0x000007fefc510000 - 0x000007fefc56b000 	C:\Windows\system32\DNSAPI.dll
0x000007fef75e0000 - 0x000007fef75eb000 	C:\Windows\System32\winrnr.dll
0x000007fef75d0000 - 0x000007fef75e0000 	C:\Windows\system32\wshbth.dll
0x000007fefc070000 - 0x000007fefc077000 	C:\Windows\System32\wshtcpip.dll
0x000007fefa800000 - 0x000007fefa827000 	C:\Windows\system32\IPHLPAPI.DLL
0x000007fefa7f0000 - 0x000007fefa7fb000 	C:\Windows\system32\WINNSI.DLL
0x000007fef7580000 - 0x000007fef7588000 	C:\Windows\system32\rasadhlp.dll
0x000007fefa6a0000 - 0x000007fefa6f3000 	C:\Windows\System32\fwpuclnt.dll
0x000007fefc6f0000 - 0x000007fefc708000 	C:\Windows\system32\CRYPTSP.dll
0x000007fefc3f0000 - 0x000007fefc437000 	C:\Windows\system32\rsaenh.dll
0x000007fefcf60000 - 0x000007fefcf7e000 	C:\Windows\system32\USERENV.dll
0x000007fefcd50000 - 0x000007fefcd5f000 	C:\Windows\system32\CRYPTBASE.dll
0x000007fefa3b0000 - 0x000007fefa3c8000 	C:\Windows\system32\dhcpcsvc.DLL
0x000007fefa390000 - 0x000007fefa3a1000 	C:\Windows\system32\dhcpcsvc6.DLL
0x000000006f940000 - 0x000000006f964000 	D:\setup\jdk1.8\bin\sunec.dll

VM Arguments:
jvm_args: -Dcom.sun.management.jmxremote -Dcom.sun.management.jmxremote.port=2700 -Dcom.sun.management.jmxremote.authenticate=false -Dcom.sun.management.jmxremote.ssl=false -Djava.rmi.server.hostname=localhost -Dspring.liveBeansView.mbeanDomain -Dspring.application.admin.enabled=true -Dfile.encoding=UTF-8 
java_command: com.shiran.cloud.ConfigServerApplication --spring.output.ansi.enabled=always
java_class_path (initial): F:\setup\spring-tool-suite-3.8.4.RELEASE-e4.6.3-win32-x86_64\workspace\code\config-learning\microservice-config-server\target\classes;F:\setup\apache-maven-3.3.9-bin\localrepositoryposition\org\springframework\cloud\spring-cloud-config-server\1.2.1.RELEASE\spring-cloud-config-server-1.2.1.RELEASE.jar;F:\setup\apache-maven-3.3.9-bin\localrepositoryposition\org\springframework\cloud\spring-cloud-config-client\1.2.1.RELEASE\spring-cloud-config-client-1.2.1.RELEASE.jar;F:\setup\apache-maven-3.3.9-bin\localrepositoryposition\org\springframework\boot\spring-boot-autoconfigure\1.4.6.RELEASE\spring-boot-autoconfigure-1.4.6.RELEASE.jar;F:\setup\apache-maven-3.3.9-bin\localrepositoryposition\org\springframework\boot\spring-boot\1.4.6.RELEASE\spring-boot-1.4.6.RELEASE.jar;F:\setup\apache-maven-3.3.9-bin\localrepositoryposition\org\springframework\cloud\spring-cloud-commons\1.1.4.RELEASE\spring-cloud-commons-1.1.4.RELEASE.jar;F:\setup\apache-maven-3.3.9-bin\localrepositoryposition\org\springframework\cloud\spring-cloud-context\1.1.4.RELEASE\spring-cloud-context-1.1.4.RELEASE.jar;F:\setup\apache-maven-3.3.9-bin\localrepositoryposition\org\springframework\spring-web\4.3.8.RELEASE\spring-web-4.3.8.RELEASE.jar;F:\setup\apache-maven-3.3.9-bin\localrepositoryposition\org\springframework\spring-aop\4.3.8.RELEASE\spring-aop-4.3.8.RELEASE.jar;F:\setup\apache-maven-3.3.9-bin\localrepositoryposition\org\springframework\spring-beans\4.3.8.RELEASE\spring-beans-4.3.8.RELEASE.jar;F:\setup\apache-maven-3.3.9-bin\localrepositoryposition\org\springframework\spring-context\4.3.8.RELEASE\spring-context-4.3.8.RELEASE.jar;F:\setup\apache-maven-3.3.9-bin\localrepositoryposition\org\springframework\spring-core\4.3.8.RELEASE\spring-core-4.3.8.RELEASE.jar;F:\setup\apache-maven-3.3.9-bin\localrepositoryposition\com\fasterxml\jackson\core\jackson-annotations\2.8.8\jackson-annotations-2.8.8.jar;F:\setup\apache-maven-3.3.9-bin\localrepositoryposition\com\fasterxml\jackson\core\j
Launcher Type: SUN_STANDARD

Environment Variables:
JAVA_HOME=D:\setup\jdk1.7
PATH=D:/setup/jdk1.8/bin/server;D:/setup/jdk1.8/bin;D:/setup/jdk1.8/lib/amd64;C:\ProgramData\Oracle\Java\javapath;D:\setup\django\python3.5\Scripts\;D:\setup\django\python3.5\;D:\setup\armv1.2\bin;D:\setup\python2.7;D:\app\Administrator\product\11.1.0\db_2\bin;F:\setup\scala\bin;D:\java\apache-maven-2.2.1\bin;%M2_HOME%\bin;D:\setup\jdk1.7;D:\setup\python34\Scripts;D:\setup\python34;C:\Program Files (x86)\Common Files\NetSarang;D:\setup\jdk1.7\bin;C:\Windows\system32;C:\Windows;C:\Windows\System32\Wbem;C:\Windows\System32\WindowsPowerShell\v1.0\;F:\setup\scala\bin;C:\Program Files (x86)\Microsoft SQL Server\100\Tools\Binn\;C:\Program Files\Microsoft SQL Server\100\Tools\Binn\;C:\Program Files\Microsoft SQL Server\100\DTS\Binn\;C:\Program Files (x86)\Microsoft SQL Server\100\Tools\Binn\VSShell\Common7\IDE\;C:\Program Files (x86)\Microsoft Visual Studio 9.0\Common7\IDE\PrivateAssemblies\;C:\Program Files (x86)\Microsoft SQL Server\100\DTS\Binn\;D:\setup\git\Git\cmd;D:\setup\tortorsegit1.8\bin;D:\setup\node-v6.10.3\;C:\Users\Administrator\AppData\Roaming\npm;F:\setup\spring-tool-suite-3.8.4.RELEASE-e4.6.3-win32-x86_64\sts-bundle\sts-3.8.4.RELEASE;
USERNAME=Administrator
OS=Windows_NT
PROCESSOR_IDENTIFIER=Intel64 Family 6 Model 60 Stepping 3, GenuineIntel



---------------  S Y S T E M  ---------------

OS: Windows 7 , 64 bit Build 7601 (6.1.7601.19135)

CPU:total 4 (2 cores per cpu, 2 threads per core) family 6 model 60 stepping 3, cmov, cx8, fxsr, mmx, sse, sse2, sse3, ssse3, sse4.1, sse4.2, popcnt, avx, avx2, aes, clmul, erms, lzcnt, ht, tsc, tscinvbit, bmi1, bmi2

Memory: 4k page, physical 4108656k(310080k free), swap 6766612k(21232k free)

vm_info: Java HotSpot(TM) 64-Bit Server VM (25.91-b15) for windows-amd64 JRE (1.8.0_91-b15), built on May 20 2016 17:43:15 by "java_re" with MS VC++ 10.0 (VS2010)

time: Mon May 29 16:04:09 2017
elapsed time: 113 seconds (0d 0h 1m 53s)

