#
# There is insufficient memory for the Java Runtime Environment to continue.
# Native memory allocation (malloc) failed to allocate 1146896 bytes for Chunk::new
# Possible reasons:
#   The system is out of physical RAM or swap space
#   In 32 bit mode, the process size limit was hit
# Possible solutions:
#   Reduce memory load on the system
#   Increase physical memory or swap space
#   Check if swap backing store is full
#   Use 64 bit Java on a 64 bit OS
#   Decrease Java heap size (-Xmx/-Xms)
#   Decrease number of Java threads
#   Decrease Java thread stack sizes (-Xss)
#   Set larger code cache with -XX:ReservedCodeCacheSize=
# This output file may be truncated or incomplete.
#
#  Out of Memory Error (allocation.cpp:390), pid=12336, tid=10024
#
# JRE version: Java(TM) SE Runtime Environment (8.0_91-b15) (build 1.8.0_91-b15)
# Java VM: Java HotSpot(TM) 64-Bit Server VM (25.91-b15 mixed mode windows-amd64 compressed oops)
# Failed to write core dump. Minidumps are not enabled by default on client versions of Windows
#

---------------  T H R E A D  ---------------

Current thread (0x0000000055ff2800):  JavaThread "C2 CompilerThread1" daemon [_thread_in_native, id=10024, stack(0x0000000056780000,0x0000000056880000)]

Stack: [0x0000000056780000,0x0000000056880000]
[error occurred during error reporting (printing stack bounds), id 0xc0000005]

Native frames: (J=compiled Java code, j=interpreted, Vv=VM code, C=native code)


Current CompileTask:
C2:  80193 3703       4       com.sun.beans.TypeResolver::resolve (37 bytes)


---------------  P R O C E S S  ---------------

Java Threads: ( => current thread )
  0x000000005878b800 JavaThread "spring.cloud.inetutils" daemon [_thread_blocked, id=13844, stack(0x000000005eab0000,0x000000005ebb0000)]
  0x000000005878b000 JavaThread "container-0" [_thread_blocked, id=13260, stack(0x000000005d8c0000,0x000000005d9c0000)]
  0x000000005878a000 JavaThread "ContainerBackgroundProcessor[StandardEngine[Tomcat]]" daemon [_thread_blocked, id=13532, stack(0x000000005d9c0000,0x000000005dac0000)]
  0x000000005b961000 JavaThread "localhost-startStop-1" daemon [_thread_blocked, id=10472, stack(0x00000000576e0000,0x00000000577e0000)]
  0x000000005dcde000 JavaThread "Tomcat-startStop-1" daemon [_thread_blocked, id=13196, stack(0x000000005d5a0000,0x000000005d6a0000)]
  0x0000000057301800 JavaThread "JMX server connection timeout 17" daemon [_thread_blocked, id=12976, stack(0x0000000057f40000,0x0000000058040000)]
  0x00000000572c3000 JavaThread "RMI Scheduler(0)" daemon [_thread_blocked, id=13464, stack(0x0000000057e40000,0x0000000057f40000)]
  0x0000000057474800 JavaThread "RMI TCP Connection(2)-127.0.0.1" daemon [_thread_in_native, id=12588, stack(0x0000000057d40000,0x0000000057e40000)]
  0x000000005726e000 JavaThread "RMI TCP Connection(idle)" daemon [_thread_blocked, id=12116, stack(0x0000000057c20000,0x0000000057d20000)]
  0x00000000572d1000 JavaThread "RMI TCP Accept-0" daemon [_thread_in_native, id=9444, stack(0x0000000056880000,0x0000000056980000)]
  0x0000000057209800 JavaThread "RMI TCP Accept-7215" daemon [_thread_in_native, id=11176, stack(0x0000000057980000,0x0000000057a80000)]
  0x00000000571ff800 JavaThread "RMI TCP Accept-0" daemon [_thread_in_native, id=9748, stack(0x0000000057880000,0x0000000057980000)]
  0x0000000056057000 JavaThread "Service Thread" daemon [_thread_blocked, id=11208, stack(0x0000000056a90000,0x0000000056b90000)]
  0x0000000055ff3800 JavaThread "C1 CompilerThread2" daemon [_thread_blocked, id=10592, stack(0x0000000056990000,0x0000000056a90000)]
=>0x0000000055ff2800 JavaThread "C2 CompilerThread1" daemon [_thread_in_native, id=10024, stack(0x0000000056780000,0x0000000056880000)]
  0x0000000054bff000 JavaThread "C2 CompilerThread0" daemon [_thread_in_native, id=13640, stack(0x0000000056670000,0x0000000056770000)]
  0x0000000054bfe000 JavaThread "Attach Listener" daemon [_thread_blocked, id=8552, stack(0x00000000564a0000,0x00000000565a0000)]
  0x0000000055feb800 JavaThread "Signal Dispatcher" daemon [_thread_blocked, id=10440, stack(0x0000000011cd0000,0x0000000011dd0000)]
  0x0000000054be3800 JavaThread "Finalizer" daemon [_thread_blocked, id=10880, stack(0x0000000055d80000,0x0000000055e80000)]
  0x0000000054b9c800 JavaThread "Reference Handler" daemon [_thread_blocked, id=11144, stack(0x0000000055ed0000,0x0000000055fd0000)]
  0x000000000203e800 JavaThread "main" [_thread_in_native, id=8604, stack(0x0000000002210000,0x0000000002310000)]

Other Threads:
  0x0000000054b95000 VMThread [stack: 0x0000000055c30000,0x0000000055d30000] [id=11096]
  0x000000005726d800 WatcherThread [stack: 0x0000000057b00000,0x0000000057c00000] [id=13272]

VM state:not at safepoint (normal execution)

VM Mutex/Monitor currently owned by a thread: None

Heap:
 PSYoungGen      total 89600K, used 64181K [0x00000000eb180000, 0x00000000f1000000, 0x0000000100000000)
  eden space 82432K, 74% used [0x00000000eb180000,0x00000000eed554f0,0x00000000f0200000)
  from space 7168K, 40% used [0x00000000f0900000,0x00000000f0bd81e0,0x00000000f1000000)
  to   space 7168K, 0% used [0x00000000f0200000,0x00000000f0200000,0x00000000f0900000)
 ParOldGen       total 31744K, used 19809K [0x00000000c1400000, 0x00000000c3300000, 0x00000000eb180000)
  object space 31744K, 62% used [0x00000000c1400000,0x00000000c27584b8,0x00000000c3300000)
 Metaspace       used 32138K, capacity 32626K, committed 32896K, reserved 1077248K
  class space    used 4036K, capacity 4176K, committed 4224K, reserved 1048576K

Card table byte_map: [0x00000000116d0000,0x00000000118d0000] byte_map_base: 0x00000000110c6000

Marking Bits: (ParMarkBitMap*) 0x0000000066102f70
 Begin Bits: [0x00000000120a0000, 0x0000000013050000)
 End Bits:   [0x0000000013050000, 0x0000000014000000)

Polling page: 0x0000000000200000

CodeCache: size=245760Kb used=12453Kb max_used=12453Kb free=233306Kb
 bounds [0x0000000002310000, 0x0000000002f50000, 0x0000000011310000]
 total_blobs=3792 nmethods=3385 adapters=319
 compilation: enabled

Compilation events (10 events):
Event: 79.284 Thread 0x0000000055ff3800 3721  s!   3       java.beans.PropertyDescriptor::getPropertyType (33 bytes)
Event: 79.285 Thread 0x0000000055ff3800 nmethod 3721 0x000000000248b150 code [0x000000000248b340, 0x000000000248bd88]
Event: 79.285 Thread 0x0000000055ff3800 3722       3       com.sun.beans.WeakCache::put (38 bytes)
Event: 79.286 Thread 0x0000000055ff3800 nmethod 3722 0x0000000002e32650 code [0x0000000002e32800, 0x0000000002e32d78]
Event: 79.305 Thread 0x0000000055ff3800 3724   !   3       org.springframework.beans.factory.annotation.InitDestroyAnnotationBeanPostProcessor::findLifecycleMetadata (87 bytes)
Event: 79.306 Thread 0x0000000055ff3800 nmethod 3724 0x00000000025f9450 code [0x00000000025f9620, 0x00000000025f9e68]
Event: 79.306 Thread 0x0000000055ff3800 3725       1       org.springframework.beans.factory.support.DefaultListableBeanFactory::getAutowireCandidateResolver (5 bytes)
Event: 79.307 Thread 0x0000000055ff3800 nmethod 3725 0x00000000025f9190 code [0x00000000025f92e0, 0x00000000025f93f0]
Event: 79.308 Thread 0x0000000055ff3800 3727       1       org.springframework.boot.autoconfigure.SharedMetadataReaderFactoryContextInitializer$SharedMetadataReaderFactoryBean::getObjectType (3 bytes)
Event: 79.308 Thread 0x0000000055ff3800 nmethod 3727 0x00000000025f8ed0 code [0x00000000025f9020, 0x00000000025f9130]

GC Heap History (10 events):
Event: 41.543 GC heap before
{Heap before GC invocations=15 (full 1):
 PSYoungGen      total 31744K, used 24687K [0x00000000eb180000, 0x00000000ee600000, 0x0000000100000000)
  eden space 24064K, 100% used [0x00000000eb180000,0x00000000ec900000,0x00000000ec900000)
  from space 7680K, 8% used [0x00000000ec900000,0x00000000ec99bec8,0x00000000ed080000)
  to   space 7680K, 0% used [0x00000000ede80000,0x00000000ede80000,0x00000000ee600000)
 ParOldGen       total 31744K, used 14609K [0x00000000c1400000, 0x00000000c3300000, 0x00000000eb180000)
  object space 31744K, 46% used [0x00000000c1400000,0x00000000c2244478,0x00000000c3300000)
 Metaspace       used 24780K, capacity 25106K, committed 25344K, reserved 1071104K
  class space    used 3140K, capacity 3216K, committed 3328K, reserved 1048576K
Event: 41.549 GC heap after
Heap after GC invocations=15 (full 1):
 PSYoungGen      total 45056K, used 921K [0x00000000eb180000, 0x00000000ee580000, 0x0000000100000000)
  eden space 37888K, 0% used [0x00000000eb180000,0x00000000eb180000,0x00000000ed680000)
  from space 7168K, 12% used [0x00000000ede80000,0x00000000edf66408,0x00000000ee580000)
  to   space 7680K, 0% used [0x00000000ed680000,0x00000000ed680000,0x00000000ede00000)
 ParOldGen       total 31744K, used 14857K [0x00000000c1400000, 0x00000000c3300000, 0x00000000eb180000)
  object space 31744K, 46% used [0x00000000c1400000,0x00000000c2282478,0x00000000c3300000)
 Metaspace       used 24780K, capacity 25106K, committed 25344K, reserved 1071104K
  class space    used 3140K, capacity 3216K, committed 3328K, reserved 1048576K
}
Event: 41.742 GC heap before
{Heap before GC invocations=16 (full 1):
 PSYoungGen      total 45056K, used 38809K [0x00000000eb180000, 0x00000000ee580000, 0x0000000100000000)
  eden space 37888K, 100% used [0x00000000eb180000,0x00000000ed680000,0x00000000ed680000)
  from space 7168K, 12% used [0x00000000ede80000,0x00000000edf66408,0x00000000ee580000)
  to   space 7680K, 0% used [0x00000000ed680000,0x00000000ed680000,0x00000000ede00000)
 ParOldGen       total 31744K, used 14857K [0x00000000c1400000, 0x00000000c3300000, 0x00000000eb180000)
  object space 31744K, 46% used [0x00000000c1400000,0x00000000c2282478,0x00000000c3300000)
 Metaspace       used 25026K, capacity 25360K, committed 25600K, reserved 1071104K
  class space    used 3170K, capacity 3253K, committed 3328K, reserved 1048576K
Event: 41.748 GC heap after
Heap after GC invocations=16 (full 1):
 PSYoungGen      total 45568K, used 1195K [0x00000000eb180000, 0x00000000ef980000, 0x0000000100000000)
  eden space 37888K, 0% used [0x00000000eb180000,0x00000000eb180000,0x00000000ed680000)
  from space 7680K, 15% used [0x00000000ed680000,0x00000000ed7aac48,0x00000000ede00000)
  to   space 7168K, 0% used [0x00000000ef280000,0x00000000ef280000,0x00000000ef980000)
 ParOldGen       total 31744K, used 15313K [0x00000000c1400000, 0x00000000c3300000, 0x00000000eb180000)
  object space 31744K, 48% used [0x00000000c1400000,0x00000000c22f4478,0x00000000c3300000)
 Metaspace       used 25026K, capacity 25360K, committed 25600K, reserved 1071104K
  class space    used 3170K, capacity 3253K, committed 3328K, reserved 1048576K
}
Event: 42.357 GC heap before
{Heap before GC invocations=17 (full 1):
 PSYoungGen      total 45568K, used 39083K [0x00000000eb180000, 0x00000000ef980000, 0x0000000100000000)
  eden space 37888K, 100% used [0x00000000eb180000,0x00000000ed680000,0x00000000ed680000)
  from space 7680K, 15% used [0x00000000ed680000,0x00000000ed7aac48,0x00000000ede00000)
  to   space 7168K, 0% used [0x00000000ef280000,0x00000000ef280000,0x00000000ef980000)
 ParOldGen       total 31744K, used 15313K [0x00000000c1400000, 0x00000000c3300000, 0x00000000eb180000)
  object space 31744K, 48% used [0x00000000c1400000,0x00000000c22f4478,0x00000000c3300000)
 Metaspace       used 26904K, capacity 27328K, committed 27648K, reserved 1073152K
  class space    used 3430K, capacity 3517K, committed 3584K, reserved 1048576K
Event: 42.459 GC heap after
Heap after GC invocations=17 (full 1):
 PSYoungGen      total 66560K, used 3190K [0x00000000eb180000, 0x00000000efa80000, 0x0000000100000000)
  eden space 59392K, 0% used [0x00000000eb180000,0x00000000eb180000,0x00000000eeb80000)
  from space 7168K, 44% used [0x00000000ef280000,0x00000000ef59d820,0x00000000ef980000)
  to   space 7168K, 0% used [0x00000000eeb80000,0x00000000eeb80000,0x00000000ef280000)
 ParOldGen       total 31744K, used 16025K [0x00000000c1400000, 0x00000000c3300000, 0x00000000eb180000)
  object space 31744K, 50% used [0x00000000c1400000,0x00000000c23a6498,0x00000000c3300000)
 Metaspace       used 26904K, capacity 27328K, committed 27648K, reserved 1073152K
  class space    used 3430K, capacity 3517K, committed 3584K, reserved 1048576K
}
Event: 76.992 GC heap before
{Heap before GC invocations=18 (full 1):
 PSYoungGen      total 66560K, used 62582K [0x00000000eb180000, 0x00000000efa80000, 0x0000000100000000)
  eden space 59392K, 100% used [0x00000000eb180000,0x00000000eeb80000,0x00000000eeb80000)
  from space 7168K, 44% used [0x00000000ef280000,0x00000000ef59d820,0x00000000ef980000)
  to   space 7168K, 0% used [0x00000000eeb80000,0x00000000eeb80000,0x00000000ef280000)
 ParOldGen       total 31744K, used 16025K [0x00000000c1400000, 0x00000000c3300000, 0x00000000eb180000)
  object space 31744K, 50% used [0x00000000c1400000,0x00000000c23a6498,0x00000000c3300000)
 Metaspace       used 29523K, capacity 29944K, committed 30208K, reserved 1075200K
  class space    used 3706K, capacity 3809K, committed 3840K, reserved 1048576K
Event: 77.003 GC heap after
Heap after GC invocations=18 (full 1):
 PSYoungGen      total 66560K, used 4461K [0x00000000eb180000, 0x00000000f1000000, 0x0000000100000000)
  eden space 59392K, 0% used [0x00000000eb180000,0x00000000eb180000,0x00000000eeb80000)
  from space 7168K, 62% used [0x00000000eeb80000,0x00000000eefdb7f8,0x00000000ef280000)
  to   space 7168K, 0% used [0x00000000f0900000,0x00000000f0900000,0x00000000f1000000)
 ParOldGen       total 31744K, used 17097K [0x00000000c1400000, 0x00000000c3300000, 0x00000000eb180000)
  object space 31744K, 53% used [0x00000000c1400000,0x00000000c24b24b8,0x00000000c3300000)
 Metaspace       used 29523K, capacity 29944K, committed 30208K, reserved 1075200K
  class space    used 3706K, capacity 3809K, committed 3840K, reserved 1048576K
}
Event: 78.967 GC heap before
{Heap before GC invocations=19 (full 1):
 PSYoungGen      total 66560K, used 63853K [0x00000000eb180000, 0x00000000f1000000, 0x0000000100000000)
  eden space 59392K, 100% used [0x00000000eb180000,0x00000000eeb80000,0x00000000eeb80000)
  from space 7168K, 62% used [0x00000000eeb80000,0x00000000eefdb7f8,0x00000000ef280000)
  to   space 7168K, 0% used [0x00000000f0900000,0x00000000f0900000,0x00000000f1000000)
 ParOldGen       total 31744K, used 17097K [0x00000000c1400000, 0x00000000c3300000, 0x00000000eb180000)
  object space 31744K, 53% used [0x00000000c1400000,0x00000000c24b24b8,0x00000000c3300000)
 Metaspace       used 30826K, capacity 31280K, committed 31744K, reserved 1077248K
  class space    used 3867K, capacity 3973K, committed 4096K, reserved 1048576K
Event: 78.978 GC heap after
Heap after GC invocations=19 (full 1):
 PSYoungGen      total 89600K, used 2912K [0x00000000eb180000, 0x00000000f1000000, 0x0000000100000000)
  eden space 82432K, 0% used [0x00000000eb180000,0x00000000eb180000,0x00000000f0200000)
  from space 7168K, 40% used [0x00000000f0900000,0x00000000f0bd81e0,0x00000000f1000000)
  to   space 7168K, 0% used [0x00000000f0200000,0x00000000f0200000,0x00000000f0900000)
 ParOldGen       total 31744K, used 19809K [0x00000000c1400000, 0x00000000c3300000, 0x00000000eb180000)
  object space 31744K, 62% used [0x00000000c1400000,0x00000000c27584b8,0x00000000c3300000)
 Metaspace       used 30826K, capacity 31280K, committed 31744K, reserved 1077248K
  class space    used 3867K, capacity 3973K, committed 4096K, reserved 1048576K
}

Deoptimization events (10 events):
Event: 77.961 Thread 0x000000005b961000 Uncommon trap: reason=class_check action=maybe_recompile pc=0x00000000029f7220 method=java.util.zip.InflaterInputStream.read([BII)I @ 100
Event: 77.962 Thread 0x000000005b961000 Uncommon trap: reason=class_check action=maybe_recompile pc=0x00000000029f7220 method=java.util.zip.InflaterInputStream.read([BII)I @ 100
Event: 77.962 Thread 0x000000005b961000 Uncommon trap: reason=class_check action=maybe_recompile pc=0x00000000029f7220 method=java.util.zip.InflaterInputStream.read([BII)I @ 100
Event: 77.998 Thread 0x000000005b961000 Uncommon trap: reason=unstable_if action=reinterpret pc=0x000000000284d2e0 method=java.util.jar.Manifest$FastInputStream.readLine([BII)I @ 87
Event: 78.035 Thread 0x000000005b961000 Uncommon trap: reason=unstable_if action=reinterpret pc=0x00000000027fc108 method=java.util.jar.Attributes$Name.isAlpha(C)Z @ 21
Event: 78.679 Thread 0x000000005b961000 Uncommon trap: reason=unstable_if action=reinterpret pc=0x00000000026a0878 method=java.util.Properties$LineReader.readLine()I @ 180
Event: 78.679 Thread 0x000000005b961000 Uncommon trap: reason=unstable_if action=reinterpret pc=0x00000000026a49ec method=java.util.Properties$LineReader.readLine()I @ 180
Event: 78.690 Thread 0x000000005b961000 Uncommon trap: reason=unstable_if action=reinterpret pc=0x0000000002a8aa78 method=org.springframework.util.ConcurrentReferenceHashMap$Segment.findInChain(Lorg/springframework/util/ConcurrentReferenceHashMap$Reference;Ljava/lang/Object;I)Lorg/springframeworyn(¨S@
Event: 78.690 Thread 0x000000005b961000 Uncommon trap: reason=unstable_if action=reinterpret pc=0x0000000002a7d1c0 method=org.springframework.util.ConcurrentReferenceHashMap$Segment.findInChain(Lorg/springframework/util/ConcurrentReferenceHashMap$Reference;Ljava/lang/Object;I)Lorg/springframeworƒ∞ø<•”S@
Event: 79.307 Thread 0x000000000203e800 Uncommon trap: reason=class_check action=maybe_recompile pc=0x00000000027b0040 method=org.springframework.beans.factory.support.AbstractBeanFactory.isTypeMatch(Ljava/lang/String;Lorg/springframework/core/ResolvableType;)Z @ 37

Internal exceptions (10 events):
Event: 79.277 Thread 0x000000000203e800 Exception <a 'java/lang/ClassNotFoundException': org/springframework/context/annotation/ConfigurationClassEnhancer$EnhancedConfigurationCustomizer> (0x00000000ec706f88) thrown at [C:\re\workspace\8-2-build-windows-amd64-cygwin\jdk8u91\7017\hotspot\src\sharÀÆ…¡“S@
Event: 79.283 Thread 0x000000000203e800 Exception <a 'java/lang/ClassNotFoundException': java/lang/ObjectCustomizer> (0x00000000ec740918) thrown at [C:\re\workspace\8-2-build-windows-amd64-cygwin\jdk8u91\7017\hotspot\src\share\vm\classfile\systemDictionary.cpp, line 210]
Event: 79.283 Thread 0x000000000203e800 Exception <a 'java/lang/ClassNotFoundException': org/springframework/aop/framework/ProxyConfigCustomizer> (0x00000000ec75eec0) thrown at [C:\re\workspace\8-2-build-windows-amd64-cygwin\jdk8u91\7017\hotspot\src\share\vm\classfile\systemDictionary.cpp, line ™˙G7/“S@
Event: 79.284 Thread 0x000000000203e800 Exception <a 'java/lang/ClassNotFoundException': org/springframework/aop/scope/ScopedProxyFactoryBeanCustomizer> (0x00000000ec788f70) thrown at [C:\re\workspace\8-2-build-windows-amd64-cygwin\jdk8u91\7017\hotspot\src\share\vm\classfile\systemDictionary.cppnêıg?“S@
Event: 79.285 Thread 0x000000000203e800 Exception <a 'java/lang/ClassNotFoundException': org/springframework/beans/factory/FactoryBeanCustomizer> (0x00000000ec7b3290) thrown at [C:\re\workspace\8-2-build-windows-amd64-cygwin\jdk8u91\7017\hotspot\src\share\vm\classfile\systemDictionary.cpp, line Bóã]K“S@
Event: 79.286 Thread 0x000000000203e800 Exception <a 'java/lang/ClassNotFoundException': org/springframework/beans/factory/BeanFactoryAwareCustomizer> (0x00000000ec7d3a08) thrown at [C:\re\workspace\8-2-build-windows-amd64-cygwin\jdk8u91\7017\hotspot\src\share\vm\classfile\systemDictionary.cpp, ±p-ÚO“S@
Event: 79.286 Thread 0x000000000203e800 Exception <a 'java/lang/ClassNotFoundException': java/io/SerializableCustomizer> (0x00000000ec7debe8) thrown at [C:\re\workspace\8-2-build-windows-amd64-cygwin\jdk8u91\7017\hotspot\src\share\vm\classfile\systemDictionary.cpp, line 210]
Event: 79.309 Thread 0x000000000203e800 Exception <a 'java/lang/ClassNotFoundException': java/lang/ObjectCustomizer> (0x00000000ec955fa0) thrown at [C:\re\workspace\8-2-build-windows-amd64-cygwin\jdk8u91\7017\hotspot\src\share\vm\classfile\systemDictionary.cpp, line 210]
Event: 79.310 Thread 0x000000000203e800 Exception <a 'java/lang/ClassNotFoundException': org/springframework/cloud/netflix/eureka/EurekaClientAutoConfigurationCustomizer> (0x00000000ec97c648) thrown at [C:\re\workspace\8-2-build-windows-amd64-cygwin\jdk8u91\7017\hotspot\src\share\vm\classfile\syc‹Í‹”S@
Event: 79.310 Thread 0x000000000203e800 Exception <a 'java/lang/ClassNotFoundException': org/springframework/cloud/netflix/eureka/EurekaClientAutoConfiguration$$EnhancerBySpringCGLIB$$a4915dc0Customizer> (0x00000000ec9ae0f8) thrown at [C:\re\workspace\8-2-build-windows-amd64-cygwin\jdk8u91\7017\ˇæXì∫—S@

Events (10 events):
Event: 79.310 loading class org/springframework/cloud/netflix/eureka/EurekaClientAutoConfigurationCustomizer
Event: 79.310 loading class org/springframework/cloud/netflix/eureka/EurekaClientAutoConfigurationCustomizer done
Event: 79.310 loading class org/springframework/cloud/netflix/eureka/EurekaClientAutoConfigurationCustomizer
Event: 79.310 loading class org/springframework/cloud/netflix/eureka/EurekaClientAutoConfigurationCustomizer done
Event: 79.310 loading class org/springframework/cloud/netflix/eureka/EurekaClientAutoConfiguration$$EnhancerBySpringCGLIB$$a4915dc0Customizer
Event: 79.310 loading class org/springframework/cloud/netflix/eureka/EurekaClientAutoConfiguration$$EnhancerBySpringCGLIB$$a4915dc0Customizer done
Event: 79.310 loading class org/springframework/cloud/netflix/eureka/EurekaClientAutoConfiguration$$EnhancerBySpringCGLIB$$a4915dc0Customizer
Event: 79.310 loading class org/springframework/cloud/netflix/eureka/EurekaClientAutoConfiguration$$EnhancerBySpringCGLIB$$a4915dc0Customizer done
Event: 79.310 loading class org/springframework/cloud/netflix/eureka/EurekaClientAutoConfiguration$$EnhancerBySpringCGLIB$$a4915dc0Customizer
Event: 79.310 loading class org/springframework/cloud/netflix/eureka/EurekaClientAutoConfiguration$$EnhancerBySpringCGLIB$$a4915dc0Customizer done


Dynamic libraries:
0x000000013ffe0000 - 0x0000000140017000 	D:\setup\jdk1.8\bin\javaw.exe
0x0000000077560000 - 0x000000007770a000 	C:\Windows\SYSTEM32\ntdll.dll
0x0000000077340000 - 0x000000007745f000 	C:\Windows\system32\kernel32.dll
0x000007fefd3c0000 - 0x000007fefd42b000 	C:\Windows\system32\KERNELBASE.dll
0x000007fefe530000 - 0x000007fefe60b000 	C:\Windows\system32\ADVAPI32.dll
0x000007fefe000000 - 0x000007fefe09f000 	C:\Windows\system32\msvcrt.dll
0x000007fefe390000 - 0x000007fefe3af000 	C:\Windows\SYSTEM32\sechost.dll
0x000007fefd770000 - 0x000007fefd89d000 	C:\Windows\system32\RPCRT4.dll
0x0000000077460000 - 0x000000007755a000 	C:\Windows\system32\USER32.dll
0x000007fefe620000 - 0x000007fefe687000 	C:\Windows\system32\GDI32.dll
0x000007fefe610000 - 0x000007fefe61e000 	C:\Windows\system32\LPK.dll
0x000007feff6d0000 - 0x000007feff79a000 	C:\Windows\system32\USP10.dll
0x000007fefba40000 - 0x000007fefbc34000 	C:\Windows\WinSxS\amd64_microsoft.windows.common-controls_6595b64144ccf1df_6.0.7601.18837_none_fa3b1e3d17594757\COMCTL32.dll
0x000007fefd8a0000 - 0x000007fefd911000 	C:\Windows\system32\SHLWAPI.dll
0x000007feff840000 - 0x000007feff86e000 	C:\Windows\system32\IMM32.DLL
0x000007fefe3d0000 - 0x000007fefe4d9000 	C:\Windows\system32\MSCTF.dll
0x0000000063bd0000 - 0x0000000063ca2000 	D:\setup\jdk1.8\bin\msvcr100.dll
0x00000000658f0000 - 0x0000000066183000 	D:\setup\jdk1.8\bin\server\jvm.dll
0x000007feeeef0000 - 0x000007feeeef9000 	C:\Windows\system32\WSOCK32.dll
0x000007fefe4e0000 - 0x000007fefe52d000 	C:\Windows\system32\WS2_32.dll
0x000007fefd760000 - 0x000007fefd768000 	C:\Windows\system32\NSI.dll
0x000007fef8940000 - 0x000007fef897b000 	C:\Windows\system32\WINMM.dll
0x000007fefc490000 - 0x000007fefc49c000 	C:\Windows\system32\VERSION.dll
0x0000000077730000 - 0x0000000077737000 	C:\Windows\system32\PSAPI.DLL
0x00000000734c0000 - 0x00000000734cf000 	D:\setup\jdk1.8\bin\verify.dll
0x0000000073490000 - 0x00000000734b9000 	D:\setup\jdk1.8\bin\java.dll
0x0000000073470000 - 0x0000000073486000 	D:\setup\jdk1.8\bin\zip.dll
0x000007fefe710000 - 0x000007feff499000 	C:\Windows\system32\SHELL32.dll
0x000007fefe180000 - 0x000007fefe383000 	C:\Windows\system32\ole32.dll
0x000007fefd3a0000 - 0x000007fefd3af000 	C:\Windows\system32\profapi.dll
0x0000000074490000 - 0x000000007449d000 	D:\setup\jdk1.8\bin\management.dll
0x00000000733c0000 - 0x00000000733da000 	D:\setup\jdk1.8\bin\net.dll
0x000007fefcb80000 - 0x000007fefcbd5000 	C:\Windows\system32\mswsock.dll
0x000007fefcb70000 - 0x000007fefcb77000 	C:\Windows\System32\wship6.dll
0x00000000732e0000 - 0x00000000732f1000 	D:\setup\jdk1.8\bin\nio.dll
0x000007fefb250000 - 0x000007fefb265000 	C:\Windows\system32\NLAapi.dll
0x000007fef49e0000 - 0x000007fef49f5000 	C:\Windows\system32\napinsp.dll
0x000007fef49c0000 - 0x000007fef49d9000 	C:\Windows\system32\pnrpnsp.dll
0x000007fefca00000 - 0x000007fefca5b000 	C:\Windows\system32\DNSAPI.dll
0x000007fef4920000 - 0x000007fef492b000 	C:\Windows\System32\winrnr.dll
0x000007fef4910000 - 0x000007fef4920000 	C:\Windows\system32\wshbth.dll
0x000007fefc560000 - 0x000007fefc567000 	C:\Windows\System32\wshtcpip.dll
0x000007fefad00000 - 0x000007fefad27000 	C:\Windows\system32\IPHLPAPI.DLL
0x000007fefacf0000 - 0x000007fefacfb000 	C:\Windows\system32\WINNSI.DLL
0x000007fef4900000 - 0x000007fef4908000 	C:\Windows\system32\rasadhlp.dll
0x000007fefaba0000 - 0x000007fefabf3000 	C:\Windows\System32\fwpuclnt.dll
0x000007fefcbe0000 - 0x000007fefcbf8000 	C:\Windows\system32\CRYPTSP.dll
0x000007fefc8a0000 - 0x000007fefc8e7000 	C:\Windows\system32\rsaenh.dll
0x000007fefd6e0000 - 0x000007fefd6fe000 	C:\Windows\system32\USERENV.dll
0x000007fefd240000 - 0x000007fefd24f000 	C:\Windows\system32\CRYPTBASE.dll
0x000007fefaad0000 - 0x000007fefaae8000 	C:\Windows\system32\dhcpcsvc.DLL
0x000007fefaab0000 - 0x000007fefaac1000 	C:\Windows\system32\dhcpcsvc6.DLL

VM Arguments:
jvm_args: -Dcom.sun.management.jmxremote -Dcom.sun.management.jmxremote.port=7215 -Dcom.sun.management.jmxremote.authenticate=false -Dcom.sun.management.jmxremote.ssl=false -Djava.rmi.server.hostname=localhost -Dspring.liveBeansView.mbeanDomain -Dspring.application.admin.enabled=true -Dfile.encoding=UTF-8 
java_command: com.shiran.cloud.ComsumerMovieRibbonApplication --spring.output.ansi.enabled=always
java_class_path (initial): F:\setup\spring-tool-suite-3.8.4.RELEASE-e4.6.3-win32-x86_64\workspace\code\microservice-comsumer-movie-ribbon\target\classes;F:\setup\apache-maven-3.3.9-bin\localrepositoryposition\org\springframework\boot\spring-boot-starter-web\1.4.6.RELEASE\spring-boot-starter-web-1.4.6.RELEASE.jar;F:\setup\apache-maven-3.3.9-bin\localrepositoryposition\org\springframework\boot\spring-boot-starter\1.4.6.RELEASE\spring-boot-starter-1.4.6.RELEASE.jar;F:\setup\apache-maven-3.3.9-bin\localrepositoryposition\org\springframework\boot\spring-boot\1.4.6.RELEASE\spring-boot-1.4.6.RELEASE.jar;F:\setup\apache-maven-3.3.9-bin\localrepositoryposition\org\springframework\boot\spring-boot-autoconfigure\1.4.6.RELEASE\spring-boot-autoconfigure-1.4.6.RELEASE.jar;F:\setup\apache-maven-3.3.9-bin\localrepositoryposition\org\springframework\boot\spring-boot-starter-logging\1.4.6.RELEASE\spring-boot-starter-logging-1.4.6.RELEASE.jar;F:\setup\apache-maven-3.3.9-bin\localrepositoryposition\ch\qos\logback\logback-classic\1.1.11\logback-classic-1.1.11.jar;F:\setup\apache-maven-3.3.9-bin\localrepositoryposition\ch\qos\logback\logback-core\1.1.11\logback-core-1.1.11.jar;F:\setup\apache-maven-3.3.9-bin\localrepositoryposition\org\slf4j\jcl-over-slf4j\1.7.25\jcl-over-slf4j-1.7.25.jar;F:\setup\apache-maven-3.3.9-bin\localrepositoryposition\org\slf4j\jul-to-slf4j\1.7.25\jul-to-slf4j-1.7.25.jar;F:\setup\apache-maven-3.3.9-bin\localrepositoryposition\org\slf4j\log4j-over-slf4j\1.7.25\log4j-over-slf4j-1.7.25.jar;F:\setup\apache-maven-3.3.9-bin\localrepositoryposition\org\springframework\spring-core\4.3.8.RELEASE\spring-core-4.3.8.RELEASE.jar;F:\setup\apache-maven-3.3.9-bin\localrepositoryposition\org\yaml\snakeyaml\1.17\snakeyaml-1.17.jar;F:\setup\apache-maven-3.3.9-bin\localrepositoryposition\org\springframework\boot\spring-boot-starter-tomcat\1.4.6.RELEASE\spring-boot-starter-tomcat-1.4.6.RELEASE.jar;F:\setup\apache-maven-3.3.9-bin\localrepositoryposition\org\apache\tomcat\embed\tomc
Launcher Type: SUN_STANDARD

Environment Variables:
JAVA_HOME=D:\setup\jdk1.7
PATH=D:/setup/jdk1.8/bin/server;D:/setup/jdk1.8/bin;D:/setup/jdk1.8/lib/amd64;C:\ProgramData\Oracle\Java\javapath;D:\setup\django\python3.5\Scripts\;D:\setup\django\python3.5\;D:\setup\armv1.2\bin;D:\setup\python2.7;D:\app\Administrator\product\11.1.0\db_2\bin;F:\setup\scala\bin;D:\java\apache-maven-2.2.1\bin;%M2_HOME%\bin;D:\setup\jdk1.7;D:\setup\python34\Scripts;D:\setup\python34;C:\Program Files (x86)\Common Files\NetSarang;D:\setup\jdk1.7\bin;C:\Windows\system32;C:\Windows;C:\Windows\System32\Wbem;C:\Windows\System32\WindowsPowerShell\v1.0\;F:\setup\scala\bin;C:\Program Files (x86)\Microsoft SQL Server\100\Tools\Binn\;C:\Program Files\Microsoft SQL Server\100\Tools\Binn\;C:\Program Files\Microsoft SQL Server\100\DTS\Binn\;C:\Program Files (x86)\Microsoft SQL Server\100\Tools\Binn\VSShell\Common7\IDE\;C:\Program Files (x86)\Microsoft Visual Studio 9.0\Common7\IDE\PrivateAssemblies\;C:\Program Files (x86)\Microsoft SQL Server\100\DTS\Binn\;D:\setup\git\Git\cmd;D:\setup\tortorsegit1.8\bin;F:\setup\spring-tool-suite-3.8.4.RELEASE-e4.6.3-win32-x86_64\sts-bundle\sts-3.8.4.RELEASE;
USERNAME=Administrator
OS=Windows_NT
PROCESSOR_IDENTIFIER=Intel64 Family 6 Model 60 Stepping 3, GenuineIntel



---------------  S Y S T E M  ---------------

OS: Windows 7 , 64 bit Build 7601 (6.1.7601.19135)

CPU:total 4 (2 cores per cpu, 2 threads per core) family 6 model 60 stepping 3, cmov, cx8, fxsr, mmx, sse, sse2, sse3, ssse3, sse4.1, sse4.2, popcnt, avx, avx2, aes, clmul, erms, lzcnt, ht, tsc, tscinvbit, bmi1, bmi2

Memory: 4k page, physical 4108656k(96976k free), swap 7619288k(1700k free)

vm_info: Java HotSpot(TM) 64-Bit Server VM (25.91-b15) for windows-amd64 JRE (1.8.0_91-b15), built on May 20 2016 17:43:15 by "java_re" with MS VC++ 10.0 (VS2010)

time: Wed May 24 20:42:48 2017
elapsed time: 80 seconds (0d 0h 1m 20s)

