#
# There is insufficient memory for the Java Runtime Environment to continue.
# Native memory allocation (malloc) failed to allocate 32744 bytes for ChunkPool::allocate
# Possible reasons:
#   The system is out of physical RAM or swap space
#   In 32 bit mode, the process size limit was hit
# Possible solutions:
#   Reduce memory load on the system
#   Increase physical memory or swap space
#   Check if swap backing store is full
#   Use 64 bit Java on a 64 bit OS
#   Decrease Java heap size (-Xmx/-Xms)
#   Decrease number of Java threads
#   Decrease Java thread stack sizes (-Xss)
#   Set larger code cache with -XX:ReservedCodeCacheSize=
# This output file may be truncated or incomplete.
#
#  Out of Memory Error (allocation.cpp:273), pid=10296, tid=12704
#
# JRE version: Java(TM) SE Runtime Environment (8.0_91-b15) (build 1.8.0_91-b15)
# Java VM: Java HotSpot(TM) 64-Bit Server VM (25.91-b15 mixed mode windows-amd64 compressed oops)
# Failed to write core dump. Minidumps are not enabled by default on client versions of Windows
#

---------------  T H R E A D  ---------------

Current thread (0x00000000561c8000):  JavaThread "C1 CompilerThread2" daemon [_thread_in_native, id=12704, stack(0x0000000056970000,0x0000000056a70000)]

Stack: [0x0000000056970000,0x0000000056a70000]
[error occurred during error reporting (printing stack bounds), id 0xc0000005]

Native frames: (J=compiled Java code, j=interpreted, Vv=VM code, C=native code)


Current CompileTask:
C1:  16856 3011   !   2      
[error occurred during error reporting (printing current compile task), id 0xe0000001]


---------------  P R O C E S S  ---------------

Java Threads: ( => current thread )
  0x000000005773f000 JavaThread "JMX server connection timeout 17" daemon [_thread_blocked, id=13644, stack(0x0000000058380000,0x0000000058480000)]
  0x000000005770a000 JavaThread "RMI TCP Connection(2)-127.0.0.1" daemon [_thread_in_native, id=11556, stack(0x0000000058140000,0x0000000058240000)]
  0x00000000576de000 JavaThread "RMI Scheduler(0)" daemon [_thread_blocked, id=12240, stack(0x0000000057fd0000,0x00000000580d0000)]
  0x0000000057453000 JavaThread "RMI TCP Accept-0" daemon [_thread_in_native, id=14280, stack(0x0000000057c90000,0x0000000057d90000)]
  0x000000005744c800 JavaThread "RMI TCP Connection(1)-127.0.0.1" daemon [_thread_in_native, id=3088, stack(0x0000000057e00000,0x0000000057f00000)]
  0x00000000573fc800 JavaThread "RMI TCP Accept-7254" daemon [_thread_in_native, id=12108, stack(0x0000000057b70000,0x0000000057c70000)]
  0x00000000573f1800 JavaThread "RMI TCP Accept-0" daemon [_thread_in_native, id=12176, stack(0x0000000057960000,0x0000000057a60000)]
  0x0000000056238800 JavaThread "Service Thread" daemon [_thread_blocked, id=12112, stack(0x0000000056710000,0x0000000056810000)]
=>0x00000000561c8000 JavaThread "C1 CompilerThread2" daemon [_thread_in_native, id=12704, stack(0x0000000056970000,0x0000000056a70000)]
  0x00000000561bd000 JavaThread "C2 CompilerThread1" daemon [_thread_in_native, id=9700, stack(0x0000000056c60000,0x0000000056d60000)]
  0x0000000054d2e000 JavaThread "C2 CompilerThread0" daemon [_thread_in_native, id=13072, stack(0x0000000056af0000,0x0000000056bf0000)]
  0x0000000054d2b000 JavaThread "Attach Listener" daemon [_thread_blocked, id=10736, stack(0x0000000056840000,0x0000000056940000)]
  0x0000000054d29000 JavaThread "Signal Dispatcher" daemon [_thread_blocked, id=13248, stack(0x0000000056610000,0x0000000056710000)]
  0x0000000054d12000 JavaThread "Finalizer" daemon [_thread_blocked, id=13564, stack(0x0000000055f00000,0x0000000056000000)]
  0x0000000054cc9000 JavaThread "Reference Handler" daemon [_thread_blocked, id=13168, stack(0x0000000056090000,0x0000000056190000)]
  0x000000000221e800 JavaThread "main" [_thread_in_Java, id=4568, stack(0x0000000002570000,0x0000000002670000)]

Other Threads:
  0x0000000054cc1800 VMThread [stack: 0x0000000055dd0000,0x0000000055ed0000] [id=13280]
  0x0000000057456000 WatcherThread [stack: 0x0000000057a60000,0x0000000057b60000] [id=11064]

VM state:not at safepoint (normal execution)

VM Mutex/Monitor currently owned by a thread: None

Heap:
 PSYoungGen      total 97792K, used 82347K [0x00000000eb180000, 0x00000000f1c00000, 0x0000000100000000)
  eden space 90624K, 86% used [0x00000000eb180000,0x00000000efe19ec0,0x00000000f0a00000)
  from space 7168K, 54% used [0x00000000f1100000,0x00000000f14d0ea8,0x00000000f1800000)
  to   space 7168K, 0% used [0x00000000f0a00000,0x00000000f0a00000,0x00000000f1100000)
 ParOldGen       total 33280K, used 10353K [0x00000000c1400000, 0x00000000c3480000, 0x00000000eb180000)
  object space 33280K, 31% used [0x00000000c1400000,0x00000000c1e1c640,0x00000000c3480000)
 Metaspace       used 27361K, capacity 27864K, committed 28288K, reserved 1073152K
  class space    used 3471K, capacity 3611K, committed 3712K, reserved 1048576K

Card table byte_map: [0x0000000011a30000,0x0000000011c30000] byte_map_base: 0x0000000011426000

Marking Bits: (ParMarkBitMap*) 0x0000000066102f70
 Begin Bits: [0x00000000121d0000, 0x0000000013180000)
 End Bits:   [0x0000000013180000, 0x0000000014130000)

Polling page: 0x0000000000100000

CodeCache: size=245760Kb used=10474Kb max_used=10474Kb free=235285Kb
 bounds [0x0000000002670000, 0x00000000030c0000, 0x0000000011670000]
 total_blobs=3379 nmethods=2979 adapters=312
 compilation: enabled

Compilation events (10 events):
Event: 16.804 Thread 0x00000000561c8000 nmethod 3002 0x00000000030af390 code [0x00000000030af4e0, 0x00000000030af5f0]
Event: 16.805 Thread 0x00000000561c8000 3005       2       org.springframework.beans.factory.support.RootBeanDefinition::<init> (88 bytes)
Event: 16.805 Thread 0x00000000561c8000 nmethod 3005 0x00000000030af650 code [0x00000000030af7c0, 0x00000000030afa88]
Event: 16.805 Thread 0x00000000561c8000 3006       2       org.springframework.beans.factory.support.AbstractBeanDefinition::getBeanClass (63 bytes)
Event: 16.806 Thread 0x00000000561c8000 nmethod 3006 0x00000000030afb90 code [0x00000000030afd60, 0x00000000030b02c8]
Event: 16.806 Thread 0x00000000561c8000 3007       2       org.springframework.context.annotation.ConfigurationClassBeanDefinitionReader$ConfigurationClassBeanDefinition::cloneBeanDefinition (5 bytes)
Event: 16.806 Thread 0x00000000561c8000 nmethod 3007 0x00000000030b0610 code [0x00000000030b0780, 0x00000000030b09a8]
Event: 16.807 Thread 0x00000000561c8000 3010       2       org.springframework.core.ResolvableType::forMethodParameter (49 bytes)
Event: 16.807 Thread 0x00000000561c8000 nmethod 3010 0x00000000030b0a90 code [0x00000000030b0c60, 0x00000000030b10d8]
Event: 16.807 Thread 0x00000000561c8000 3011   !   2       org.springframework.beans.factory.support.AbstractBeanFactory::resolveBeanClass (119 bytes)

GC Heap History (10 events):
Event: 14.342 GC heap before
{Heap before GC invocations=7 (full 0):
 PSYoungGen      total 39424K, used 15995K [0x00000000eb180000, 0x00000000edf80000, 0x0000000100000000)
  eden space 32768K, 36% used [0x00000000eb180000,0x00000000ebd24740,0x00000000ed180000)
  from space 6656K, 61% used [0x00000000ed900000,0x00000000edcfa6b0,0x00000000edf80000)
  to   space 7168K, 0% used [0x00000000ed180000,0x00000000ed180000,0x00000000ed880000)
 ParOldGen       total 44032K, used 12680K [0x00000000c1400000, 0x00000000c3f00000, 0x00000000eb180000)
  object space 44032K, 28% used [0x00000000c1400000,0x00000000c20623d0,0x00000000c3f00000)
 Metaspace       used 20892K, capacity 21158K, committed 21296K, reserved 1069056K
  class space    used 2608K, capacity 2677K, committed 2688K, reserved 1048576K
Event: 14.351 GC heap after
Heap after GC invocations=7 (full 0):
 PSYoungGen      total 39936K, used 3050K [0x00000000eb180000, 0x00000000f0080000, 0x0000000100000000)
  eden space 32768K, 0% used [0x00000000eb180000,0x00000000eb180000,0x00000000ed180000)
  from space 7168K, 42% used [0x00000000ed180000,0x00000000ed47aa48,0x00000000ed880000)
  to   space 7680K, 0% used [0x00000000ef900000,0x00000000ef900000,0x00000000f0080000)
 ParOldGen       total 44032K, used 14264K [0x00000000c1400000, 0x00000000c3f00000, 0x00000000eb180000)
  object space 44032K, 32% used [0x00000000c1400000,0x00000000c21ee218,0x00000000c3f00000)
 Metaspace       used 20892K, capacity 21158K, committed 21296K, reserved 1069056K
  class space    used 2608K, capacity 2677K, committed 2688K, reserved 1048576K
}
Event: 14.351 GC heap before
{Heap before GC invocations=8 (full 1):
 PSYoungGen      total 39936K, used 3050K [0x00000000eb180000, 0x00000000f0080000, 0x0000000100000000)
  eden space 32768K, 0% used [0x00000000eb180000,0x00000000eb180000,0x00000000ed180000)
  from space 7168K, 42% used [0x00000000ed180000,0x00000000ed47aa48,0x00000000ed880000)
  to   space 7680K, 0% used [0x00000000ef900000,0x00000000ef900000,0x00000000f0080000)
 ParOldGen       total 44032K, used 14264K [0x00000000c1400000, 0x00000000c3f00000, 0x00000000eb180000)
  object space 44032K, 32% used [0x00000000c1400000,0x00000000c21ee218,0x00000000c3f00000)
 Metaspace       used 20892K, capacity 21158K, committed 21296K, reserved 1069056K
  class space    used 2608K, capacity 2677K, committed 2688K, reserved 1048576K
Event: 14.396 GC heap after
Heap after GC invocations=8 (full 1):
 PSYoungGen      total 39936K, used 0K [0x00000000eb180000, 0x00000000f0080000, 0x0000000100000000)
  eden space 32768K, 0% used [0x00000000eb180000,0x00000000eb180000,0x00000000ed180000)
  from space 7168K, 0% used [0x00000000ed180000,0x00000000ed180000,0x00000000ed880000)
  to   space 7680K, 0% used [0x00000000ef900000,0x00000000ef900000,0x00000000f0080000)
 ParOldGen       total 33280K, used 9417K [0x00000000c1400000, 0x00000000c3480000, 0x00000000eb180000)
  object space 33280K, 28% used [0x00000000c1400000,0x00000000c1d32640,0x00000000c3480000)
 Metaspace       used 20892K, capacity 21158K, committed 21296K, reserved 1069056K
  class space    used 2608K, capacity 2677K, committed 2688K, reserved 1048576K
}
Event: 15.238 GC heap before
{Heap before GC invocations=9 (full 1):
 PSYoungGen      total 39936K, used 32768K [0x00000000eb180000, 0x00000000f0080000, 0x0000000100000000)
  eden space 32768K, 100% used [0x00000000eb180000,0x00000000ed180000,0x00000000ed180000)
  from space 7168K, 0% used [0x00000000ed180000,0x00000000ed180000,0x00000000ed880000)
  to   space 7680K, 0% used [0x00000000ef900000,0x00000000ef900000,0x00000000f0080000)
 ParOldGen       total 33280K, used 9417K [0x00000000c1400000, 0x00000000c3480000, 0x00000000eb180000)
  object space 33280K, 28% used [0x00000000c1400000,0x00000000c1d32640,0x00000000c3480000)
 Metaspace       used 23665K, capacity 23956K, committed 24192K, reserved 1071104K
  class space    used 3002K, capacity 3077K, committed 3200K, reserved 1048576K
Event: 15.246 GC heap after
Heap after GC invocations=9 (full 1):
 PSYoungGen      total 64000K, used 3149K [0x00000000eb180000, 0x00000000efc80000, 0x0000000100000000)
  eden space 60416K, 0% used [0x00000000eb180000,0x00000000eb180000,0x00000000eec80000)
  from space 3584K, 87% used [0x00000000ef900000,0x00000000efc13570,0x00000000efc80000)
  to   space 7680K, 0% used [0x00000000eed80000,0x00000000eed80000,0x00000000ef500000)
 ParOldGen       total 33280K, used 9425K [0x00000000c1400000, 0x00000000c3480000, 0x00000000eb180000)
  object space 33280K, 28% used [0x00000000c1400000,0x00000000c1d34640,0x00000000c3480000)
 Metaspace       used 23665K, capacity 23956K, committed 24192K, reserved 1071104K
  class space    used 3002K, capacity 3077K, committed 3200K, reserved 1048576K
}
Event: 15.712 GC heap before
{Heap before GC invocations=10 (full 1):
 PSYoungGen      total 64000K, used 63565K [0x00000000eb180000, 0x00000000efc80000, 0x0000000100000000)
  eden space 60416K, 100% used [0x00000000eb180000,0x00000000eec80000,0x00000000eec80000)
  from space 3584K, 87% used [0x00000000ef900000,0x00000000efc13570,0x00000000efc80000)
  to   space 7680K, 0% used [0x00000000eed80000,0x00000000eed80000,0x00000000ef500000)
 ParOldGen       total 33280K, used 9425K [0x00000000c1400000, 0x00000000c3480000, 0x00000000eb180000)
  object space 33280K, 28% used [0x00000000c1400000,0x00000000c1d34640,0x00000000c3480000)
 Metaspace       used 24254K, capacity 24652K, committed 24960K, reserved 1071104K
  class space    used 3073K, capacity 3177K, committed 3200K, reserved 1048576K
Event: 15.718 GC heap after
Heap after GC invocations=10 (full 1):
 PSYoungGen      total 69120K, used 3680K [0x00000000eb180000, 0x00000000f1800000, 0x0000000100000000)
  eden space 61440K, 0% used [0x00000000eb180000,0x00000000eb180000,0x00000000eed80000)
  from space 7680K, 47% used [0x00000000eed80000,0x00000000ef118000,0x00000000ef500000)
  to   space 7168K, 0% used [0x00000000f1100000,0x00000000f1100000,0x00000000f1800000)
 ParOldGen       total 33280K, used 9425K [0x00000000c1400000, 0x00000000c3480000, 0x00000000eb180000)
  object space 33280K, 28% used [0x00000000c1400000,0x00000000c1d34640,0x00000000c3480000)
 Metaspace       used 24254K, capacity 24652K, committed 24960K, reserved 1071104K
  class space    used 3073K, capacity 3177K, committed 3200K, reserved 1048576K
}
Event: 16.062 GC heap before
{Heap before GC invocations=11 (full 1):
 PSYoungGen      total 69120K, used 65120K [0x00000000eb180000, 0x00000000f1800000, 0x0000000100000000)
  eden space 61440K, 100% used [0x00000000eb180000,0x00000000eed80000,0x00000000eed80000)
  from space 7680K, 47% used [0x00000000eed80000,0x00000000ef118000,0x00000000ef500000)
  to   space 7168K, 0% used [0x00000000f1100000,0x00000000f1100000,0x00000000f1800000)
 ParOldGen       total 33280K, used 9425K [0x00000000c1400000, 0x00000000c3480000, 0x00000000eb180000)
  object space 33280K, 28% used [0x00000000c1400000,0x00000000c1d34640,0x00000000c3480000)
 Metaspace       used 24863K, capacity 25264K, committed 25600K, reserved 1071104K
  class space    used 3151K, capacity 3247K, committed 3328K, reserved 1048576K
Event: 16.088 GC heap after
Heap after GC invocations=11 (full 1):
 PSYoungGen      total 97792K, used 3907K [0x00000000eb180000, 0x00000000f1c00000, 0x0000000100000000)
  eden space 90624K, 0% used [0x00000000eb180000,0x00000000eb180000,0x00000000f0a00000)
  from space 7168K, 54% used [0x00000000f1100000,0x00000000f14d0ea8,0x00000000f1800000)
  to   space 7168K, 0% used [0x00000000f0a00000,0x00000000f0a00000,0x00000000f1100000)
 ParOldGen       total 33280K, used 10353K [0x00000000c1400000, 0x00000000c3480000, 0x00000000eb180000)
  object space 33280K, 31% used [0x00000000c1400000,0x00000000c1e1c640,0x00000000c3480000)
 Metaspace       used 24863K, capacity 25264K, committed 25600K, reserved 1071104K
  class space    used 3151K, capacity 3247K, committed 3328K, reserved 1048576K
}

Deoptimization events (10 events):
Event: 15.795 Thread 0x000000000221e800 Uncommon trap: reason=bimorphic action=maybe_recompile pc=0x0000000002ee0100 method=java.util.AbstractCollection.isEmpty()Z @ 1
Event: 15.798 Thread 0x000000000221e800 Uncommon trap: reason=bimorphic action=maybe_recompile pc=0x0000000002ee0100 method=java.util.AbstractCollection.isEmpty()Z @ 1
Event: 15.827 Thread 0x000000000221e800 Uncommon trap: reason=unstable_if action=reinterpret pc=0x0000000002f0d8c8 method=org.springframework.core.type.classreading.AnnotationReadingVisitorUtils.convertClassValues(Ljava/lang/Object;Ljava/lang/ClassLoader;Lorg/springframework/core/annotation/Anno
Event: 16.017 Thread 0x000000000221e800 Uncommon trap: reason=bimorphic action=maybe_recompile pc=0x0000000002dd1fd0 method=java.util.regex.Pattern$GroupTail.match(Ljava/util/regex/Matcher;ILjava/lang/CharSequence;)Z @ 70
Event: 16.017 Thread 0x000000000221e800 Uncommon trap: reason=bimorphic action=maybe_recompile pc=0x0000000002dd1fd0 method=java.util.regex.Pattern$GroupTail.match(Ljava/util/regex/Matcher;ILjava/lang/CharSequence;)Z @ 70
Event: 16.019 Thread 0x000000000221e800 Uncommon trap: reason=bimorphic action=maybe_recompile pc=0x0000000002dd1fd0 method=java.util.regex.Pattern$GroupTail.match(Ljava/util/regex/Matcher;ILjava/lang/CharSequence;)Z @ 70
Event: 16.235 Thread 0x000000000221e800 Uncommon trap: reason=bimorphic action=maybe_recompile pc=0x0000000002dd1fd0 method=java.util.regex.Pattern$GroupTail.match(Ljava/util/regex/Matcher;ILjava/lang/CharSequence;)Z @ 70
Event: 16.248 Thread 0x000000000221e800 Uncommon trap: reason=bimorphic action=maybe_recompile pc=0x0000000002ee0100 method=java.util.AbstractCollection.isEmpty()Z @ 1
Event: 16.316 Thread 0x000000000221e800 Uncommon trap: reason=unstable_if action=reinterpret pc=0x0000000002fcee0c method=org.springframework.core.type.classreading.AnnotationReadingVisitorUtils.getMergedAnnotationAttributes(Lorg/springframework/util/LinkedMultiValueMap;Ljava/util/Map;Ljava/langï|`Ã	˜0@
Event: 16.594 Thread 0x000000000221e800 Uncommon trap: reason=unstable_if action=reinterpret pc=0x0000000002fbe844 method=java.util.LinkedList.node(I)Ljava/util/LinkedList$Node; @ 19

Internal exceptions (10 events):
Event: 16.788 Thread 0x000000000221e800 Exception <a 'java/lang/ClassNotFoundException': org/springframework/beans/factory/BeanNameAwareCustomizer> (0x00000000ef739aa0) thrown at [C:\re\workspace\8-2-build-windows-amd64-cygwin\jdk8u91\7017\hotspot\src\share\vm\classfile\systemDictionary.cpp, linù1’#ÎÉ0@
Event: 16.788 Thread 0x000000000221e800 Exception <a 'java/lang/ClassNotFoundException': org/springframework/beans/factory/BeanFactoryAwareCustomizer> (0x00000000ef7566f0) thrown at [C:\re\workspace\8-2-build-windows-amd64-cygwin\jdk8u91\7017\hotspot\src\share\vm\classfile\systemDictionary.cpp, m¼ÞáôÉ0@
Event: 16.789 Thread 0x000000000221e800 Exception <a 'java/lang/ClassNotFoundException': org/springframework/beans/factory/config/BeanFactoryPostProcessorCustomizer> (0x00000000ef778b90) thrown at [C:\re\workspace\8-2-build-windows-amd64-cygwin\jdk8u91\7017\hotspot\src\share\vm\classfile\systemD·ÂtÊ0@
Event: 16.789 Thread 0x000000000221e800 Exception <a 'java/lang/ClassNotFoundException': org/springframework/core/PriorityOrderedCustomizer> (0x00000000ef791810) thrown at [C:\re\workspace\8-2-build-windows-amd64-cygwin\jdk8u91\7017\hotspot\src\share\vm\classfile\systemDictionary.cpp, line 210]
Event: 16.793 Thread 0x000000000221e800 Exception <a 'java/lang/ClassNotFoundException': java/lang/ObjectCustomizer> (0x00000000ef7f1360) thrown at [C:\re\workspace\8-2-build-windows-amd64-cygwin\jdk8u91\7017\hotspot\src\share\vm\classfile\systemDictionary.cpp, line 210]
Event: 16.793 Thread 0x000000000221e800 Exception <a 'java/lang/ClassNotFoundException': org/springframework/boot/context/properties/ConfigurationBeanFactoryMetaDataCustomizer> (0x00000000ef818c00) thrown at [C:\re\workspace\8-2-build-windows-amd64-cygwin\jdk8u91\7017\hotspot\src\share\vm\classf­’;^Ë0@
Event: 16.794 Thread 0x000000000221e800 Exception <a 'java/lang/ClassNotFoundException': org/springframework/beans/factory/config/BeanFactoryPostProcessorCustomizer> (0x00000000ef83fcd8) thrown at [C:\re\workspace\8-2-build-windows-amd64-cygwin\jdk8u91\7017\hotspot\src\share\vm\classfile\systemD¼~’ŸË0@
Event: 16.795 Thread 0x000000000221e800 Exception <a 'java/lang/ClassNotFoundException': java/lang/ObjectCustomizer> (0x00000000ef84c350) thrown at [C:\re\workspace\8-2-build-windows-amd64-cygwin\jdk8u91\7017\hotspot\src\share\vm\classfile\systemDictionary.cpp, line 210]
Event: 16.796 Thread 0x000000000221e800 Exception <a 'java/lang/ClassNotFoundException': org/springframework/boot/autoconfigure/web/ErrorMvcAutoConfiguration$PreserveErrorControllerTargetClassPostProcessorCustomizer> (0x00000000ef8808f0) thrown at [C:\re\workspace\8-2-build-windows-amd64-cygwin\®ÃÉÌ0@
Event: 16.797 Thread 0x000000000221e800 Exception <a 'java/lang/ClassNotFoundException': org/springframework/beans/factory/config/BeanFactoryPostProcessorCustomizer> (0x00000000ef8a43f8) thrown at [C:\re\workspace\8-2-build-windows-amd64-cygwin\jdk8u91\7017\hotspot\src\share\vm\classfile\systemDŽèL¥É0@

Events (10 events):
Event: 16.796 loading class org/springframework/boot/autoconfigure/web/ErrorMvcAutoConfiguration$PreserveErrorControllerTargetClassPostProcessorCustomizer
Event: 16.796 loading class org/springframework/boot/autoconfigure/web/ErrorMvcAutoConfiguration$PreserveErrorControllerTargetClassPostProcessorCustomizer done
Event: 16.796 loading class org/springframework/boot/autoconfigure/web/ErrorMvcAutoConfiguration$PreserveErrorControllerTargetClassPostProcessorCustomizer
Event: 16.796 loading class org/springframework/boot/autoconfigure/web/ErrorMvcAutoConfiguration$PreserveErrorControllerTargetClassPostProcessorCustomizer done
Event: 16.797 loading class org/springframework/beans/factory/config/BeanFactoryPostProcessorCustomizer
Event: 16.797 loading class org/springframework/beans/factory/config/BeanFactoryPostProcessorCustomizer done
Event: 16.797 loading class org/springframework/beans/factory/config/BeanFactoryPostProcessorCustomizer
Event: 16.797 loading class org/springframework/beans/factory/config/BeanFactoryPostProcessorCustomizer done
Event: 16.797 loading class org/springframework/beans/factory/config/BeanFactoryPostProcessorCustomizer
Event: 16.797 loading class org/springframework/beans/factory/config/BeanFactoryPostProcessorCustomizer done


Dynamic libraries:
0x000000013ffe0000 - 0x0000000140017000 	D:\setup\jdk1.8\bin\javaw.exe
0x0000000077560000 - 0x000000007770a000 	C:\Windows\SYSTEM32\ntdll.dll
0x0000000077340000 - 0x000000007745f000 	C:\Windows\system32\kernel32.dll
0x000007fefd3c0000 - 0x000007fefd42b000 	C:\Windows\system32\KERNELBASE.dll
0x000007fefe530000 - 0x000007fefe60b000 	C:\Windows\system32\ADVAPI32.dll
0x000007fefe000000 - 0x000007fefe09f000 	C:\Windows\system32\msvcrt.dll
0x000007fefe390000 - 0x000007fefe3af000 	C:\Windows\SYSTEM32\sechost.dll
0x000007fefd770000 - 0x000007fefd89d000 	C:\Windows\system32\RPCRT4.dll
0x0000000077460000 - 0x000000007755a000 	C:\Windows\system32\USER32.dll
0x000007fefe620000 - 0x000007fefe687000 	C:\Windows\system32\GDI32.dll
0x000007fefe610000 - 0x000007fefe61e000 	C:\Windows\system32\LPK.dll
0x000007feff6d0000 - 0x000007feff79a000 	C:\Windows\system32\USP10.dll
0x000007fefba40000 - 0x000007fefbc34000 	C:\Windows\WinSxS\amd64_microsoft.windows.common-controls_6595b64144ccf1df_6.0.7601.18837_none_fa3b1e3d17594757\COMCTL32.dll
0x000007fefd8a0000 - 0x000007fefd911000 	C:\Windows\system32\SHLWAPI.dll
0x000007feff840000 - 0x000007feff86e000 	C:\Windows\system32\IMM32.DLL
0x000007fefe3d0000 - 0x000007fefe4d9000 	C:\Windows\system32\MSCTF.dll
0x0000000063bd0000 - 0x0000000063ca2000 	D:\setup\jdk1.8\bin\msvcr100.dll
0x00000000658f0000 - 0x0000000066183000 	D:\setup\jdk1.8\bin\server\jvm.dll
0x000007feeeef0000 - 0x000007feeeef9000 	C:\Windows\system32\WSOCK32.dll
0x000007fefe4e0000 - 0x000007fefe52d000 	C:\Windows\system32\WS2_32.dll
0x000007fefd760000 - 0x000007fefd768000 	C:\Windows\system32\NSI.dll
0x000007fef8940000 - 0x000007fef897b000 	C:\Windows\system32\WINMM.dll
0x000007fefc490000 - 0x000007fefc49c000 	C:\Windows\system32\VERSION.dll
0x0000000077730000 - 0x0000000077737000 	C:\Windows\system32\PSAPI.DLL
0x00000000734c0000 - 0x00000000734cf000 	D:\setup\jdk1.8\bin\verify.dll
0x0000000073490000 - 0x00000000734b9000 	D:\setup\jdk1.8\bin\java.dll
0x0000000073470000 - 0x0000000073486000 	D:\setup\jdk1.8\bin\zip.dll
0x000007fefe710000 - 0x000007feff499000 	C:\Windows\system32\SHELL32.dll
0x000007fefe180000 - 0x000007fefe383000 	C:\Windows\system32\ole32.dll
0x000007fefd3a0000 - 0x000007fefd3af000 	C:\Windows\system32\profapi.dll
0x0000000074490000 - 0x000000007449d000 	D:\setup\jdk1.8\bin\management.dll
0x00000000733c0000 - 0x00000000733da000 	D:\setup\jdk1.8\bin\net.dll
0x000007fefcb80000 - 0x000007fefcbd5000 	C:\Windows\system32\mswsock.dll
0x000007fefcb70000 - 0x000007fefcb77000 	C:\Windows\System32\wship6.dll
0x00000000732e0000 - 0x00000000732f1000 	D:\setup\jdk1.8\bin\nio.dll
0x000007fefb250000 - 0x000007fefb265000 	C:\Windows\system32\NLAapi.dll
0x000007fef49e0000 - 0x000007fef49f5000 	C:\Windows\system32\napinsp.dll
0x000007fef49c0000 - 0x000007fef49d9000 	C:\Windows\system32\pnrpnsp.dll
0x000007fefca00000 - 0x000007fefca5b000 	C:\Windows\system32\DNSAPI.dll
0x000007fef4920000 - 0x000007fef492b000 	C:\Windows\System32\winrnr.dll
0x000007fef4910000 - 0x000007fef4920000 	C:\Windows\system32\wshbth.dll
0x000007fefc560000 - 0x000007fefc567000 	C:\Windows\System32\wshtcpip.dll
0x000007fefad00000 - 0x000007fefad27000 	C:\Windows\system32\IPHLPAPI.DLL
0x000007fefacf0000 - 0x000007fefacfb000 	C:\Windows\system32\WINNSI.DLL
0x000007fef4900000 - 0x000007fef4908000 	C:\Windows\system32\rasadhlp.dll
0x000007fefaba0000 - 0x000007fefabf3000 	C:\Windows\System32\fwpuclnt.dll
0x000007fefcbe0000 - 0x000007fefcbf8000 	C:\Windows\system32\CRYPTSP.dll
0x000007fefc8a0000 - 0x000007fefc8e7000 	C:\Windows\system32\rsaenh.dll
0x000007fefd6e0000 - 0x000007fefd6fe000 	C:\Windows\system32\USERENV.dll
0x000007fefd240000 - 0x000007fefd24f000 	C:\Windows\system32\CRYPTBASE.dll
0x000007fefaad0000 - 0x000007fefaae8000 	C:\Windows\system32\dhcpcsvc.DLL
0x000007fefaab0000 - 0x000007fefaac1000 	C:\Windows\system32\dhcpcsvc6.DLL

VM Arguments:
jvm_args: -Dcom.sun.management.jmxremote -Dcom.sun.management.jmxremote.port=7254 -Dcom.sun.management.jmxremote.authenticate=false -Dcom.sun.management.jmxremote.ssl=false -Djava.rmi.server.hostname=localhost -Dspring.liveBeansView.mbeanDomain -Dspring.application.admin.enabled=true -Dfile.encoding=UTF-8 
java_command: com.shiran.cloud.ComsumerMovieRibbonApplication --spring.output.ansi.enabled=always
java_class_path (initial): F:\setup\spring-tool-suite-3.8.4.RELEASE-e4.6.3-win32-x86_64\workspace\code\microservice-comsumer-movie-ribbon\target\classes;F:\setup\apache-maven-3.3.9-bin\localrepositoryposition\org\springframework\boot\spring-boot-starter-web\1.4.6.RELEASE\spring-boot-starter-web-1.4.6.RELEASE.jar;F:\setup\apache-maven-3.3.9-bin\localrepositoryposition\org\springframework\boot\spring-boot-starter\1.4.6.RELEASE\spring-boot-starter-1.4.6.RELEASE.jar;F:\setup\apache-maven-3.3.9-bin\localrepositoryposition\org\springframework\boot\spring-boot\1.4.6.RELEASE\spring-boot-1.4.6.RELEASE.jar;F:\setup\apache-maven-3.3.9-bin\localrepositoryposition\org\springframework\boot\spring-boot-autoconfigure\1.4.6.RELEASE\spring-boot-autoconfigure-1.4.6.RELEASE.jar;F:\setup\apache-maven-3.3.9-bin\localrepositoryposition\org\springframework\boot\spring-boot-starter-logging\1.4.6.RELEASE\spring-boot-starter-logging-1.4.6.RELEASE.jar;F:\setup\apache-maven-3.3.9-bin\localrepositoryposition\ch\qos\logback\logback-classic\1.1.11\logback-classic-1.1.11.jar;F:\setup\apache-maven-3.3.9-bin\localrepositoryposition\ch\qos\logback\logback-core\1.1.11\logback-core-1.1.11.jar;F:\setup\apache-maven-3.3.9-bin\localrepositoryposition\org\slf4j\jcl-over-slf4j\1.7.25\jcl-over-slf4j-1.7.25.jar;F:\setup\apache-maven-3.3.9-bin\localrepositoryposition\org\slf4j\jul-to-slf4j\1.7.25\jul-to-slf4j-1.7.25.jar;F:\setup\apache-maven-3.3.9-bin\localrepositoryposition\org\slf4j\log4j-over-slf4j\1.7.25\log4j-over-slf4j-1.7.25.jar;F:\setup\apache-maven-3.3.9-bin\localrepositoryposition\org\springframework\spring-core\4.3.8.RELEASE\spring-core-4.3.8.RELEASE.jar;F:\setup\apache-maven-3.3.9-bin\localrepositoryposition\org\yaml\snakeyaml\1.17\snakeyaml-1.17.jar;F:\setup\apache-maven-3.3.9-bin\localrepositoryposition\org\springframework\boot\spring-boot-starter-tomcat\1.4.6.RELEASE\spring-boot-starter-tomcat-1.4.6.RELEASE.jar;F:\setup\apache-maven-3.3.9-bin\localrepositoryposition\org\apache\tomcat\embed\tomc
Launcher Type: SUN_STANDARD

Environment Variables:
JAVA_HOME=D:\setup\jdk1.7
PATH=D:/setup/jdk1.8/bin/server;D:/setup/jdk1.8/bin;D:/setup/jdk1.8/lib/amd64;C:\ProgramData\Oracle\Java\javapath;D:\setup\django\python3.5\Scripts\;D:\setup\django\python3.5\;D:\setup\armv1.2\bin;D:\setup\python2.7;D:\app\Administrator\product\11.1.0\db_2\bin;F:\setup\scala\bin;D:\java\apache-maven-2.2.1\bin;%M2_HOME%\bin;D:\setup\jdk1.7;D:\setup\python34\Scripts;D:\setup\python34;C:\Program Files (x86)\Common Files\NetSarang;D:\setup\jdk1.7\bin;C:\Windows\system32;C:\Windows;C:\Windows\System32\Wbem;C:\Windows\System32\WindowsPowerShell\v1.0\;F:\setup\scala\bin;C:\Program Files (x86)\Microsoft SQL Server\100\Tools\Binn\;C:\Program Files\Microsoft SQL Server\100\Tools\Binn\;C:\Program Files\Microsoft SQL Server\100\DTS\Binn\;C:\Program Files (x86)\Microsoft SQL Server\100\Tools\Binn\VSShell\Common7\IDE\;C:\Program Files (x86)\Microsoft Visual Studio 9.0\Common7\IDE\PrivateAssemblies\;C:\Program Files (x86)\Microsoft SQL Server\100\DTS\Binn\;D:\setup\git\Git\cmd;D:\setup\tortorsegit1.8\bin;F:\setup\spring-tool-suite-3.8.4.RELEASE-e4.6.3-win32-x86_64\sts-bundle\sts-3.8.4.RELEASE;
USERNAME=Administrator
OS=Windows_NT
PROCESSOR_IDENTIFIER=Intel64 Family 6 Model 60 Stepping 3, GenuineIntel



---------------  S Y S T E M  ---------------

OS: Windows 7 , 64 bit Build 7601 (6.1.7601.19135)

CPU:total 4 (2 cores per cpu, 2 threads per core) family 6 model 60 stepping 3, cmov, cx8, fxsr, mmx, sse, sse2, sse3, ssse3, sse4.1, sse4.2, popcnt, avx, avx2, aes, clmul, erms, lzcnt, ht, tsc, tscinvbit, bmi1, bmi2

Memory: 4k page, physical 4108656k(83860k free), swap 7619288k(4096k free)

vm_info: Java HotSpot(TM) 64-Bit Server VM (25.91-b15) for windows-amd64 JRE (1.8.0_91-b15), built on May 20 2016 17:43:15 by "java_re" with MS VC++ 10.0 (VS2010)

time: Wed May 24 20:43:33 2017
elapsed time: 16 seconds (0d 0h 0m 16s)

