#
# There is insufficient memory for the Java Runtime Environment to continue.
# Native memory allocation (malloc) failed to allocate 262160 bytes for Chunk::new
# Possible reasons:
#   The system is out of physical RAM or swap space
#   In 32 bit mode, the process size limit was hit
# Possible solutions:
#   Reduce memory load on the system
#   Increase physical memory or swap space
#   Check if swap backing store is full
#   Use 64 bit Java on a 64 bit OS
#   Decrease Java heap size (-Xmx/-Xms)
#   Decrease number of Java threads
#   Decrease Java thread stack sizes (-Xss)
#   Set larger code cache with -XX:ReservedCodeCacheSize=
# This output file may be truncated or incomplete.
#
#  Out of Memory Error (allocation.cpp:390), pid=6024, tid=5992
#
# JRE version: Java(TM) SE Runtime Environment (8.0_91-b15) (build 1.8.0_91-b15)
# Java VM: Java HotSpot(TM) 64-Bit Server VM (25.91-b15 mixed mode windows-amd64 compressed oops)
# Failed to write core dump. Minidumps are not enabled by default on client versions of Windows
#

---------------  T H R E A D  ---------------

Current thread (0x00000000562d6000):  JavaThread "C2 CompilerThread1" daemon [_thread_in_native, id=5992, stack(0x0000000055f60000,0x0000000056060000)]

Stack: [0x0000000055f60000,0x0000000056060000]
[error occurred during error reporting (printing stack bounds), id 0xc0000005]

Native frames: (J=compiled Java code, j=interpreted, Vv=VM code, C=native code)


Current CompileTask:
C2: 479373 5190   !   4       com.sun.beans.TypeResolver::resolve (274 bytes)


---------------  P R O C E S S  ---------------

Java Threads: ( => current thread )
  0x000000005a268800 JavaThread "AsyncResolver-bootstrap-executor-0" daemon [_thread_blocked, id=9096, stack(0x0000000061f00000,0x0000000062000000)]
  0x000000005a267800 JavaThread "DiscoveryClient-2" daemon [_thread_blocked, id=9588, stack(0x0000000062070000,0x0000000062170000)]
  0x000000005a267000 JavaThread "DiscoveryClient-HeartbeatExecutor-0" daemon [_thread_blocked, id=9584, stack(0x00000000606f0000,0x00000000607f0000)]
  0x000000005a266000 JavaThread "DiscoveryClient-CacheRefreshExecutor-0" daemon [_thread_blocked, id=9580, stack(0x0000000061dc0000,0x0000000061ec0000)]
  0x000000005a265800 JavaThread "DestroyJavaVM" [_thread_blocked, id=4572, stack(0x0000000002620000,0x0000000002720000)]
  0x000000005a264800 JavaThread "http-nio-8010-AsyncTimeout" daemon [_thread_blocked, id=9308, stack(0x0000000061be0000,0x0000000061ce0000)]
  0x000000005a264000 JavaThread "http-nio-8010-Acceptor-0" daemon [_thread_in_native, id=9304, stack(0x00000000612a0000,0x00000000613a0000)]
  0x000000005a263000 JavaThread "http-nio-8010-ClientPoller-1" daemon [_thread_in_native, id=9300, stack(0x00000000618b0000,0x00000000619b0000)]
  0x000000005a262800 JavaThread "http-nio-8010-ClientPoller-0" daemon [_thread_in_native, id=9296, stack(0x0000000061a40000,0x0000000061b40000)]
  0x000000005a261800 JavaThread "http-nio-8010-exec-10" daemon [_thread_blocked, id=9292, stack(0x00000000615a0000,0x00000000616a0000)]
  0x000000005a261000 JavaThread "http-nio-8010-exec-9" daemon [_thread_blocked, id=9288, stack(0x00000000614a0000,0x00000000615a0000)]
  0x000000005a260000 JavaThread "http-nio-8010-exec-8" daemon [_thread_blocked, id=9284, stack(0x00000000613a0000,0x00000000614a0000)]
  0x000000005a25f800 JavaThread "http-nio-8010-exec-7" daemon [_thread_blocked, id=9280, stack(0x0000000060e90000,0x0000000060f90000)]
  0x000000005a25e800 JavaThread "http-nio-8010-exec-6" daemon [_thread_blocked, id=9276, stack(0x00000000610c0000,0x00000000611c0000)]
  0x000000005a25e000 JavaThread "http-nio-8010-exec-5" daemon [_thread_blocked, id=9272, stack(0x0000000060f90000,0x0000000061090000)]
  0x000000005a25d000 JavaThread "http-nio-8010-exec-4" daemon [_thread_blocked, id=9268, stack(0x0000000060cb0000,0x0000000060db0000)]
  0x000000005e7e2000 JavaThread "http-nio-8010-exec-3" daemon [_thread_blocked, id=9264, stack(0x000000005ff30000,0x0000000060030000)]
  0x000000005e7e1800 JavaThread "http-nio-8010-exec-2" daemon [_thread_in_vm, id=9260, stack(0x0000000060b10000,0x0000000060c10000)]
  0x000000005e7e0800 JavaThread "http-nio-8010-exec-1" daemon [_thread_blocked, id=9256, stack(0x0000000060840000,0x0000000060940000)]
  0x000000005e7e0000 JavaThread "NioBlockingSelector.BlockPoller-1" daemon [_thread_in_native, id=9252, stack(0x0000000060950000,0x0000000060a50000)]
  0x000000005e7df000 JavaThread "DiscoveryClient-InstanceInfoReplicator-0" daemon [_thread_blocked, id=9248, stack(0x000000005e2a0000,0x000000005e3a0000)]
  0x000000005e7de800 JavaThread "DiscoveryClient-1" daemon [_thread_blocked, id=9244, stack(0x00000000605a0000,0x00000000606a0000)]
  0x000000005e7dd800 JavaThread "DiscoveryClient-0" daemon [_thread_blocked, id=9240, stack(0x0000000060400000,0x0000000060500000)]
  0x000000005e7dd000 JavaThread "AsyncResolver-bootstrap-0" daemon [_thread_blocked, id=8836, stack(0x000000005fdd0000,0x000000005fed0000)]
  0x000000005e7dc000 JavaThread "Eureka-JerseyClient-Conn-Cleaner2" daemon [_thread_blocked, id=3992, stack(0x000000005fcb0000,0x000000005fdb0000)]
  0x000000005e7db800 JavaThread "Eureka-JerseyClient-Conn-Cleaner2" daemon [_thread_blocked, id=556, stack(0x000000005e5b0000,0x000000005e6b0000)]
  0x0000000057f1a800 JavaThread "spring.cloud.inetutils" daemon [_thread_blocked, id=7540, stack(0x000000005cab0000,0x000000005cbb0000)]
  0x0000000057240800 JavaThread "container-0" [_thread_blocked, id=7568, stack(0x000000005e3c0000,0x000000005e4c0000)]
  0x00000000564e9000 JavaThread "ContainerBackgroundProcessor[StandardEngine[Tomcat]]" daemon [_thread_blocked, id=7056, stack(0x000000005e180000,0x000000005e280000)]
  0x000000005746e800 JavaThread "RMI TCP Accept-0" daemon [_thread_in_native, id=4676, stack(0x0000000057c30000,0x0000000057d30000)]
  0x00000000573ce000 JavaThread "RMI TCP Accept-3134" daemon [_thread_in_native, id=4284, stack(0x0000000057b00000,0x0000000057c00000)]
  0x000000005730a800 JavaThread "RMI TCP Accept-0" daemon [_thread_in_native, id=6352, stack(0x00000000579f0000,0x0000000057af0000)]
  0x000000005635d800 JavaThread "Service Thread" daemon [_thread_blocked, id=8252, stack(0x0000000012160000,0x0000000012260000)]
  0x00000000562d9000 JavaThread "C1 CompilerThread2" daemon [_thread_blocked, id=9084, stack(0x0000000056ad0000,0x0000000056bd0000)]
=>0x00000000562d6000 JavaThread "C2 CompilerThread1" daemon [_thread_in_native, id=5992, stack(0x0000000055f60000,0x0000000056060000)]
  0x00000000562be000 JavaThread "C2 CompilerThread0" daemon [_thread_in_native, id=6784, stack(0x00000000569b0000,0x0000000056ab0000)]
  0x00000000562b7000 JavaThread "Attach Listener" daemon [_thread_blocked, id=928, stack(0x0000000055cb0000,0x0000000055db0000)]
  0x0000000054eb4800 JavaThread "Signal Dispatcher" daemon [_thread_blocked, id=8092, stack(0x0000000056780000,0x0000000056880000)]
  0x0000000054e9a800 JavaThread "Finalizer" daemon [_thread_blocked, id=4680, stack(0x00000000561a0000,0x00000000562a0000)]
  0x0000000054e59000 JavaThread "Reference Handler" daemon [_thread_blocked, id=2080, stack(0x0000000056060000,0x0000000056160000)]

Other Threads:
  0x0000000054e51800 VMThread [stack: 0x0000000055dc0000,0x0000000055ec0000] [id=6140]
  0x0000000057470000 WatcherThread [stack: 0x00000000568b0000,0x00000000569b0000] [id=6180]

VM state:not at safepoint (normal execution)

VM Mutex/Monitor currently owned by a thread: None

Heap:
 PSYoungGen      total 325632K, used 186296K [0x00000000eb180000, 0x0000000100000000, 0x0000000100000000)
  eden space 307712K, 60% used [0x00000000eb180000,0x00000000f676e238,0x00000000fde00000)
  from space 17920K, 0% used [0x00000000fee80000,0x00000000fee80000,0x0000000100000000)
  to   space 16896K, 0% used [0x00000000fde00000,0x00000000fde00000,0x00000000fee80000)
 ParOldGen       total 60928K, used 30003K [0x00000000c1400000, 0x00000000c4f80000, 0x00000000eb180000)
  object space 60928K, 49% used [0x00000000c1400000,0x00000000c314ce20,0x00000000c4f80000)
 Metaspace       used 44117K, capacity 44864K, committed 45056K, reserved 1089536K
  class space    used 5619K, capacity 5780K, committed 5888K, reserved 1048576K

Card table byte_map: [0x0000000011ae0000,0x0000000011ce0000] byte_map_base: 0x00000000114d6000

Marking Bits: (ParMarkBitMap*) 0x000000005b382f70
 Begin Bits: [0x0000000012360000, 0x0000000013310000)
 End Bits:   [0x0000000013310000, 0x00000000142c0000)

Polling page: 0x0000000000110000

CodeCache: size=245760Kb used=14500Kb max_used=15373Kb free=231259Kb
 bounds [0x0000000002720000, 0x0000000003650000, 0x0000000011720000]
 total_blobs=4911 nmethods=4449 adapters=374
 compilation: enabled

Compilation events (10 events):
Event: 477.416 Thread 0x00000000562d9000 5186       1       org.apache.catalina.valves.ValveBase::getNext (5 bytes)
Event: 477.416 Thread 0x00000000562d9000 nmethod 5186 0x0000000003324010 code [0x0000000003324160, 0x0000000003324270]
Event: 477.602 Thread 0x00000000562be000 5187       4       java.util.zip.ZipEntry::setExtra0 (360 bytes)
Event: 477.603 Thread 0x00000000562be000 nmethod 5187 0x00000000034b1b90 code [0x00000000034b1cc0, 0x00000000034b1d78]
Event: 477.749 Thread 0x00000000562d6000 5188       4       java.util.zip.InflaterInputStream::<init> (79 bytes)
Event: 477.754 Thread 0x00000000562d6000 nmethod 5188 0x0000000002d43a50 code [0x0000000002d43ba0, 0x0000000002d43e98]
Event: 478.331 Thread 0x00000000562be000 5189       4       com.sun.beans.TypeResolver::resolve (37 bytes)
Event: 478.358 Thread 0x00000000562d6000 5190   !   4       com.sun.beans.TypeResolver::resolve (274 bytes)
Event: 478.366 Thread 0x00000000562d9000 5192       3       org.springframework.beans.factory.support.AbstractBeanFactory::isTypeMatch (495 bytes)
Event: 478.373 Thread 0x00000000562d9000 nmethod 5192 0x000000000334e650 code [0x000000000334ec60, 0x0000000003353fa8]

GC Heap History (10 events):
Event: 4.910 GC heap before
{Heap before GC invocations=8 (full 1):
 PSYoungGen      total 130048K, used 129796K [0x00000000eb180000, 0x00000000f4100000, 0x0000000100000000)
  eden space 124928K, 100% used [0x00000000eb180000,0x00000000f2b80000,0x00000000f2b80000)
  from space 5120K, 95% used [0x00000000f3c00000,0x00000000f40c1348,0x00000000f4100000)
  to   space 10240K, 0% used [0x00000000f2d00000,0x00000000f2d00000,0x00000000f3700000)
 ParOldGen       total 37376K, used 11345K [0x00000000c1400000, 0x00000000c3880000, 0x00000000eb180000)
  object space 37376K, 30% used [0x00000000c1400000,0x00000000c1f145b8,0x00000000c3880000)
 Metaspace       used 24937K, capacity 25268K, committed 25600K, reserved 1071104K
  class space    used 3147K, capacity 3225K, committed 3328K, reserved 1048576K
Event: 4.954 GC heap after
Heap after GC invocations=8 (full 1):
 PSYoungGen      total 136704K, used 6123K [0x00000000eb180000, 0x00000000fab00000, 0x0000000100000000)
  eden space 126464K, 0% used [0x00000000eb180000,0x00000000eb180000,0x00000000f2d00000)
  from space 10240K, 59% used [0x00000000f2d00000,0x00000000f32faff8,0x00000000f3700000)
  to   space 9728K, 0% used [0x00000000fa180000,0x00000000fa180000,0x00000000fab00000)
 ParOldGen       total 37376K, used 11353K [0x00000000c1400000, 0x00000000c3880000, 0x00000000eb180000)
  object space 37376K, 30% used [0x00000000c1400000,0x00000000c1f165b8,0x00000000c3880000)
 Metaspace       used 24937K, capacity 25268K, committed 25600K, reserved 1071104K
  class space    used 3147K, capacity 3225K, committed 3328K, reserved 1048576K
}
Event: 6.436 GC heap before
{Heap before GC invocations=9 (full 1):
 PSYoungGen      total 136704K, used 132587K [0x00000000eb180000, 0x00000000fab00000, 0x0000000100000000)
  eden space 126464K, 100% used [0x00000000eb180000,0x00000000f2d00000,0x00000000f2d00000)
  from space 10240K, 59% used [0x00000000f2d00000,0x00000000f32faff8,0x00000000f3700000)
  to   space 9728K, 0% used [0x00000000fa180000,0x00000000fa180000,0x00000000fab00000)
 ParOldGen       total 37376K, used 11353K [0x00000000c1400000, 0x00000000c3880000, 0x00000000eb180000)
  object space 37376K, 30% used [0x00000000c1400000,0x00000000c1f165b8,0x00000000c3880000)
 Metaspace       used 30095K, capacity 30472K, committed 30848K, reserved 1077248K
  class space    used 3776K, capacity 3879K, committed 3968K, reserved 1048576K
Event: 6.469 GC heap after
Heap after GC invocations=9 (full 1):
 PSYoungGen      total 243200K, used 9722K [0x00000000eb180000, 0x00000000faf80000, 0x0000000100000000)
  eden space 233472K, 0% used [0x00000000eb180000,0x00000000eb180000,0x00000000f9580000)
  from space 9728K, 99% used [0x00000000fa180000,0x00000000faafe920,0x00000000fab00000)
  to   space 12288K, 0% used [0x00000000f9580000,0x00000000f9580000,0x00000000fa180000)
 ParOldGen       total 37376K, used 14412K [0x00000000c1400000, 0x00000000c3880000, 0x00000000eb180000)
  object space 37376K, 38% used [0x00000000c1400000,0x00000000c22133b0,0x00000000c3880000)
 Metaspace       used 30095K, capacity 30472K, committed 30848K, reserved 1077248K
  class space    used 3776K, capacity 3879K, committed 3968K, reserved 1048576K
}
Event: 9.581 GC heap before
{Heap before GC invocations=10 (full 1):
 PSYoungGen      total 243200K, used 243194K [0x00000000eb180000, 0x00000000faf80000, 0x0000000100000000)
  eden space 233472K, 100% used [0x00000000eb180000,0x00000000f9580000,0x00000000f9580000)
  from space 9728K, 99% used [0x00000000fa180000,0x00000000faafe920,0x00000000fab00000)
  to   space 12288K, 0% used [0x00000000f9580000,0x00000000f9580000,0x00000000fa180000)
 ParOldGen       total 37376K, used 14412K [0x00000000c1400000, 0x00000000c3880000, 0x00000000eb180000)
  object space 37376K, 38% used [0x00000000c1400000,0x00000000c22133b0,0x00000000c3880000)
 Metaspace       used 34367K, capacity 34788K, committed 34944K, reserved 1079296K
  class space    used 4329K, capacity 4417K, committed 4480K, reserved 1048576K
Event: 9.641 GC heap after
Heap after GC invocations=10 (full 1):
 PSYoungGen      total 245760K, used 12282K [0x00000000eb180000, 0x0000000100000000, 0x0000000100000000)
  eden space 233472K, 0% used [0x00000000eb180000,0x00000000eb180000,0x00000000f9580000)
  from space 12288K, 99% used [0x00000000f9580000,0x00000000fa17ebb8,0x00000000fa180000)
  to   space 17920K, 0% used [0x00000000fee80000,0x00000000fee80000,0x0000000100000000)
 ParOldGen       total 37376K, used 23455K [0x00000000c1400000, 0x00000000c3880000, 0x00000000eb180000)
  object space 37376K, 62% used [0x00000000c1400000,0x00000000c2ae7d28,0x00000000c3880000)
 Metaspace       used 34367K, capacity 34788K, committed 34944K, reserved 1079296K
  class space    used 4329K, capacity 4417K, committed 4480K, reserved 1048576K
}
Event: 9.838 GC heap before
{Heap before GC invocations=11 (full 1):
 PSYoungGen      total 245760K, used 39924K [0x00000000eb180000, 0x0000000100000000, 0x0000000100000000)
  eden space 233472K, 11% used [0x00000000eb180000,0x00000000ecc7e450,0x00000000f9580000)
  from space 12288K, 99% used [0x00000000f9580000,0x00000000fa17ebb8,0x00000000fa180000)
  to   space 17920K, 0% used [0x00000000fee80000,0x00000000fee80000,0x0000000100000000)
 ParOldGen       total 37376K, used 23455K [0x00000000c1400000, 0x00000000c3880000, 0x00000000eb180000)
  object space 37376K, 62% used [0x00000000c1400000,0x00000000c2ae7d28,0x00000000c3880000)
 Metaspace       used 34819K, capacity 35332K, committed 35496K, reserved 1081344K
  class space    used 4380K, capacity 4481K, committed 4608K, reserved 1048576K
Event: 9.884 GC heap after
Heap after GC invocations=11 (full 1):
 PSYoungGen      total 325632K, used 8672K [0x00000000eb180000, 0x0000000100000000, 0x0000000100000000)
  eden space 307712K, 0% used [0x00000000eb180000,0x00000000eb180000,0x00000000fde00000)
  from space 17920K, 48% used [0x00000000fee80000,0x00000000ff6f8000,0x0000000100000000)
  to   space 16896K, 0% used [0x00000000fde00000,0x00000000fde00000,0x00000000fee80000)
 ParOldGen       total 37376K, used 28274K [0x00000000c1400000, 0x00000000c3880000, 0x00000000eb180000)
  object space 37376K, 75% used [0x00000000c1400000,0x00000000c2f9c920,0x00000000c3880000)
 Metaspace       used 34819K, capacity 35332K, committed 35496K, reserved 1081344K
  class space    used 4380K, capacity 4481K, committed 4608K, reserved 1048576K
}
Event: 9.884 GC heap before
{Heap before GC invocations=12 (full 2):
 PSYoungGen      total 325632K, used 8672K [0x00000000eb180000, 0x0000000100000000, 0x0000000100000000)
  eden space 307712K, 0% used [0x00000000eb180000,0x00000000eb180000,0x00000000fde00000)
  from space 17920K, 48% used [0x00000000fee80000,0x00000000ff6f8000,0x0000000100000000)
  to   space 16896K, 0% used [0x00000000fde00000,0x00000000fde00000,0x00000000fee80000)
 ParOldGen       total 37376K, used 28274K [0x00000000c1400000, 0x00000000c3880000, 0x00000000eb180000)
  object space 37376K, 75% used [0x00000000c1400000,0x00000000c2f9c920,0x00000000c3880000)
 Metaspace       used 34819K, capacity 35332K, committed 35496K, reserved 1081344K
  class space    used 4380K, capacity 4481K, committed 4608K, reserved 1048576K
Event: 10.068 GC heap after
Heap after GC invocations=12 (full 2):
 PSYoungGen      total 325632K, used 0K [0x00000000eb180000, 0x0000000100000000, 0x0000000100000000)
  eden space 307712K, 0% used [0x00000000eb180000,0x00000000eb180000,0x00000000fde00000)
  from space 17920K, 0% used [0x00000000fee80000,0x00000000fee80000,0x0000000100000000)
  to   space 16896K, 0% used [0x00000000fde00000,0x00000000fde00000,0x00000000fee80000)
 ParOldGen       total 60928K, used 30003K [0x00000000c1400000, 0x00000000c4f80000, 0x00000000eb180000)
  object space 60928K, 49% used [0x00000000c1400000,0x00000000c314ce20,0x00000000c4f80000)
 Metaspace       used 34819K, capacity 35332K, committed 35496K, reserved 1081344K
  class space    used 4380K, capacity 4481K, committed 4608K, reserved 1048576K
}

Deoptimization events (10 events):
Event: 13.875 Thread 0x000000000213e800 Uncommon trap: reason=bimorphic action=maybe_recompile pc=0x0000000002f7aa00 method=java.util.Hashtable.get(Ljava/lang/Object;)Ljava/lang/Object; @ 6
Event: 14.098 Thread 0x000000005e7df000 Uncommon trap: reason=bimorphic action=maybe_recompile pc=0x0000000003249750 method=java.net.URL.<init>(Ljava/net/URL;Ljava/lang/String;Ljava/net/URLStreamHandler;)V @ 504
Event: 43.334 Thread 0x000000005a266000 Uncommon trap: reason=bimorphic action=maybe_recompile pc=0x000000000332585c method=java.util.zip.InflaterInputStream.read([BII)I @ 100
Event: 43.336 Thread 0x000000005a266000 Uncommon trap: reason=bimorphic action=maybe_recompile pc=0x000000000332585c method=java.util.zip.InflaterInputStream.read([BII)I @ 100
Event: 73.408 Thread 0x000000005a266000 Uncommon trap: reason=bimorphic action=maybe_recompile pc=0x000000000332585c method=java.util.zip.InflaterInputStream.read([BII)I @ 100
Event: 73.418 Thread 0x000000005a266000 Uncommon trap: reason=bimorphic action=maybe_recompile pc=0x00000000028d142c method=java.util.HashMap.removeNode(ILjava/lang/Object;Ljava/lang/Object;ZZ)Ljava/util/HashMap$Node; @ 68
Event: 103.430 Thread 0x000000005a266000 Uncommon trap: reason=bimorphic action=maybe_recompile pc=0x00000000028d142c method=java.util.HashMap.removeNode(ILjava/lang/Object;Ljava/lang/Object;ZZ)Ljava/util/HashMap$Node; @ 68
Event: 103.430 Thread 0x000000005a266000 Uncommon trap: reason=bimorphic action=maybe_recompile pc=0x00000000028d142c method=java.util.HashMap.removeNode(ILjava/lang/Object;Ljava/lang/Object;ZZ)Ljava/util/HashMap$Node; @ 68
Event: 133.467 Thread 0x000000005a266000 Uncommon trap: reason=bimorphic action=maybe_recompile pc=0x00000000028d142c method=java.util.HashMap.removeNode(ILjava/lang/Object;Ljava/lang/Object;ZZ)Ljava/util/HashMap$Node; @ 68
Event: 312.614 Thread 0x000000005a268800 Uncommon trap: reason=bimorphic action=maybe_recompile pc=0x0000000003249750 method=java.net.URL.<init>(Ljava/net/URL;Ljava/lang/String;Ljava/net/URLStreamHandler;)V @ 504

Internal exceptions (10 events):
Event: 478.360 Thread 0x000000005e7e1800 Exception <a 'java/lang/ClassNotFoundException': org/springframework/web/servlet/theme/AbstractThemeResolverCustomizer> (0x00000000f64f5f78) thrown at [C:\re\workspace\8-2-build-windows-amd64-cygwin\jdk8u91\7017\hotspot\src\share\vm\classfile\systemDictionl\3üÈå}@
Event: 478.362 Thread 0x000000005e7e1800 Exception <a 'java/lang/ClassNotFoundException': org/springframework/web/servlet/theme/FixedThemeResolverCustomizer> (0x00000000f6518c98) thrown at [C:\re\workspace\8-2-build-windows-amd64-cygwin\jdk8u91\7017\hotspot\src\share\vm\classfile\systemDictionary
Event: 478.363 Thread 0x000000005e7e1800 Exception <a 'java/lang/ClassNotFoundException': org/springframework/web/servlet/ThemeResolverCustomizer> (0x00000000f65383d0) thrown at [C:\re\workspace\8-2-build-windows-amd64-cygwin\jdk8u91\7017\hotspot\src\share\vm\classfile\systemDictionary.cpp, line Ý>|ôæ}@
Event: 478.376 Thread 0x000000005e7e1800 Exception <a 'java/lang/ClassNotFoundException': java/lang/ObjectCustomizer> (0x00000000f655a0a0) thrown at [C:\re\workspace\8-2-build-windows-amd64-cygwin\jdk8u91\7017\hotspot\src\share\vm\classfile\systemDictionary.cpp, line 210]
Event: 478.378 Thread 0x000000005e7e1800 Exception <a 'java/lang/ClassNotFoundException': org/springframework/web/servlet/view/DefaultRequestToViewNameTranslatorCustomizer> (0x00000000f6581fb8) thrown at [C:\re\workspace\8-2-build-windows-amd64-cygwin\jdk8u91\7017\hotspot\src\share\vm\classfile\s+p ©æ}@
Event: 478.381 Thread 0x000000005e7e1800 Exception <a 'java/lang/ClassNotFoundException': org/springframework/web/servlet/RequestToViewNameTranslatorCustomizer> (0x00000000f65b46e0) thrown at [C:\re\workspace\8-2-build-windows-amd64-cygwin\jdk8u91\7017\hotspot\src\share\vm\classfile\systemDiction2H[Ä,æ}@
Event: 478.386 Thread 0x000000005e7e1800 Exception <a 'java/lang/ClassNotFoundException': java/lang/ObjectCustomizer> (0x00000000f65e8310) thrown at [C:\re\workspace\8-2-build-windows-amd64-cygwin\jdk8u91\7017\hotspot\src\share\vm\classfile\systemDictionary.cpp, line 210]
Event: 478.388 Thread 0x000000005e7e1800 Exception <a 'java/lang/ClassNotFoundException': org/springframework/web/servlet/support/AbstractFlashMapManagerCustomizer> (0x00000000f660d9e0) thrown at [C:\re\workspace\8-2-build-windows-amd64-cygwin\jdk8u91\7017\hotspot\src\share\vm\classfile\systemDicþMÍÁ9æ}@
Event: 478.389 Thread 0x000000005e7e1800 Exception <a 'java/lang/ClassNotFoundException': org/springframework/web/servlet/support/SessionFlashMapManagerCustomizer> (0x00000000f6636e28) thrown at [C:\re\workspace\8-2-build-windows-amd64-cygwin\jdk8u91\7017\hotspot\src\share\vm\classfile\systemDict•.[Aæ}@
Event: 478.391 Thread 0x000000005e7e1800 Exception <a 'java/lang/ClassNotFoundException': org/springframework/web/servlet/FlashMapManagerCustomizer> (0x00000000f6656608) thrown at [C:\re\workspace\8-2-build-windows-amd64-cygwin\jdk8u91\7017\hotspot\src\share\vm\classfile\systemDictionary.cpp, lin÷+†Áå}@

Events (10 events):
Event: 478.390 loading class org/springframework/web/servlet/FlashMapManagerCustomizer
Event: 478.390 loading class org/springframework/web/servlet/FlashMapManagerCustomizer done
Event: 478.390 loading class org/springframework/web/servlet/FlashMapManagerCustomizer
Event: 478.390 loading class org/springframework/web/servlet/FlashMapManagerCustomizer done
Event: 478.391 loading class org/springframework/web/servlet/FlashMapManagerCustomizer
Event: 478.391 loading class org/springframework/web/servlet/FlashMapManagerCustomizer done
Event: 478.392 loading class org/apache/catalina/core/ApplicationFilterFactory
Event: 478.392 loading class org/apache/catalina/core/ApplicationFilterFactory done
Event: 478.392 loading class org/apache/catalina/core/ApplicationFilterChain
Event: 478.392 loading class org/apache/catalina/core/ApplicationFilterChain done


Dynamic libraries:
0x000000013f630000 - 0x000000013f667000 	D:\setup\jdk1.8\bin\javaw.exe
0x00000000772b0000 - 0x000000007745a000 	C:\Windows\SYSTEM32\ntdll.dll
0x0000000077090000 - 0x00000000771af000 	C:\Windows\system32\kernel32.dll
0x000007fefd3c0000 - 0x000007fefd42b000 	C:\Windows\system32\KERNELBASE.dll
0x000007fefd810000 - 0x000007fefd8eb000 	C:\Windows\system32\ADVAPI32.dll
0x000007fefef70000 - 0x000007feff00f000 	C:\Windows\system32\msvcrt.dll
0x000007feff590000 - 0x000007feff5af000 	C:\Windows\SYSTEM32\sechost.dll
0x000007fefde20000 - 0x000007fefdf4d000 	C:\Windows\system32\RPCRT4.dll
0x00000000771b0000 - 0x00000000772aa000 	C:\Windows\system32\USER32.dll
0x000007fefd8f0000 - 0x000007fefd957000 	C:\Windows\system32\GDI32.dll
0x000007feff5b0000 - 0x000007feff5be000 	C:\Windows\system32\LPK.dll
0x000007fefed60000 - 0x000007fefee2a000 	C:\Windows\system32\USP10.dll
0x000007fefbb50000 - 0x000007fefbd44000 	C:\Windows\WinSxS\amd64_microsoft.windows.common-controls_6595b64144ccf1df_6.0.7601.18837_none_fa3b1e3d17594757\COMCTL32.dll
0x000007feff270000 - 0x000007feff2e1000 	C:\Windows\system32\SHLWAPI.dll
0x000007fefed30000 - 0x000007fefed5e000 	C:\Windows\system32\IMM32.DLL
0x000007fefd4d0000 - 0x000007fefd5d9000 	C:\Windows\system32\MSCTF.dll
0x0000000064850000 - 0x0000000064922000 	D:\setup\jdk1.8\bin\msvcr100.dll
0x000000005ab70000 - 0x000000005b403000 	D:\setup\jdk1.8\bin\server\jvm.dll
0x000007feef060000 - 0x000007feef069000 	C:\Windows\system32\WSOCK32.dll
0x000007fefdf50000 - 0x000007fefdf9d000 	C:\Windows\system32\WS2_32.dll
0x000007feff2f0000 - 0x000007feff2f8000 	C:\Windows\system32\NSI.dll
0x000007fef8070000 - 0x000007fef80ab000 	C:\Windows\system32\WINMM.dll
0x000007fefc1e0000 - 0x000007fefc1ec000 	C:\Windows\system32\VERSION.dll
0x0000000077470000 - 0x0000000077477000 	C:\Windows\system32\PSAPI.DLL
0x0000000073290000 - 0x000000007329f000 	D:\setup\jdk1.8\bin\verify.dll
0x0000000073260000 - 0x0000000073289000 	D:\setup\jdk1.8\bin\java.dll
0x0000000067c20000 - 0x0000000067c36000 	D:\setup\jdk1.8\bin\zip.dll
0x000007fefdfa0000 - 0x000007fefed29000 	C:\Windows\system32\SHELL32.dll
0x000007fefdb70000 - 0x000007fefdd73000 	C:\Windows\system32\ole32.dll
0x000007fefd0f0000 - 0x000007fefd0ff000 	C:\Windows\system32\profapi.dll
0x00000000732a0000 - 0x00000000732ad000 	D:\setup\jdk1.8\bin\management.dll
0x0000000067c00000 - 0x0000000067c1a000 	D:\setup\jdk1.8\bin\net.dll
0x000007fefc8d0000 - 0x000007fefc925000 	C:\Windows\system32\mswsock.dll
0x000007fefc8c0000 - 0x000007fefc8c7000 	C:\Windows\System32\wship6.dll
0x0000000067be0000 - 0x0000000067bf1000 	D:\setup\jdk1.8\bin\nio.dll
0x000007feface0000 - 0x000007fefacf5000 	C:\Windows\system32\NLAapi.dll
0x000007fef8f30000 - 0x000007fef8f45000 	C:\Windows\system32\napinsp.dll
0x000007fef8f10000 - 0x000007fef8f29000 	C:\Windows\system32\pnrpnsp.dll
0x000007fefc750000 - 0x000007fefc7ab000 	C:\Windows\system32\DNSAPI.dll
0x000007fef8280000 - 0x000007fef828b000 	C:\Windows\System32\winrnr.dll
0x000007fef8270000 - 0x000007fef8280000 	C:\Windows\system32\wshbth.dll
0x000007fefc2b0000 - 0x000007fefc2b7000 	C:\Windows\System32\wshtcpip.dll
0x000007fefaa40000 - 0x000007fefaa67000 	C:\Windows\system32\IPHLPAPI.DLL
0x000007fefaa30000 - 0x000007fefaa3b000 	C:\Windows\system32\WINNSI.DLL
0x000007fef8250000 - 0x000007fef8258000 	C:\Windows\system32\rasadhlp.dll
0x000007fefa910000 - 0x000007fefa963000 	C:\Windows\System32\fwpuclnt.dll
0x000007fefc930000 - 0x000007fefc948000 	C:\Windows\system32\CRYPTSP.dll
0x000007fefc630000 - 0x000007fefc677000 	C:\Windows\system32\rsaenh.dll
0x000007fefd490000 - 0x000007fefd4ae000 	C:\Windows\system32\USERENV.dll
0x000007fefcf90000 - 0x000007fefcf9f000 	C:\Windows\system32\CRYPTBASE.dll
0x000007fefa860000 - 0x000007fefa878000 	C:\Windows\system32\dhcpcsvc.DLL
0x000007fefa840000 - 0x000007fefa851000 	C:\Windows\system32\dhcpcsvc6.DLL
0x0000000062cb0000 - 0x0000000062cd4000 	D:\setup\jdk1.8\bin\sunec.dll

VM Arguments:
jvm_args: -Dcom.sun.management.jmxremote -Dcom.sun.management.jmxremote.port=3134 -Dcom.sun.management.jmxremote.authenticate=false -Dcom.sun.management.jmxremote.ssl=false -Djava.rmi.server.hostname=localhost -Dspring.liveBeansView.mbeanDomain -Dspring.application.admin.enabled=true -Dfile.encoding=UTF-8 
java_command: com.shiran.cloud.ComsumerMovieRibbonApplication --spring.output.ansi.enabled=always
java_class_path (initial): F:\setup\spring-tool-suite-3.8.4.RELEASE-e4.6.3-win32-x86_64\workspace\code\microservice-comsumer-movie-ribbon\target\classes;F:\setup\apache-maven-3.3.9-bin\localrepositoryposition\org\springframework\boot\spring-boot-starter-web\1.4.6.RELEASE\spring-boot-starter-web-1.4.6.RELEASE.jar;F:\setup\apache-maven-3.3.9-bin\localrepositoryposition\org\springframework\boot\spring-boot-starter\1.4.6.RELEASE\spring-boot-starter-1.4.6.RELEASE.jar;F:\setup\apache-maven-3.3.9-bin\localrepositoryposition\org\springframework\boot\spring-boot\1.4.6.RELEASE\spring-boot-1.4.6.RELEASE.jar;F:\setup\apache-maven-3.3.9-bin\localrepositoryposition\org\springframework\boot\spring-boot-autoconfigure\1.4.6.RELEASE\spring-boot-autoconfigure-1.4.6.RELEASE.jar;F:\setup\apache-maven-3.3.9-bin\localrepositoryposition\org\springframework\boot\spring-boot-starter-logging\1.4.6.RELEASE\spring-boot-starter-logging-1.4.6.RELEASE.jar;F:\setup\apache-maven-3.3.9-bin\localrepositoryposition\ch\qos\logback\logback-classic\1.1.11\logback-classic-1.1.11.jar;F:\setup\apache-maven-3.3.9-bin\localrepositoryposition\ch\qos\logback\logback-core\1.1.11\logback-core-1.1.11.jar;F:\setup\apache-maven-3.3.9-bin\localrepositoryposition\org\slf4j\jcl-over-slf4j\1.7.25\jcl-over-slf4j-1.7.25.jar;F:\setup\apache-maven-3.3.9-bin\localrepositoryposition\org\slf4j\jul-to-slf4j\1.7.25\jul-to-slf4j-1.7.25.jar;F:\setup\apache-maven-3.3.9-bin\localrepositoryposition\org\slf4j\log4j-over-slf4j\1.7.25\log4j-over-slf4j-1.7.25.jar;F:\setup\apache-maven-3.3.9-bin\localrepositoryposition\org\springframework\spring-core\4.3.8.RELEASE\spring-core-4.3.8.RELEASE.jar;F:\setup\apache-maven-3.3.9-bin\localrepositoryposition\org\yaml\snakeyaml\1.17\snakeyaml-1.17.jar;F:\setup\apache-maven-3.3.9-bin\localrepositoryposition\org\springframework\boot\spring-boot-starter-tomcat\1.4.6.RELEASE\spring-boot-starter-tomcat-1.4.6.RELEASE.jar;F:\setup\apache-maven-3.3.9-bin\localrepositoryposition\org\apache\tomcat\embed\tomc
Launcher Type: SUN_STANDARD

Environment Variables:
JAVA_HOME=D:\setup\jdk1.7
PATH=D:/setup/jdk1.8/bin/server;D:/setup/jdk1.8/bin;D:/setup/jdk1.8/lib/amd64;C:\ProgramData\Oracle\Java\javapath;D:\setup\django\python3.5\Scripts\;D:\setup\django\python3.5\;D:\setup\armv1.2\bin;D:\setup\python2.7;D:\app\Administrator\product\11.1.0\db_2\bin;F:\setup\scala\bin;D:\java\apache-maven-2.2.1\bin;%M2_HOME%\bin;D:\setup\jdk1.7;D:\setup\python34\Scripts;D:\setup\python34;C:\Program Files (x86)\Common Files\NetSarang;D:\setup\jdk1.7\bin;C:\Windows\system32;C:\Windows;C:\Windows\System32\Wbem;C:\Windows\System32\WindowsPowerShell\v1.0\;F:\setup\scala\bin;C:\Program Files (x86)\Microsoft SQL Server\100\Tools\Binn\;C:\Program Files\Microsoft SQL Server\100\Tools\Binn\;C:\Program Files\Microsoft SQL Server\100\DTS\Binn\;C:\Program Files (x86)\Microsoft SQL Server\100\Tools\Binn\VSShell\Common7\IDE\;C:\Program Files (x86)\Microsoft Visual Studio 9.0\Common7\IDE\PrivateAssemblies\;C:\Program Files (x86)\Microsoft SQL Server\100\DTS\Binn\;D:\setup\git\Git\cmd;F:\setup\spring-tool-suite-3.8.4.RELEASE-e4.6.3-win32-x86_64\sts-bundle\sts-3.8.4.RELEASE;
USERNAME=Administrator
OS=Windows_NT
PROCESSOR_IDENTIFIER=Intel64 Family 6 Model 60 Stepping 3, GenuineIntel



---------------  S Y S T E M  ---------------

OS: Windows 7 , 64 bit Build 7601 (6.1.7601.19135)

CPU:total 4 (2 cores per cpu, 2 threads per core) family 6 model 60 stepping 3, cmov, cx8, fxsr, mmx, sse, sse2, sse3, ssse3, sse4.1, sse4.2, popcnt, avx, avx2, aes, clmul, erms, lzcnt, ht, tsc, tscinvbit, bmi1, bmi2

Memory: 4k page, physical 4108656k(168224k free), swap 6392452k(5132k free)

vm_info: Java HotSpot(TM) 64-Bit Server VM (25.91-b15) for windows-amd64 JRE (1.8.0_91-b15), built on May 20 2016 17:43:15 by "java_re" with MS VC++ 10.0 (VS2010)

time: Sat May 13 15:33:58 2017
elapsed time: 479 seconds (0d 0h 7m 59s)

