#
# There is insufficient memory for the Java Runtime Environment to continue.
# Native memory allocation (malloc) failed to allocate 1456016 bytes for Chunk::new
# Possible reasons:
#   The system is out of physical RAM or swap space
#   In 32 bit mode, the process size limit was hit
# Possible solutions:
#   Reduce memory load on the system
#   Increase physical memory or swap space
#   Check if swap backing store is full
#   Use 64 bit Java on a 64 bit OS
#   Decrease Java heap size (-Xmx/-Xms)
#   Decrease number of Java threads
#   Decrease Java thread stack sizes (-Xss)
#   Set larger code cache with -XX:ReservedCodeCacheSize=
# This output file may be truncated or incomplete.
#
#  Out of Memory Error (allocation.cpp:390), pid=9296, tid=3728
#
# JRE version: Java(TM) SE Runtime Environment (8.0_91-b15) (build 1.8.0_91-b15)
# Java VM: Java HotSpot(TM) 64-Bit Server VM (25.91-b15 mixed mode windows-amd64 compressed oops)
# Failed to write core dump. Minidumps are not enabled by default on client versions of Windows
#

---------------  T H R E A D  ---------------

Current thread (0x0000000055fa0000):  JavaThread "C2 CompilerThread0" daemon [_thread_in_native, id=3728, stack(0x0000000056620000,0x0000000056720000)]

Stack: [0x0000000056620000,0x0000000056720000]
[error occurred during error reporting (printing stack bounds), id 0xc0000005]

Native frames: (J=compiled Java code, j=interpreted, Vv=VM code, C=native code)


Current CompileTask:
C2:  11524 2869       4       org.springframework.asm.Frame::execute (2252 bytes)


---------------  P R O C E S S  ---------------

Java Threads: ( => current thread )
  0x0000000057753800 JavaThread "RMI TCP Accept-0" daemon [_thread_in_native, id=9456, stack(0x0000000057c10000,0x0000000057d10000)]
  0x00000000576a9000 JavaThread "RMI TCP Accept-40939" daemon [_thread_in_native, id=9452, stack(0x00000000570e0000,0x00000000571e0000)]
  0x00000000576a7800 JavaThread "RMI TCP Accept-0" daemon [_thread_in_native, id=10080, stack(0x0000000056f50000,0x0000000057050000)]
  0x0000000056024000 JavaThread "Service Thread" daemon [_thread_blocked, id=1412, stack(0x0000000056a50000,0x0000000056b50000)]
  0x0000000055feb000 JavaThread "C1 CompilerThread2" daemon [_thread_blocked, id=9348, stack(0x00000000568c0000,0x00000000569c0000)]
  0x0000000055fad800 JavaThread "C2 CompilerThread1" daemon [_thread_in_native, id=9320, stack(0x0000000056750000,0x0000000056850000)]
=>0x0000000055fa0000 JavaThread "C2 CompilerThread0" daemon [_thread_in_native, id=3728, stack(0x0000000056620000,0x0000000056720000)]
  0x0000000054cef000 JavaThread "Attach Listener" daemon [_thread_blocked, id=6148, stack(0x00000000563f0000,0x00000000564f0000)]
  0x0000000055f9f000 JavaThread "Signal Dispatcher" daemon [_thread_blocked, id=8416, stack(0x0000000055ae0000,0x0000000055be0000)]
  0x0000000054cd0000 JavaThread "Finalizer" daemon [_thread_blocked, id=9436, stack(0x0000000055d10000,0x0000000055e10000)]
  0x0000000054c89000 JavaThread "Reference Handler" daemon [_thread_blocked, id=8196, stack(0x0000000055e80000,0x0000000055f80000)]
  0x000000000200e800 JavaThread "main" [_thread_in_Java, id=10060, stack(0x0000000002480000,0x0000000002580000)]

Other Threads:
  0x0000000054c81800 VMThread [stack: 0x0000000055be0000,0x0000000055ce0000] [id=6876]
  0x0000000057754800 WatcherThread [stack: 0x0000000057de0000,0x0000000057ee0000] [id=9460]

VM state:not at safepoint (normal execution)

VM Mutex/Monitor currently owned by a thread: None

Heap:
 PSYoungGen      total 120832K, used 97361K [0x00000000eb180000, 0x00000000f3580000, 0x0000000100000000)
  eden space 112640K, 82% used [0x00000000eb180000,0x00000000f0ca7e58,0x00000000f1f80000)
  from space 8192K, 49% used [0x00000000f2780000,0x00000000f2b6c678,0x00000000f2f80000)
  to   space 8192K, 0% used [0x00000000f1f80000,0x00000000f1f80000,0x00000000f2780000)
 ParOldGen       total 38400K, used 11702K [0x00000000c1400000, 0x00000000c3980000, 0x00000000eb180000)
  object space 38400K, 30% used [0x00000000c1400000,0x00000000c1f6dbc0,0x00000000c3980000)
 Metaspace       used 26916K, capacity 27317K, committed 27648K, reserved 1073152K
  class space    used 3405K, capacity 3492K, committed 3584K, reserved 1048576K

Card table byte_map: [0x0000000011940000,0x0000000011b40000] byte_map_base: 0x0000000011336000

Marking Bits: (ParMarkBitMap*) 0x0000000071352f70
 Begin Bits: [0x0000000012190000, 0x0000000013140000)
 End Bits:   [0x0000000013140000, 0x00000000140f0000)

Polling page: 0x0000000000100000

CodeCache: size=245760Kb used=10376Kb max_used=10376Kb free=235383Kb
 bounds [0x0000000002580000, 0x0000000002fb0000, 0x0000000011580000]
 total_blobs=3322 nmethods=2924 adapters=310
 compilation: enabled

Compilation events (10 events):
Event: 11.514 Thread 0x0000000055feb000 nmethod 2927 0x0000000002fa3ed0 code [0x0000000002fa40a0, 0x0000000002fa4818]
Event: 11.514 Thread 0x0000000055feb000 2928       3       org.springframework.cglib.core.CodeEmitter::array_load (14 bytes)
Event: 11.514 Thread 0x0000000055feb000 nmethod 2928 0x0000000002f95a90 code [0x0000000002f95c00, 0x0000000002f95e78]
Event: 11.515 Thread 0x0000000055feb000 2929       3       org.springframework.asm.MethodWriter::visitLabel (321 bytes)
Event: 11.516 Thread 0x0000000055feb000 nmethod 2929 0x0000000002fa4b50 code [0x0000000002fa4d20, 0x0000000002fa5628]
Event: 11.516 Thread 0x0000000055feb000 2930       3       org.springframework.asm.ClassWriter::newClassItem (70 bytes)
Event: 11.517 Thread 0x0000000055feb000 nmethod 2930 0x0000000002fa3710 code [0x0000000002fa38c0, 0x0000000002fa3cf8]
Event: 11.517 Thread 0x0000000055feb000 2931       3       org.springframework.asm.MethodVisitor::visitInsn (16 bytes)
Event: 11.517 Thread 0x0000000055feb000 nmethod 2931 0x0000000002fa5910 code [0x0000000002fa5a80, 0x0000000002fa5cc8]
Event: 11.517 Thread 0x0000000055feb000 2932       3       org.springframework.cglib.proxy.CallbackInfo::getGenerator (65 bytes)

GC Heap History (10 events):
Event: 6.683 GC heap before
{Heap before GC invocations=5 (full 0):
 PSYoungGen      total 35328K, used 35313K [0x00000000eb180000, 0x00000000ed680000, 0x0000000100000000)
  eden space 32768K, 100% used [0x00000000eb180000,0x00000000ed180000,0x00000000ed180000)
  from space 2560K, 99% used [0x00000000ed400000,0x00000000ed67c788,0x00000000ed680000)
  to   space 2560K, 0% used [0x00000000ed180000,0x00000000ed180000,0x00000000ed400000)
 ParOldGen       total 44032K, used 10389K [0x00000000c1400000, 0x00000000c3f00000, 0x00000000eb180000)
  object space 44032K, 23% used [0x00000000c1400000,0x00000000c1e255f0,0x00000000c3f00000)
 Metaspace       used 19687K, capacity 19896K, committed 19968K, reserved 1067008K
  class space    used 2460K, capacity 2489K, committed 2560K, reserved 1048576K
Event: 6.710 GC heap after
Heap after GC invocations=5 (full 0):
 PSYoungGen      total 35328K, used 2529K [0x00000000eb180000, 0x00000000f0280000, 0x0000000100000000)
  eden space 32768K, 0% used [0x00000000eb180000,0x00000000eb180000,0x00000000ed180000)
  from space 2560K, 98% used [0x00000000ed180000,0x00000000ed3f87a8,0x00000000ed400000)
  to   space 8704K, 0% used [0x00000000efa00000,0x00000000efa00000,0x00000000f0280000)
 ParOldGen       total 44032K, used 14925K [0x00000000c1400000, 0x00000000c3f00000, 0x00000000eb180000)
  object space 44032K, 33% used [0x00000000c1400000,0x00000000c2293630,0x00000000c3f00000)
 Metaspace       used 19687K, capacity 19896K, committed 19968K, reserved 1067008K
  class space    used 2460K, capacity 2489K, committed 2560K, reserved 1048576K
}
Event: 6.922 GC heap before
{Heap before GC invocations=6 (full 0):
 PSYoungGen      total 35328K, used 16012K [0x00000000eb180000, 0x00000000f0280000, 0x0000000100000000)
  eden space 32768K, 41% used [0x00000000eb180000,0x00000000ebeaabd8,0x00000000ed180000)
  from space 2560K, 98% used [0x00000000ed180000,0x00000000ed3f87a8,0x00000000ed400000)
  to   space 8704K, 0% used [0x00000000efa00000,0x00000000efa00000,0x00000000f0280000)
 ParOldGen       total 44032K, used 14925K [0x00000000c1400000, 0x00000000c3f00000, 0x00000000eb180000)
  object space 44032K, 33% used [0x00000000c1400000,0x00000000c2293630,0x00000000c3f00000)
 Metaspace       used 20915K, capacity 21191K, committed 21296K, reserved 1069056K
  class space    used 2602K, capacity 2688K, committed 2688K, reserved 1048576K
Event: 6.929 GC heap after
Heap after GC invocations=6 (full 0):
 PSYoungGen      total 74240K, used 3409K [0x00000000eb180000, 0x00000000f0280000, 0x0000000100000000)
  eden space 65536K, 0% used [0x00000000eb180000,0x00000000eb180000,0x00000000ef180000)
  from space 8704K, 39% used [0x00000000efa00000,0x00000000efd54798,0x00000000f0280000)
  to   space 8704K, 0% used [0x00000000ef180000,0x00000000ef180000,0x00000000efa00000)
 ParOldGen       total 44032K, used 14933K [0x00000000c1400000, 0x00000000c3f00000, 0x00000000eb180000)
  object space 44032K, 33% used [0x00000000c1400000,0x00000000c2295630,0x00000000c3f00000)
 Metaspace       used 20915K, capacity 21191K, committed 21296K, reserved 1069056K
  class space    used 2602K, capacity 2688K, committed 2688K, reserved 1048576K
}
Event: 6.929 GC heap before
{Heap before GC invocations=7 (full 1):
 PSYoungGen      total 74240K, used 3409K [0x00000000eb180000, 0x00000000f0280000, 0x0000000100000000)
  eden space 65536K, 0% used [0x00000000eb180000,0x00000000eb180000,0x00000000ef180000)
  from space 8704K, 39% used [0x00000000efa00000,0x00000000efd54798,0x00000000f0280000)
  to   space 8704K, 0% used [0x00000000ef180000,0x00000000ef180000,0x00000000efa00000)
 ParOldGen       total 44032K, used 14933K [0x00000000c1400000, 0x00000000c3f00000, 0x00000000eb180000)
  object space 44032K, 33% used [0x00000000c1400000,0x00000000c2295630,0x00000000c3f00000)
 Metaspace       used 20915K, capacity 21191K, committed 21296K, reserved 1069056K
  class space    used 2602K, capacity 2688K, committed 2688K, reserved 1048576K
Event: 6.998 GC heap after
Heap after GC invocations=7 (full 1):
 PSYoungGen      total 74240K, used 0K [0x00000000eb180000, 0x00000000f0280000, 0x0000000100000000)
  eden space 65536K, 0% used [0x00000000eb180000,0x00000000eb180000,0x00000000ef180000)
  from space 8704K, 0% used [0x00000000efa00000,0x00000000efa00000,0x00000000f0280000)
  to   space 8704K, 0% used [0x00000000ef180000,0x00000000ef180000,0x00000000efa00000)
 ParOldGen       total 38400K, used 11686K [0x00000000c1400000, 0x00000000c3980000, 0x00000000eb180000)
  object space 38400K, 30% used [0x00000000c1400000,0x00000000c1f69bc0,0x00000000c3980000)
 Metaspace       used 20915K, capacity 21191K, committed 21296K, reserved 1069056K
  class space    used 2602K, capacity 2688K, committed 2688K, reserved 1048576K
}
Event: 10.423 GC heap before
{Heap before GC invocations=8 (full 1):
 PSYoungGen      total 74240K, used 65536K [0x00000000eb180000, 0x00000000f0280000, 0x0000000100000000)
  eden space 65536K, 100% used [0x00000000eb180000,0x00000000ef180000,0x00000000ef180000)
  from space 8704K, 0% used [0x00000000efa00000,0x00000000efa00000,0x00000000f0280000)
  to   space 8704K, 0% used [0x00000000ef180000,0x00000000ef180000,0x00000000efa00000)
 ParOldGen       total 38400K, used 11686K [0x00000000c1400000, 0x00000000c3980000, 0x00000000eb180000)
  object space 38400K, 30% used [0x00000000c1400000,0x00000000c1f69bc0,0x00000000c3980000)
 Metaspace       used 23853K, capacity 24137K, committed 24448K, reserved 1071104K
  class space    used 3009K, capacity 3090K, committed 3200K, reserved 1048576K
Event: 10.431 GC heap after
Heap after GC invocations=8 (full 1):
 PSYoungGen      total 74240K, used 5264K [0x00000000eb180000, 0x00000000f2f80000, 0x0000000100000000)
  eden space 65536K, 0% used [0x00000000eb180000,0x00000000eb180000,0x00000000ef180000)
  from space 8704K, 60% used [0x00000000ef180000,0x00000000ef6a42a8,0x00000000efa00000)
  to   space 8192K, 0% used [0x00000000f2780000,0x00000000f2780000,0x00000000f2f80000)
 ParOldGen       total 38400K, used 11694K [0x00000000c1400000, 0x00000000c3980000, 0x00000000eb180000)
  object space 38400K, 30% used [0x00000000c1400000,0x00000000c1f6bbc0,0x00000000c3980000)
 Metaspace       used 23853K, capacity 24137K, committed 24448K, reserved 1071104K
  class space    used 3009K, capacity 3090K, committed 3200K, reserved 1048576K
}
Event: 10.690 GC heap before
{Heap before GC invocations=9 (full 1):
 PSYoungGen      total 74240K, used 70800K [0x00000000eb180000, 0x00000000f2f80000, 0x0000000100000000)
  eden space 65536K, 100% used [0x00000000eb180000,0x00000000ef180000,0x00000000ef180000)
  from space 8704K, 60% used [0x00000000ef180000,0x00000000ef6a42a8,0x00000000efa00000)
  to   space 8192K, 0% used [0x00000000f2780000,0x00000000f2780000,0x00000000f2f80000)
 ParOldGen       total 38400K, used 11694K [0x00000000c1400000, 0x00000000c3980000, 0x00000000eb180000)
  object space 38400K, 30% used [0x00000000c1400000,0x00000000c1f6bbc0,0x00000000c3980000)
 Metaspace       used 24323K, capacity 24667K, committed 24960K, reserved 1071104K
  class space    used 3073K, capacity 3157K, committed 3200K, reserved 1048576K
Event: 10.718 GC heap after
Heap after GC invocations=9 (full 1):
 PSYoungGen      total 120832K, used 4017K [0x00000000eb180000, 0x00000000f3580000, 0x0000000100000000)
  eden space 112640K, 0% used [0x00000000eb180000,0x00000000eb180000,0x00000000f1f80000)
  from space 8192K, 49% used [0x00000000f2780000,0x00000000f2b6c678,0x00000000f2f80000)
  to   space 8192K, 0% used [0x00000000f1f80000,0x00000000f1f80000,0x00000000f2780000)
 ParOldGen       total 38400K, used 11702K [0x00000000c1400000, 0x00000000c3980000, 0x00000000eb180000)
  object space 38400K, 30% used [0x00000000c1400000,0x00000000c1f6dbc0,0x00000000c3980000)
 Metaspace       used 24323K, capacity 24667K, committed 24960K, reserved 1071104K
  class space    used 3073K, capacity 3157K, committed 3200K, reserved 1048576K
}

Deoptimization events (10 events):
Event: 10.256 Thread 0x000000000200e800 Uncommon trap: reason=array_check action=maybe_recompile pc=0x0000000002d2828c method=java.util.AbstractCollection.toArray([Ljava/lang/Object;)[Ljava/lang/Object; @ 119
Event: 10.256 Thread 0x000000000200e800 Uncommon trap: reason=array_check action=maybe_recompile pc=0x0000000002d2828c method=java.util.AbstractCollection.toArray([Ljava/lang/Object;)[Ljava/lang/Object; @ 119
Event: 10.271 Thread 0x000000000200e800 Uncommon trap: reason=array_check action=maybe_recompile pc=0x0000000002d2828c method=java.util.AbstractCollection.toArray([Ljava/lang/Object;)[Ljava/lang/Object; @ 119
Event: 10.330 Thread 0x000000000200e800 Uncommon trap: reason=unstable_if action=reinterpret pc=0x0000000002d7dc68 method=org.springframework.asm.ClassReader.readUTF8(I[C)Ljava/lang/String; @ 11
Event: 10.536 Thread 0x000000000200e800 Uncommon trap: reason=bimorphic action=maybe_recompile pc=0x0000000002debcc0 method=java.util.AbstractCollection.isEmpty()Z @ 1
Event: 10.539 Thread 0x000000000200e800 Uncommon trap: reason=bimorphic action=maybe_recompile pc=0x0000000002debcc0 method=java.util.AbstractCollection.isEmpty()Z @ 1
Event: 10.541 Thread 0x000000000200e800 Uncommon trap: reason=bimorphic action=maybe_recompile pc=0x0000000002debcc0 method=java.util.AbstractCollection.isEmpty()Z @ 1
Event: 10.585 Thread 0x000000000200e800 Uncommon trap: reason=unstable_if action=reinterpret pc=0x0000000002e23da8 method=org.springframework.core.type.classreading.AnnotationReadingVisitorUtils.convertClassValues(Ljava/lang/Object;Ljava/lang/ClassLoader;Lorg/springframework/core/annotation/AnnoôG!$È%@
Event: 10.955 Thread 0x000000000200e800 Uncommon trap: reason=bimorphic action=maybe_recompile pc=0x0000000002debcc0 method=java.util.AbstractCollection.isEmpty()Z @ 1
Event: 11.325 Thread 0x000000000200e800 Uncommon trap: reason=unstable_if action=reinterpret pc=0x0000000002df0204 method=java.util.LinkedList.node(I)Ljava/util/LinkedList$Node; @ 19

Internal exceptions (10 events):
Event: 8.258 Thread 0x000000000200e800 Implicit null exception at 0x00000000029922ef to 0x0000000002992355
Event: 8.286 Thread 0x000000000200e800 Exception <a 'java/lang/ClassNotFoundException': java/lang/ObjectCustomizer> (0x00000000ecf99a40) thrown at [C:\re\workspace\8-2-build-windows-amd64-cygwin\jdk8u91\7017\hotspot\src\share\vm\classfile\systemDictionary.cpp, line 210]
Event: 8.287 Thread 0x000000000200e800 Exception <a 'java/lang/ClassNotFoundException': org/springframework/boot/SpringApplicationCustomizer> (0x00000000ecfb67c8) thrown at [C:\re\workspace\8-2-build-windows-amd64-cygwin\jdk8u91\7017\hotspot\src\share\vm\classfile\systemDictionary.cpp, line 210hªëêX≈ @
Event: 8.385 Thread 0x000000000200e800 Exception <a 'java/lang/ClassNotFoundException': java/lang/ObjectCustomizer> (0x00000000ed6a4200) thrown at [C:\re\workspace\8-2-build-windows-amd64-cygwin\jdk8u91\7017\hotspot\src\share\vm\classfile\systemDictionary.cpp, line 210]
Event: 8.386 Thread 0x000000000200e800 Exception <a 'java/lang/ClassNotFoundException': org/springframework/context/annotation/ConfigurationClassPostProcessorCustomizer> (0x00000000ed6ca360) thrown at [C:\re\workspace\8-2-build-windows-amd64-cygwin\jdk8u91\7017\hotspot\src\share\vm\classfile\syå¥ãèM∆ @
Event: 8.387 Thread 0x000000000200e800 Exception <a 'java/lang/ClassNotFoundException': org/springframework/beans/factory/support/BeanDefinitionRegistryPostProcessorCustomizer> (0x00000000ed700d38) thrown at [C:\re\workspace\8-2-build-windows-amd64-cygwin\jdk8u91\7017\hotspot\src\share\vm\classıÉï/ö∆ @
Event: 8.388 Thread 0x000000000200e800 Exception <a 'java/lang/ClassNotFoundException': org/springframework/core/PriorityOrderedCustomizer> (0x00000000ed71a200) thrown at [C:\re\workspace\8-2-build-windows-amd64-cygwin\jdk8u91\7017\hotspot\src\share\vm\classfile\systemDictionary.cpp, line 210]
Event: 8.388 Thread 0x000000000200e800 Exception <a 'java/lang/ClassNotFoundException': org/springframework/context/ResourceLoaderAwareCustomizer> (0x00000000ed734f50) thrown at [C:\re\workspace\8-2-build-windows-amd64-cygwin\jdk8u91\7017\hotspot\src\share\vm\classfile\systemDictionary.cpp, lin¢…B\&« @
Event: 8.389 Thread 0x000000000200e800 Exception <a 'java/lang/ClassNotFoundException': org/springframework/beans/factory/BeanClassLoaderAwareCustomizer> (0x00000000ed753690) thrown at [C:\re\workspace\8-2-build-windows-amd64-cygwin\jdk8u91\7017\hotspot\src\share\vm\classfile\systemDictionary.ceÙ≠äo« @
Event: 8.390 Thread 0x000000000200e800 Exception <a 'java/lang/ClassNotFoundException': org/springframework/context/EnvironmentAwareCustomizer> (0x00000000ed76e7f0) thrown at [C:\re\workspace\8-2-build-windows-amd64-cygwin\jdk8u91\7017\hotspot\src\share\vm\classfile\systemDictionary.cpp, line 2w%âs:Ñ @

Events (10 events):
Event: 11.458 loading class org/springframework/boot/actuate/metrics/writer/MetricWriter
Event: 11.458 loading class org/springframework/boot/actuate/metrics/writer/MetricWriter done
Event: 11.459 loading class org/springframework/boot/actuate/metrics/writer/GaugeWriter
Event: 11.459 loading class org/springframework/boot/actuate/metrics/writer/GaugeWriter done
Event: 11.459 loading class org/springframework/boot/actuate/metrics/writer/CounterWriter
Event: 11.459 loading class org/springframework/boot/actuate/metrics/writer/CounterWriter done
Event: 11.502 loading class org/springframework/cglib/proxy/BridgeMethodResolver$BridgedFinder$1
Event: 11.503 loading class org/springframework/cglib/proxy/BridgeMethodResolver$BridgedFinder$1 done
Event: 11.518 Executing VM operation: ForceSafepoint
Event: 11.518 Executing VM operation: ForceSafepoint done


Dynamic libraries:
0x000000013f0f0000 - 0x000000013f127000 	D:\setup\jdk1.8\bin\javaw.exe
0x0000000077a50000 - 0x0000000077bfa000 	C:\Windows\SYSTEM32\ntdll.dll
0x0000000077830000 - 0x000000007794f000 	C:\Windows\system32\kernel32.dll
0x000007fefdb00000 - 0x000007fefdb6b000 	C:\Windows\system32\KERNELBASE.dll
0x000007fefe0e0000 - 0x000007fefe1bb000 	C:\Windows\system32\ADVAPI32.dll
0x000007fefe7f0000 - 0x000007fefe88f000 	C:\Windows\system32\msvcrt.dll
0x000007fefe1c0000 - 0x000007fefe1df000 	C:\Windows\SYSTEM32\sechost.dll
0x000007fefe1e0000 - 0x000007fefe30d000 	C:\Windows\system32\RPCRT4.dll
0x0000000077950000 - 0x0000000077a4a000 	C:\Windows\system32\USER32.dll
0x000007feffbd0000 - 0x000007feffc37000 	C:\Windows\system32\GDI32.dll
0x000007fefe7e0000 - 0x000007fefe7ee000 	C:\Windows\system32\LPK.dll
0x000007fefdf60000 - 0x000007fefe02a000 	C:\Windows\system32\USP10.dll
0x000007fefc0a0000 - 0x000007fefc294000 	C:\Windows\WinSxS\amd64_microsoft.windows.common-controls_6595b64144ccf1df_6.0.7601.18837_none_fa3b1e3d17594757\COMCTL32.dll
0x000007fefe620000 - 0x000007fefe691000 	C:\Windows\system32\SHLWAPI.dll
0x000007fefe7b0000 - 0x000007fefe7de000 	C:\Windows\system32\IMM32.DLL
0x000007fefe6a0000 - 0x000007fefe7a9000 	C:\Windows\system32\MSCTF.dll
0x0000000065c70000 - 0x0000000065d42000 	D:\setup\jdk1.8\bin\msvcr100.dll
0x0000000070b40000 - 0x00000000713d3000 	D:\setup\jdk1.8\bin\server\jvm.dll
0x000007feefd40000 - 0x000007feefd49000 	C:\Windows\system32\WSOCK32.dll
0x000007fefe5d0000 - 0x000007fefe61d000 	C:\Windows\system32\WS2_32.dll
0x000007fefe030000 - 0x000007fefe038000 	C:\Windows\system32\NSI.dll
0x000007fef97f0000 - 0x000007fef982b000 	C:\Windows\system32\WINMM.dll
0x000007fefc980000 - 0x000007fefc98c000 	C:\Windows\system32\VERSION.dll
0x0000000077c20000 - 0x0000000077c27000 	C:\Windows\system32\PSAPI.DLL
0x0000000073cf0000 - 0x0000000073cff000 	D:\setup\jdk1.8\bin\verify.dll
0x00000000739c0000 - 0x00000000739e9000 	D:\setup\jdk1.8\bin\java.dll
0x00000000739a0000 - 0x00000000739b6000 	D:\setup\jdk1.8\bin\zip.dll
0x000007fefe890000 - 0x000007feff619000 	C:\Windows\system32\SHELL32.dll
0x000007feff620000 - 0x000007feff823000 	C:\Windows\system32\ole32.dll
0x000007fefd8a0000 - 0x000007fefd8af000 	C:\Windows\system32\profapi.dll
0x0000000069ab0000 - 0x0000000069abd000 	D:\setup\jdk1.8\bin\management.dll
0x0000000073950000 - 0x000000007396a000 	D:\setup\jdk1.8\bin\net.dll
0x000007fefd070000 - 0x000007fefd0c5000 	C:\Windows\system32\mswsock.dll
0x000007fefd060000 - 0x000007fefd067000 	C:\Windows\System32\wship6.dll
0x0000000073660000 - 0x0000000073671000 	D:\setup\jdk1.8\bin\nio.dll
0x000007fefb410000 - 0x000007fefb425000 	C:\Windows\system32\NLAapi.dll
0x000007fefa690000 - 0x000007fefa6a5000 	C:\Windows\system32\napinsp.dll
0x000007fef9b60000 - 0x000007fef9b79000 	C:\Windows\system32\pnrpnsp.dll
0x000007fefcef0000 - 0x000007fefcf4b000 	C:\Windows\system32\DNSAPI.dll
0x000007fefa940000 - 0x000007fefa94b000 	C:\Windows\System32\winrnr.dll
0x000007fefa680000 - 0x000007fefa690000 	C:\Windows\system32\wshbth.dll
0x000007fefca50000 - 0x000007fefca57000 	C:\Windows\System32\wshtcpip.dll
0x000007fefb1e0000 - 0x000007fefb207000 	C:\Windows\system32\IPHLPAPI.DLL
0x000007fefb1d0000 - 0x000007fefb1db000 	C:\Windows\system32\WINNSI.DLL
0x000007fef9b50000 - 0x000007fef9b58000 	C:\Windows\system32\rasadhlp.dll
0x000007fefadc0000 - 0x000007fefae13000 	C:\Windows\System32\fwpuclnt.dll
0x000007fefd0d0000 - 0x000007fefd0e8000 	C:\Windows\system32\CRYPTSP.dll
0x000007fefcdd0000 - 0x000007fefce17000 	C:\Windows\system32\rsaenh.dll
0x000007fefdb90000 - 0x000007fefdbae000 	C:\Windows\system32\USERENV.dll
0x000007fefd730000 - 0x000007fefd73f000 	C:\Windows\system32\CRYPTBASE.dll
0x000007fefad80000 - 0x000007fefad98000 	C:\Windows\system32\dhcpcsvc.DLL
0x000007fefad00000 - 0x000007fefad11000 	C:\Windows\system32\dhcpcsvc6.DLL

VM Arguments:
jvm_args: -Dcom.sun.management.jmxremote -Dcom.sun.management.jmxremote.port=40939 -Dcom.sun.management.jmxremote.authenticate=false -Dcom.sun.management.jmxremote.ssl=false -Djava.rmi.server.hostname=localhost -Dspring.liveBeansView.mbeanDomain -Dspring.application.admin.enabled=true -Dfile.encoding=UTF-8 
java_command: com.shiran.cloud.ComsumerMovieRibbonApplication --spring.output.ansi.enabled=always
java_class_path (initial): F:\setup\spring-tool-suite-3.8.4.RELEASE-e4.6.3-win32-x86_64\workspace\code\microservice-comsumer-movie-ribbon-properties-comstomizing\target\classes;F:\setup\apache-maven-3.3.9-bin\localrepositoryposition\org\springframework\boot\spring-boot-starter-web\1.4.6.RELEASE\spring-boot-starter-web-1.4.6.RELEASE.jar;F:\setup\apache-maven-3.3.9-bin\localrepositoryposition\org\springframework\boot\spring-boot-starter\1.4.6.RELEASE\spring-boot-starter-1.4.6.RELEASE.jar;F:\setup\apache-maven-3.3.9-bin\localrepositoryposition\org\springframework\boot\spring-boot\1.4.6.RELEASE\spring-boot-1.4.6.RELEASE.jar;F:\setup\apache-maven-3.3.9-bin\localrepositoryposition\org\springframework\boot\spring-boot-autoconfigure\1.4.6.RELEASE\spring-boot-autoconfigure-1.4.6.RELEASE.jar;F:\setup\apache-maven-3.3.9-bin\localrepositoryposition\org\springframework\boot\spring-boot-starter-logging\1.4.6.RELEASE\spring-boot-starter-logging-1.4.6.RELEASE.jar;F:\setup\apache-maven-3.3.9-bin\localrepositoryposition\ch\qos\logback\logback-classic\1.1.11\logback-classic-1.1.11.jar;F:\setup\apache-maven-3.3.9-bin\localrepositoryposition\ch\qos\logback\logback-core\1.1.11\logback-core-1.1.11.jar;F:\setup\apache-maven-3.3.9-bin\localrepositoryposition\org\slf4j\jcl-over-slf4j\1.7.25\jcl-over-slf4j-1.7.25.jar;F:\setup\apache-maven-3.3.9-bin\localrepositoryposition\org\slf4j\jul-to-slf4j\1.7.25\jul-to-slf4j-1.7.25.jar;F:\setup\apache-maven-3.3.9-bin\localrepositoryposition\org\slf4j\log4j-over-slf4j\1.7.25\log4j-over-slf4j-1.7.25.jar;F:\setup\apache-maven-3.3.9-bin\localrepositoryposition\org\springframework\spring-core\4.3.8.RELEASE\spring-core-4.3.8.RELEASE.jar;F:\setup\apache-maven-3.3.9-bin\localrepositoryposition\org\yaml\snakeyaml\1.17\snakeyaml-1.17.jar;F:\setup\apache-maven-3.3.9-bin\localrepositoryposition\org\springframework\boot\spring-boot-starter-tomcat\1.4.6.RELEASE\spring-boot-starter-tomcat-1.4.6.RELEASE.jar;F:\setup\apache-maven-3.3.9-bin\localrepositoryposition\org\
Launcher Type: SUN_STANDARD

Environment Variables:
JAVA_HOME=D:\setup\jdk1.7
PATH=D:/setup/jdk1.8/bin/server;D:/setup/jdk1.8/bin;D:/setup/jdk1.8/lib/amd64;C:\ProgramData\Oracle\Java\javapath;D:\setup\django\python3.5\Scripts\;D:\setup\django\python3.5\;D:\setup\armv1.2\bin;D:\setup\python2.7;D:\app\Administrator\product\11.1.0\db_2\bin;F:\setup\scala\bin;D:\java\apache-maven-2.2.1\bin;%M2_HOME%\bin;D:\setup\jdk1.7;D:\setup\python34\Scripts;D:\setup\python34;C:\Program Files (x86)\Common Files\NetSarang;D:\setup\jdk1.7\bin;C:\Windows\system32;C:\Windows;C:\Windows\System32\Wbem;C:\Windows\System32\WindowsPowerShell\v1.0\;F:\setup\scala\bin;C:\Program Files (x86)\Microsoft SQL Server\100\Tools\Binn\;C:\Program Files\Microsoft SQL Server\100\Tools\Binn\;C:\Program Files\Microsoft SQL Server\100\DTS\Binn\;C:\Program Files (x86)\Microsoft SQL Server\100\Tools\Binn\VSShell\Common7\IDE\;C:\Program Files (x86)\Microsoft Visual Studio 9.0\Common7\IDE\PrivateAssemblies\;C:\Program Files (x86)\Microsoft SQL Server\100\DTS\Binn\;D:\setup\git\Git\cmd;F:\setup\spring-tool-suite-3.8.4.RELEASE-e4.6.3-win32-x86_64\sts-bundle\sts-3.8.4.RELEASE;
USERNAME=Administrator
OS=Windows_NT
PROCESSOR_IDENTIFIER=Intel64 Family 6 Model 60 Stepping 3, GenuineIntel



---------------  S Y S T E M  ---------------

OS: Windows 7 , 64 bit Build 7601 (6.1.7601.19135)

CPU:total 4 (2 cores per cpu, 2 threads per core) family 6 model 60 stepping 3, cmov, cx8, fxsr, mmx, sse, sse2, sse3, ssse3, sse4.1, sse4.2, popcnt, avx, avx2, aes, clmul, erms, lzcnt, ht, tsc, tscinvbit, bmi1, bmi2

Memory: 4k page, physical 4108656k(281720k free), swap 6278432k(6304k free)

vm_info: Java HotSpot(TM) 64-Bit Server VM (25.91-b15) for windows-amd64 JRE (1.8.0_91-b15), built on May 20 2016 17:43:15 by "java_re" with MS VC++ 10.0 (VS2010)

time: Sun May 14 07:40:43 2017
elapsed time: 11 seconds (0d 0h 0m 11s)

